------------------------------------------------------------------------
---------------------------- INICIALIZACION ----------------------------
------------------------------------------------------------------------
3
nombre leido: FACT_SOC
lim_min: 0
lim_max: 1000
decimales: 1000
nombre leido: FACT_COG
lim_min: 0
lim_max: 1000
decimales: 1000
nombre leido: INERTIA
lim_min: 0
lim_max: 1000
decimales: 1000
------------------------------------------------------------------------
-------------------- CREACION CONJUNTO INICIAL -------------------------
------------------------------------------------------------------------
(calibracion 0) 41 454 835 
41 454 835 ./pso_nsp 200 0.5 0.0 0.8 200 N25/7000.nsp
./pso_nsp 200 0.5 0.0 0.8 200 N25/7000.nsp
PSO PARAMETERS
	c1: 0.500000   c2: 0.000000   w: 0.800000   size: 200   iterations: 200

				BEST SOLUTION

	Fitness: 270

	Solution:
	1  2  3  4  	1  2  3  4  	1  2  3  4  	1  2  3  4  	1  2  3  4  	1  2  3  4  	1  2  3  4  	
	0  0  1  0  	0  0  1  0  	1  0  0  0  	1  0  0  0  	0  0  1  0  	0  0  0  0  	0  0  0  0  	
	0  0  1  0  	0  0  1  0  	1  0  0  0  	0  0  1  0  	1  0  0  0  	0  0  0  0  	0  0  0  0  	
	1  0  0  0  	0  0  1  0  	0  0  0  0  	1  0  0  0  	0  0  0  0  	0  0  0  0  	0  0  0  0  	
	0  1  0  0  	1  0  0  0  	0  1  0  0  	1  0  0  0  	0  0  0  0  	0  0  0  0  	0  0  0  0  	
	1  0  0  0  	0  0  1  0  	0  1  0  0  	0  0  1  0  	1  0  0  0  	0  0  0  0  	0  0  0  0  	
	0  1  0  0  	1  0  0  0  	1  0  0  0  	0  1  0  0  	0  0  1  0  	0  0  0  0  	0  0  0  0  	
	1  0  0  0  	0  1  0  0  	0  1  0  0  	0  0  1  0  	0  0  0  0  	0  0  0  0  	0  0  0  0  	
	1  0  0  0  	0  1  0  0  	0  0  1  0  	1  0  0  0  	1  0  0  0  	0  0  0  0  	0  0  0  0  	
	0  0  0  0  	0  0  0  0  	1  0  0  0  	1  0  0  0  	1  0  0  0  	0  0  0  0  	0  0  0  0  	
	1  0  0  0  	0  0  1  0  	1  0  0  0  	1  0  0  0  	1  0  0  0  	0  0  0  0  	0  0  0  0  	
	0  1  0  0  	0  0  0  0  	1  0  0  0  	0  1  0  0  	0  1  0  0  	0  0  0  0  	0  0  0  0  	
	0  0  1  0  	0  0  0  0  	0  0  1  0  	0  0  0  0  	0  1  0  0  	0  0  0  0  	0  0  0  0  	
	0  1  0  0  	0  0  0  0  	1  0  0  0  	0  0  0  0  	0  0  1  0  	0  0  0  0  	0  0  0  0  	
	1  0  0  0  	0  0  0  0  	0  0  1  0  	0  0  0  0  	0  1  0  0  	0  0  0  0  	0  0  0  0  	
	0  1  0  0  	0  0  0  0  	1  0  0  0  	0  1  0  0  	0  1  0  0  	0  0  0  0  	0  0  0  0  	
	0  1  0  0  	0  0  0  0  	0  0  1  0  	0  0  0  0  	1  0  0  0  	0  0  0  0  	0  0  0  0  	
	1  0  0  0  	0  0  0  0  	1  0  0  0  	0  1  0  0  	0  0  1  0  	0  0  0  0  	0  0  0  0  	
	0  0  0  0  	0  0  0  0  	0  0  1  0  	0  0  0  0  	0  1  0  0  	0  0  0  0  	0  0  0  0  	
	1  0  0  0  	0  0  0  0  	0  0  0  0  	0  0  0  0  	0  0  1  0  	0  0  0  0  	0  0  0  0  	
	0  1  0  0  	0  0  0  0  	0  1  0  0  	0  1  0  0  	1  0  0  0  	0  0  0  0  	0  0  0  0  	
	0  1  0  0  	0  0  0  0  	0  0  0  0  	0  0  0  0  	0  1  0  0  	0  0  0  0  	0  0  0  0  	
	0  0  0  0  	0  0  0  0  	0  0  0  0  	0  0  0  0  	1  0  0  0  	0  0  0  0  	0  0  0  0  	
	1  0  0  0  	0  0  0  0  	0  0  0  0  	0  1  0  0  	1  0  0  0  	0  0  0  0  	0  0  0  0  	
	1  0  0  0  	0  0  0  0  	0  0  0  0  	0  1  0  0  	1  0  0  0  	0  0  0  0  	0  0  0  0  	
	0  0  0  0  	0  0  0  0  	0  0  0  0  	0  1  0  0  	1  0  0  0  	0  0  0  0  	0  0  0  0  	
Tiempo de procesamiento: 1563.440000 [segs]
Aptitud: 270.00

(calibracion 1) 566 1 187 
566 1 187 ./pso_nsp 200 0.0 0.6 0.2 200 N25/7000.nsp
./pso_nsp 200 0.0 0.6 0.2 200 N25/7000.nsp
PSO PARAMETERS
	c1: 0.000000   c2: 0.600000   w: 0.200000   size: 200   iterations: 200

				BEST SOLUTION

	Fitness: 270

	Solution:
	1  2  3  4  	1  2  3  4  	1  2  3  4  	1  2  3  4  	1  2  3  4  	1  2  3  4  	1  2  3  4  	
	0  0  1  0  	0  0  1  0  	1  0  0  0  	1  0  0  0  	0  0  1  0  	0  0  0  0  	0  0  0  0  	
	0  0  1  0  	0  0  1  0  	1  0  0  0  	0  0  1  0  	1  0  0  0  	0  0  0  0  	0  0  0  0  	
	1  0  0  0  	0  0  1  0  	0  0  0  0  	1  0  0  0  	0  0  0  0  	0  0  0  0  	0  0  0  0  	
	0  1  0  0  	1  0  0  0  	0  1  0  0  	1  0  0  0  	0  0  0  0  	0  0  0  0  	0  0  0  0  	
	1  0  0  0  	0  0  1  0  	0  1  0  0  	0  0  1  0  	1  0  0  0  	0  0  0  0  	0  0  0  0  	
	0  1  0  0  	1  0  0  0  	1  0  0  0  	0  1  0  0  	0  0  1  0  	0  0  0  0  	0  0  0  0  	
	1  0  0  0  	0  1  0  0  	0  1  0  0  	0  0  1  0  	0  0  0  0  	0  0  0  0  	0  0  0  0  	
	1  0  0  0  	0  1  0  0  	0  0  1  0  	1  0  0  0  	1  0  0  0  	0  0  0  0  	0  0  0  0  	
	0  0  0  0  	0  0  0  0  	1  0  0  0  	1  0  0  0  	1  0  0  0  	0  0  0  0  	0  0  0  0  	
	1  0  0  0  	0  0  1  0  	1  0  0  0  	1  0  0  0  	1  0  0  0  	0  0  0  0  	0  0  0  0  	
	0  1  0  0  	0  0  0  0  	1  0  0  0  	0  1  0  0  	0  1  0  0  	0  0  0  0  	0  0  0  0  	
	0  0  1  0  	0  0  0  0  	0  0  1  0  	0  0  0  0  	0  1  0  0  	0  0  0  0  	0  0  0  0  	
	0  0  0  0  	0  0  0  0  	1  0  0  0  	0  0  0  0  	0  0  1  0  	0  0  0  0  	0  0  0  0  	
	1  0  0  0  	0  0  0  0  	0  0  1  0  	0  0  0  0  	0  1  0  0  	0  0  0  0  	0  0  0  0  	
	0  1  0  0  	0  0  0  0  	1  0  0  0  	0  1  0  0  	0  1  0  0  	0  0  0  0  	0  0  0  0  	
	0  1  0  0  	0  0  0  0  	0  0  1  0  	0  0  0  0  	1  0  0  0  	0  0  0  0  	0  0  0  0  	
	1  0  0  0  	0  0  0  0  	1  0  0  0  	0  1  0  0  	0  0  1  0  	0  0  0  0  	0  0  0  0  	
	0  1  0  0  	0  0  0  0  	0  0  1  0  	0  0  0  0  	0  1  0  0  	0  0  0  0  	0  0  0  0  	
	1  0  0  0  	0  0  0  0  	0  0  0  0  	0  0  0  0  	0  0  1  0  	0  0  0  0  	0  0  0  0  	
	0  1  0  0  	0  0  0  0  	0  1  0  0  	0  1  0  0  	1  0  0  0  	0  0  0  0  	0  0  0  0  	
	0  1  0  0  	0  0  0  0  	0  0  0  0  	0  1  0  0  	0  1  0  0  	0  0  0  0  	0  0  0  0  	
	0  0  0  0  	0  0  0  0  	0  0  0  0  	0  0  0  0  	1  0  0  0  	0  0  0  0  	0  0  0  0  	
	1  0  0  0  	0  0  0  0  	0  0  0  0  	0  0  0  0  	1  0  0  0  	0  0  0  0  	0  0  0  0  	
	1  0  0  0  	0  0  0  0  	0  0  0  0  	0  1  0  0  	1  0  0  0  	0  0  0  0  	0  0  0  0  	
	0  0  0  0  	0  0  0  0  	0  0  0  0  	0  1  0  0  	1  0  0  0  	0  0  0  0  	0  0  0  0  	
Tiempo de procesamiento: 1552.800000 [segs]
Aptitud: 270.00

(calibracion 2) 751 366 351 
751 366 351 ./pso_nsp 200 0.4 0.8 0.4 200 N25/7000.nsp
./pso_nsp 200 0.4 0.8 0.4 200 N25/7000.nsp
PSO PARAMETERS
	c1: 0.400000   c2: 0.800000   w: 0.400000   size: 200   iterations: 200

				BEST SOLUTION

	Fitness: 270

	Solution:
	1  2  3  4  	1  2  3  4  	1  2  3  4  	1  2  3  4  	1  2  3  4  	1  2  3  4  	1  2  3  4  	
	0  0  1  0  	0  0  1  0  	1  0  0  0  	1  0  0  0  	0  0  1  0  	0  0  0  0  	0  0  0  0  	
	0  0  1  0  	0  0  1  0  	1  0  0  0  	0  0  1  0  	1  0  0  0  	0  0  0  0  	0  0  0  0  	
	1  0  0  0  	0  0  1  0  	0  1  0  0  	1  0  0  0  	0  0  0  0  	0  0  0  0  	0  0  0  0  	
	0  1  0  0  	1  0  0  0  	0  0  0  0  	1  0  0  0  	0  0  0  0  	0  0  0  0  	0  0  0  0  	
	1  0  0  0  	0  0  1  0  	0  1  0  0  	0  0  1  0  	1  0  0  0  	0  0  0  0  	0  0  0  0  	
	0  1  0  0  	1  0  0  0  	1  0  0  0  	0  1  0  0  	0  0  1  0  	0  0  0  0  	0  0  0  0  	
	1  0  0  0  	0  1  0  0  	0  1  0  0  	0  0  1  0  	0  0  0  0  	0  0  0  0  	0  0  0  0  	
	1  0  0  0  	0  1  0  0  	0  0  1  0  	1  0  0  0  	1  0  0  0  	0  0  0  0  	0  0  0  0  	
	0  0  0  0  	0  0  0  0  	1  0  0  0  	1  0  0  0  	1  0  0  0  	0  0  0  0  	0  0  0  0  	
	1  0  0  0  	0  0  1  0  	1  0  0  0  	1  0  0  0  	1  0  0  0  	0  0  0  0  	0  0  0  0  	
	0  1  0  0  	0  0  0  0  	1  0  0  0  	0  1  0  0  	0  1  0  0  	0  0  0  0  	0  0  0  0  	
	0  0  1  0  	0  0  0  0  	0  0  1  0  	0  0  0  0  	0  1  0  0  	0  0  0  0  	0  0  0  0  	
	0  1  0  0  	0  0  0  0  	1  0  0  0  	0  0  0  0  	0  0  1  0  	0  0  0  0  	0  0  0  0  	
	1  0  0  0  	0  0  0  0  	0  0  1  0  	0  0  0  0  	0  1  0  0  	0  0  0  0  	0  0  0  0  	
	0  1  0  0  	0  0  0  0  	1  0  0  0  	0  1  0  0  	0  1  0  0  	0  0  0  0  	0  0  0  0  	
	0  1  0  0  	0  0  0  0  	0  0  1  0  	0  0  0  0  	1  0  0  0  	0  0  0  0  	0  0  0  0  	
	1  0  0  0  	0  0  0  0  	1  0  0  0  	0  1  0  0  	0  0  1  0  	0  0  0  0  	0  0  0  0  	
	0  0  0  0  	0  0  0  0  	0  0  1  0  	0  0  0  0  	0  1  0  0  	0  0  0  0  	0  0  0  0  	
	1  0  0  0  	0  0  0  0  	0  0  0  0  	0  0  0  0  	0  0  1  0  	0  0  0  0  	0  0  0  0  	
	0  1  0  0  	0  0  0  0  	0  1  0  0  	0  1  0  0  	0  1  0  0  	0  0  0  0  	0  0  0  0  	
	0  1  0  0  	0  0  0  0  	0  0  0  0  	0  0  0  0  	1  0  0  0  	0  0  0  0  	0  0  0  0  	
	0  0  0  0  	0  0  0  0  	0  0  0  0  	0  1  0  0  	1  0  0  0  	0  0  0  0  	0  0  0  0  	
	1  0  0  0  	0  0  0  0  	0  0  0  0  	0  0  0  0  	1  0  0  0  	0  0  0  0  	0  0  0  0  	
	1  0  0  0  	0  0  0  0  	0  0  0  0  	0  1  0  0  	1  0  0  0  	0  0  0  0  	0  0  0  0  	
	0  0  0  0  	0  0  0  0  	0  0  0  0  	0  1  0  0  	1  0  0  0  	0  0  0  0  	0  0  0  0  	
Tiempo de procesamiento: 1544.730000 [segs]
Aptitud: 270.00

(calibracion 3) 132 64 951 
132 64 951 ./pso_nsp 200 0.1 0.1 1.0 200 N25/7000.nsp
./pso_nsp 200 0.1 0.1 1.0 200 N25/7000.nsp
PSO PARAMETERS
	c1: 0.100000   c2: 0.100000   w: 1.000000   size: 200   iterations: 200

				BEST SOLUTION

	Fitness: 275

	Solution:
	1  2  3  4  	1  2  3  4  	1  2  3  4  	1  2  3  4  	1  2  3  4  	1  2  3  4  	1  2  3  4  	
	0  0  1  0  	0  0  1  0  	1  0  0  0  	1  0  0  0  	0  0  1  0  	0  0  0  0  	0  0  0  0  	
	0  0  1  0  	0  0  1  0  	1  0  0  0  	0  0  1  0  	1  0  0  0  	0  0  0  0  	0  0  0  0  	
	1  0  0  0  	0  0  1  0  	0  0  0  0  	1  0  0  0  	0  0  0  0  	0  0  0  0  	0  0  0  0  	
	0  1  0  0  	1  0  0  0  	0  1  0  0  	1  0  0  0  	0  0  0  0  	0  0  0  0  	0  0  0  0  	
	1  0  0  0  	0  0  1  0  	0  1  0  0  	0  0  1  0  	1  0  0  0  	0  0  0  0  	0  0  0  0  	
	0  1  0  0  	1  0  0  0  	1  0  0  0  	0  1  0  0  	0  0  1  0  	0  0  0  0  	0  0  0  0  	
	1  0  0  0  	0  1  0  0  	0  1  0  0  	0  0  1  0  	0  0  0  0  	0  0  0  0  	0  0  0  0  	
	1  0  0  0  	0  1  0  0  	0  0  1  0  	1  0  0  0  	1  0  0  0  	0  0  0  0  	0  0  0  0  	
	0  0  0  0  	0  0  0  0  	1  0  0  0  	1  0  0  0  	1  0  0  0  	0  0  0  0  	0  0  0  0  	
	1  0  0  0  	0  0  1  0  	1  0  0  0  	1  0  0  0  	1  0  0  0  	0  0  0  0  	0  0  0  0  	
	0  1  0  0  	0  0  0  0  	1  0  0  0  	0  1  0  0  	0  1  0  0  	0  0  0  0  	0  0  0  0  	
	0  0  1  0  	0  0  0  0  	0  0  1  0  	0  0  0  0  	0  1  0  0  	0  0  0  0  	0  0  0  0  	
	0  0  0  0  	0  0  0  0  	1  0  0  0  	0  0  0  0  	0  0  1  0  	0  0  0  0  	0  0  0  0  	
	1  0  0  0  	0  0  0  0  	0  0  1  0  	0  0  0  0  	0  1  0  0  	0  0  0  0  	0  0  0  0  	
	0  1  0  0  	0  0  0  0  	1  0  0  0  	0  1  0  0  	0  1  0  0  	0  0  0  0  	0  0  0  0  	
	0  1  0  0  	0  0  0  0  	0  0  1  0  	0  0  0  0  	1  0  0  0  	0  0  0  0  	0  0  0  0  	
	1  0  0  0  	0  0  0  0  	1  0  0  0  	0  1  0  0  	1  0  0  0  	0  0  0  0  	0  0  0  0  	
	0  1  0  0  	0  0  0  0  	0  0  1  0  	0  1  0  0  	0  1  0  0  	0  0  0  0  	0  0  0  0  	
	1  0  0  0  	0  0  0  0  	0  0  0  0  	0  0  0  0  	0  0  1  0  	0  0  0  0  	0  0  0  0  	
	0  1  0  0  	0  0  0  0  	0  1  0  0  	0  1  0  0  	1  0  0  0  	0  0  0  0  	0  0  0  0  	
	0  1  0  0  	0  0  0  0  	0  0  0  0  	0  0  0  0  	0  1  0  0  	0  0  0  0  	0  0  0  0  	
	0  0  0  0  	0  0  0  0  	0  0  0  0  	0  0  0  0  	1  0  0  0  	0  0  0  0  	0  0  0  0  	
	1  0  0  0  	0  0  0  0  	0  0  0  0  	0  0  0  0  	1  0  0  0  	0  0  0  0  	0  0  0  0  	
	1  0  0  0  	0  0  0  0  	0  0  0  0  	0  1  0  0  	0  0  1  0  	0  0  0  0  	0  0  0  0  	
	0  0  0  0  	0  0  0  0  	0  0  0  0  	0  1  0  0  	1  0  0  0  	0  0  0  0  	0  0  0  0  	
Tiempo de procesamiento: 1568.870000 [segs]
Aptitud: 275.00

(calibracion 4) 585 216 807 
585 216 807 ./pso_nsp 200 0.2 0.6 0.8 200 N25/7000.nsp
./pso_nsp 200 0.2 0.6 0.8 200 N25/7000.nsp
PSO PARAMETERS
	c1: 0.200000   c2: 0.600000   w: 0.800000   size: 200   iterations: 200

				BEST SOLUTION

	Fitness: 270

	Solution:
	1  2  3  4  	1  2  3  4  	1  2  3  4  	1  2  3  4  	1  2  3  4  	1  2  3  4  	1  2  3  4  	
	0  0  1  0  	0  0  1  0  	1  0  0  0  	1  0  0  0  	0  0  1  0  	0  0  0  0  	0  0  0  0  	
	0  0  1  0  	0  0  1  0  	1  0  0  0  	0  0  1  0  	1  0  0  0  	0  0  0  0  	0  0  0  0  	
	1  0  0  0  	0  0  1  0  	0  0  0  0  	1  0  0  0  	0  0  0  0  	0  0  0  0  	0  0  0  0  	
	0  1  0  0  	1  0  0  0  	0  1  0  0  	0  1  0  0  	0  0  0  0  	0  0  0  0  	0  0  0  0  	
	1  0  0  0  	0  0  1  0  	0  1  0  0  	0  0  1  0  	1  0  0  0  	0  0  0  0  	0  0  0  0  	
	0  1  0  0  	1  0  0  0  	1  0  0  0  	0  1  0  0  	0  0  1  0  	0  0  0  0  	0  0  0  0  	
	1  0  0  0  	0  1  0  0  	0  1  0  0  	0  0  1  0  	0  0  0  0  	0  0  0  0  	0  0  0  0  	
	1  0  0  0  	0  1  0  0  	0  0  1  0  	1  0  0  0  	1  0  0  0  	0  0  0  0  	0  0  0  0  	
	0  0  0  0  	0  0  0  0  	1  0  0  0  	1  0  0  0  	1  0  0  0  	0  0  0  0  	0  0  0  0  	
	1  0  0  0  	0  0  1  0  	1  0  0  0  	1  0  0  0  	1  0  0  0  	0  0  0  0  	0  0  0  0  	
	0  1  0  0  	0  0  0  0  	1  0  0  0  	0  0  0  0  	0  1  0  0  	0  0  0  0  	0  0  0  0  	
	0  0  1  0  	0  0  0  0  	0  0  1  0  	1  0  0  0  	0  1  0  0  	0  0  0  0  	0  0  0  0  	
	0  0  0  0  	0  0  0  0  	1  0  0  0  	0  0  0  0  	0  0  1  0  	0  0  0  0  	0  0  0  0  	
	1  0  0  0  	0  0  0  0  	0  0  1  0  	0  0  0  0  	0  1  0  0  	0  0  0  0  	0  0  0  0  	
	0  1  0  0  	0  0  0  0  	1  0  0  0  	0  1  0  0  	1  0  0  0  	0  0  0  0  	0  0  0  0  	
	0  1  0  0  	0  0  0  0  	0  0  1  0  	0  1  0  0  	1  0  0  0  	0  0  0  0  	0  0  0  0  	
	1  0  0  0  	0  0  0  0  	1  0  0  0  	0  1  0  0  	0  0  1  0  	0  0  0  0  	0  0  0  0  	
	0  1  0  0  	0  0  0  0  	0  0  1  0  	0  0  0  0  	0  1  0  0  	0  0  0  0  	0  0  0  0  	
	1  0  0  0  	0  0  0  0  	0  0  0  0  	0  0  0  0  	0  0  1  0  	0  0  0  0  	0  0  0  0  	
	0  1  0  0  	0  0  0  0  	0  1  0  0  	0  1  0  0  	1  0  0  0  	0  0  0  0  	0  0  0  0  	
	0  1  0  0  	0  0  0  0  	0  0  0  0  	0  0  0  0  	1  0  0  0  	0  0  0  0  	0  0  0  0  	
	0  0  0  0  	0  0  0  0  	0  0  0  0  	0  0  0  0  	0  1  0  0  	0  0  0  0  	0  0  0  0  	
	1  0  0  0  	0  0  0  0  	0  0  0  0  	0  0  0  0  	0  1  0  0  	0  0  0  0  	0  0  0  0  	
	1  0  0  0  	0  0  0  0  	0  0  0  0  	0  1  0  0  	1  0  0  0  	0  0  0  0  	0  0  0  0  	
	0  0  0  0  	0  0  0  0  	0  0  0  0  	0  1  0  0  	1  0  0  0  	0  0  0  0  	0  0  0  0  	
Tiempo de procesamiento: 1558.010000 [segs]
Aptitud: 270.00

(calibracion 5) 622 211 6 
622 211 6 ./pso_nsp 200 0.2 0.6 0.0 200 N25/7000.nsp
./pso_nsp 200 0.2 0.6 0.0 200 N25/7000.nsp
PSO PARAMETERS
	c1: 0.200000   c2: 0.600000   w: 0.000000   size: 200   iterations: 200

				BEST SOLUTION

	Fitness: 270

	Solution:
	1  2  3  4  	1  2  3  4  	1  2  3  4  	1  2  3  4  	1  2  3  4  	1  2  3  4  	1  2  3  4  	
	0  0  1  0  	0  0  1  0  	1  0  0  0  	1  0  0  0  	0  0  1  0  	0  0  0  0  	0  0  0  0  	
	0  0  1  0  	0  0  1  0  	1  0  0  0  	0  0  1  0  	1  0  0  0  	0  0  0  0  	0  0  0  0  	
	1  0  0  0  	0  0  1  0  	0  0  0  0  	1  0  0  0  	0  0  0  0  	0  0  0  0  	0  0  0  0  	
	0  1  0  0  	1  0  0  0  	0  1  0  0  	1  0  0  0  	0  0  0  0  	0  0  0  0  	0  0  0  0  	
	1  0  0  0  	0  0  1  0  	0  1  0  0  	0  0  1  0  	1  0  0  0  	0  0  0  0  	0  0  0  0  	
	0  1  0  0  	1  0  0  0  	1  0  0  0  	0  1  0  0  	0  0  1  0  	0  0  0  0  	0  0  0  0  	
	1  0  0  0  	0  1  0  0  	0  1  0  0  	0  0  1  0  	0  0  0  0  	0  0  0  0  	0  0  0  0  	
	1  0  0  0  	0  1  0  0  	0  0  1  0  	1  0  0  0  	1  0  0  0  	0  0  0  0  	0  0  0  0  	
	0  0  0  0  	0  0  0  0  	1  0  0  0  	1  0  0  0  	1  0  0  0  	0  0  0  0  	0  0  0  0  	
	1  0  0  0  	0  0  1  0  	1  0  0  0  	1  0  0  0  	1  0  0  0  	0  0  0  0  	0  0  0  0  	
	0  1  0  0  	0  0  0  0  	1  0  0  0  	0  1  0  0  	0  1  0  0  	0  0  0  0  	0  0  0  0  	
	0  0  1  0  	0  0  0  0  	0  0  1  0  	0  0  0  0  	0  0  1  0  	0  0  0  0  	0  0  0  0  	
	0  0  0  0  	0  0  0  0  	1  0  0  0  	0  0  0  0  	0  0  1  0  	0  0  0  0  	0  0  0  0  	
	1  0  0  0  	0  0  0  0  	0  0  1  0  	0  0  0  0  	0  1  0  0  	0  0  0  0  	0  0  0  0  	
	0  1  0  0  	0  0  0  0  	1  0  0  0  	0  1  0  0  	0  1  0  0  	0  0  0  0  	0  0  0  0  	
	0  1  0  0  	0  0  0  0  	0  0  1  0  	0  0  0  0  	1  0  0  0  	0  0  0  0  	0  0  0  0  	
	1  0  0  0  	0  0  0  0  	1  0  0  0  	0  1  0  0  	1  0  0  0  	0  0  0  0  	0  0  0  0  	
	0  1  0  0  	0  0  0  0  	0  0  1  0  	0  0  0  0  	0  1  0  0  	0  0  0  0  	0  0  0  0  	
	1  0  0  0  	0  0  0  0  	0  0  0  0  	0  0  0  0  	0  0  1  0  	0  0  0  0  	0  0  0  0  	
	0  1  0  0  	0  0  0  0  	0  1  0  0  	0  1  0  0  	0  1  0  0  	0  0  0  0  	0  0  0  0  	
	0  1  0  0  	0  0  0  0  	0  0  0  0  	0  0  0  0  	1  0  0  0  	0  0  0  0  	0  0  0  0  	
	0  0  0  0  	0  0  0  0  	0  0  0  0  	0  1  0  0  	0  1  0  0  	0  0  0  0  	0  0  0  0  	
	1  0  0  0  	0  0  0  0  	0  0  0  0  	0  0  0  0  	1  0  0  0  	0  0  0  0  	0  0  0  0  	
	1  0  0  0  	0  0  0  0  	0  0  0  0  	0  1  0  0  	1  0  0  0  	0  0  0  0  	0  0  0  0  	
	0  0  0  0  	0  0  0  0  	0  0  0  0  	0  1  0  0  	1  0  0  0  	0  0  0  0  	0  0  0  0  	
Tiempo de procesamiento: 1547.320000 [segs]
Aptitud: 270.00

(calibracion 6) 933 340 891 
933 340 891 ./pso_nsp 200 0.3 0.9 0.9 200 N25/7000.nsp
./pso_nsp 200 0.3 0.9 0.9 200 N25/7000.nsp
PSO PARAMETERS
	c1: 0.300000   c2: 0.900000   w: 0.900000   size: 200   iterations: 200

				BEST SOLUTION

	Fitness: 270

	Solution:
	1  2  3  4  	1  2  3  4  	1  2  3  4  	1  2  3  4  	1  2  3  4  	1  2  3  4  	1  2  3  4  	
	0  0  1  0  	0  0  1  0  	1  0  0  0  	1  0  0  0  	0  0  1  0  	0  0  0  0  	0  0  0  0  	
	0  0  1  0  	0  0  1  0  	1  0  0  0  	0  0  1  0  	1  0  0  0  	0  0  0  0  	0  0  0  0  	
	1  0  0  0  	0  0  1  0  	0  0  0  0  	1  0  0  0  	0  0  0  0  	0  0  0  0  	0  0  0  0  	
	0  1  0  0  	1  0  0  0  	0  1  0  0  	1  0  0  0  	0  0  0  0  	0  0  0  0  	0  0  0  0  	
	1  0  0  0  	0  0  1  0  	0  1  0  0  	0  0  1  0  	1  0  0  0  	0  0  0  0  	0  0  0  0  	
	0  1  0  0  	1  0  0  0  	1  0  0  0  	0  1  0  0  	0  0  1  0  	0  0  0  0  	0  0  0  0  	
	1  0  0  0  	0  1  0  0  	0  1  0  0  	0  0  1  0  	0  0  0  0  	0  0  0  0  	0  0  0  0  	
	1  0  0  0  	0  1  0  0  	0  0  1  0  	1  0  0  0  	1  0  0  0  	0  0  0  0  	0  0  0  0  	
	0  0  0  0  	0  0  0  0  	1  0  0  0  	1  0  0  0  	1  0  0  0  	0  0  0  0  	0  0  0  0  	
	1  0  0  0  	0  0  1  0  	1  0  0  0  	1  0  0  0  	1  0  0  0  	0  0  0  0  	0  0  0  0  	
	0  1  0  0  	0  0  0  0  	1  0  0  0  	0  1  0  0  	0  1  0  0  	0  0  0  0  	0  0  0  0  	
	0  0  1  0  	0  0  0  0  	0  0  1  0  	0  0  0  0  	0  1  0  0  	0  0  0  0  	0  0  0  0  	
	0  0  0  0  	0  0  0  0  	1  0  0  0  	0  0  0  0  	0  0  1  0  	0  0  0  0  	0  0  0  0  	
	1  0  0  0  	0  0  0  0  	0  0  1  0  	0  0  0  0  	0  1  0  0  	0  0  0  0  	0  0  0  0  	
	0  1  0  0  	0  0  0  0  	1  0  0  0  	0  1  0  0  	0  1  0  0  	0  0  0  0  	0  0  0  0  	
	0  1  0  0  	0  0  0  0  	0  0  1  0  	0  0  0  0  	1  0  0  0  	0  0  0  0  	0  0  0  0  	
	1  0  0  0  	0  0  0  0  	1  0  0  0  	0  1  0  0  	0  0  1  0  	0  0  0  0  	0  0  0  0  	
	0  1  0  0  	0  0  0  0  	0  0  1  0  	0  0  0  0  	0  1  0  0  	0  0  0  0  	0  0  0  0  	
	1  0  0  0  	0  0  0  0  	0  0  0  0  	0  0  0  0  	0  0  1  0  	0  0  0  0  	0  0  0  0  	
	0  1  0  0  	0  0  0  0  	0  1  0  0  	0  1  0  0  	0  1  0  0  	0  0  0  0  	0  0  0  0  	
	0  1  0  0  	0  0  0  0  	0  0  0  0  	0  1  0  0  	1  0  0  0  	0  0  0  0  	0  0  0  0  	
	0  0  0  0  	0  0  0  0  	0  0  0  0  	0  0  0  0  	1  0  0  0  	0  0  0  0  	0  0  0  0  	
	1  0  0  0  	0  0  0  0  	0  0  0  0  	0  0  0  0  	1  0  0  0  	0  0  0  0  	0  0  0  0  	
	1  0  0  0  	0  0  0  0  	0  0  0  0  	0  1  0  0  	1  0  0  0  	0  0  0  0  	0  0  0  0  	
	0  0  0  0  	0  0  0  0  	0  0  0  0  	0  1  0  0  	1  0  0  0  	0  0  0  0  	0  0  0  0  	
Tiempo de procesamiento: 1554.180000 [segs]
Aptitud: 270.00

(calibracion 7) 393 900 695 
393 900 695 ./pso_nsp 200 0.9 0.4 0.7 200 N25/7000.nsp
./pso_nsp 200 0.9 0.4 0.7 200 N25/7000.nsp
PSO PARAMETERS
	c1: 0.900000   c2: 0.400000   w: 0.700000   size: 200   iterations: 200

				BEST SOLUTION

	Fitness: 270

	Solution:
	1  2  3  4  	1  2  3  4  	1  2  3  4  	1  2  3  4  	1  2  3  4  	1  2  3  4  	1  2  3  4  	
	0  0  1  0  	0  0  1  0  	1  0  0  0  	1  0  0  0  	0  0  1  0  	0  0  0  0  	0  0  0  0  	
	0  0  1  0  	0  0  1  0  	1  0  0  0  	0  0  1  0  	1  0  0  0  	0  0  0  0  	0  0  0  0  	
	1  0  0  0  	0  0  1  0  	0  0  0  0  	1  0  0  0  	0  0  0  0  	0  0  0  0  	0  0  0  0  	
	0  1  0  0  	1  0  0  0  	0  1  0  0  	1  0  0  0  	0  0  0  0  	0  0  0  0  	0  0  0  0  	
	1  0  0  0  	0  0  1  0  	0  1  0  0  	0  0  1  0  	1  0  0  0  	0  0  0  0  	0  0  0  0  	
	0  1  0  0  	1  0  0  0  	1  0  0  0  	0  1  0  0  	0  0  1  0  	0  0  0  0  	0  0  0  0  	
	1  0  0  0  	0  1  0  0  	0  1  0  0  	0  0  1  0  	0  0  0  0  	0  0  0  0  	0  0  0  0  	
	1  0  0  0  	0  1  0  0  	0  0  1  0  	1  0  0  0  	1  0  0  0  	0  0  0  0  	0  0  0  0  	
	0  0  0  0  	0  0  0  0  	1  0  0  0  	1  0  0  0  	1  0  0  0  	0  0  0  0  	0  0  0  0  	
	1  0  0  0  	0  0  1  0  	1  0  0  0  	1  0  0  0  	1  0  0  0  	0  0  0  0  	0  0  0  0  	
	0  1  0  0  	0  0  0  0  	1  0  0  0  	0  1  0  0  	0  1  0  0  	0  0  0  0  	0  0  0  0  	
	0  0  1  0  	0  0  0  0  	0  0  1  0  	0  0  0  0  	0  1  0  0  	0  0  0  0  	0  0  0  0  	
	0  0  0  0  	0  0  0  0  	1  0  0  0  	0  0  0  0  	0  0  1  0  	0  0  0  0  	0  0  0  0  	
	1  0  0  0  	0  0  0  0  	0  0  1  0  	0  0  0  0  	0  1  0  0  	0  0  0  0  	0  0  0  0  	
	0  1  0  0  	0  0  0  0  	1  0  0  0  	0  1  0  0  	0  1  0  0  	0  0  0  0  	0  0  0  0  	
	0  1  0  0  	0  0  0  0  	0  0  1  0  	0  0  0  0  	1  0  0  0  	0  0  0  0  	0  0  0  0  	
	1  0  0  0  	0  0  0  0  	1  0  0  0  	0  1  0  0  	0  0  1  0  	0  0  0  0  	0  0  0  0  	
	0  1  0  0  	0  0  0  0  	0  0  1  0  	0  0  0  0  	0  1  0  0  	0  0  0  0  	0  0  0  0  	
	1  0  0  0  	0  0  0  0  	0  0  0  0  	0  0  0  0  	0  0  1  0  	0  0  0  0  	0  0  0  0  	
	0  1  0  0  	0  0  0  0  	0  1  0  0  	0  1  0  0  	0  1  0  0  	0  0  0  0  	0  0  0  0  	
	0  1  0  0  	0  0  0  0  	0  0  0  0  	0  0  0  0  	1  0  0  0  	0  0  0  0  	0  0  0  0  	
	0  0  0  0  	0  0  0  0  	0  0  0  0  	0  0  0  0  	1  0  0  0  	0  0  0  0  	0  0  0  0  	
	1  0  0  0  	0  0  0  0  	0  0  0  0  	0  1  0  0  	1  0  0  0  	0  0  0  0  	0  0  0  0  	
	1  0  0  0  	0  0  0  0  	0  0  0  0  	0  1  0  0  	1  0  0  0  	0  0  0  0  	0  0  0  0  	
	0  0  0  0  	0  0  0  0  	0  0  0  0  	0  1  0  0  	1  0  0  0  	0  0  0  0  	0  0  0  0  	
Tiempo de procesamiento: 1549.660000 [segs]
Aptitud: 270.00

(calibracion 8) 963 12 111 
963 12 111 ./pso_nsp 200 0.0 1.0 0.1 200 N25/7000.nsp
./pso_nsp 200 0.0 1.0 0.1 200 N25/7000.nsp
PSO PARAMETERS
	c1: 0.000000   c2: 1.000000   w: 0.100000   size: 200   iterations: 200

				BEST SOLUTION

	Fitness: 270

	Solution:
	1  2  3  4  	1  2  3  4  	1  2  3  4  	1  2  3  4  	1  2  3  4  	1  2  3  4  	1  2  3  4  	
	0  0  1  0  	0  0  1  0  	1  0  0  0  	1  0  0  0  	0  0  1  0  	0  0  0  0  	0  0  0  0  	
	0  0  1  0  	0  0  1  0  	1  0  0  0  	0  0  1  0  	1  0  0  0  	0  0  0  0  	0  0  0  0  	
	1  0  0  0  	0  0  1  0  	0  0  0  0  	1  0  0  0  	0  0  0  0  	0  0  0  0  	0  0  0  0  	
	0  1  0  0  	1  0  0  0  	0  1  0  0  	1  0  0  0  	0  0  0  0  	0  0  0  0  	0  0  0  0  	
	1  0  0  0  	0  0  1  0  	0  1  0  0  	0  0  1  0  	1  0  0  0  	0  0  0  0  	0  0  0  0  	
	0  1  0  0  	1  0  0  0  	1  0  0  0  	0  1  0  0  	0  0  1  0  	0  0  0  0  	0  0  0  0  	
	1  0  0  0  	0  1  0  0  	0  1  0  0  	0  0  1  0  	0  0  0  0  	0  0  0  0  	0  0  0  0  	
	1  0  0  0  	0  1  0  0  	0  0  1  0  	1  0  0  0  	1  0  0  0  	0  0  0  0  	0  0  0  0  	
	0  0  0  0  	0  0  0  0  	1  0  0  0  	1  0  0  0  	1  0  0  0  	0  0  0  0  	0  0  0  0  	
	1  0  0  0  	0  0  1  0  	1  0  0  0  	1  0  0  0  	1  0  0  0  	0  0  0  0  	0  0  0  0  	
	0  1  0  0  	0  0  0  0  	1  0  0  0  	0  1  0  0  	0  1  0  0  	0  0  0  0  	0  0  0  0  	
	0  0  0  0  	0  0  0  0  	0  0  1  0  	0  0  0  0  	0  1  0  0  	0  0  0  0  	0  0  0  0  	
	0  0  1  0  	0  0  0  0  	1  0  0  0  	0  0  0  0  	0  0  1  0  	0  0  0  0  	0  0  0  0  	
	1  0  0  0  	0  0  0  0  	0  0  1  0  	0  0  0  0  	0  1  0  0  	0  0  0  0  	0  0  0  0  	
	0  1  0  0  	0  0  0  0  	1  0  0  0  	0  1  0  0  	0  1  0  0  	0  0  0  0  	0  0  0  0  	
	0  1  0  0  	0  0  0  0  	0  0  1  0  	0  0  0  0  	1  0  0  0  	0  0  0  0  	0  0  0  0  	
	1  0  0  0  	0  0  0  0  	1  0  0  0  	0  1  0  0  	0  0  1  0  	0  0  0  0  	0  0  0  0  	
	0  1  0  0  	0  0  0  0  	0  0  1  0  	0  0  0  0  	0  1  0  0  	0  0  0  0  	0  0  0  0  	
	1  0  0  0  	0  0  0  0  	0  0  0  0  	0  0  0  0  	0  0  1  0  	0  0  0  0  	0  0  0  0  	
	0  1  0  0  	0  0  0  0  	0  1  0  0  	0  1  0  0  	0  1  0  0  	0  0  0  0  	0  0  0  0  	
	0  1  0  0  	0  0  0  0  	0  0  0  0  	0  0  0  0  	1  0  0  0  	0  0  0  0  	0  0  0  0  	
	0  0  0  0  	0  0  0  0  	0  0  0  0  	0  1  0  0  	1  0  0  0  	0  0  0  0  	0  0  0  0  	
	1  0  0  0  	0  0  0  0  	0  0  0  0  	0  0  0  0  	1  0  0  0  	0  0  0  0  	0  0  0  0  	
	1  0  0  0  	0  0  0  0  	0  0  0  0  	0  1  0  0  	1  0  0  0  	0  0  0  0  	0  0  0  0  	
	0  0  0  0  	0  0  0  0  	0  0  0  0  	0  1  0  0  	1  0  0  0  	0  0  0  0  	0  0  0  0  	
Tiempo de procesamiento: 1542.680000 [segs]
Aptitud: 270.00

(calibracion 9) 116 751 297 
116 751 297 ./pso_nsp 200 0.8 0.1 0.3 200 N25/7000.nsp
./pso_nsp 200 0.8 0.1 0.3 200 N25/7000.nsp
PSO PARAMETERS
	c1: 0.800000   c2: 0.100000   w: 0.300000   size: 200   iterations: 200

				BEST SOLUTION

	Fitness: 270

	Solution:
	1  2  3  4  	1  2  3  4  	1  2  3  4  	1  2  3  4  	1  2  3  4  	1  2  3  4  	1  2  3  4  	
	0  0  1  0  	0  0  1  0  	1  0  0  0  	1  0  0  0  	0  0  1  0  	0  0  0  0  	0  0  0  0  	
	0  0  1  0  	0  0  1  0  	1  0  0  0  	0  0  1  0  	1  0  0  0  	0  0  0  0  	0  0  0  0  	
	1  0  0  0  	0  0  1  0  	0  0  0  0  	1  0  0  0  	0  0  0  0  	0  0  0  0  	0  0  0  0  	
	0  1  0  0  	1  0  0  0  	0  1  0  0  	1  0  0  0  	0  0  0  0  	0  0  0  0  	0  0  0  0  	
	1  0  0  0  	0  0  1  0  	0  1  0  0  	0  0  1  0  	1  0  0  0  	0  0  0  0  	0  0  0  0  	
	0  1  0  0  	1  0  0  0  	1  0  0  0  	0  1  0  0  	0  0  1  0  	0  0  0  0  	0  0  0  0  	
	1  0  0  0  	0  1  0  0  	0  1  0  0  	0  0  1  0  	0  0  0  0  	0  0  0  0  	0  0  0  0  	
	1  0  0  0  	0  1  0  0  	0  0  1  0  	1  0  0  0  	1  0  0  0  	0  0  0  0  	0  0  0  0  	
	0  0  0  0  	0  0  0  0  	1  0  0  0  	1  0  0  0  	1  0  0  0  	0  0  0  0  	0  0  0  0  	
	1  0  0  0  	0  0  1  0  	1  0  0  0  	1  0  0  0  	1  0  0  0  	0  0  0  0  	0  0  0  0  	
	0  1  0  0  	0  0  0  0  	1  0  0  0  	0  1  0  0  	0  1  0  0  	0  0  0  0  	0  0  0  0  	
	0  1  0  0  	0  0  0  0  	0  0  1  0  	0  0  0  0  	0  1  0  0  	0  0  0  0  	0  0  0  0  	
	0  0  1  0  	0  0  0  0  	1  0  0  0  	0  0  0  0  	0  0  1  0  	0  0  0  0  	0  0  0  0  	
	1  0  0  0  	0  0  0  0  	0  0  1  0  	0  0  0  0  	0  1  0  0  	0  0  0  0  	0  0  0  0  	
	0  1  0  0  	0  0  0  0  	1  0  0  0  	0  1  0  0  	0  1  0  0  	0  0  0  0  	0  0  0  0  	
	0  1  0  0  	0  0  0  0  	0  0  1  0  	0  0  0  0  	1  0  0  0  	0  0  0  0  	0  0  0  0  	
	1  0  0  0  	0  0  0  0  	1  0  0  0  	0  1  0  0  	0  0  1  0  	0  0  0  0  	0  0  0  0  	
	0  0  0  0  	0  0  0  0  	0  0  1  0  	0  0  0  0  	0  1  0  0  	0  0  0  0  	0  0  0  0  	
	1  0  0  0  	0  0  0  0  	0  0  0  0  	0  0  0  0  	0  0  1  0  	0  0  0  0  	0  0  0  0  	
	0  1  0  0  	0  0  0  0  	0  1  0  0  	0  1  0  0  	1  0  0  0  	0  0  0  0  	0  0  0  0  	
	0  1  0  0  	0  0  0  0  	0  0  0  0  	0  0  0  0  	0  1  0  0  	0  0  0  0  	0  0  0  0  	
	0  0  0  0  	0  0  0  0  	0  0  0  0  	0  0  0  0  	1  0  0  0  	0  0  0  0  	0  0  0  0  	
	1  0  0  0  	0  0  0  0  	0  0  0  0  	0  1  0  0  	1  0  0  0  	0  0  0  0  	0  0  0  0  	
	1  0  0  0  	0  0  0  0  	0  0  0  0  	0  1  0  0  	1  0  0  0  	0  0  0  0  	0  0  0  0  	
	0  0  0  0  	0  0  0  0  	0  0  0  0  	0  1  0  0  	1  0  0  0  	0  0  0  0  	0  0  0  0  	
Tiempo de procesamiento: 1550.160000 [segs]
Aptitud: 270.00

------------------------------------------------------------------------
------------------------ CALCULANDO H0 ---------------------------------
------------------------------------------------------------------------
2.30258 2.30258 2.30258 
------------------------------------------------------------------------
----------------- ITERACION : 0 -------------------------------------
------------------------------------------------------------------------
-----------------AGREGANDO NUEVAS CALiBRACIONES ------------------------
------------------------------------------------------------------------
(calibracion 0) 397 199 589 ./pso_nsp 200 0.2 0.4 0.6 200 N25/7000.nsp
./pso_nsp 200 0.2 0.4 0.6 200 N25/7000.nsp
PSO PARAMETERS
	c1: 0.200000   c2: 0.400000   w: 0.600000   size: 200   iterations: 200

				BEST SOLUTION

	Fitness: 270

	Solution:
	1  2  3  4  	1  2  3  4  	1  2  3  4  	1  2  3  4  	1  2  3  4  	1  2  3  4  	1  2  3  4  	
	0  0  1  0  	0  0  1  0  	1  0  0  0  	1  0  0  0  	0  0  1  0  	0  0  0  0  	0  0  0  0  	
	0  0  1  0  	0  0  1  0  	1  0  0  0  	0  0  1  0  	1  0  0  0  	0  0  0  0  	0  0  0  0  	
	1  0  0  0  	0  0  1  0  	0  0  0  0  	1  0  0  0  	0  0  0  0  	0  0  0  0  	0  0  0  0  	
	0  1  0  0  	1  0  0  0  	0  1  0  0  	1  0  0  0  	0  0  0  0  	0  0  0  0  	0  0  0  0  	
	1  0  0  0  	0  0  1  0  	0  1  0  0  	0  0  1  0  	1  0  0  0  	0  0  0  0  	0  0  0  0  	
	0  1  0  0  	1  0  0  0  	1  0  0  0  	0  1  0  0  	0  0  1  0  	0  0  0  0  	0  0  0  0  	
	1  0  0  0  	0  1  0  0  	0  1  0  0  	0  0  1  0  	0  0  0  0  	0  0  0  0  	0  0  0  0  	
	1  0  0  0  	0  1  0  0  	0  0  1  0  	1  0  0  0  	1  0  0  0  	0  0  0  0  	0  0  0  0  	
	0  0  0  0  	0  0  0  0  	1  0  0  0  	1  0  0  0  	1  0  0  0  	0  0  0  0  	0  0  0  0  	
	1  0  0  0  	0  0  1  0  	1  0  0  0  	1  0  0  0  	1  0  0  0  	0  0  0  0  	0  0  0  0  	
	0  1  0  0  	0  0  0  0  	1  0  0  0  	0  1  0  0  	0  1  0  0  	0  0  0  0  	0  0  0  0  	
	0  0  1  0  	0  0  0  0  	0  0  1  0  	0  0  0  0  	0  1  0  0  	0  0  0  0  	0  0  0  0  	
	0  0  0  0  	0  0  0  0  	1  0  0  0  	0  0  0  0  	0  0  1  0  	0  0  0  0  	0  0  0  0  	
	1  0  0  0  	0  0  0  0  	0  0  1  0  	0  0  0  0  	0  1  0  0  	0  0  0  0  	0  0  0  0  	
	0  1  0  0  	0  0  0  0  	1  0  0  0  	0  1  0  0  	0  1  0  0  	0  0  0  0  	0  0  0  0  	
	0  1  0  0  	0  0  0  0  	0  0  1  0  	0  0  0  0  	1  0  0  0  	0  0  0  0  	0  0  0  0  	
	1  0  0  0  	0  0  0  0  	1  0  0  0  	0  1  0  0  	0  0  1  0  	0  0  0  0  	0  0  0  0  	
	0  1  0  0  	0  0  0  0  	0  0  1  0  	0  0  0  0  	0  1  0  0  	0  0  0  0  	0  0  0  0  	
	1  0  0  0  	0  0  0  0  	0  0  0  0  	0  0  0  0  	0  0  1  0  	0  0  0  0  	0  0  0  0  	
	0  1  0  0  	0  0  0  0  	0  1  0  0  	0  1  0  0  	0  1  0  0  	0  0  0  0  	0  0  0  0  	
	0  1  0  0  	0  0  0  0  	0  0  0  0  	0  0  0  0  	1  0  0  0  	0  0  0  0  	0  0  0  0  	
	0  0  0  0  	0  0  0  0  	0  0  0  0  	0  1  0  0  	1  0  0  0  	0  0  0  0  	0  0  0  0  	
	1  0  0  0  	0  0  0  0  	0  0  0  0  	0  0  0  0  	1  0  0  0  	0  0  0  0  	0  0  0  0  	
	1  0  0  0  	0  0  0  0  	0  0  0  0  	0  1  0  0  	1  0  0  0  	0  0  0  0  	0  0  0  0  	
	0  0  0  0  	0  0  0  0  	0  0  0  0  	0  1  0  0  	1  0  0  0  	0  0  0  0  	0  0  0  0  	
Tiempo de procesamiento: 1558.140000 [segs]
Aptitud: 270.00

------------------------------------------------------------------------
----------------------------CALCULANDO K -------------------------------
------------------------------------------------------------------------
Parametro  |    H0    |    K    |   Rango   | Rango Inicial | 
0     2.30258     2.30258    [ 41 : 751]    [ 0 : 1000]
1     2.30258     2.30258    [ 1 : 454]    [ 0 : 1000]
2     2.30258     2.30258    [ 6 : 835]    [ 0 : 1000]

-----------------------Calibraciones-------------------------
41 : 454 : 835 :  :: 270 :: 0
566 : 1 : 187 :  :: 270 :: 0
751 : 366 : 351 :  :: 270 :: 0
585 : 216 : 807 :  :: 270 :: 0
622 : 211 : 6 :  :: 270 :: 0
933 : 340 : 891 :  :: 270 :: 0
393 : 900 : 695 :  :: 270 :: 0
963 : 12 : 111 :  :: 270 :: 0
116 : 751 : 297 :  :: 270 :: 0
397 : 199 : 589 :  :: 270 :: 0
------------------------------------------------------------------------
---------------------------- RESUMEN FINAL -----------------------------
------------------------------------------------------------------------
		FACT_SOC 		585 		[566 .. 622]
		FACT_COG 		216 		[211 .. 366]
		INERTIA 		351 		[187 .. 807]
------------------------------------------------------------------------
------------------------------------------------------------------------
------------------------------------------------------------------------
----------------- ITERACION : 1 -------------------------------------
------------------------------------------------------------------------
-----------------AGREGANDO NUEVAS CALiBRACIONES ------------------------
------------------------------------------------------------------------
(calibracion 0) 268 309 733 ./pso_nsp 200 0.3 0.3 0.7 200 N25/7000.nsp
./pso_nsp 200 0.3 0.3 0.7 200 N25/7000.nsp
PSO PARAMETERS
	c1: 0.300000   c2: 0.300000   w: 0.700000   size: 200   iterations: 200

				BEST SOLUTION

	Fitness: 270

	Solution:
	1  2  3  4  	1  2  3  4  	1  2  3  4  	1  2  3  4  	1  2  3  4  	1  2  3  4  	1  2  3  4  	
	0  0  1  0  	0  0  1  0  	1  0  0  0  	1  0  0  0  	0  0  1  0  	0  0  0  0  	0  0  0  0  	
	0  0  1  0  	0  0  1  0  	1  0  0  0  	0  0  1  0  	1  0  0  0  	0  0  0  0  	0  0  0  0  	
	1  0  0  0  	0  0  1  0  	0  1  0  0  	1  0  0  0  	0  0  0  0  	0  0  0  0  	0  0  0  0  	
	0  1  0  0  	1  0  0  0  	0  0  0  0  	1  0  0  0  	0  0  0  0  	0  0  0  0  	0  0  0  0  	
	1  0  0  0  	0  0  1  0  	0  1  0  0  	0  0  1  0  	1  0  0  0  	0  0  0  0  	0  0  0  0  	
	0  1  0  0  	1  0  0  0  	1  0  0  0  	0  1  0  0  	0  0  1  0  	0  0  0  0  	0  0  0  0  	
	1  0  0  0  	0  1  0  0  	0  1  0  0  	0  0  1  0  	0  0  0  0  	0  0  0  0  	0  0  0  0  	
	1  0  0  0  	0  1  0  0  	0  0  1  0  	1  0  0  0  	1  0  0  0  	0  0  0  0  	0  0  0  0  	
	0  0  0  0  	0  0  0  0  	1  0  0  0  	1  0  0  0  	1  0  0  0  	0  0  0  0  	0  0  0  0  	
	1  0  0  0  	0  0  1  0  	1  0  0  0  	1  0  0  0  	1  0  0  0  	0  0  0  0  	0  0  0  0  	
	0  1  0  0  	0  0  0  0  	1  0  0  0  	0  1  0  0  	0  1  0  0  	0  0  0  0  	0  0  0  0  	
	0  0  1  0  	0  0  0  0  	0  0  1  0  	0  0  0  0  	0  1  0  0  	0  0  0  0  	0  0  0  0  	
	0  0  0  0  	0  0  0  0  	1  0  0  0  	0  0  0  0  	0  0  1  0  	0  0  0  0  	0  0  0  0  	
	1  0  0  0  	0  0  0  0  	0  0  1  0  	0  0  0  0  	0  1  0  0  	0  0  0  0  	0  0  0  0  	
	0  1  0  0  	0  0  0  0  	1  0  0  0  	0  1  0  0  	0  1  0  0  	0  0  0  0  	0  0  0  0  	
	0  1  0  0  	0  0  0  0  	0  0  1  0  	0  1  0  0  	1  0  0  0  	0  0  0  0  	0  0  0  0  	
	1  0  0  0  	0  0  0  0  	1  0  0  0  	0  1  0  0  	0  0  1  0  	0  0  0  0  	0  0  0  0  	
	0  1  0  0  	0  0  0  0  	0  0  1  0  	0  0  0  0  	0  1  0  0  	0  0  0  0  	0  0  0  0  	
	1  0  0  0  	0  0  0  0  	0  0  0  0  	0  0  0  0  	0  0  1  0  	0  0  0  0  	0  0  0  0  	
	0  1  0  0  	0  0  0  0  	0  1  0  0  	0  1  0  0  	0  1  0  0  	0  0  0  0  	0  0  0  0  	
	0  1  0  0  	0  0  0  0  	0  0  0  0  	0  0  0  0  	1  0  0  0  	0  0  0  0  	0  0  0  0  	
	0  0  0  0  	0  0  0  0  	0  0  0  0  	0  0  0  0  	1  0  0  0  	0  0  0  0  	0  0  0  0  	
	1  0  0  0  	0  0  0  0  	0  0  0  0  	0  0  0  0  	1  0  0  0  	0  0  0  0  	0  0  0  0  	
	1  0  0  0  	0  0  0  0  	0  0  0  0  	0  1  0  0  	1  0  0  0  	0  0  0  0  	0  0  0  0  	
	0  0  0  0  	0  0  0  0  	0  0  0  0  	0  1  0  0  	1  0  0  0  	0  0  0  0  	0  0  0  0  	
Tiempo de procesamiento: 1560.890000 [segs]
Aptitud: 270.00

------------------------------------------------------------------------
----------------------------CALCULANDO K -------------------------------
------------------------------------------------------------------------
Parametro  |    H0    |    K    |   Rango   | Rango Inicial | 
0     2.30258     2.30258    [ 41 : 751]    [ 0 : 1000]
1     2.30258     2.30258    [ 1 : 454]    [ 0 : 1000]
2     2.30258     2.30258    [ 6 : 835]    [ 0 : 1000]

-----------------------Calibraciones-------------------------
41 : 454 : 835 :  :: 270 :: 0
566 : 1 : 187 :  :: 270 :: 0
751 : 366 : 351 :  :: 270 :: 0
585 : 216 : 807 :  :: 270 :: 0
622 : 211 : 6 :  :: 270 :: 0
933 : 340 : 891 :  :: 270 :: 0
393 : 900 : 695 :  :: 270 :: 0
963 : 12 : 111 :  :: 270 :: 0
116 : 751 : 297 :  :: 270 :: 0
268 : 309 : 733 :  :: 270 :: 1
------------------------------------------------------------------------
---------------------------- RESUMEN FINAL -----------------------------
------------------------------------------------------------------------
		FACT_SOC 		585 		[566 .. 622]
		FACT_COG 		216 		[211 .. 366]
		INERTIA 		351 		[187 .. 807]
------------------------------------------------------------------------
------------------------------------------------------------------------
------------------------------------------------------------------------
----------------- ITERACION : 2 -------------------------------------
------------------------------------------------------------------------
-----------------AGREGANDO NUEVAS CALiBRACIONES ------------------------
------------------------------------------------------------------------
(calibracion 0) 442 124 221 ./pso_nsp 200 0.1 0.4 0.2 200 N25/7000.nsp
./pso_nsp 200 0.1 0.4 0.2 200 N25/7000.nsp
PSO PARAMETERS
	c1: 0.100000   c2: 0.400000   w: 0.200000   size: 200   iterations: 200

				BEST SOLUTION

	Fitness: 270

	Solution:
	1  2  3  4  	1  2  3  4  	1  2  3  4  	1  2  3  4  	1  2  3  4  	1  2  3  4  	1  2  3  4  	
	0  0  1  0  	0  0  1  0  	1  0  0  0  	1  0  0  0  	0  0  1  0  	0  0  0  0  	0  0  0  0  	
	0  0  1  0  	0  0  1  0  	1  0  0  0  	0  0  1  0  	1  0  0  0  	0  0  0  0  	0  0  0  0  	
	1  0  0  0  	0  0  1  0  	0  1  0  0  	1  0  0  0  	0  0  0  0  	0  0  0  0  	0  0  0  0  	
	0  1  0  0  	1  0  0  0  	0  0  0  0  	1  0  0  0  	0  0  0  0  	0  0  0  0  	0  0  0  0  	
	1  0  0  0  	0  0  1  0  	0  1  0  0  	0  0  1  0  	1  0  0  0  	0  0  0  0  	0  0  0  0  	
	0  1  0  0  	1  0  0  0  	1  0  0  0  	0  1  0  0  	0  0  1  0  	0  0  0  0  	0  0  0  0  	
	1  0  0  0  	0  1  0  0  	0  1  0  0  	0  0  1  0  	0  0  0  0  	0  0  0  0  	0  0  0  0  	
	1  0  0  0  	0  1  0  0  	0  0  1  0  	1  0  0  0  	1  0  0  0  	0  0  0  0  	0  0  0  0  	
	0  0  0  0  	0  0  0  0  	1  0  0  0  	0  1  0  0  	1  0  0  0  	0  0  0  0  	0  0  0  0  	
	1  0  0  0  	0  0  1  0  	1  0  0  0  	1  0  0  0  	1  0  0  0  	0  0  0  0  	0  0  0  0  	
	0  1  0  0  	0  0  0  0  	1  0  0  0  	0  0  0  0  	0  1  0  0  	0  0  0  0  	0  0  0  0  	
	0  0  1  0  	0  0  0  0  	0  0  1  0  	1  0  0  0  	0  1  0  0  	0  0  0  0  	0  0  0  0  	
	0  0  0  0  	0  0  0  0  	1  0  0  0  	0  0  0  0  	0  0  1  0  	0  0  0  0  	0  0  0  0  	
	1  0  0  0  	0  0  0  0  	0  0  1  0  	0  0  0  0  	0  1  0  0  	0  0  0  0  	0  0  0  0  	
	0  1  0  0  	0  0  0  0  	1  0  0  0  	0  1  0  0  	0  1  0  0  	0  0  0  0  	0  0  0  0  	
	0  1  0  0  	0  0  0  0  	0  0  1  0  	0  0  0  0  	1  0  0  0  	0  0  0  0  	0  0  0  0  	
	1  0  0  0  	0  0  0  0  	1  0  0  0  	0  1  0  0  	0  0  1  0  	0  0  0  0  	0  0  0  0  	
	0  1  0  0  	0  0  0  0  	0  0  1  0  	0  0  0  0  	0  1  0  0  	0  0  0  0  	0  0  0  0  	
	1  0  0  0  	0  0  0  0  	0  0  0  0  	0  0  0  0  	0  0  1  0  	0  0  0  0  	0  0  0  0  	
	0  1  0  0  	0  0  0  0  	0  1  0  0  	0  1  0  0  	0  1  0  0  	0  0  0  0  	0  0  0  0  	
	0  1  0  0  	0  0  0  0  	0  0  0  0  	0  0  0  0  	1  0  0  0  	0  0  0  0  	0  0  0  0  	
	0  0  0  0  	0  0  0  0  	0  0  0  0  	0  1  0  0  	1  0  0  0  	0  0  0  0  	0  0  0  0  	
	1  0  0  0  	0  0  0  0  	0  0  0  0  	0  0  0  0  	1  0  0  0  	0  0  0  0  	0  0  0  0  	
	1  0  0  0  	0  0  0  0  	0  0  0  0  	0  1  0  0  	1  0  0  0  	0  0  0  0  	0  0  0  0  	
	0  0  0  0  	0  0  0  0  	0  0  0  0  	0  1  0  0  	1  0  0  0  	0  0  0  0  	0  0  0  0  	
Tiempo de procesamiento: 1554.230000 [segs]
Aptitud: 270.00

------------------------------------------------------------------------
----------------------------CALCULANDO K -------------------------------
------------------------------------------------------------------------
Parametro  |    H0    |    K    |   Rango   | Rango Inicial | 
0     2.30258     2.30258    [ 41 : 751]    [ 0 : 1000]
1     2.30258     2.30258    [ 1 : 454]    [ 0 : 1000]
2     2.30258     2.30258    [ 6 : 835]    [ 0 : 1000]

-----------------------Calibraciones-------------------------
41 : 454 : 835 :  :: 270 :: 0
566 : 1 : 187 :  :: 270 :: 0
751 : 366 : 351 :  :: 270 :: 0
585 : 216 : 807 :  :: 270 :: 0
622 : 211 : 6 :  :: 270 :: 0
933 : 340 : 891 :  :: 270 :: 0
393 : 900 : 695 :  :: 270 :: 0
963 : 12 : 111 :  :: 270 :: 0
268 : 309 : 733 :  :: 270 :: 1
442 : 124 : 221 :  :: 270 :: 2
------------------------------------------------------------------------
---------------------------- RESUMEN FINAL -----------------------------
------------------------------------------------------------------------
		FACT_SOC 		585 		[566 .. 622]
		FACT_COG 		216 		[211 .. 366]
		INERTIA 		351 		[187 .. 807]
------------------------------------------------------------------------
------------------------------------------------------------------------
------------------------------------------------------------------------
----------------- ITERACION : 3 -------------------------------------
------------------------------------------------------------------------
-----------------AGREGANDO NUEVAS CALiBRACIONES ------------------------
------------------------------------------------------------------------
(calibracion 0) 446 93 239 ./pso_nsp 200 0.1 0.4 0.2 200 N25/7000.nsp
./pso_nsp 200 0.1 0.4 0.2 200 N25/7000.nsp
PSO PARAMETERS
	c1: 0.100000   c2: 0.400000   w: 0.200000   size: 200   iterations: 200

				BEST SOLUTION

	Fitness: 270

	Solution:
	1  2  3  4  	1  2  3  4  	1  2  3  4  	1  2  3  4  	1  2  3  4  	1  2  3  4  	1  2  3  4  	
	0  0  1  0  	0  0  1  0  	1  0  0  0  	1  0  0  0  	0  0  1  0  	0  0  0  0  	0  0  0  0  	
	0  0  1  0  	0  0  1  0  	1  0  0  0  	0  0  1  0  	1  0  0  0  	0  0  0  0  	0  0  0  0  	
	1  0  0  0  	0  0  1  0  	0  0  0  0  	1  0  0  0  	0  0  0  0  	0  0  0  0  	0  0  0  0  	
	0  1  0  0  	1  0  0  0  	0  1  0  0  	1  0  0  0  	0  0  0  0  	0  0  0  0  	0  0  0  0  	
	1  0  0  0  	0  0  1  0  	0  1  0  0  	0  0  1  0  	1  0  0  0  	0  0  0  0  	0  0  0  0  	
	0  1  0  0  	1  0  0  0  	1  0  0  0  	0  1  0  0  	0  0  1  0  	0  0  0  0  	0  0  0  0  	
	1  0  0  0  	0  1  0  0  	0  1  0  0  	0  0  1  0  	0  0  0  0  	0  0  0  0  	0  0  0  0  	
	1  0  0  0  	0  1  0  0  	0  0  1  0  	1  0  0  0  	1  0  0  0  	0  0  0  0  	0  0  0  0  	
	0  0  0  0  	0  0  0  0  	1  0  0  0  	1  0  0  0  	1  0  0  0  	0  0  0  0  	0  0  0  0  	
	1  0  0  0  	0  0  1  0  	1  0  0  0  	1  0  0  0  	1  0  0  0  	0  0  0  0  	0  0  0  0  	
	0  1  0  0  	0  0  0  0  	1  0  0  0  	0  1  0  0  	0  1  0  0  	0  0  0  0  	0  0  0  0  	
	0  0  0  0  	0  0  0  0  	0  0  1  0  	0  0  0  0  	0  1  0  0  	0  0  0  0  	0  0  0  0  	
	0  0  1  0  	0  0  0  0  	1  0  0  0  	0  0  0  0  	0  0  1  0  	0  0  0  0  	0  0  0  0  	
	1  0  0  0  	0  0  0  0  	0  0  1  0  	0  0  0  0  	0  1  0  0  	0  0  0  0  	0  0  0  0  	
	0  1  0  0  	0  0  0  0  	1  0  0  0  	0  1  0  0  	0  1  0  0  	0  0  0  0  	0  0  0  0  	
	0  1  0  0  	0  0  0  0  	0  0  1  0  	0  0  0  0  	1  0  0  0  	0  0  0  0  	0  0  0  0  	
	1  0  0  0  	0  0  0  0  	1  0  0  0  	0  1  0  0  	0  0  1  0  	0  0  0  0  	0  0  0  0  	
	0  1  0  0  	0  0  0  0  	0  0  1  0  	0  0  0  0  	0  1  0  0  	0  0  0  0  	0  0  0  0  	
	1  0  0  0  	0  0  0  0  	0  0  0  0  	0  0  0  0  	0  0  1  0  	0  0  0  0  	0  0  0  0  	
	0  1  0  0  	0  0  0  0  	0  1  0  0  	0  1  0  0  	0  1  0  0  	0  0  0  0  	0  0  0  0  	
	0  1  0  0  	0  0  0  0  	0  0  0  0  	0  0  0  0  	1  0  0  0  	0  0  0  0  	0  0  0  0  	
	0  0  0  0  	0  0  0  0  	0  0  0  0  	0  0  0  0  	1  0  0  0  	0  0  0  0  	0  0  0  0  	
	1  0  0  0  	0  0  0  0  	0  0  0  0  	0  1  0  0  	1  0  0  0  	0  0  0  0  	0  0  0  0  	
	1  0  0  0  	0  0  0  0  	0  0  0  0  	0  1  0  0  	1  0  0  0  	0  0  0  0  	0  0  0  0  	
	0  0  0  0  	0  0  0  0  	0  0  0  0  	0  1  0  0  	1  0  0  0  	0  0  0  0  	0  0  0  0  	
Tiempo de procesamiento: 1554.470000 [segs]
Aptitud: 270.00

------------------------------------------------------------------------
----------------------------CALCULANDO K -------------------------------
------------------------------------------------------------------------
Parametro  |    H0    |    K    |   Rango   | Rango Inicial | 
0     2.30258     2.30258    [ 41 : 751]    [ 0 : 1000]
1     2.30258     2.30258    [ 1 : 454]    [ 0 : 1000]
2     2.30258     2.30258    [ 6 : 835]    [ 0 : 1000]

-----------------------Calibraciones-------------------------
41 : 454 : 835 :  :: 270 :: 0
566 : 1 : 187 :  :: 270 :: 0
751 : 366 : 351 :  :: 270 :: 0
585 : 216 : 807 :  :: 270 :: 0
622 : 211 : 6 :  :: 270 :: 0
933 : 340 : 891 :  :: 270 :: 0
393 : 900 : 695 :  :: 270 :: 0
268 : 309 : 733 :  :: 270 :: 1
442 : 124 : 221 :  :: 270 :: 2
446 : 93 : 239 :  :: 270 :: 3
------------------------------------------------------------------------
---------------------------- RESUMEN FINAL -----------------------------
------------------------------------------------------------------------
		FACT_SOC 		585 		[566 .. 622]
		FACT_COG 		216 		[211 .. 366]
		INERTIA 		351 		[187 .. 807]
------------------------------------------------------------------------
------------------------------------------------------------------------
------------------------------------------------------------------------
----------------- ITERACION : 4 -------------------------------------
------------------------------------------------------------------------
-----------------AGREGANDO NUEVAS CALiBRACIONES ------------------------
------------------------------------------------------------------------
(calibracion 0) 517 171 464 ./pso_nsp 200 0.2 0.5 0.5 200 N25/7000.nsp
./pso_nsp 200 0.2 0.5 0.5 200 N25/7000.nsp
PSO PARAMETERS
	c1: 0.200000   c2: 0.500000   w: 0.500000   size: 200   iterations: 200

				BEST SOLUTION

	Fitness: 270

	Solution:
	1  2  3  4  	1  2  3  4  	1  2  3  4  	1  2  3  4  	1  2  3  4  	1  2  3  4  	1  2  3  4  	
	0  0  1  0  	0  0  1  0  	1  0  0  0  	1  0  0  0  	0  0  1  0  	0  0  0  0  	0  0  0  0  	
	0  0  1  0  	0  0  1  0  	1  0  0  0  	0  0  1  0  	1  0  0  0  	0  0  0  0  	0  0  0  0  	
	1  0  0  0  	0  0  1  0  	0  1  0  0  	1  0  0  0  	0  0  0  0  	0  0  0  0  	0  0  0  0  	
	0  1  0  0  	1  0  0  0  	0  0  0  0  	1  0  0  0  	0  0  0  0  	0  0  0  0  	0  0  0  0  	
	1  0  0  0  	0  0  1  0  	0  1  0  0  	0  0  1  0  	1  0  0  0  	0  0  0  0  	0  0  0  0  	
	0  1  0  0  	1  0  0  0  	1  0  0  0  	0  1  0  0  	0  0  1  0  	0  0  0  0  	0  0  0  0  	
	1  0  0  0  	0  1  0  0  	0  1  0  0  	0  0  1  0  	0  0  0  0  	0  0  0  0  	0  0  0  0  	
	1  0  0  0  	0  1  0  0  	0  0  1  0  	1  0  0  0  	1  0  0  0  	0  0  0  0  	0  0  0  0  	
	0  0  0  0  	0  0  0  0  	1  0  0  0  	1  0  0  0  	1  0  0  0  	0  0  0  0  	0  0  0  0  	
	1  0  0  0  	0  0  1  0  	1  0  0  0  	1  0  0  0  	1  0  0  0  	0  0  0  0  	0  0  0  0  	
	0  1  0  0  	0  0  0  0  	1  0  0  0  	0  1  0  0  	0  1  0  0  	0  0  0  0  	0  0  0  0  	
	0  1  0  0  	0  0  0  0  	0  0  1  0  	0  0  0  0  	0  1  0  0  	0  0  0  0  	0  0  0  0  	
	0  0  1  0  	0  0  0  0  	1  0  0  0  	0  0  0  0  	0  0  1  0  	0  0  0  0  	0  0  0  0  	
	1  0  0  0  	0  0  0  0  	0  0  1  0  	0  0  0  0  	0  1  0  0  	0  0  0  0  	0  0  0  0  	
	0  1  0  0  	0  0  0  0  	1  0  0  0  	0  1  0  0  	0  1  0  0  	0  0  0  0  	0  0  0  0  	
	0  1  0  0  	0  0  0  0  	0  0  1  0  	0  1  0  0  	1  0  0  0  	0  0  0  0  	0  0  0  0  	
	1  0  0  0  	0  0  0  0  	1  0  0  0  	0  1  0  0  	0  0  1  0  	0  0  0  0  	0  0  0  0  	
	0  0  0  0  	0  0  0  0  	0  0  1  0  	0  0  0  0  	0  1  0  0  	0  0  0  0  	0  0  0  0  	
	1  0  0  0  	0  0  0  0  	0  0  0  0  	0  0  0  0  	0  0  1  0  	0  0  0  0  	0  0  0  0  	
	0  1  0  0  	0  0  0  0  	0  1  0  0  	0  1  0  0  	1  0  0  0  	0  0  0  0  	0  0  0  0  	
	0  1  0  0  	0  0  0  0  	0  0  0  0  	0  0  0  0  	0  1  0  0  	0  0  0  0  	0  0  0  0  	
	0  0  0  0  	0  0  0  0  	0  0  0  0  	0  0  0  0  	1  0  0  0  	0  0  0  0  	0  0  0  0  	
	1  0  0  0  	0  0  0  0  	0  0  0  0  	0  0  0  0  	1  0  0  0  	0  0  0  0  	0  0  0  0  	
	1  0  0  0  	0  0  0  0  	0  0  0  0  	0  1  0  0  	1  0  0  0  	0  0  0  0  	0  0  0  0  	
	0  0  0  0  	0  0  0  0  	0  0  0  0  	0  1  0  0  	1  0  0  0  	0  0  0  0  	0  0  0  0  	
Tiempo de procesamiento: 1556.100000 [segs]
Aptitud: 270.00

------------------------------------------------------------------------
----------------------------CALCULANDO K -------------------------------
------------------------------------------------------------------------
Parametro  |    H0    |    K    |   Rango   | Rango Inicial | 
0     2.30258     2.30258    [ 41 : 751]    [ 0 : 1000]
1     2.30258     2.30258    [ 1 : 454]    [ 0 : 1000]
2     2.30258     2.30258    [ 6 : 835]    [ 0 : 1000]

-----------------------Calibraciones-------------------------
41 : 454 : 835 :  :: 270 :: 0
566 : 1 : 187 :  :: 270 :: 0
751 : 366 : 351 :  :: 270 :: 0
585 : 216 : 807 :  :: 270 :: 0
622 : 211 : 6 :  :: 270 :: 0
933 : 340 : 891 :  :: 270 :: 0
268 : 309 : 733 :  :: 270 :: 1
442 : 124 : 221 :  :: 270 :: 2
446 : 93 : 239 :  :: 270 :: 3
517 : 171 : 464 :  :: 270 :: 4
------------------------------------------------------------------------
---------------------------- RESUMEN FINAL -----------------------------
------------------------------------------------------------------------
		FACT_SOC 		585 		[566 .. 622]
		FACT_COG 		216 		[211 .. 366]
		INERTIA 		351 		[187 .. 807]
------------------------------------------------------------------------
------------------------------------------------------------------------
------------------------------------------------------------------------
----------------- ITERACION : 5 -------------------------------------
------------------------------------------------------------------------
-----------------AGREGANDO NUEVAS CALiBRACIONES ------------------------
------------------------------------------------------------------------
(calibracion 0) 179 38 227 ./pso_nsp 200 0.0 0.2 0.2 200 N25/7000.nsp
./pso_nsp 200 0.0 0.2 0.2 200 N25/7000.nsp
PSO PARAMETERS
	c1: 0.000000   c2: 0.200000   w: 0.200000   size: 200   iterations: 200

				BEST SOLUTION

	Fitness: 270

	Solution:
	1  2  3  4  	1  2  3  4  	1  2  3  4  	1  2  3  4  	1  2  3  4  	1  2  3  4  	1  2  3  4  	
	0  0  1  0  	0  0  1  0  	1  0  0  0  	1  0  0  0  	0  0  1  0  	0  0  0  0  	0  0  0  0  	
	0  0  1  0  	0  0  1  0  	1  0  0  0  	0  0  1  0  	1  0  0  0  	0  0  0  0  	0  0  0  0  	
	1  0  0  0  	0  0  1  0  	0  0  0  0  	1  0  0  0  	0  0  0  0  	0  0  0  0  	0  0  0  0  	
	0  1  0  0  	1  0  0  0  	0  1  0  0  	1  0  0  0  	0  0  0  0  	0  0  0  0  	0  0  0  0  	
	1  0  0  0  	0  0  1  0  	0  1  0  0  	0  0  1  0  	1  0  0  0  	0  0  0  0  	0  0  0  0  	
	0  1  0  0  	1  0  0  0  	1  0  0  0  	0  1  0  0  	0  0  1  0  	0  0  0  0  	0  0  0  0  	
	1  0  0  0  	0  1  0  0  	0  1  0  0  	0  0  1  0  	0  0  0  0  	0  0  0  0  	0  0  0  0  	
	1  0  0  0  	0  1  0  0  	0  0  1  0  	1  0  0  0  	1  0  0  0  	0  0  0  0  	0  0  0  0  	
	0  0  0  0  	0  0  0  0  	1  0  0  0  	1  0  0  0  	1  0  0  0  	0  0  0  0  	0  0  0  0  	
	1  0  0  0  	0  0  1  0  	1  0  0  0  	1  0  0  0  	1  0  0  0  	0  0  0  0  	0  0  0  0  	
	0  1  0  0  	0  0  0  0  	1  0  0  0  	0  1  0  0  	0  1  0  0  	0  0  0  0  	0  0  0  0  	
	0  0  0  0  	0  0  0  0  	0  0  1  0  	0  0  0  0  	0  1  0  0  	0  0  0  0  	0  0  0  0  	
	0  0  1  0  	0  0  0  0  	1  0  0  0  	0  0  0  0  	0  0  1  0  	0  0  0  0  	0  0  0  0  	
	1  0  0  0  	0  0  0  0  	0  0  1  0  	0  0  0  0  	0  1  0  0  	0  0  0  0  	0  0  0  0  	
	0  1  0  0  	0  0  0  0  	1  0  0  0  	0  1  0  0  	0  1  0  0  	0  0  0  0  	0  0  0  0  	
	0  1  0  0  	0  0  0  0  	0  0  1  0  	0  0  0  0  	1  0  0  0  	0  0  0  0  	0  0  0  0  	
	1  0  0  0  	0  0  0  0  	1  0  0  0  	0  1  0  0  	0  0  1  0  	0  0  0  0  	0  0  0  0  	
	0  1  0  0  	0  0  0  0  	0  0  1  0  	0  0  0  0  	0  1  0  0  	0  0  0  0  	0  0  0  0  	
	1  0  0  0  	0  0  0  0  	0  0  0  0  	0  0  0  0  	0  0  1  0  	0  0  0  0  	0  0  0  0  	
	0  1  0  0  	0  0  0  0  	0  1  0  0  	0  1  0  0  	0  1  0  0  	0  0  0  0  	0  0  0  0  	
	0  1  0  0  	0  0  0  0  	0  0  0  0  	0  0  0  0  	1  0  0  0  	0  0  0  0  	0  0  0  0  	
	0  0  0  0  	0  0  0  0  	0  0  0  0  	0  0  0  0  	1  0  0  0  	0  0  0  0  	0  0  0  0  	
	1  0  0  0  	0  0  0  0  	0  0  0  0  	0  1  0  0  	1  0  0  0  	0  0  0  0  	0  0  0  0  	
	1  0  0  0  	0  0  0  0  	0  0  0  0  	0  1  0  0  	1  0  0  0  	0  0  0  0  	0  0  0  0  	
	0  0  0  0  	0  0  0  0  	0  0  0  0  	0  1  0  0  	1  0  0  0  	0  0  0  0  	0  0  0  0  	
Tiempo de procesamiento: 1558.820000 [segs]
Aptitud: 270.00

------------------------------------------------------------------------
----------------------------CALCULANDO K -------------------------------
------------------------------------------------------------------------
Parametro  |    H0    |    K    |   Rango   | Rango Inicial | 
0     2.30258     2.30258    [ 41 : 751]    [ 0 : 1000]
1     2.30258     2.30258    [ 1 : 454]    [ 0 : 1000]
2     2.30258     2.30258    [ 6 : 835]    [ 0 : 1000]

-----------------------Calibraciones-------------------------
41 : 454 : 835 :  :: 270 :: 0
566 : 1 : 187 :  :: 270 :: 0
751 : 366 : 351 :  :: 270 :: 0
585 : 216 : 807 :  :: 270 :: 0
622 : 211 : 6 :  :: 270 :: 0
268 : 309 : 733 :  :: 270 :: 1
442 : 124 : 221 :  :: 270 :: 2
446 : 93 : 239 :  :: 270 :: 3
517 : 171 : 464 :  :: 270 :: 4
179 : 38 : 227 :  :: 270 :: 5
------------------------------------------------------------------------
---------------------------- RESUMEN FINAL -----------------------------
------------------------------------------------------------------------
		FACT_SOC 		585 		[566 .. 622]
		FACT_COG 		216 		[211 .. 366]
		INERTIA 		351 		[187 .. 807]
------------------------------------------------------------------------
------------------------------------------------------------------------
------------------------------------------------------------------------
----------------- ITERACION : 6 -------------------------------------
------------------------------------------------------------------------
-----------------AGREGANDO NUEVAS CALiBRACIONES ------------------------
------------------------------------------------------------------------
(calibracion 0) 611 266 604 ./pso_nsp 200 0.3 0.6 0.6 200 N25/7000.nsp
./pso_nsp 200 0.3 0.6 0.6 200 N25/7000.nsp
PSO PARAMETERS
	c1: 0.300000   c2: 0.600000   w: 0.600000   size: 200   iterations: 200

				BEST SOLUTION

	Fitness: 270

	Solution:
	1  2  3  4  	1  2  3  4  	1  2  3  4  	1  2  3  4  	1  2  3  4  	1  2  3  4  	1  2  3  4  	
	0  0  1  0  	0  0  1  0  	1  0  0  0  	1  0  0  0  	0  0  1  0  	0  0  0  0  	0  0  0  0  	
	0  0  1  0  	0  0  1  0  	1  0  0  0  	0  0  1  0  	1  0  0  0  	0  0  0  0  	0  0  0  0  	
	1  0  0  0  	0  0  1  0  	0  0  0  0  	1  0  0  0  	0  0  0  0  	0  0  0  0  	0  0  0  0  	
	0  1  0  0  	1  0  0  0  	0  1  0  0  	1  0  0  0  	0  0  0  0  	0  0  0  0  	0  0  0  0  	
	1  0  0  0  	0  0  1  0  	0  1  0  0  	0  0  1  0  	1  0  0  0  	0  0  0  0  	0  0  0  0  	
	0  1  0  0  	1  0  0  0  	1  0  0  0  	0  1  0  0  	0  0  1  0  	0  0  0  0  	0  0  0  0  	
	1  0  0  0  	0  1  0  0  	0  1  0  0  	0  0  1  0  	0  0  0  0  	0  0  0  0  	0  0  0  0  	
	1  0  0  0  	0  1  0  0  	0  0  1  0  	1  0  0  0  	1  0  0  0  	0  0  0  0  	0  0  0  0  	
	0  0  0  0  	0  0  0  0  	1  0  0  0  	1  0  0  0  	1  0  0  0  	0  0  0  0  	0  0  0  0  	
	1  0  0  0  	0  0  1  0  	1  0  0  0  	1  0  0  0  	1  0  0  0  	0  0  0  0  	0  0  0  0  	
	0  1  0  0  	0  0  0  0  	1  0  0  0  	0  1  0  0  	0  1  0  0  	0  0  0  0  	0  0  0  0  	
	0  0  1  0  	0  0  0  0  	0  0  1  0  	0  0  0  0  	0  1  0  0  	0  0  0  0  	0  0  0  0  	
	0  0  0  0  	0  0  0  0  	1  0  0  0  	0  0  0  0  	0  0  1  0  	0  0  0  0  	0  0  0  0  	
	1  0  0  0  	0  0  0  0  	0  0  1  0  	0  0  0  0  	0  1  0  0  	0  0  0  0  	0  0  0  0  	
	0  1  0  0  	0  0  0  0  	1  0  0  0  	0  1  0  0  	0  1  0  0  	0  0  0  0  	0  0  0  0  	
	0  1  0  0  	0  0  0  0  	0  0  1  0  	0  0  0  0  	1  0  0  0  	0  0  0  0  	0  0  0  0  	
	1  0  0  0  	0  0  0  0  	1  0  0  0  	0  1  0  0  	0  0  1  0  	0  0  0  0  	0  0  0  0  	
	0  1  0  0  	0  0  0  0  	0  0  1  0  	0  0  0  0  	0  1  0  0  	0  0  0  0  	0  0  0  0  	
	1  0  0  0  	0  0  0  0  	0  0  0  0  	0  0  0  0  	0  0  1  0  	0  0  0  0  	0  0  0  0  	
	0  1  0  0  	0  0  0  0  	0  1  0  0  	0  1  0  0  	0  1  0  0  	0  0  0  0  	0  0  0  0  	
	0  1  0  0  	0  0  0  0  	0  0  0  0  	0  0  0  0  	1  0  0  0  	0  0  0  0  	0  0  0  0  	
	0  0  0  0  	0  0  0  0  	0  0  0  0  	0  0  0  0  	1  0  0  0  	0  0  0  0  	0  0  0  0  	
	1  0  0  0  	0  0  0  0  	0  0  0  0  	0  1  0  0  	1  0  0  0  	0  0  0  0  	0  0  0  0  	
	1  0  0  0  	0  0  0  0  	0  0  0  0  	0  1  0  0  	1  0  0  0  	0  0  0  0  	0  0  0  0  	
	0  0  0  0  	0  0  0  0  	0  0  0  0  	0  1  0  0  	1  0  0  0  	0  0  0  0  	0  0  0  0  	
Tiempo de procesamiento: 1552.820000 [segs]
Aptitud: 270.00

------------------------------------------------------------------------
----------------------------CALCULANDO K -------------------------------
------------------------------------------------------------------------
Parametro  |    H0    |    K    |   Rango   | Rango Inicial | 
0     2.30258     2.30258    [ 41 : 751]    [ 0 : 1000]
1     2.30258     2.30258    [ 1 : 454]    [ 0 : 1000]
2     2.30258     2.30258    [ 187 : 835]    [ 0 : 1000]

-----------------------Calibraciones-------------------------
41 : 454 : 835 :  :: 270 :: 0
566 : 1 : 187 :  :: 270 :: 0
751 : 366 : 351 :  :: 270 :: 0
585 : 216 : 807 :  :: 270 :: 0
268 : 309 : 733 :  :: 270 :: 1
442 : 124 : 221 :  :: 270 :: 2
446 : 93 : 239 :  :: 270 :: 3
517 : 171 : 464 :  :: 270 :: 4
179 : 38 : 227 :  :: 270 :: 5
611 : 266 : 604 :  :: 270 :: 6
------------------------------------------------------------------------
---------------------------- RESUMEN FINAL -----------------------------
------------------------------------------------------------------------
		FACT_SOC 		566 		[268 .. 585]
		FACT_COG 		309 		[216 .. 366]
		INERTIA 		733 		[351 .. 807]
------------------------------------------------------------------------
------------------------------------------------------------------------
------------------------------------------------------------------------
----------------- ITERACION : 7 -------------------------------------
------------------------------------------------------------------------
-----------------AGREGANDO NUEVAS CALiBRACIONES ------------------------
------------------------------------------------------------------------
(calibracion 0) 213 415 723 ./pso_nsp 200 0.4 0.2 0.7 200 N25/7000.nsp
./pso_nsp 200 0.4 0.2 0.7 200 N25/7000.nsp
Aptitud: -nan

------------------------------------------------------------------------
----------------------------CALCULANDO K -------------------------------
------------------------------------------------------------------------
Parametro  |    H0    |    K    |   Rango   | Rango Inicial | 
0     2.30258     2.30258    [ 41 : 751]    [ 0 : 1000]
1     2.30258     2.30258    [ 1 : 454]    [ 0 : 1000]
2     2.30258     2.30258    [ 187 : 835]    [ 0 : 1000]

-----------------------Calibraciones-------------------------
41 : 454 : 835 :  :: 270 :: 0
566 : 1 : 187 :  :: 270 :: 0
751 : 366 : 351 :  :: 270 :: 0
268 : 309 : 733 :  :: 270 :: 1
442 : 124 : 221 :  :: 270 :: 2
446 : 93 : 239 :  :: 270 :: 3
517 : 171 : 464 :  :: 270 :: 4
179 : 38 : 227 :  :: 270 :: 5
611 : 266 : 604 :  :: 270 :: 6
213 : 415 : 723 :  :: -nan :: 7
------------------------------------------------------------------------
---------------------------- RESUMEN FINAL -----------------------------
------------------------------------------------------------------------
		FACT_SOC 		442 		[268 .. 566]
		FACT_COG 		309 		[124 .. 366]
		INERTIA 		351 		[221 .. 733]
------------------------------------------------------------------------
------------------------------------------------------------------------
------------------------------------------------------------------------
----------------- ITERACION : 8 -------------------------------------
------------------------------------------------------------------------
-----------------AGREGANDO NUEVAS CALiBRACIONES ------------------------
------------------------------------------------------------------------
(calibracion 0) 353 177 540 ./pso_nsp 200 0.2 0.4 0.5 200 N25/7000.nsp
./pso_nsp 200 0.2 0.4 0.5 200 N25/7000.nsp
Aptitud: -nan

------------------------------------------------------------------------
----------------------------CALCULANDO K -------------------------------
------------------------------------------------------------------------
Parametro  |    H0    |    K    |   Rango   | Rango Inicial | 
0     2.30258     2.30258    [ 41 : 566]    [ 0 : 1000]
1     2.30258     2.30258    [ 1 : 454]    [ 0 : 1000]
2     2.30258     2.30258    [ 187 : 835]    [ 0 : 1000]

-----------------------Calibraciones-------------------------
41 : 454 : 835 :  :: 270 :: 0
566 : 1 : 187 :  :: 270 :: 0
268 : 309 : 733 :  :: 270 :: 1
442 : 124 : 221 :  :: 270 :: 2
446 : 93 : 239 :  :: 270 :: 3
517 : 171 : 464 :  :: 270 :: 4
179 : 38 : 227 :  :: 270 :: 5
611 : 266 : 604 :  :: 270 :: 6
213 : 415 : 723 :  :: -nan :: 7
353 : 177 : 540 :  :: -nan :: 8
------------------------------------------------------------------------
---------------------------- RESUMEN FINAL -----------------------------
------------------------------------------------------------------------
		FACT_SOC 		442 		[268 .. 446]
		FACT_COG 		124 		[93 .. 309]
		INERTIA 		239 		[221 .. 733]
------------------------------------------------------------------------
------------------------------------------------------------------------
------------------------------------------------------------------------
----------------- ITERACION : 9 -------------------------------------
------------------------------------------------------------------------
-----------------AGREGANDO NUEVAS CALiBRACIONES ------------------------
------------------------------------------------------------------------
(calibracion 0) 311 220 620 ./pso_nsp 200 0.2 0.3 0.6 200 N25/7000.nsp
./pso_nsp 200 0.2 0.3 0.6 200 N25/7000.nsp
Aptitud: -nan

------------------------------------------------------------------------
----------------------------CALCULANDO K -------------------------------
------------------------------------------------------------------------
Parametro  |    H0    |    K    |   Rango   | Rango Inicial | 
0     2.30258     2.30258    [ 41 : 517]    [ 0 : 1000]
1     2.30258     2.30258    [ 93 : 454]    [ 0 : 1000]
2     2.30258     2.30258    [ 221 : 835]    [ 0 : 1000]

-----------------------Calibraciones-------------------------
41 : 454 : 835 :  :: 270 :: 0
268 : 309 : 733 :  :: 270 :: 1
442 : 124 : 221 :  :: 270 :: 2
446 : 93 : 239 :  :: 270 :: 3
517 : 171 : 464 :  :: 270 :: 4
179 : 38 : 227 :  :: 270 :: 5
611 : 266 : 604 :  :: 270 :: 6
213 : 415 : 723 :  :: -nan :: 7
353 : 177 : 540 :  :: -nan :: 8
311 : 220 : 620 :  :: -nan :: 9
------------------------------------------------------------------------
---------------------------- RESUMEN FINAL -----------------------------
------------------------------------------------------------------------
		FACT_SOC 		442 		[268 .. 446]
		FACT_COG 		171 		[124 .. 309]
		INERTIA 		464 		[239 .. 733]
------------------------------------------------------------------------
------------------------------------------------------------------------
------------------------------------------------------------------------
----------------- ITERACION : 10 -------------------------------------
------------------------------------------------------------------------
-----------------AGREGANDO NUEVAS CALiBRACIONES ------------------------
------------------------------------------------------------------------
(calibracion 0) 78 125 835 ./pso_nsp 200 0.1 0.1 0.8 200 N25/7000.nsp
./pso_nsp 200 0.1 0.1 0.8 200 N25/7000.nsp
Aptitud: -nan

------------------------------------------------------------------------
----------------------------CALCULANDO K -------------------------------
------------------------------------------------------------------------
Parametro  |    H0    |    K    |   Rango   | Rango Inicial | 
0     2.30258     2.30258    [ 41 : 517]    [ 0 : 1000]
1     2.30258     2.30258    [ 38 : 454]    [ 0 : 1000]
2     2.30258     2.16396    [ 221 : 835]    [ 0 : 1000]

-----------------------Calibraciones-------------------------
41 : 454 : 835 :  :: 270 :: 0
442 : 124 : 221 :  :: 270 :: 2
446 : 93 : 239 :  :: 270 :: 3
517 : 171 : 464 :  :: 270 :: 4
179 : 38 : 227 :  :: 270 :: 5
611 : 266 : 604 :  :: 270 :: 6
213 : 415 : 723 :  :: -nan :: 7
353 : 177 : 540 :  :: -nan :: 8
311 : 220 : 620 :  :: -nan :: 9
78 : 125 : 835 :  :: -nan :: 10
------------------------------------------------------------------------
---------------------------- RESUMEN FINAL -----------------------------
------------------------------------------------------------------------
		FACT_SOC 		442 		[179 .. 446]
		FACT_COG 		124 		[93 .. 171]
		INERTIA 		239 		[227 .. 464]
------------------------------------------------------------------------
------------------------------------------------------------------------
------------------------------------------------------------------------
----------------- ITERACION : 11 -------------------------------------
------------------------------------------------------------------------
-----------------AGREGANDO NUEVAS CALiBRACIONES ------------------------
------------------------------------------------------------------------
(calibracion 0) 78 158 439 ./pso_nsp 200 0.2 0.1 0.4 200 N25/7000.nsp
./pso_nsp 200 0.2 0.1 0.4 200 N25/7000.nsp
Aptitud: -nan

------------------------------------------------------------------------
----------------------------CALCULANDO K -------------------------------
------------------------------------------------------------------------
Parametro  |    H0    |    K    |   Rango   | Rango Inicial | 
0     2.30258     2.16396    [ 41 : 611]    [ 0 : 1000]
1     2.30258     2.30258    [ 38 : 454]    [ 0 : 1000]
2     2.30258     2.16396    [ 227 : 835]    [ 0 : 1000]

-----------------------Calibraciones-------------------------
41 : 454 : 835 :  :: 270 :: 0
446 : 93 : 239 :  :: 270 :: 3
517 : 171 : 464 :  :: 270 :: 4
179 : 38 : 227 :  :: 270 :: 5
611 : 266 : 604 :  :: 270 :: 6
213 : 415 : 723 :  :: -nan :: 7
353 : 177 : 540 :  :: -nan :: 8
311 : 220 : 620 :  :: -nan :: 9
78 : 125 : 835 :  :: -nan :: 10
78 : 158 : 439 :  :: -nan :: 11
------------------------------------------------------------------------
---------------------------- RESUMEN FINAL -----------------------------
------------------------------------------------------------------------
		FACT_SOC 		446 		[179 .. 517]
		FACT_COG 		171 		[93 .. 266]
		INERTIA 		464 		[239 .. 604]
------------------------------------------------------------------------
------------------------------------------------------------------------
------------------------------------------------------------------------
----------------- ITERACION : 12 -------------------------------------
------------------------------------------------------------------------
-----------------AGREGANDO NUEVAS CALiBRACIONES ------------------------
------------------------------------------------------------------------
(calibracion 0) 185 336 489 ./pso_nsp 200 0.3 0.2 0.5 200 N25/7000.nsp
./pso_nsp 200 0.3 0.2 0.5 200 N25/7000.nsp
Aptitud: -nan

------------------------------------------------------------------------
----------------------------CALCULANDO K -------------------------------
------------------------------------------------------------------------
Parametro  |    H0    |    K    |   Rango   | Rango Inicial | 
0     2.30258     2.16396    [ 41 : 611]    [ 0 : 1000]
1     2.30258     2.30258    [ 38 : 454]    [ 0 : 1000]
2     2.30258     2.16396    [ 227 : 835]    [ 0 : 1000]

-----------------------Calibraciones-------------------------
41 : 454 : 835 :  :: 270 :: 0
517 : 171 : 464 :  :: 270 :: 4
179 : 38 : 227 :  :: 270 :: 5
611 : 266 : 604 :  :: 270 :: 6
213 : 415 : 723 :  :: -nan :: 7
353 : 177 : 540 :  :: -nan :: 8
311 : 220 : 620 :  :: -nan :: 9
78 : 125 : 835 :  :: -nan :: 10
78 : 158 : 439 :  :: -nan :: 11
185 : 336 : 489 :  :: -nan :: 12
------------------------------------------------------------------------
---------------------------- RESUMEN FINAL -----------------------------
------------------------------------------------------------------------
		FACT_SOC 		213 		[179 .. 517]
		FACT_COG 		266 		[171 .. 415]
		INERTIA 		604 		[464 .. 723]
------------------------------------------------------------------------
------------------------------------------------------------------------
------------------------------------------------------------------------
----------------- ITERACION : 13 -------------------------------------
------------------------------------------------------------------------
-----------------AGREGANDO NUEVAS CALiBRACIONES ------------------------
------------------------------------------------------------------------
(calibracion 0) 370 446 691 ./pso_nsp 200 0.4 0.4 0.7 200 N25/7000.nsp
./pso_nsp 200 0.4 0.4 0.7 200 N25/7000.nsp
Aptitud: -nan

------------------------------------------------------------------------
----------------------------CALCULANDO K -------------------------------
------------------------------------------------------------------------
Parametro  |    H0    |    K    |   Rango   | Rango Inicial | 
0     2.30258     2.16396    [ 41 : 611]    [ 0 : 1000]
1     2.30258     2.30258    [ 38 : 454]    [ 0 : 1000]
2     2.30258     2.16396    [ 227 : 835]    [ 0 : 1000]

-----------------------Calibraciones-------------------------
41 : 454 : 835 :  :: 270 :: 0
179 : 38 : 227 :  :: 270 :: 5
611 : 266 : 604 :  :: 270 :: 6
213 : 415 : 723 :  :: -nan :: 7
353 : 177 : 540 :  :: -nan :: 8
311 : 220 : 620 :  :: -nan :: 9
78 : 125 : 835 :  :: -nan :: 10
78 : 158 : 439 :  :: -nan :: 11
185 : 336 : 489 :  :: -nan :: 12
370 : 446 : 691 :  :: -nan :: 13
------------------------------------------------------------------------
---------------------------- RESUMEN FINAL -----------------------------
------------------------------------------------------------------------
		FACT_SOC 		213 		[179 .. 353]
		FACT_COG 		266 		[177 .. 415]
		INERTIA 		604 		[540 .. 723]
------------------------------------------------------------------------
------------------------------------------------------------------------
------------------------------------------------------------------------
----------------- ITERACION : 14 -------------------------------------
------------------------------------------------------------------------
-----------------AGREGANDO NUEVAS CALiBRACIONES ------------------------
------------------------------------------------------------------------
(calibracion 0) 323 204 796 ./pso_nsp 200 0.2 0.3 0.8 200 N25/7000.nsp
./pso_nsp 200 0.2 0.3 0.8 200 N25/7000.nsp
Aptitud: -nan

------------------------------------------------------------------------
----------------------------CALCULANDO K -------------------------------
------------------------------------------------------------------------
Parametro  |    H0    |    K    |   Rango   | Rango Inicial | 
0     2.30258     2.16396    [ 41 : 611]    [ 0 : 1000]
1     2.30258     2.30258    [ 177 : 454]    [ 0 : 1000]
2     2.30258     2.16396    [ 540 : 835]    [ 0 : 1000]

-----------------------Calibraciones-------------------------
41 : 454 : 835 :  :: 270 :: 0
611 : 266 : 604 :  :: 270 :: 6
213 : 415 : 723 :  :: -nan :: 7
353 : 177 : 540 :  :: -nan :: 8
311 : 220 : 620 :  :: -nan :: 9
78 : 125 : 835 :  :: -nan :: 10
78 : 158 : 439 :  :: -nan :: 11
185 : 336 : 489 :  :: -nan :: 12
370 : 446 : 691 :  :: -nan :: 13
323 : 204 : 796 :  :: -nan :: 14
------------------------------------------------------------------------
---------------------------- RESUMEN FINAL -----------------------------
------------------------------------------------------------------------
		FACT_SOC 		311 		[213 .. 353]
		FACT_COG 		266 		[220 .. 415]
		INERTIA 		620 		[604 .. 723]
------------------------------------------------------------------------
------------------------------------------------------------------------
------------------------------------------------------------------------
----------------- ITERACION : 15 -------------------------------------
------------------------------------------------------------------------
-----------------AGREGANDO NUEVAS CALiBRACIONES ------------------------
------------------------------------------------------------------------
(calibracion 0) 110 271 753 ./pso_nsp 200 0.3 0.1 0.8 200 N25/7000.nsp
./pso_nsp 200 0.3 0.1 0.8 200 N25/7000.nsp
Aptitud: -nan

------------------------------------------------------------------------
----------------------------CALCULANDO K -------------------------------
------------------------------------------------------------------------
Parametro  |    H0    |    K    |   Rango   | Rango Inicial | 
0     2.30258     2.16396    [ 41 : 353]    [ 0 : 1000]
1     2.30258     2.30258    [ 125 : 454]    [ 0 : 1000]
2     2.30258     2.16396    [ 540 : 835]    [ 0 : 1000]

-----------------------Calibraciones-------------------------
41 : 454 : 835 :  :: 270 :: 0
213 : 415 : 723 :  :: -nan :: 7
353 : 177 : 540 :  :: -nan :: 8
311 : 220 : 620 :  :: -nan :: 9
78 : 125 : 835 :  :: -nan :: 10
78 : 158 : 439 :  :: -nan :: 11
185 : 336 : 489 :  :: -nan :: 12
370 : 446 : 691 :  :: -nan :: 13
323 : 204 : 796 :  :: -nan :: 14
110 : 271 : 753 :  :: -nan :: 15
------------------------------------------------------------------------
---------------------------- RESUMEN FINAL -----------------------------
------------------------------------------------------------------------
		FACT_SOC 		213 		[78 .. 311]
		FACT_COG 		220 		[177 .. 415]
		INERTIA 		723 		[620 .. 835]
------------------------------------------------------------------------
------------------------------------------------------------------------
------------------------------------------------------------------------
----------------- ITERACION : 16 -------------------------------------
------------------------------------------------------------------------
-----------------AGREGANDO NUEVAS CALiBRACIONES ------------------------
------------------------------------------------------------------------
(calibracion 0) 235 150 578 ./pso_nsp 200 0.2 0.2 0.6 200 N25/7000.nsp
./pso_nsp 200 0.2 0.2 0.6 200 N25/7000.nsp
Aptitud: -nan

------------------------------------------------------------------------
----------------------------CALCULANDO K -------------------------------
------------------------------------------------------------------------
Parametro  |    H0    |    K    |   Rango   | Rango Inicial | 
0     2.30258     2.16396    [ 41 : 353]    [ 0 : 1000]
1     2.30258     2.30258    [ 125 : 454]    [ 0 : 1000]
2     2.30258     2.16396    [ 439 : 835]    [ 0 : 1000]

-----------------------Calibraciones-------------------------
41 : 454 : 835 :  :: 270 :: 0
353 : 177 : 540 :  :: -nan :: 8
311 : 220 : 620 :  :: -nan :: 9
78 : 125 : 835 :  :: -nan :: 10
78 : 158 : 439 :  :: -nan :: 11
185 : 336 : 489 :  :: -nan :: 12
370 : 446 : 691 :  :: -nan :: 13
323 : 204 : 796 :  :: -nan :: 14
110 : 271 : 753 :  :: -nan :: 15
235 : 150 : 578 :  :: -nan :: 16
------------------------------------------------------------------------
---------------------------- RESUMEN FINAL -----------------------------
------------------------------------------------------------------------
		FACT_SOC 		78 		[78 .. 311]
		FACT_COG 		177 		[158 .. 220]
		INERTIA 		620 		[540 .. 835]
------------------------------------------------------------------------
------------------------------------------------------------------------
------------------------------------------------------------------------
----------------- ITERACION : 17 -------------------------------------
------------------------------------------------------------------------
-----------------AGREGANDO NUEVAS CALiBRACIONES ------------------------
------------------------------------------------------------------------
(calibracion 0) 119 164 683 ./pso_nsp 200 0.2 0.1 0.7 200 N25/7000.nsp
./pso_nsp 200 0.2 0.1 0.7 200 N25/7000.nsp
Aptitud: -nan

------------------------------------------------------------------------
----------------------------CALCULANDO K -------------------------------
------------------------------------------------------------------------
Parametro  |    H0    |    K    |   Rango   | Rango Inicial | 
0     2.30258     2.16396    [ 41 : 311]    [ 0 : 1000]
1     2.30258     2.30258    [ 125 : 454]    [ 0 : 1000]
2     2.30258     2.16396    [ 439 : 835]    [ 0 : 1000]

-----------------------Calibraciones-------------------------
41 : 454 : 835 :  :: 270 :: 0
311 : 220 : 620 :  :: -nan :: 9
78 : 125 : 835 :  :: -nan :: 10
78 : 158 : 439 :  :: -nan :: 11
185 : 336 : 489 :  :: -nan :: 12
370 : 446 : 691 :  :: -nan :: 13
323 : 204 : 796 :  :: -nan :: 14
110 : 271 : 753 :  :: -nan :: 15
235 : 150 : 578 :  :: -nan :: 16
119 : 164 : 683 :  :: -nan :: 17
------------------------------------------------------------------------
---------------------------- RESUMEN FINAL -----------------------------
------------------------------------------------------------------------
		FACT_SOC 		78 		[78 .. 185]
		FACT_COG 		220 		[158 .. 336]
		INERTIA 		620 		[489 .. 835]
------------------------------------------------------------------------
------------------------------------------------------------------------
------------------------------------------------------------------------
----------------- ITERACION : 18 -------------------------------------
------------------------------------------------------------------------
-----------------AGREGANDO NUEVAS CALiBRACIONES ------------------------
------------------------------------------------------------------------
(calibracion 0) 136 388 757 ./pso_nsp 200 0.4 0.1 0.8 200 N25/7000.nsp
./pso_nsp 200 0.4 0.1 0.8 200 N25/7000.nsp
Aptitud: -nan

------------------------------------------------------------------------
----------------------------CALCULANDO K -------------------------------
------------------------------------------------------------------------
Parametro  |    H0    |    K    |   Rango   | Rango Inicial | 
0     2.30258     2.16396    [ 41 : 370]    [ 0 : 1000]
1     2.30258     2.30258    [ 125 : 454]    [ 0 : 1000]
2     2.30258     2.16396    [ 439 : 835]    [ 0 : 1000]

-----------------------Calibraciones-------------------------
41 : 454 : 835 :  :: 270 :: 0
78 : 125 : 835 :  :: -nan :: 10
78 : 158 : 439 :  :: -nan :: 11
185 : 336 : 489 :  :: -nan :: 12
370 : 446 : 691 :  :: -nan :: 13
323 : 204 : 796 :  :: -nan :: 14
110 : 271 : 753 :  :: -nan :: 15
235 : 150 : 578 :  :: -nan :: 16
119 : 164 : 683 :  :: -nan :: 17
136 : 388 : 757 :  :: -nan :: 18
------------------------------------------------------------------------
---------------------------- RESUMEN FINAL -----------------------------
------------------------------------------------------------------------
		FACT_SOC 		78 		[78 .. 185]
		FACT_COG 		336 		[158 .. 446]
		INERTIA 		691 		[489 .. 835]
------------------------------------------------------------------------
------------------------------------------------------------------------
------------------------------------------------------------------------
----------------- ITERACION : 19 -------------------------------------
------------------------------------------------------------------------
-----------------AGREGANDO NUEVAS CALiBRACIONES ------------------------
------------------------------------------------------------------------
(calibracion 0) 132 267 581 ./pso_nsp 200 0.3 0.1 0.6 200 N25/7000.nsp
./pso_nsp 200 0.3 0.1 0.6 200 N25/7000.nsp
Aptitud: -nan

------------------------------------------------------------------------
----------------------------CALCULANDO K -------------------------------
------------------------------------------------------------------------
Parametro  |    H0    |    K    |   Rango   | Rango Inicial | 
0     2.30258     2.30258    [ 41 : 370]    [ 0 : 1000]
1     2.30258     2.30258    [ 158 : 454]    [ 0 : 1000]
2     2.30258     2.30258    [ 439 : 835]    [ 0 : 1000]

-----------------------Calibraciones-------------------------
41 : 454 : 835 :  :: 270 :: 0
78 : 158 : 439 :  :: -nan :: 11
185 : 336 : 489 :  :: -nan :: 12
370 : 446 : 691 :  :: -nan :: 13
323 : 204 : 796 :  :: -nan :: 14
110 : 271 : 753 :  :: -nan :: 15
235 : 150 : 578 :  :: -nan :: 16
119 : 164 : 683 :  :: -nan :: 17
136 : 388 : 757 :  :: -nan :: 18
132 : 267 : 581 :  :: -nan :: 19
------------------------------------------------------------------------
---------------------------- RESUMEN FINAL -----------------------------
------------------------------------------------------------------------
		FACT_SOC 		185 		[78 .. 323]
		FACT_COG 		336 		[204 .. 446]
		INERTIA 		691 		[489 .. 796]
------------------------------------------------------------------------
------------------------------------------------------------------------
-----------------------Calibraciones-------------------------
41 : 454 : 835 :  :: 270 :: 0
78 : 158 : 439 :  :: -nan :: 11
185 : 336 : 489 :  :: -nan :: 12
370 : 446 : 691 :  :: -nan :: 13
323 : 204 : 796 :  :: -nan :: 14
110 : 271 : 753 :  :: -nan :: 15
235 : 150 : 578 :  :: -nan :: 16
119 : 164 : 683 :  :: -nan :: 17
136 : 388 : 757 :  :: -nan :: 18
132 : 267 : 581 :  :: -nan :: 19
------------------------------------------------------------------------
---------------------------- RESUMEN FINAL -----------------------------
------------------------------------------------------------------------
		FACT_SOC 		185 		[78 .. 323]
		FACT_COG 		336 		[204 .. 446]
		INERTIA 		691 		[489 .. 796]
------------------------------------------------------------------------
------------------------------------------------------------------------
