------------------------------------------------------------------------
---------------------------- INICIALIZACION ----------------------------
------------------------------------------------------------------------
3
nombre leido: FACT_SOC
lim_min: 0
lim_max: 1000
decimales: 1000
nombre leido: FACT_COG
lim_min: 0
lim_max: 1000
decimales: 1000
nombre leido: INERTIA
lim_min: 0
lim_max: 1000
decimales: 1000
------------------------------------------------------------------------
-------------------- CREACION CONJUNTO INICIAL -------------------------
------------------------------------------------------------------------
(calibracion 0) 41 454 835 
41 454 835 ./pso_nsp 100 0.5 0.0 0.8 100 N25/7290.nsp
./pso_nsp 100 0.5 0.0 0.8 100 N25/7290.nsp
PSO PARAMETERS
	c1: 0.500000   c2: 0.000000   w: 0.800000   size: 100   iterations: 100

				BEST SOLUTION

	Fitness: 1020

	Solution:
	1  2  3  4  	1  2  3  4  	1  2  3  4  	1  2  3  4  	1  2  3  4  	1  2  3  4  	1  2  3  4  	
	0  0  0  0  	0  0  0  0  	0  0  1  0  	1  0  0  0  	0  0  0  0  	0  1  0  0  	0  0  0  0  	
	0  0  0  0  	0  0  0  0  	0  0  0  0  	0  0  1  0  	0  0  0  0  	0  1  0  0  	0  0  0  0  	
	1  0  0  0  	1  0  0  0  	1  0  0  0  	1  0  0  0  	0  0  0  0  	0  1  0  0  	0  0  0  0  	
	1  0  0  0  	1  0  0  0  	0  0  1  0  	1  0  0  0  	0  0  0  0  	0  1  0  0  	0  0  0  0  	
	1  0  0  0  	0  1  0  0  	0  0  0  0  	0  0  1  0  	0  0  0  0  	0  1  0  0  	0  0  0  0  	
	1  0  0  0  	1  0  0  0  	1  0  0  0  	0  0  0  0  	0  0  0  0  	0  1  0  0  	0  0  0  0  	
	1  0  0  0  	0  1  0  0  	1  0  0  0  	0  0  1  0  	0  0  0  0  	0  1  0  0  	0  0  0  0  	
	1  0  0  0  	0  1  0  0  	1  0  0  0  	0  0  1  0  	0  0  0  0  	0  1  0  0  	0  0  0  0  	
	1  0  0  0  	0  1  0  0  	1  0  0  0  	0  0  1  0  	0  0  0  0  	0  0  0  0  	0  0  0  0  	
	1  0  0  0  	0  1  0  0  	1  0  0  0  	0  0  1  0  	0  0  0  0  	0  0  1  0  	0  0  0  0  	
	1  0  0  0  	0  1  0  0  	1  0  0  0  	0  0  1  0  	0  0  0  0  	0  0  0  0  	0  0  0  0  	
	1  0  0  0  	0  1  0  0  	1  0  0  0  	0  0  1  0  	0  0  0  0  	0  0  0  0  	0  0  0  0  	
	1  0  0  0  	0  1  0  0  	1  0  0  0  	0  0  1  0  	0  0  0  0  	0  0  0  0  	0  0  0  0  	
	1  0  0  0  	0  1  0  0  	1  0  0  0  	0  0  1  0  	0  0  0  0  	0  0  0  0  	0  0  0  0  	
	1  0  0  0  	0  1  0  0  	1  0  0  0  	0  0  1  0  	0  0  0  0  	0  0  0  0  	0  0  0  0  	
	1  0  0  0  	0  1  0  0  	1  0  0  0  	0  0  1  0  	0  0  0  0  	0  0  0  0  	0  0  0  0  	
	1  0  0  0  	0  1  0  0  	1  0  0  0  	0  0  1  0  	0  0  0  0  	0  0  0  0  	0  0  0  0  	
	1  0  0  0  	0  0  0  0  	1  0  0  0  	0  0  1  0  	0  0  0  0  	0  0  0  0  	0  0  0  0  	
	0  1  0  0  	0  1  0  0  	1  0  0  0  	0  0  1  0  	0  0  0  0  	0  0  0  0  	0  0  0  0  	
	0  1  0  0  	0  1  0  0  	1  0  0  0  	0  0  0  0  	0  0  0  0  	0  0  0  0  	0  0  0  0  	
	0  1  0  0  	0  1  0  0  	1  0  0  0  	0  0  0  0  	0  0  0  0  	0  0  0  0  	0  0  0  0  	
	1  0  0  0  	0  1  0  0  	0  0  0  0  	0  0  0  0  	0  0  0  0  	0  0  0  0  	0  0  0  0  	
	0  0  0  0  	0  0  0  0  	0  0  1  0  	0  0  0  0  	0  0  0  0  	0  0  0  0  	0  0  0  0  	
	0  0  0  0  	0  0  0  0  	0  0  0  0  	0  0  0  0  	0  0  0  0  	0  0  0  0  	0  0  0  0  	
	0  0  0  0  	0  0  0  0  	1  0  0  0  	0  0  0  0  	0  0  0  0  	0  0  0  0  	0  0  0  0  	
Tiempo de procesamiento: 522.970000 [segs]
Aptitud: 1020.00

(calibracion 1) 566 1 187 
566 1 187 ./pso_nsp 100 0.0 0.6 0.2 100 N25/7290.nsp
./pso_nsp 100 0.0 0.6 0.2 100 N25/7290.nsp
PSO PARAMETERS
	c1: 0.000000   c2: 0.600000   w: 0.200000   size: 100   iterations: 100

				BEST SOLUTION

	Fitness: 1020

	Solution:
	1  2  3  4  	1  2  3  4  	1  2  3  4  	1  2  3  4  	1  2  3  4  	1  2  3  4  	1  2  3  4  	
	0  0  0  0  	0  0  0  0  	0  0  1  0  	1  0  0  0  	0  0  0  0  	0  1  0  0  	0  0  0  0  	
	0  0  0  0  	0  0  0  0  	0  0  0  0  	0  0  1  0  	0  0  0  0  	0  1  0  0  	0  0  0  0  	
	1  0  0  0  	1  0  0  0  	1  0  0  0  	1  0  0  0  	0  0  0  0  	0  1  0  0  	0  0  0  0  	
	1  0  0  0  	1  0  0  0  	0  0  1  0  	0  0  1  0  	0  0  0  0  	0  1  0  0  	0  0  0  0  	
	1  0  0  0  	1  0  0  0  	1  0  0  0  	0  0  0  0  	0  0  0  0  	0  1  0  0  	0  0  0  0  	
	1  0  0  0  	0  1  0  0  	1  0  0  0  	0  0  1  0  	0  0  0  0  	0  0  0  0  	0  0  0  0  	
	1  0  0  0  	0  1  0  0  	1  0  0  0  	1  0  0  0  	0  0  0  0  	0  1  0  0  	0  0  0  0  	
	1  0  0  0  	0  1  0  0  	1  0  0  0  	0  0  1  0  	0  0  0  0  	0  1  0  0  	0  0  0  0  	
	1  0  0  0  	0  1  0  0  	1  0  0  0  	0  0  1  0  	0  0  0  0  	0  1  0  0  	0  0  0  0  	
	1  0  0  0  	0  1  0  0  	1  0  0  0  	0  0  0  0  	0  0  0  0  	0  0  1  0  	0  0  0  0  	
	1  0  0  0  	0  1  0  0  	1  0  0  0  	0  0  1  0  	0  0  0  0  	0  0  0  0  	0  0  0  0  	
	1  0  0  0  	0  1  0  0  	1  0  0  0  	0  0  1  0  	0  0  0  0  	0  0  0  0  	0  0  0  0  	
	1  0  0  0  	0  1  0  0  	1  0  0  0  	0  0  1  0  	0  0  0  0  	0  0  0  0  	0  0  0  0  	
	1  0  0  0  	0  1  0  0  	1  0  0  0  	0  0  1  0  	0  0  0  0  	0  0  0  0  	0  0  0  0  	
	1  0  0  0  	0  1  0  0  	1  0  0  0  	0  0  1  0  	0  0  0  0  	0  0  0  0  	0  0  0  0  	
	1  0  0  0  	0  1  0  0  	1  0  0  0  	0  0  1  0  	0  0  0  0  	0  0  0  0  	0  0  0  0  	
	1  0  0  0  	0  1  0  0  	1  0  0  0  	0  0  1  0  	0  0  0  0  	0  0  0  0  	0  0  0  0  	
	1  0  0  0  	0  0  0  0  	0  0  0  0  	0  0  1  0  	0  0  0  0  	0  0  0  0  	0  0  0  0  	
	0  1  0  0  	0  1  0  0  	1  0  0  0  	0  0  1  0  	0  0  0  0  	0  0  0  0  	0  0  0  0  	
	0  1  0  0  	0  1  0  0  	1  0  0  0  	0  0  1  0  	0  0  0  0  	0  0  0  0  	0  0  0  0  	
	0  1  0  0  	0  1  0  0  	1  0  0  0  	0  0  0  0  	0  0  0  0  	0  0  0  0  	0  0  0  0  	
	1  0  0  0  	0  1  0  0  	0  0  0  0  	0  0  0  0  	0  0  0  0  	0  0  0  0  	0  0  0  0  	
	0  0  0  0  	0  0  0  0  	0  0  1  0  	0  0  0  0  	0  0  0  0  	0  0  0  0  	0  0  0  0  	
	0  0  0  0  	0  0  0  0  	1  0  0  0  	0  0  0  0  	0  0  0  0  	0  0  0  0  	0  0  0  0  	
	0  0  0  0  	0  0  0  0  	0  0  0  0  	0  0  0  0  	0  0  0  0  	0  0  0  0  	0  0  0  0  	
Tiempo de procesamiento: 522.560000 [segs]
Aptitud: 1020.00

(calibracion 2) 751 366 351 
751 366 351 ./pso_nsp 100 0.4 0.8 0.4 100 N25/7290.nsp
./pso_nsp 100 0.4 0.8 0.4 100 N25/7290.nsp
PSO PARAMETERS
	c1: 0.400000   c2: 0.800000   w: 0.400000   size: 100   iterations: 100

				BEST SOLUTION

	Fitness: 1015

	Solution:
	1  2  3  4  	1  2  3  4  	1  2  3  4  	1  2  3  4  	1  2  3  4  	1  2  3  4  	1  2  3  4  	
	0  0  0  0  	0  0  0  0  	0  0  1  0  	1  0  0  0  	0  0  0  0  	0  1  0  0  	0  0  0  0  	
	1  0  0  0  	1  0  0  0  	1  0  0  0  	0  0  1  0  	0  0  0  0  	0  1  0  0  	0  0  0  0  	
	0  1  0  0  	0  1  0  0  	0  0  0  0  	0  0  1  0  	0  0  0  0  	0  1  0  0  	0  0  0  0  	
	1  0  0  0  	0  0  0  0  	0  0  1  0  	1  0  0  0  	0  0  0  0  	0  1  0  0  	0  0  0  0  	
	1  0  0  0  	0  0  0  0  	0  0  0  0  	1  0  0  0  	0  0  0  0  	0  1  0  0  	0  0  0  0  	
	1  0  0  0  	1  0  0  0  	1  0  0  0  	0  0  0  0  	0  0  0  0  	0  1  0  0  	0  0  0  0  	
	1  0  0  0  	1  0  0  0  	1  0  0  0  	0  0  1  0  	0  0  0  0  	0  1  0  0  	0  0  0  0  	
	1  0  0  0  	0  1  0  0  	1  0  0  0  	0  0  1  0  	0  0  0  0  	0  1  0  0  	0  0  0  0  	
	1  0  0  0  	0  1  0  0  	1  0  0  0  	0  0  1  0  	0  0  0  0  	0  0  0  0  	0  0  0  0  	
	1  0  0  0  	0  1  0  0  	1  0  0  0  	0  0  1  0  	0  0  0  0  	0  0  1  0  	0  0  0  0  	
	1  0  0  0  	0  1  0  0  	1  0  0  0  	0  0  1  0  	0  0  0  0  	0  0  0  0  	0  0  0  0  	
	1  0  0  0  	0  1  0  0  	1  0  0  0  	0  0  1  0  	0  0  0  0  	0  0  0  0  	0  0  0  0  	
	1  0  0  0  	0  1  0  0  	1  0  0  0  	0  0  1  0  	0  0  0  0  	0  0  0  0  	0  0  0  0  	
	1  0  0  0  	0  1  0  0  	1  0  0  0  	0  0  1  0  	0  0  0  0  	0  0  0  0  	0  0  0  0  	
	1  0  0  0  	0  1  0  0  	1  0  0  0  	0  0  1  0  	0  0  0  0  	0  0  0  0  	0  0  0  0  	
	1  0  0  0  	0  1  0  0  	1  0  0  0  	0  0  1  0  	0  0  0  0  	0  0  0  0  	0  0  0  0  	
	0  0  0  0  	0  1  0  0  	1  0  0  0  	0  0  1  0  	0  0  0  0  	0  0  0  0  	0  0  0  0  	
	1  0  0  0  	0  0  0  0  	1  0  0  0  	0  0  0  0  	0  0  0  0  	0  0  0  0  	0  0  0  0  	
	0  1  0  0  	0  1  0  0  	1  0  0  0  	0  0  1  0  	0  0  0  0  	0  0  0  0  	0  0  0  0  	
	0  1  0  0  	0  1  0  0  	1  0  0  0  	0  0  1  0  	0  0  0  0  	0  0  0  0  	0  0  0  0  	
	1  0  0  0  	0  1  0  0  	1  0  0  0  	0  0  0  0  	0  0  0  0  	0  0  0  0  	0  0  0  0  	
	1  0  0  0  	0  1  0  0  	0  0  0  0  	0  0  0  0  	0  0  0  0  	0  0  0  0  	0  0  0  0  	
	0  0  0  0  	0  1  0  0  	0  0  1  0  	0  0  0  0  	0  0  0  0  	0  0  0  0  	0  0  0  0  	
	0  0  0  0  	0  0  0  0  	0  0  0  0  	0  0  0  0  	0  0  0  0  	0  0  0  0  	0  0  0  0  	
	0  0  0  0  	0  0  0  0  	1  0  0  0  	0  0  0  0  	0  0  0  0  	0  0  0  0  	0  0  0  0  	
Tiempo de procesamiento: 522.360000 [segs]
Aptitud: 1015.00

(calibracion 3) 132 64 951 
132 64 951 ./pso_nsp 100 0.1 0.1 1.0 100 N25/7290.nsp
./pso_nsp 100 0.1 0.1 1.0 100 N25/7290.nsp
PSO PARAMETERS
	c1: 0.100000   c2: 0.100000   w: 1.000000   size: 100   iterations: 100

				BEST SOLUTION

	Fitness: 1025

	Solution:
	1  2  3  4  	1  2  3  4  	1  2  3  4  	1  2  3  4  	1  2  3  4  	1  2  3  4  	1  2  3  4  	
	0  0  0  0  	0  0  0  0  	0  0  1  0  	1  0  0  0  	0  0  0  0  	0  1  0  0  	0  0  0  0  	
	1  0  0  0  	1  0  0  0  	1  0  0  0  	0  0  1  0  	0  0  0  0  	0  1  0  0  	0  0  0  0  	
	0  1  0  0  	0  0  0  0  	0  0  0  0  	1  0  0  0  	0  0  0  0  	0  0  0  0  	0  0  0  0  	
	0  0  0  0  	0  1  0  0  	0  0  1  0  	1  0  0  0  	0  0  0  0  	0  1  0  0  	0  0  0  0  	
	1  0  0  0  	0  0  0  0  	0  0  0  0  	0  0  1  0  	0  0  0  0  	0  1  0  0  	0  0  0  0  	
	1  0  0  0  	1  0  0  0  	1  0  0  0  	0  0  0  0  	0  0  0  0  	0  1  0  0  	0  0  0  0  	
	1  0  0  0  	0  1  0  0  	1  0  0  0  	0  0  1  0  	0  0  0  0  	0  1  0  0  	0  0  0  0  	
	1  0  0  0  	0  1  0  0  	1  0  0  0  	0  0  1  0  	0  0  0  0  	0  0  1  0  	0  0  0  0  	
	1  0  0  0  	1  0  0  0  	1  0  0  0  	0  0  1  0  	0  0  0  0  	0  1  0  0  	0  0  0  0  	
	1  0  0  0  	0  1  0  0  	1  0  0  0  	0  0  1  0  	0  0  0  0  	0  1  0  0  	0  0  0  0  	
	1  0  0  0  	0  1  0  0  	1  0  0  0  	0  0  1  0  	0  0  0  0  	0  0  0  0  	0  0  0  0  	
	1  0  0  0  	0  1  0  0  	1  0  0  0  	0  0  1  0  	0  0  0  0  	0  0  0  0  	0  0  0  0  	
	1  0  0  0  	0  1  0  0  	1  0  0  0  	0  0  1  0  	0  0  0  0  	0  0  0  0  	0  0  0  0  	
	1  0  0  0  	0  1  0  0  	1  0  0  0  	0  0  1  0  	0  0  0  0  	0  0  0  0  	0  0  0  0  	
	1  0  0  0  	0  1  0  0  	1  0  0  0  	0  0  1  0  	0  0  0  0  	0  0  0  0  	0  0  0  0  	
	1  0  0  0  	0  1  0  0  	1  0  0  0  	0  0  1  0  	0  0  0  0  	0  0  0  0  	0  0  0  0  	
	1  0  0  0  	0  1  0  0  	1  0  0  0  	0  0  1  0  	0  0  0  0  	0  0  0  0  	0  0  0  0  	
	1  0  0  0  	0  1  0  0  	0  0  0  0  	0  0  1  0  	0  0  0  0  	0  0  0  0  	0  0  0  0  	
	1  0  0  0  	0  1  0  0  	1  0  0  0  	0  0  1  0  	0  0  0  0  	0  0  0  0  	0  0  0  0  	
	0  1  0  0  	0  1  0  0  	1  0  0  0  	0  0  0  0  	0  0  0  0  	0  0  0  0  	0  0  0  0  	
	0  1  0  0  	0  1  0  0  	1  0  0  0  	0  0  0  0  	0  0  0  0  	0  0  0  0  	0  0  0  0  	
	1  0  0  0  	0  1  0  0  	1  0  0  0  	0  0  0  0  	0  0  0  0  	0  0  0  0  	0  0  0  0  	
	0  0  0  0  	0  0  0  0  	0  0  1  0  	0  0  0  0  	0  0  0  0  	0  0  0  0  	0  0  0  0  	
	0  0  0  0  	0  0  0  0  	0  0  0  0  	0  0  0  0  	0  0  0  0  	0  0  0  0  	0  0  0  0  	
	0  0  0  0  	0  0  0  0  	1  0  0  0  	0  0  0  0  	0  0  0  0  	0  0  0  0  	0  0  0  0  	
Tiempo de procesamiento: 523.530000 [segs]
Aptitud: 1025.00

(calibracion 4) 585 216 807 
585 216 807 ./pso_nsp 100 0.2 0.6 0.8 100 N25/7290.nsp
./pso_nsp 100 0.2 0.6 0.8 100 N25/7290.nsp
PSO PARAMETERS
	c1: 0.200000   c2: 0.600000   w: 0.800000   size: 100   iterations: 100

				BEST SOLUTION

	Fitness: 1020

	Solution:
	1  2  3  4  	1  2  3  4  	1  2  3  4  	1  2  3  4  	1  2  3  4  	1  2  3  4  	1  2  3  4  	
	0  0  0  0  	0  0  0  0  	0  0  1  0  	1  0  0  0  	0  0  0  0  	0  1  0  0  	0  0  0  0  	
	1  0  0  0  	1  0  0  0  	1  0  0  0  	0  0  1  0  	0  0  0  0  	0  1  0  0  	0  0  0  0  	
	0  0  0  0  	0  0  0  0  	0  0  0  0  	1  0  0  0  	0  0  0  0  	0  1  0  0  	0  0  0  0  	
	1  0  0  0  	0  1  0  0  	0  0  1  0  	1  0  0  0  	0  0  0  0  	0  1  0  0  	0  0  0  0  	
	1  0  0  0  	0  0  0  0  	0  0  0  0  	0  0  1  0  	0  0  0  0  	0  1  0  0  	0  0  0  0  	
	1  0  0  0  	1  0  0  0  	1  0  0  0  	0  0  0  0  	0  0  0  0  	0  1  0  0  	0  0  0  0  	
	1  0  0  0  	1  0  0  0  	1  0  0  0  	0  0  1  0  	0  0  0  0  	0  1  0  0  	0  0  0  0  	
	1  0  0  0  	0  0  0  0  	1  0  0  0  	0  0  1  0  	0  0  0  0  	0  0  0  0  	0  0  0  0  	
	1  0  0  0  	0  1  0  0  	1  0  0  0  	0  0  1  0  	0  0  0  0  	0  1  0  0  	0  0  0  0  	
	1  0  0  0  	0  1  0  0  	1  0  0  0  	0  0  1  0  	0  0  0  0  	0  0  1  0  	0  0  0  0  	
	1  0  0  0  	0  1  0  0  	1  0  0  0  	0  0  1  0  	0  0  0  0  	0  0  0  0  	0  0  0  0  	
	1  0  0  0  	0  1  0  0  	1  0  0  0  	0  0  1  0  	0  0  0  0  	0  0  0  0  	0  0  0  0  	
	1  0  0  0  	0  1  0  0  	1  0  0  0  	0  0  1  0  	0  0  0  0  	0  0  0  0  	0  0  0  0  	
	1  0  0  0  	0  1  0  0  	1  0  0  0  	0  0  1  0  	0  0  0  0  	0  0  0  0  	0  0  0  0  	
	1  0  0  0  	0  1  0  0  	1  0  0  0  	0  0  1  0  	0  0  0  0  	0  0  0  0  	0  0  0  0  	
	1  0  0  0  	0  1  0  0  	1  0  0  0  	0  0  1  0  	0  0  0  0  	0  0  0  0  	0  0  0  0  	
	0  1  0  0  	0  1  0  0  	1  0  0  0  	0  0  1  0  	0  0  0  0  	0  0  0  0  	0  0  0  0  	
	1  0  0  0  	0  1  0  0  	1  0  0  0  	0  0  1  0  	0  0  0  0  	0  0  0  0  	0  0  0  0  	
	0  1  0  0  	0  1  0  0  	1  0  0  0  	0  0  1  0  	0  0  0  0  	0  0  0  0  	0  0  0  0  	
	0  1  0  0  	0  1  0  0  	1  0  0  0  	0  0  0  0  	0  0  0  0  	0  0  0  0  	0  0  0  0  	
	1  0  0  0  	0  1  0  0  	1  0  0  0  	0  0  0  0  	0  0  0  0  	0  0  0  0  	0  0  0  0  	
	1  0  0  0  	0  1  0  0  	0  0  0  0  	0  0  0  0  	0  0  0  0  	0  0  0  0  	0  0  0  0  	
	0  0  0  0  	0  1  0  0  	0  0  1  0  	0  0  0  0  	0  0  0  0  	0  0  0  0  	0  0  0  0  	
	0  0  0  0  	0  0  0  0  	0  0  0  0  	0  0  0  0  	0  0  0  0  	0  0  0  0  	0  0  0  0  	
	0  0  0  0  	0  0  0  0  	1  0  0  0  	0  0  0  0  	0  0  0  0  	0  0  0  0  	0  0  0  0  	
Tiempo de procesamiento: 522.840000 [segs]
Aptitud: 1020.00

(calibracion 5) 622 211 6 
622 211 6 ./pso_nsp 100 0.2 0.6 0.0 100 N25/7290.nsp
./pso_nsp 100 0.2 0.6 0.0 100 N25/7290.nsp
PSO PARAMETERS
	c1: 0.200000   c2: 0.600000   w: 0.000000   size: 100   iterations: 100

				BEST SOLUTION

	Fitness: 1020

	Solution:
	1  2  3  4  	1  2  3  4  	1  2  3  4  	1  2  3  4  	1  2  3  4  	1  2  3  4  	1  2  3  4  	
	0  0  0  0  	0  0  0  0  	0  0  1  0  	1  0  0  0  	0  0  0  0  	0  0  1  0  	0  0  0  0  	
	1  0  0  0  	1  0  0  0  	1  0  0  0  	0  0  1  0  	0  0  0  0  	0  1  0  0  	0  0  0  0  	
	0  0  0  0  	0  0  0  0  	0  0  0  0  	0  0  0  0  	0  0  0  0  	0  1  0  0  	0  0  0  0  	
	0  1  0  0  	0  1  0  0  	0  0  0  0  	1  0  0  0  	0  0  0  0  	0  1  0  0  	0  0  0  0  	
	1  0  0  0  	0  0  0  0  	1  0  0  0  	0  0  1  0  	0  0  0  0  	0  1  0  0  	0  0  0  0  	
	1  0  0  0  	1  0  0  0  	0  0  1  0  	1  0  0  0  	0  0  0  0  	0  1  0  0  	0  0  0  0  	
	1  0  0  0  	0  1  0  0  	1  0  0  0  	0  0  1  0  	0  0  0  0  	0  1  0  0  	0  0  0  0  	
	1  0  0  0  	0  1  0  0  	1  0  0  0  	0  0  1  0  	0  0  0  0  	0  1  0  0  	0  0  0  0  	
	1  0  0  0  	0  1  0  0  	1  0  0  0  	0  0  1  0  	0  0  0  0  	0  1  0  0  	0  0  0  0  	
	1  0  0  0  	0  1  0  0  	1  0  0  0  	0  0  1  0  	0  0  0  0  	0  0  0  0  	0  0  0  0  	
	1  0  0  0  	0  1  0  0  	1  0  0  0  	0  0  1  0  	0  0  0  0  	0  0  0  0  	0  0  0  0  	
	1  0  0  0  	0  1  0  0  	1  0  0  0  	0  0  1  0  	0  0  0  0  	0  0  0  0  	0  0  0  0  	
	1  0  0  0  	0  1  0  0  	1  0  0  0  	0  0  1  0  	0  0  0  0  	0  0  0  0  	0  0  0  0  	
	1  0  0  0  	0  1  0  0  	1  0  0  0  	0  0  1  0  	0  0  0  0  	0  0  0  0  	0  0  0  0  	
	1  0  0  0  	0  1  0  0  	1  0  0  0  	0  0  1  0  	0  0  0  0  	0  0  0  0  	0  0  0  0  	
	1  0  0  0  	0  1  0  0  	1  0  0  0  	0  0  1  0  	0  0  0  0  	0  0  0  0  	0  0  0  0  	
	1  0  0  0  	0  1  0  0  	1  0  0  0  	0  0  1  0  	0  0  0  0  	0  0  0  0  	0  0  0  0  	
	0  0  0  0  	0  1  0  0  	1  0  0  0  	0  0  0  0  	0  0  0  0  	0  0  0  0  	0  0  0  0  	
	1  0  0  0  	0  1  0  0  	1  0  0  0  	0  0  1  0  	0  0  0  0  	0  0  0  0  	0  0  0  0  	
	0  1  0  0  	0  1  0  0  	1  0  0  0  	0  0  1  0  	0  0  0  0  	0  0  0  0  	0  0  0  0  	
	1  0  0  0  	1  0  0  0  	1  0  0  0  	0  0  0  0  	0  0  0  0  	0  0  0  0  	0  0  0  0  	
	1  0  0  0  	0  1  0  0  	0  0  0  0  	0  0  0  0  	0  0  0  0  	0  0  0  0  	0  0  0  0  	
	0  1  0  0  	0  0  0  0  	0  0  1  0  	0  0  0  0  	0  0  0  0  	0  0  0  0  	0  0  0  0  	
	0  0  0  0  	0  0  0  0  	0  0  0  0  	0  0  0  0  	0  0  0  0  	0  0  0  0  	0  0  0  0  	
	0  0  0  0  	0  0  0  0  	1  0  0  0  	0  0  0  0  	0  0  0  0  	0  0  0  0  	0  0  0  0  	
Tiempo de procesamiento: 522.900000 [segs]
Aptitud: 1020.00

(calibracion 6) 933 340 891 
933 340 891 ./pso_nsp 100 0.3 0.9 0.9 100 N25/7290.nsp
./pso_nsp 100 0.3 0.9 0.9 100 N25/7290.nsp
PSO PARAMETERS
	c1: 0.300000   c2: 0.900000   w: 0.900000   size: 100   iterations: 100

				BEST SOLUTION

	Fitness: 1010

	Solution:
	1  2  3  4  	1  2  3  4  	1  2  3  4  	1  2  3  4  	1  2  3  4  	1  2  3  4  	1  2  3  4  	
	0  0  0  0  	0  0  0  0  	0  0  1  0  	1  0  0  0  	0  0  0  0  	0  0  1  0  	0  0  0  0  	
	1  0  0  0  	0  0  0  0  	0  0  0  0  	0  0  1  0  	0  0  0  0  	0  0  0  0  	0  0  0  0  	
	1  0  0  0  	1  0  0  0  	1  0  0  0  	1  0  0  0  	0  0  0  0  	0  1  0  0  	0  0  0  0  	
	1  0  0  0  	0  1  0  0  	0  0  1  0  	0  0  1  0  	0  0  0  0  	0  1  0  0  	0  0  0  0  	
	1  0  0  0  	1  0  0  0  	1  0  0  0  	1  0  0  0  	0  0  0  0  	0  1  0  0  	0  0  0  0  	
	1  0  0  0  	0  0  0  0  	1  0  0  0  	0  0  0  0  	0  0  0  0  	0  1  0  0  	0  0  0  0  	
	1  0  0  0  	0  1  0  0  	1  0  0  0  	0  0  1  0  	0  0  0  0  	0  1  0  0  	0  0  0  0  	
	1  0  0  0  	0  1  0  0  	1  0  0  0  	0  0  1  0  	0  0  0  0  	0  1  0  0  	0  0  0  0  	
	1  0  0  0  	1  0  0  0  	0  0  1  0  	0  0  1  0  	0  0  0  0  	0  1  0  0  	0  0  0  0  	
	1  0  0  0  	0  1  0  0  	1  0  0  0  	0  0  1  0  	0  0  0  0  	0  1  0  0  	0  0  0  0  	
	1  0  0  0  	0  1  0  0  	1  0  0  0  	0  0  1  0  	0  0  0  0  	0  0  0  0  	0  0  0  0  	
	1  0  0  0  	0  1  0  0  	1  0  0  0  	0  0  1  0  	0  0  0  0  	0  0  0  0  	0  0  0  0  	
	1  0  0  0  	0  1  0  0  	1  0  0  0  	0  0  1  0  	0  0  0  0  	0  0  0  0  	0  0  0  0  	
	1  0  0  0  	0  1  0  0  	1  0  0  0  	0  0  1  0  	0  0  0  0  	0  0  0  0  	0  0  0  0  	
	1  0  0  0  	0  1  0  0  	1  0  0  0  	0  0  1  0  	0  0  0  0  	0  0  0  0  	0  0  0  0  	
	1  0  0  0  	0  1  0  0  	1  0  0  0  	0  0  1  0  	0  0  0  0  	0  0  0  0  	0  0  0  0  	
	0  1  0  0  	0  1  0  0  	1  0  0  0  	0  0  1  0  	0  0  0  0  	0  0  0  0  	0  0  0  0  	
	1  0  0  0  	0  0  0  0  	1  0  0  0  	0  0  1  0  	0  0  0  0  	0  0  0  0  	0  0  0  0  	
	0  1  0  0  	0  1  0  0  	1  0  0  0  	0  0  1  0  	0  0  0  0  	0  0  0  0  	0  0  0  0  	
	0  1  0  0  	0  1  0  0  	1  0  0  0  	0  0  0  0  	0  0  0  0  	0  0  0  0  	0  0  0  0  	
	0  0  0  0  	0  1  0  0  	1  0  0  0  	0  0  0  0  	0  0  0  0  	0  0  0  0  	0  0  0  0  	
	1  0  0  0  	0  1  0  0  	0  0  0  0  	0  0  0  0  	0  0  0  0  	0  0  0  0  	0  0  0  0  	
	0  0  0  0  	0  1  0  0  	0  0  0  0  	0  0  0  0  	0  0  0  0  	0  0  0  0  	0  0  0  0  	
	0  0  0  0  	0  0  0  0  	0  0  0  0  	0  0  0  0  	0  0  0  0  	0  0  0  0  	0  0  0  0  	
	0  0  0  0  	0  0  0  0  	1  0  0  0  	0  0  0  0  	0  0  0  0  	0  0  0  0  	0  0  0  0  	
Tiempo de procesamiento: 522.500000 [segs]
Aptitud: 1010.00

(calibracion 7) 393 900 695 
393 900 695 ./pso_nsp 100 0.9 0.4 0.7 100 N25/7290.nsp
./pso_nsp 100 0.9 0.4 0.7 100 N25/7290.nsp
PSO PARAMETERS
	c1: 0.900000   c2: 0.400000   w: 0.700000   size: 100   iterations: 100

				BEST SOLUTION

	Fitness: 1015

	Solution:
	1  2  3  4  	1  2  3  4  	1  2  3  4  	1  2  3  4  	1  2  3  4  	1  2  3  4  	1  2  3  4  	
	0  0  0  0  	0  0  0  0  	0  0  1  0  	1  0  0  0  	0  0  0  0  	0  0  1  0  	0  0  0  0  	
	1  0  0  0  	1  0  0  0  	1  0  0  0  	0  0  1  0  	0  0  0  0  	0  1  0  0  	0  0  0  0  	
	0  1  0  0  	0  1  0  0  	0  0  0  0  	0  0  1  0  	0  0  0  0  	0  0  0  0  	0  0  0  0  	
	1  0  0  0  	0  0  0  0  	0  0  1  0  	1  0  0  0  	0  0  0  0  	0  1  0  0  	0  0  0  0  	
	1  0  0  0  	0  0  0  0  	0  0  0  0  	1  0  0  0  	0  0  0  0  	0  1  0  0  	0  0  0  0  	
	1  0  0  0  	0  1  0  0  	1  0  0  0  	0  0  0  0  	0  0  0  0  	0  1  0  0  	0  0  0  0  	
	1  0  0  0  	0  1  0  0  	1  0  0  0  	0  0  1  0  	0  0  0  0  	0  1  0  0  	0  0  0  0  	
	1  0  0  0  	1  0  0  0  	1  0  0  0  	0  0  1  0  	0  0  0  0  	0  1  0  0  	0  0  0  0  	
	1  0  0  0  	1  0  0  0  	1  0  0  0  	0  0  1  0  	0  0  0  0  	0  1  0  0  	0  0  0  0  	
	1  0  0  0  	0  1  0  0  	1  0  0  0  	0  0  1  0  	0  0  0  0  	0  1  0  0  	0  0  0  0  	
	1  0  0  0  	0  1  0  0  	1  0  0  0  	0  0  1  0  	0  0  0  0  	0  0  0  0  	0  0  0  0  	
	1  0  0  0  	0  1  0  0  	1  0  0  0  	0  0  1  0  	0  0  0  0  	0  0  0  0  	0  0  0  0  	
	1  0  0  0  	0  1  0  0  	1  0  0  0  	0  0  1  0  	0  0  0  0  	0  0  0  0  	0  0  0  0  	
	1  0  0  0  	0  1  0  0  	1  0  0  0  	0  0  1  0  	0  0  0  0  	0  0  0  0  	0  0  0  0  	
	1  0  0  0  	0  1  0  0  	1  0  0  0  	0  0  1  0  	0  0  0  0  	0  0  0  0  	0  0  0  0  	
	1  0  0  0  	0  1  0  0  	1  0  0  0  	0  0  1  0  	0  0  0  0  	0  0  0  0  	0  0  0  0  	
	1  0  0  0  	0  1  0  0  	1  0  0  0  	0  0  1  0  	0  0  0  0  	0  0  0  0  	0  0  0  0  	
	1  0  0  0  	0  1  0  0  	1  0  0  0  	0  0  1  0  	0  0  0  0  	0  0  0  0  	0  0  0  0  	
	0  0  0  0  	0  1  0  0  	1  0  0  0  	0  0  1  0  	0  0  0  0  	0  0  0  0  	0  0  0  0  	
	0  1  0  0  	0  1  0  0  	1  0  0  0  	0  0  0  0  	0  0  0  0  	0  0  0  0  	0  0  0  0  	
	0  0  0  0  	0  1  0  0  	1  0  0  0  	0  0  0  0  	0  0  0  0  	0  0  0  0  	0  0  0  0  	
	1  0  0  0  	0  1  0  0  	0  0  0  0  	0  0  0  0  	0  0  0  0  	0  0  0  0  	0  0  0  0  	
	0  1  0  0  	0  0  0  0  	0  0  1  0  	0  0  0  0  	0  0  0  0  	0  0  0  0  	0  0  0  0  	
	0  0  0  0  	0  0  0  0  	0  0  0  0  	0  0  0  0  	0  0  0  0  	0  0  0  0  	0  0  0  0  	
	0  0  0  0  	0  0  0  0  	1  0  0  0  	0  0  0  0  	0  0  0  0  	0  0  0  0  	0  0  0  0  	
Tiempo de procesamiento: 522.570000 [segs]
Aptitud: 1015.00

(calibracion 8) 963 12 111 
963 12 111 ./pso_nsp 100 0.0 1.0 0.1 100 N25/7290.nsp
./pso_nsp 100 0.0 1.0 0.1 100 N25/7290.nsp
PSO PARAMETERS
	c1: 0.000000   c2: 1.000000   w: 0.100000   size: 100   iterations: 100

				BEST SOLUTION

	Fitness: 1015

	Solution:
	1  2  3  4  	1  2  3  4  	1  2  3  4  	1  2  3  4  	1  2  3  4  	1  2  3  4  	1  2  3  4  	
	0  0  0  0  	0  0  0  0  	0  0  1  0  	1  0  0  0  	0  0  0  0  	0  0  1  0  	0  0  0  0  	
	1  0  0  0  	1  0  0  0  	1  0  0  0  	0  0  1  0  	0  0  0  0  	0  1  0  0  	0  0  0  0  	
	0  1  0  0  	0  1  0  0  	0  0  0  0  	0  0  1  0  	0  0  0  0  	0  0  0  0  	0  0  0  0  	
	1  0  0  0  	0  0  0  0  	0  0  1  0  	0  0  0  0  	0  0  0  0  	0  1  0  0  	0  0  0  0  	
	1  0  0  0  	0  0  0  0  	0  0  0  0  	1  0  0  0  	0  0  0  0  	0  1  0  0  	0  0  0  0  	
	1  0  0  0  	0  1  0  0  	1  0  0  0  	1  0  0  0  	0  0  0  0  	0  1  0  0  	0  0  0  0  	
	1  0  0  0  	1  0  0  0  	1  0  0  0  	0  0  1  0  	0  0  0  0  	0  1  0  0  	0  0  0  0  	
	1  0  0  0  	0  1  0  0  	1  0  0  0  	0  0  1  0  	0  0  0  0  	0  1  0  0  	0  0  0  0  	
	1  0  0  0  	0  1  0  0  	1  0  0  0  	0  0  1  0  	0  0  0  0  	0  1  0  0  	0  0  0  0  	
	1  0  0  0  	0  1  0  0  	1  0  0  0  	0  0  1  0  	0  0  0  0  	0  1  0  0  	0  0  0  0  	
	1  0  0  0  	0  1  0  0  	1  0  0  0  	0  0  1  0  	0  0  0  0  	0  0  0  0  	0  0  0  0  	
	1  0  0  0  	0  1  0  0  	1  0  0  0  	0  0  1  0  	0  0  0  0  	0  0  0  0  	0  0  0  0  	
	1  0  0  0  	0  1  0  0  	1  0  0  0  	0  0  1  0  	0  0  0  0  	0  0  0  0  	0  0  0  0  	
	1  0  0  0  	0  1  0  0  	1  0  0  0  	0  0  1  0  	0  0  0  0  	0  0  0  0  	0  0  0  0  	
	1  0  0  0  	0  1  0  0  	1  0  0  0  	0  0  1  0  	0  0  0  0  	0  0  0  0  	0  0  0  0  	
	1  0  0  0  	0  1  0  0  	1  0  0  0  	0  0  1  0  	0  0  0  0  	0  0  0  0  	0  0  0  0  	
	1  0  0  0  	0  1  0  0  	1  0  0  0  	0  0  1  0  	0  0  0  0  	0  0  0  0  	0  0  0  0  	
	1  0  0  0  	0  0  0  0  	1  0  0  0  	0  0  1  0  	0  0  0  0  	0  0  0  0  	0  0  0  0  	
	0  0  0  0  	0  1  0  0  	1  0  0  0  	0  0  1  0  	0  0  0  0  	0  0  0  0  	0  0  0  0  	
	0  1  0  0  	0  1  0  0  	1  0  0  0  	0  0  0  0  	0  0  0  0  	0  0  0  0  	0  0  0  0  	
	0  1  0  0  	1  0  0  0  	1  0  0  0  	0  0  0  0  	0  0  0  0  	0  0  0  0  	0  0  0  0  	
	1  0  0  0  	0  1  0  0  	0  0  0  0  	0  0  0  0  	0  0  0  0  	0  0  0  0  	0  0  0  0  	
	0  0  0  0  	0  1  0  0  	0  0  1  0  	0  0  0  0  	0  0  0  0  	0  0  0  0  	0  0  0  0  	
	0  0  0  0  	0  0  0  0  	0  0  0  0  	0  0  0  0  	0  0  0  0  	0  0  0  0  	0  0  0  0  	
	0  0  0  0  	0  0  0  0  	1  0  0  0  	0  0  0  0  	0  0  0  0  	0  0  0  0  	0  0  0  0  	
Tiempo de procesamiento: 522.210000 [segs]
Aptitud: 1015.00

(calibracion 9) 116 751 297 
116 751 297 ./pso_nsp 100 0.8 0.1 0.3 100 N25/7290.nsp
./pso_nsp 100 0.8 0.1 0.3 100 N25/7290.nsp
PSO PARAMETERS
	c1: 0.800000   c2: 0.100000   w: 0.300000   size: 100   iterations: 100

				BEST SOLUTION

	Fitness: 1015

	Solution:
	1  2  3  4  	1  2  3  4  	1  2  3  4  	1  2  3  4  	1  2  3  4  	1  2  3  4  	1  2  3  4  	
	0  0  0  0  	0  0  0  0  	0  0  1  0  	1  0  0  0  	0  0  0  0  	0  1  0  0  	0  0  0  0  	
	1  0  0  0  	1  0  0  0  	1  0  0  0  	0  0  1  0  	0  0  0  0  	0  1  0  0  	0  0  0  0  	
	0  0  0  0  	0  0  0  0  	0  0  0  0  	0  0  0  0  	0  0  0  0  	0  1  0  0  	0  0  0  0  	
	0  1  0  0  	0  1  0  0  	0  0  0  0  	1  0  0  0  	0  0  0  0  	0  1  0  0  	0  0  0  0  	
	1  0  0  0  	0  0  0  0  	1  0  0  0  	0  0  1  0  	0  0  0  0  	0  1  0  0  	0  0  0  0  	
	1  0  0  0  	0  1  0  0  	0  0  1  0  	1  0  0  0  	0  0  0  0  	0  1  0  0  	0  0  0  0  	
	1  0  0  0  	0  1  0  0  	1  0  0  0  	0  0  1  0  	0  0  0  0  	0  1  0  0  	0  0  0  0  	
	1  0  0  0  	0  1  0  0  	1  0  0  0  	0  0  1  0  	0  0  0  0  	0  1  0  0  	0  0  0  0  	
	1  0  0  0  	1  0  0  0  	1  0  0  0  	0  0  1  0  	0  0  0  0  	0  0  1  0  	0  0  0  0  	
	1  0  0  0  	0  1  0  0  	1  0  0  0  	0  0  1  0  	0  0  0  0  	0  0  0  0  	0  0  0  0  	
	1  0  0  0  	0  1  0  0  	1  0  0  0  	0  0  1  0  	0  0  0  0  	0  0  0  0  	0  0  0  0  	
	1  0  0  0  	0  1  0  0  	1  0  0  0  	0  0  1  0  	0  0  0  0  	0  0  0  0  	0  0  0  0  	
	1  0  0  0  	0  1  0  0  	1  0  0  0  	0  0  1  0  	0  0  0  0  	0  0  0  0  	0  0  0  0  	
	1  0  0  0  	0  1  0  0  	1  0  0  0  	0  0  1  0  	0  0  0  0  	0  0  0  0  	0  0  0  0  	
	1  0  0  0  	0  1  0  0  	1  0  0  0  	0  0  1  0  	0  0  0  0  	0  0  0  0  	0  0  0  0  	
	1  0  0  0  	0  1  0  0  	1  0  0  0  	0  0  1  0  	0  0  0  0  	0  0  0  0  	0  0  0  0  	
	1  0  0  0  	0  1  0  0  	1  0  0  0  	0  0  1  0  	0  0  0  0  	0  0  0  0  	0  0  0  0  	
	1  0  0  0  	0  1  0  0  	1  0  0  0  	0  0  1  0  	0  0  0  0  	0  0  0  0  	0  0  0  0  	
	1  0  0  0  	0  1  0  0  	1  0  0  0  	0  0  1  0  	0  0  0  0  	0  0  0  0  	0  0  0  0  	
	0  1  0  0  	0  1  0  0  	1  0  0  0  	0  0  0  0  	0  0  0  0  	0  0  0  0  	0  0  0  0  	
	0  0  0  0  	1  0  0  0  	1  0  0  0  	0  0  0  0  	0  0  0  0  	0  0  0  0  	0  0  0  0  	
	1  0  0  0  	0  1  0  0  	0  0  0  0  	0  0  0  0  	0  0  0  0  	0  0  0  0  	0  0  0  0  	
	0  1  0  0  	0  0  0  0  	0  0  1  0  	0  0  0  0  	0  0  0  0  	0  0  0  0  	0  0  0  0  	
	0  0  0  0  	0  0  0  0  	0  0  0  0  	0  0  0  0  	0  0  0  0  	0  0  0  0  	0  0  0  0  	
	0  0  0  0  	0  0  0  0  	1  0  0  0  	0  0  0  0  	0  0  0  0  	0  0  0  0  	0  0  0  0  	
Tiempo de procesamiento: 522.530000 [segs]
Aptitud: 1015.00

------------------------------------------------------------------------
------------------------ CALCULANDO H0 ---------------------------------
------------------------------------------------------------------------
2.30258 2.30258 2.30258 
------------------------------------------------------------------------
----------------- ITERACION : 0 -------------------------------------
------------------------------------------------------------------------
-----------------AGREGANDO NUEVAS CALiBRACIONES ------------------------
------------------------------------------------------------------------
(calibracion 0) 540 400 659 ./pso_nsp 100 0.4 0.5 0.7 100 N25/7290.nsp
./pso_nsp 100 0.4 0.5 0.7 100 N25/7290.nsp
PSO PARAMETERS
	c1: 0.400000   c2: 0.500000   w: 0.700000   size: 100   iterations: 100

				BEST SOLUTION

	Fitness: 1020

	Solution:
	1  2  3  4  	1  2  3  4  	1  2  3  4  	1  2  3  4  	1  2  3  4  	1  2  3  4  	1  2  3  4  	
	0  0  0  0  	0  0  0  0  	0  0  1  0  	1  0  0  0  	0  0  0  0  	0  1  0  0  	0  0  0  0  	
	1  0  0  0  	1  0  0  0  	1  0  0  0  	0  0  1  0  	0  0  0  0  	0  1  0  0  	0  0  0  0  	
	0  0  0  0  	0  0  0  0  	0  0  0  0  	1  0  0  0  	0  0  0  0  	0  1  0  0  	0  0  0  0  	
	1  0  0  0  	0  0  0  0  	0  0  1  0  	1  0  0  0  	0  0  0  0  	0  1  0  0  	0  0  0  0  	
	1  0  0  0  	1  0  0  0  	0  0  0  0  	0  0  1  0  	0  0  0  0  	0  1  0  0  	0  0  0  0  	
	1  0  0  0  	1  0  0  0  	1  0  0  0  	0  0  0  0  	0  0  0  0  	0  1  0  0  	0  0  0  0  	
	1  0  0  0  	0  1  0  0  	1  0  0  0  	0  0  1  0  	0  0  0  0  	0  0  0  0  	0  0  0  0  	
	1  0  0  0  	0  1  0  0  	1  0  0  0  	0  0  1  0  	0  0  0  0  	0  1  0  0  	0  0  0  0  	
	1  0  0  0  	0  1  0  0  	1  0  0  0  	0  0  1  0  	0  0  0  0  	0  1  0  0  	0  0  0  0  	
	1  0  0  0  	0  1  0  0  	1  0  0  0  	0  0  1  0  	0  0  0  0  	0  0  1  0  	0  0  0  0  	
	1  0  0  0  	0  1  0  0  	1  0  0  0  	0  0  1  0  	0  0  0  0  	0  0  0  0  	0  0  0  0  	
	1  0  0  0  	0  1  0  0  	1  0  0  0  	0  0  1  0  	0  0  0  0  	0  0  0  0  	0  0  0  0  	
	1  0  0  0  	0  1  0  0  	1  0  0  0  	0  0  1  0  	0  0  0  0  	0  0  0  0  	0  0  0  0  	
	1  0  0  0  	0  1  0  0  	1  0  0  0  	0  0  1  0  	0  0  0  0  	0  0  0  0  	0  0  0  0  	
	1  0  0  0  	0  1  0  0  	1  0  0  0  	0  0  1  0  	0  0  0  0  	0  0  0  0  	0  0  0  0  	
	1  0  0  0  	0  1  0  0  	1  0  0  0  	0  0  1  0  	0  0  0  0  	0  0  0  0  	0  0  0  0  	
	0  1  0  0  	0  1  0  0  	1  0  0  0  	0  0  1  0  	0  0  0  0  	0  0  0  0  	0  0  0  0  	
	1  0  0  0  	0  1  0  0  	1  0  0  0  	0  0  1  0  	0  0  0  0  	0  0  0  0  	0  0  0  0  	
	0  1  0  0  	0  1  0  0  	1  0  0  0  	0  0  1  0  	0  0  0  0  	0  0  0  0  	0  0  0  0  	
	0  1  0  0  	0  1  0  0  	1  0  0  0  	0  0  0  0  	0  0  0  0  	0  0  0  0  	0  0  0  0  	
	1  0  0  0  	0  1  0  0  	1  0  0  0  	0  0  0  0  	0  0  0  0  	0  0  0  0  	0  0  0  0  	
	1  0  0  0  	0  1  0  0  	0  0  0  0  	0  0  0  0  	0  0  0  0  	0  0  0  0  	0  0  0  0  	
	0  0  0  0  	0  0  0  0  	0  0  1  0  	0  0  0  0  	0  0  0  0  	0  0  0  0  	0  0  0  0  	
	0  0  0  0  	0  0  0  0  	0  0  0  0  	0  0  0  0  	0  0  0  0  	0  0  0  0  	0  0  0  0  	
	0  0  0  0  	0  0  0  0  	1  0  0  0  	0  0  0  0  	0  0  0  0  	0  0  0  0  	0  0  0  0  	
Tiempo de procesamiento: 523.080000 [segs]
Aptitud: 1020.00

------------------------------------------------------------------------
----------------------------CALCULANDO K -------------------------------
------------------------------------------------------------------------
Parametro  |    H0    |    K    |   Rango   | Rango Inicial | 
0     2.30258     2.30258    [ 116 : 963]    [ 0 : 1000]
1     2.30258     2.30258    [ 12 : 900]    [ 0 : 1000]
2     2.30258     2.30258    [ 111 : 891]    [ 0 : 1000]

-----------------------Calibraciones-------------------------
933 : 340 : 891 :  :: 1010 :: 0
751 : 366 : 351 :  :: 1015 :: 0
393 : 900 : 695 :  :: 1015 :: 0
963 : 12 : 111 :  :: 1015 :: 0
116 : 751 : 297 :  :: 1015 :: 0
41 : 454 : 835 :  :: 1020 :: 0
566 : 1 : 187 :  :: 1020 :: 0
585 : 216 : 807 :  :: 1020 :: 0
622 : 211 : 6 :  :: 1020 :: 0
540 : 400 : 659 :  :: 1020 :: 0
------------------------------------------------------------------------
---------------------------- RESUMEN FINAL -----------------------------
------------------------------------------------------------------------
		FACT_SOC 		751 		[393 .. 933]
		FACT_COG 		366 		[340 .. 751]
		INERTIA 		351 		[297 .. 695]
------------------------------------------------------------------------
------------------------------------------------------------------------
------------------------------------------------------------------------
----------------- ITERACION : 1 -------------------------------------
------------------------------------------------------------------------
-----------------AGREGANDO NUEVAS CALiBRACIONES ------------------------
------------------------------------------------------------------------
(calibracion 0) 387 616 795 ./pso_nsp 100 0.6 0.4 0.8 100 N25/7290.nsp
./pso_nsp 100 0.6 0.4 0.8 100 N25/7290.nsp
PSO PARAMETERS
	c1: 0.600000   c2: 0.400000   w: 0.800000   size: 100   iterations: 100

				BEST SOLUTION

	Fitness: 1020

	Solution:
	1  2  3  4  	1  2  3  4  	1  2  3  4  	1  2  3  4  	1  2  3  4  	1  2  3  4  	1  2  3  4  	
	0  0  0  0  	0  0  0  0  	0  0  1  0  	1  0  0  0  	0  0  0  0  	0  1  0  0  	0  0  0  0  	
	1  0  0  0  	1  0  0  0  	1  0  0  0  	0  0  1  0  	0  0  0  0  	0  1  0  0  	0  0  0  0  	
	0  0  0  0  	0  0  0  0  	0  0  0  0  	1  0  0  0  	0  0  0  0  	0  1  0  0  	0  0  0  0  	
	1  0  0  0  	0  0  0  0  	0  0  1  0  	1  0  0  0  	0  0  0  0  	0  1  0  0  	0  0  0  0  	
	1  0  0  0  	1  0  0  0  	0  0  0  0  	0  0  1  0  	0  0  0  0  	0  1  0  0  	0  0  0  0  	
	1  0  0  0  	0  1  0  0  	0  0  0  0  	0  0  0  0  	0  0  0  0  	0  1  0  0  	0  0  0  0  	
	1  0  0  0  	1  0  0  0  	1  0  0  0  	0  0  1  0  	0  0  0  0  	0  1  0  0  	0  0  0  0  	
	1  0  0  0  	0  1  0  0  	1  0  0  0  	0  0  1  0  	0  0  0  0  	0  0  1  0  	0  0  0  0  	
	1  0  0  0  	0  1  0  0  	1  0  0  0  	0  0  1  0  	0  0  0  0  	0  1  0  0  	0  0  0  0  	
	1  0  0  0  	0  1  0  0  	1  0  0  0  	0  0  1  0  	0  0  0  0  	0  0  0  0  	0  0  0  0  	
	1  0  0  0  	0  1  0  0  	1  0  0  0  	0  0  1  0  	0  0  0  0  	0  0  0  0  	0  0  0  0  	
	1  0  0  0  	0  1  0  0  	1  0  0  0  	0  0  1  0  	0  0  0  0  	0  0  0  0  	0  0  0  0  	
	1  0  0  0  	0  1  0  0  	1  0  0  0  	0  0  1  0  	0  0  0  0  	0  0  0  0  	0  0  0  0  	
	1  0  0  0  	0  1  0  0  	1  0  0  0  	0  0  1  0  	0  0  0  0  	0  0  0  0  	0  0  0  0  	
	1  0  0  0  	0  1  0  0  	1  0  0  0  	0  0  1  0  	0  0  0  0  	0  0  0  0  	0  0  0  0  	
	1  0  0  0  	0  1  0  0  	1  0  0  0  	0  0  1  0  	0  0  0  0  	0  0  0  0  	0  0  0  0  	
	0  1  0  0  	0  1  0  0  	1  0  0  0  	0  0  1  0  	0  0  0  0  	0  0  0  0  	0  0  0  0  	
	1  0  0  0  	0  1  0  0  	1  0  0  0  	0  0  1  0  	0  0  0  0  	0  0  0  0  	0  0  0  0  	
	0  1  0  0  	0  1  0  0  	1  0  0  0  	0  0  1  0  	0  0  0  0  	0  0  0  0  	0  0  0  0  	
	0  1  0  0  	0  1  0  0  	1  0  0  0  	0  0  0  0  	0  0  0  0  	0  0  0  0  	0  0  0  0  	
	1  0  0  0  	0  1  0  0  	1  0  0  0  	0  0  0  0  	0  0  0  0  	0  0  0  0  	0  0  0  0  	
	1  0  0  0  	0  1  0  0  	1  0  0  0  	0  0  0  0  	0  0  0  0  	0  0  0  0  	0  0  0  0  	
	0  0  0  0  	0  0  0  0  	0  0  1  0  	0  0  0  0  	0  0  0  0  	0  0  0  0  	0  0  0  0  	
	0  0  0  0  	0  0  0  0  	0  0  0  0  	0  0  0  0  	0  0  0  0  	0  0  0  0  	0  0  0  0  	
	0  0  0  0  	0  0  0  0  	1  0  0  0  	0  0  0  0  	0  0  0  0  	0  0  0  0  	0  0  0  0  	
Tiempo de procesamiento: 523.130000 [segs]
Aptitud: 1020.00

------------------------------------------------------------------------
----------------------------CALCULANDO K -------------------------------
------------------------------------------------------------------------
Parametro  |    H0    |    K    |   Rango   | Rango Inicial | 
0     2.30258     2.30258    [ 116 : 963]    [ 0 : 1000]
1     2.30258     2.30258    [ 12 : 900]    [ 0 : 1000]
2     2.30258     2.30258    [ 111 : 891]    [ 0 : 1000]

-----------------------Calibraciones-------------------------
933 : 340 : 891 :  :: 1010 :: 0
751 : 366 : 351 :  :: 1015 :: 0
393 : 900 : 695 :  :: 1015 :: 0
963 : 12 : 111 :  :: 1015 :: 0
116 : 751 : 297 :  :: 1015 :: 0
41 : 454 : 835 :  :: 1020 :: 0
566 : 1 : 187 :  :: 1020 :: 0
585 : 216 : 807 :  :: 1020 :: 0
622 : 211 : 6 :  :: 1020 :: 0
387 : 616 : 795 :  :: 1020 :: 1
------------------------------------------------------------------------
---------------------------- RESUMEN FINAL -----------------------------
------------------------------------------------------------------------
		FACT_SOC 		751 		[393 .. 933]
		FACT_COG 		366 		[340 .. 751]
		INERTIA 		351 		[297 .. 695]
------------------------------------------------------------------------
------------------------------------------------------------------------
------------------------------------------------------------------------
----------------- ITERACION : 2 -------------------------------------
------------------------------------------------------------------------
-----------------AGREGANDO NUEVAS CALiBRACIONES ------------------------
------------------------------------------------------------------------
(calibracion 0) 594 254 313 ./pso_nsp 100 0.3 0.6 0.3 100 N25/7290.nsp
./pso_nsp 100 0.3 0.6 0.3 100 N25/7290.nsp
PSO PARAMETERS
	c1: 0.300000   c2: 0.600000   w: 0.300000   size: 100   iterations: 100

				BEST SOLUTION

	Fitness: 1010

	Solution:
	1  2  3  4  	1  2  3  4  	1  2  3  4  	1  2  3  4  	1  2  3  4  	1  2  3  4  	1  2  3  4  	
	0  0  0  0  	0  0  0  0  	0  0  1  0  	1  0  0  0  	0  0  0  0  	0  1  0  0  	0  0  0  0  	
	1  0  0  0  	1  0  0  0  	1  0  0  0  	0  0  1  0  	0  0  0  0  	0  1  0  0  	0  0  0  0  	
	0  0  0  0  	0  0  0  0  	0  0  0  0  	1  0  0  0  	0  0  0  0  	0  1  0  0  	0  0  0  0  	
	1  0  0  0  	0  1  0  0  	0  0  1  0  	0  0  1  0  	0  0  0  0  	0  1  0  0  	0  0  0  0  	
	1  0  0  0  	1  0  0  0  	0  0  0  0  	0  0  0  0  	0  0  0  0  	0  1  0  0  	0  0  0  0  	
	1  0  0  0  	1  0  0  0  	1  0  0  0  	0  0  0  0  	0  0  0  0  	0  0  1  0  	0  0  0  0  	
	1  0  0  0  	0  0  0  0  	1  0  0  0  	0  0  1  0  	0  0  0  0  	0  0  0  0  	0  0  0  0  	
	1  0  0  0  	0  1  0  0  	1  0  0  0  	0  0  1  0  	0  0  0  0  	0  1  0  0  	0  0  0  0  	
	1  0  0  0  	0  1  0  0  	1  0  0  0  	0  0  1  0  	0  0  0  0  	0  1  0  0  	0  0  0  0  	
	1  0  0  0  	0  1  0  0  	1  0  0  0  	1  0  0  0  	0  0  0  0  	0  1  0  0  	0  0  0  0  	
	1  0  0  0  	0  1  0  0  	1  0  0  0  	0  0  1  0  	0  0  0  0  	0  0  0  0  	0  0  0  0  	
	1  0  0  0  	0  1  0  0  	1  0  0  0  	0  0  1  0  	0  0  0  0  	0  0  0  0  	0  0  0  0  	
	1  0  0  0  	0  1  0  0  	1  0  0  0  	0  0  1  0  	0  0  0  0  	0  0  0  0  	0  0  0  0  	
	1  0  0  0  	0  1  0  0  	1  0  0  0  	0  0  1  0  	0  0  0  0  	0  0  0  0  	0  0  0  0  	
	1  0  0  0  	0  1  0  0  	1  0  0  0  	0  0  1  0  	0  0  0  0  	0  0  0  0  	0  0  0  0  	
	1  0  0  0  	0  1  0  0  	1  0  0  0  	0  0  1  0  	0  0  0  0  	0  0  0  0  	0  0  0  0  	
	0  1  0  0  	0  1  0  0  	1  0  0  0  	0  0  1  0  	0  0  0  0  	0  0  0  0  	0  0  0  0  	
	1  0  0  0  	0  1  0  0  	1  0  0  0  	0  0  1  0  	0  0  0  0  	0  0  0  0  	0  0  0  0  	
	0  1  0  0  	0  1  0  0  	1  0  0  0  	0  0  1  0  	0  0  0  0  	0  0  0  0  	0  0  0  0  	
	1  0  0  0  	0  1  0  0  	1  0  0  0  	0  0  1  0  	0  0  0  0  	0  0  0  0  	0  0  0  0  	
	0  0  0  0  	0  1  0  0  	1  0  0  0  	0  0  0  0  	0  0  0  0  	0  0  0  0  	0  0  0  0  	
	1  0  0  0  	0  1  0  0  	0  0  0  0  	0  0  0  0  	0  0  0  0  	0  0  0  0  	0  0  0  0  	
	0  1  0  0  	0  0  0  0  	0  0  1  0  	0  0  0  0  	0  0  0  0  	0  0  0  0  	0  0  0  0  	
	0  0  0  0  	0  0  0  0  	0  0  0  0  	0  0  0  0  	0  0  0  0  	0  0  0  0  	0  0  0  0  	
	0  0  0  0  	0  0  0  0  	1  0  0  0  	0  0  0  0  	0  0  0  0  	0  0  0  0  	0  0  0  0  	
Tiempo de procesamiento: 523.050000 [segs]
Aptitud: 1010.00

------------------------------------------------------------------------
----------------------------CALCULANDO K -------------------------------
------------------------------------------------------------------------
Parametro  |    H0    |    K    |   Rango   | Rango Inicial | 
0     2.30258     2.30258    [ 116 : 963]    [ 0 : 1000]
1     2.30258     2.30258    [ 12 : 900]    [ 0 : 1000]
2     2.30258     2.30258    [ 111 : 891]    [ 0 : 1000]

-----------------------Calibraciones-------------------------
933 : 340 : 891 :  :: 1010 :: 0
594 : 254 : 313 :  :: 1010 :: 2
751 : 366 : 351 :  :: 1015 :: 0
393 : 900 : 695 :  :: 1015 :: 0
963 : 12 : 111 :  :: 1015 :: 0
116 : 751 : 297 :  :: 1015 :: 0
41 : 454 : 835 :  :: 1020 :: 0
566 : 1 : 187 :  :: 1020 :: 0
585 : 216 : 807 :  :: 1020 :: 0
387 : 616 : 795 :  :: 1020 :: 1
------------------------------------------------------------------------
---------------------------- RESUMEN FINAL -----------------------------
------------------------------------------------------------------------
		FACT_SOC 		751 		[594 .. 933]
		FACT_COG 		340 		[254 .. 366]
		INERTIA 		351 		[313 .. 695]
------------------------------------------------------------------------
------------------------------------------------------------------------
------------------------------------------------------------------------
----------------- ITERACION : 3 -------------------------------------
------------------------------------------------------------------------
-----------------AGREGANDO NUEVAS CALiBRACIONES ------------------------
------------------------------------------------------------------------
(calibracion 0) 718 192 330 ./pso_nsp 100 0.2 0.7 0.3 100 N25/7290.nsp
./pso_nsp 100 0.2 0.7 0.3 100 N25/7290.nsp
PSO PARAMETERS
	c1: 0.200000   c2: 0.700000   w: 0.300000   size: 100   iterations: 100

				BEST SOLUTION

	Fitness: 1020

	Solution:
	1  2  3  4  	1  2  3  4  	1  2  3  4  	1  2  3  4  	1  2  3  4  	1  2  3  4  	1  2  3  4  	
	0  0  0  0  	0  0  0  0  	0  0  1  0  	1  0  0  0  	0  0  0  0  	0  1  0  0  	0  0  0  0  	
	1  0  0  0  	1  0  0  0  	1  0  0  0  	0  0  1  0  	0  0  0  0  	0  1  0  0  	0  0  0  0  	
	0  1  0  0  	0  1  0  0  	0  0  0  0  	0  0  1  0  	0  0  0  0  	0  1  0  0  	0  0  0  0  	
	1  0  0  0  	0  0  0  0  	0  0  1  0  	0  0  0  0  	0  0  0  0  	0  1  0  0  	0  0  0  0  	
	1  0  0  0  	0  0  0  0  	0  0  0  0  	1  0  0  0  	0  0  0  0  	0  1  0  0  	0  0  0  0  	
	1  0  0  0  	1  0  0  0  	1  0  0  0  	0  0  1  0  	0  0  0  0  	0  1  0  0  	0  0  0  0  	
	1  0  0  0  	0  1  0  0  	1  0  0  0  	1  0  0  0  	0  0  0  0  	0  1  0  0  	0  0  0  0  	
	1  0  0  0  	0  1  0  0  	1  0  0  0  	0  0  1  0  	0  0  0  0  	0  0  1  0  	0  0  0  0  	
	1  0  0  0  	1  0  0  0  	1  0  0  0  	0  0  1  0  	0  0  0  0  	0  0  0  0  	0  0  0  0  	
	1  0  0  0  	0  1  0  0  	1  0  0  0  	0  0  1  0  	0  0  0  0  	0  1  0  0  	0  0  0  0  	
	1  0  0  0  	0  1  0  0  	1  0  0  0  	0  0  1  0  	0  0  0  0  	0  0  0  0  	0  0  0  0  	
	1  0  0  0  	0  1  0  0  	1  0  0  0  	0  0  1  0  	0  0  0  0  	0  0  0  0  	0  0  0  0  	
	1  0  0  0  	0  1  0  0  	1  0  0  0  	0  0  1  0  	0  0  0  0  	0  0  0  0  	0  0  0  0  	
	1  0  0  0  	0  1  0  0  	1  0  0  0  	0  0  1  0  	0  0  0  0  	0  0  0  0  	0  0  0  0  	
	1  0  0  0  	0  1  0  0  	1  0  0  0  	0  0  1  0  	0  0  0  0  	0  0  0  0  	0  0  0  0  	
	1  0  0  0  	0  1  0  0  	1  0  0  0  	0  0  1  0  	0  0  0  0  	0  0  0  0  	0  0  0  0  	
	0  0  0  0  	0  1  0  0  	1  0  0  0  	0  0  0  0  	0  0  0  0  	0  0  0  0  	0  0  0  0  	
	1  0  0  0  	0  1  0  0  	1  0  0  0  	0  0  1  0  	0  0  0  0  	0  0  0  0  	0  0  0  0  	
	0  1  0  0  	0  1  0  0  	1  0  0  0  	0  0  1  0  	0  0  0  0  	0  0  0  0  	0  0  0  0  	
	0  1  0  0  	0  1  0  0  	1  0  0  0  	0  0  1  0  	0  0  0  0  	0  0  0  0  	0  0  0  0  	
	1  0  0  0  	0  1  0  0  	1  0  0  0  	0  0  0  0  	0  0  0  0  	0  0  0  0  	0  0  0  0  	
	1  0  0  0  	0  1  0  0  	0  0  0  0  	0  0  0  0  	0  0  0  0  	0  0  0  0  	0  0  0  0  	
	0  0  0  0  	0  0  0  0  	0  0  1  0  	0  0  0  0  	0  0  0  0  	0  0  0  0  	0  0  0  0  	
	0  0  0  0  	0  0  0  0  	0  0  0  0  	0  0  0  0  	0  0  0  0  	0  0  0  0  	0  0  0  0  	
	0  0  0  0  	0  0  0  0  	1  0  0  0  	0  0  0  0  	0  0  0  0  	0  0  0  0  	0  0  0  0  	
Tiempo de procesamiento: 522.980000 [segs]
Aptitud: 1020.00

------------------------------------------------------------------------
----------------------------CALCULANDO K -------------------------------
------------------------------------------------------------------------
Parametro  |    H0    |    K    |   Rango   | Rango Inicial | 
0     2.30258     2.30258    [ 393 : 963]    [ 0 : 1000]
1     2.30258     2.30258    [ 12 : 900]    [ 0 : 1000]
2     2.30258     2.30258    [ 111 : 891]    [ 0 : 1000]

-----------------------Calibraciones-------------------------
933 : 340 : 891 :  :: 1010 :: 0
594 : 254 : 313 :  :: 1010 :: 2
751 : 366 : 351 :  :: 1015 :: 0
393 : 900 : 695 :  :: 1015 :: 0
963 : 12 : 111 :  :: 1015 :: 0
116 : 751 : 297 :  :: 1015 :: 0
41 : 454 : 835 :  :: 1020 :: 0
566 : 1 : 187 :  :: 1020 :: 0
387 : 616 : 795 :  :: 1020 :: 1
718 : 192 : 330 :  :: 1020 :: 3
------------------------------------------------------------------------
---------------------------- RESUMEN FINAL -----------------------------
------------------------------------------------------------------------
		FACT_SOC 		751 		[594 .. 933]
		FACT_COG 		340 		[254 .. 366]
		INERTIA 		351 		[313 .. 695]
------------------------------------------------------------------------
------------------------------------------------------------------------
------------------------------------------------------------------------
----------------- ITERACION : 4 -------------------------------------
------------------------------------------------------------------------
-----------------AGREGANDO NUEVAS CALiBRACIONES ------------------------
------------------------------------------------------------------------
(calibracion 0) 775 345 542 ./pso_nsp 100 0.3 0.8 0.5 100 N25/7290.nsp
./pso_nsp 100 0.3 0.8 0.5 100 N25/7290.nsp
