------------------------------------------------------------------------
---------------------------- INICIALIZACION ----------------------------
------------------------------------------------------------------------
3
nombre leido: FACT_SOC
lim_min: 0
lim_max: 1000
decimales: 1000
nombre leido: FACT_COG
lim_min: 0
lim_max: 1000
decimales: 1000
nombre leido: INERTIA
lim_min: 0
lim_max: 1000
decimales: 1000
------------------------------------------------------------------------
-------------------- CREACION CONJUNTO INICIAL -------------------------
------------------------------------------------------------------------
(calibracion 0) 41 454 835 
41 454 835 ./pso_nsp 50 0.5 0.0 0.8 50 instancias/N25-1.nsp
./pso_nsp 50 0.5 0.0 0.8 50 instancias/N25-1.nsp
PSO PARAMETERS
	c1: 0.500000   c2: 0.000000   w: 0.800000   size: 50   iterations: 50

				BEST SOLUTION

	Fitness: 640

	Solution:
	1  2  3  4  	1  2  3  4  	1  2  3  4  	1  2  3  4  	1  2  3  4  	1  2  3  4  	1  2  3  4  	
	0  0  0  0  	0  0  0  0  	0  0  0  0  	1  0  0  0  	0  0  0  0  	0  0  1  0  	0  0  0  0  	
	1  0  0  0  	1  0  0  0  	1  0  0  0  	0  0  1  0  	0  0  0  0  	0  1  0  0  	0  0  0  0  	
	0  1  0  0  	0  1  0  0  	0  0  0  0  	1  0  0  0  	0  0  0  0  	0  1  0  0  	0  0  0  0  	
	1  0  0  0  	0  0  0  0  	0  0  1  0  	0  0  1  0  	0  0  0  0  	0  1  0  0  	0  0  0  0  	
	0  0  0  0  	1  0  0  0  	0  0  0  0  	0  0  0  0  	0  0  0  0  	0  0  0  0  	0  0  0  0  	
	0  1  0  0  	1  0  0  0  	0  0  1  0  	0  0  0  0  	0  0  0  0  	0  0  0  0  	0  0  0  0  	
	0  1  0  0  	0  0  0  0  	0  0  0  0  	0  0  0  0  	0  0  0  0  	0  0  0  0  	0  0  0  0  	
	0  0  0  0  	0  1  0  0  	0  0  0  0  	0  0  1  0  	0  0  0  0  	0  0  0  0  	0  0  0  0  	
	0  0  0  0  	0  1  0  0  	0  0  1  0  	1  0  0  0  	0  0  0  0  	0  1  0  0  	0  0  0  0  	
	1  0  0  0  	0  0  0  0  	0  0  0  0  	0  0  0  0  	0  0  0  0  	0  1  0  0  	0  0  0  0  	
	0  0  0  0  	0  0  0  0  	0  0  0  0  	0  0  1  0  	0  0  0  0  	0  0  0  0  	0  0  0  0  	
	0  0  0  0  	0  0  0  0  	0  0  0  0  	0  0  0  0  	0  0  0  0  	0  1  0  0  	0  0  0  0  	
	0  0  0  0  	0  0  0  0  	0  0  0  0  	0  0  0  0  	0  0  0  0  	0  0  0  0  	0  0  0  0  	
	0  0  0  0  	0  1  0  0  	0  0  0  0  	0  0  0  0  	0  0  0  0  	0  1  0  0  	0  0  0  0  	
	1  0  0  0  	0  0  0  0  	1  0  0  0  	0  0  0  0  	0  0  0  0  	0  1  0  0  	0  0  0  0  	
	1  0  0  0  	0  1  0  0  	0  0  0  0  	0  0  1  0  	0  0  0  0  	0  0  0  0  	0  0  0  0  	
	0  0  0  0  	0  0  0  0  	0  0  0  0  	0  0  0  0  	0  0  0  0  	0  0  0  0  	0  0  0  0  	
	0  0  0  0  	0  0  0  0  	0  0  0  0  	0  0  1  0  	0  0  0  0  	0  0  0  0  	0  0  0  0  	
	0  0  0  0  	0  1  0  0  	1  0  0  0  	0  0  1  0  	0  0  0  0  	0  0  0  0  	0  0  0  0  	
	0  0  0  0  	0  0  0  0  	1  0  0  0  	0  0  1  0  	0  0  0  0  	0  0  0  0  	0  0  0  0  	
	0  0  0  0  	0  0  0  0  	1  0  0  0  	0  0  0  0  	0  0  0  0  	0  0  0  0  	0  0  0  0  	
	0  0  0  0  	0  0  0  0  	0  0  0  0  	0  0  1  0  	0  0  0  0  	0  0  0  0  	0  0  0  0  	
	1  0  0  0  	0  1  0  0  	0  0  0  0  	0  0  1  0  	0  0  0  0  	0  0  0  0  	0  0  0  0  	
	0  0  0  0  	0  1  0  0  	0  0  0  0  	0  0  1  0  	0  0  0  0  	0  0  0  0  	0  0  0  0  	
	0  0  0  0  	0  0  0  0  	0  0  0  0  	0  0  0  0  	0  0  0  0  	0  0  0  0  	0  0  0  0  	
Tiempo de procesamiento: 117.830000 [segs]
Aptitud: 640.00

(calibracion 1) 566 1 187 
566 1 187 ./pso_nsp 50 0.0 0.6 0.2 50 instancias/N25-1.nsp
./pso_nsp 50 0.0 0.6 0.2 50 instancias/N25-1.nsp
PSO PARAMETERS
	c1: 0.000000   c2: 0.600000   w: 0.200000   size: 50   iterations: 50

				BEST SOLUTION

	Fitness: 650

	Solution:
	1  2  3  4  	1  2  3  4  	1  2  3  4  	1  2  3  4  	1  2  3  4  	1  2  3  4  	1  2  3  4  	
	0  0  0  0  	0  0  0  0  	0  0  1  0  	1  0  0  0  	0  0  0  0  	0  1  0  0  	0  0  0  0  	
	1  0  0  0  	1  0  0  0  	1  0  0  0  	0  0  1  0  	0  0  0  0  	0  1  0  0  	0  0  0  0  	
	0  0  0  0  	0  0  0  0  	0  0  0  0  	1  0  0  0  	0  0  0  0  	0  1  0  0  	0  0  0  0  	
	1  0  0  0  	1  0  0  0  	0  0  1  0  	1  0  0  0  	0  0  0  0  	0  0  0  0  	0  0  0  0  	
	0  1  0  0  	1  0  0  0  	1  0  0  0  	0  0  1  0  	0  0  0  0  	0  0  1  0  	0  0  0  0  	
	0  0  0  0  	0  0  0  0  	0  0  1  0  	0  0  0  0  	0  0  0  0  	0  1  0  0  	0  0  0  0  	
	0  1  0  0  	0  1  0  0  	1  0  0  0  	0  0  0  0  	0  0  0  0  	0  0  0  0  	0  0  0  0  	
	1  0  0  0  	0  1  0  0  	0  0  0  0  	0  0  1  0  	0  0  0  0  	0  0  0  0  	0  0  0  0  	
	1  0  0  0  	0  0  0  0  	0  0  0  0  	0  0  0  0  	0  0  0  0  	0  1  0  0  	0  0  0  0  	
	0  1  0  0  	0  0  0  0  	0  0  0  0  	0  0  0  0  	0  0  0  0  	0  1  0  0  	0  0  0  0  	
	1  0  0  0  	0  1  0  0  	1  0  0  0  	0  0  1  0  	0  0  0  0  	0  0  0  0  	0  0  0  0  	
	0  0  0  0  	0  1  0  0  	0  0  0  0  	0  0  0  0  	0  0  0  0  	0  1  0  0  	0  0  0  0  	
	0  0  0  0  	0  0  0  0  	0  0  0  0  	0  0  1  0  	0  0  0  0  	0  0  0  0  	0  0  0  0  	
	1  0  0  0  	0  0  0  0  	1  0  0  0  	0  0  0  0  	0  0  0  0  	0  1  0  0  	0  0  0  0  	
	0  0  0  0  	0  0  0  0  	0  0  0  0  	0  0  0  0  	0  0  0  0  	0  0  0  0  	0  0  0  0  	
	0  0  0  0  	0  0  0  0  	0  0  0  0  	0  0  1  0  	0  0  0  0  	0  0  0  0  	0  0  0  0  	
	0  0  0  0  	0  0  0  0  	1  0  0  0  	0  0  0  0  	0  0  0  0  	0  0  0  0  	0  0  0  0  	
	0  0  0  0  	0  0  0  0  	0  0  0  0  	0  0  0  0  	0  0  0  0  	0  0  0  0  	0  0  0  0  	
	0  0  0  0  	0  0  0  0  	0  0  0  0  	0  0  1  0  	0  0  0  0  	0  0  0  0  	0  0  0  0  	
	0  0  0  0  	0  1  0  0  	0  0  0  0  	0  0  0  0  	0  0  0  0  	0  0  0  0  	0  0  0  0  	
	1  0  0  0  	0  0  0  0  	1  0  0  0  	0  0  0  0  	0  0  0  0  	0  0  0  0  	0  0  0  0  	
	0  0  0  0  	0  0  0  0  	0  0  0  0  	0  0  0  0  	0  0  0  0  	0  0  0  0  	0  0  0  0  	
	0  0  0  0  	0  1  0  0  	0  0  0  0  	0  0  0  0  	0  0  0  0  	0  0  0  0  	0  0  0  0  	
	1  0  0  0  	0  0  0  0  	1  0  0  0  	0  0  0  0  	0  0  0  0  	0  0  0  0  	0  0  0  0  	
	1  0  0  0  	0  0  0  0  	1  0  0  0  	0  0  0  0  	0  0  0  0  	0  0  0  0  	0  0  0  0  	
Tiempo de procesamiento: 117.290000 [segs]
Aptitud: 650.00

(calibracion 2) 751 366 351 
751 366 351 ./pso_nsp 50 0.4 0.8 0.4 50 instancias/N25-1.nsp
./pso_nsp 50 0.4 0.8 0.4 50 instancias/N25-1.nsp
PSO PARAMETERS
	c1: 0.400000   c2: 0.800000   w: 0.400000   size: 50   iterations: 50

				BEST SOLUTION

	Fitness: 605

	Solution:
	1  2  3  4  	1  2  3  4  	1  2  3  4  	1  2  3  4  	1  2  3  4  	1  2  3  4  	1  2  3  4  	
	0  0  0  0  	0  0  0  0  	0  0  1  0  	1  0  0  0  	0  0  0  0  	0  1  0  0  	0  0  0  0  	
	1  0  0  0  	1  0  0  0  	1  0  0  0  	0  0  1  0  	0  0  0  0  	0  1  0  0  	0  0  0  0  	
	0  1  0  0  	0  0  0  0  	0  0  0  0  	0  0  1  0  	0  0  0  0  	0  1  0  0  	0  0  0  0  	
	0  0  0  0  	0  1  0  0  	0  0  0  0  	1  0  0  0  	0  0  0  0  	0  1  0  0  	0  0  0  0  	
	0  1  0  0  	0  0  0  0  	0  0  0  0  	0  0  0  0  	0  0  0  0  	0  0  1  0  	0  0  0  0  	
	0  0  0  0  	0  0  0  0  	0  0  1  0  	1  0  0  0  	0  0  0  0  	0  1  0  0  	0  0  0  0  	
	0  0  0  0  	0  0  0  0  	1  0  0  0  	0  0  0  0  	0  0  0  0  	0  0  0  0  	0  0  0  0  	
	0  0  0  0  	0  1  0  0  	1  0  0  0  	0  0  1  0  	0  0  0  0  	0  1  0  0  	0  0  0  0  	
	0  0  0  0  	0  0  0  0  	0  0  1  0  	0  0  0  0  	0  0  0  0  	0  0  0  0  	0  0  0  0  	
	0  1  0  0  	1  0  0  0  	1  0  0  0  	0  0  0  0  	0  0  0  0  	0  0  0  0  	0  0  0  0  	
	0  0  0  0  	1  0  0  0  	1  0  0  0  	0  0  1  0  	0  0  0  0  	0  0  0  0  	0  0  0  0  	
	1  0  0  0  	0  0  0  0  	1  0  0  0  	0  0  0  0  	0  0  0  0  	0  1  0  0  	0  0  0  0  	
	0  0  0  0  	0  0  0  0  	0  0  0  0  	0  0  0  0  	0  0  0  0  	0  0  0  0  	0  0  0  0  	
	0  0  0  0  	0  0  0  0  	1  0  0  0  	0  0  0  0  	0  0  0  0  	0  1  0  0  	0  0  0  0  	
	0  0  0  0  	0  0  0  0  	0  0  0  0  	0  0  0  0  	0  0  0  0  	0  0  0  0  	0  0  0  0  	
	0  0  0  0  	0  0  0  0  	1  0  0  0  	0  0  1  0  	0  0  0  0  	0  0  0  0  	0  0  0  0  	
	0  0  0  0  	0  0  0  0  	1  0  0  0  	0  0  0  0  	0  0  0  0  	0  0  0  0  	0  0  0  0  	
	0  0  0  0  	0  0  0  0  	0  0  0  0  	0  0  0  0  	0  0  0  0  	0  0  0  0  	0  0  0  0  	
	1  0  0  0  	0  0  0  0  	0  0  0  0  	0  0  1  0  	0  0  0  0  	0  0  0  0  	0  0  0  0  	
	1  0  0  0  	0  1  0  0  	0  0  0  0  	0  0  1  0  	0  0  0  0  	0  0  0  0  	0  0  0  0  	
	0  0  0  0  	0  0  0  0  	0  0  0  0  	0  0  0  0  	0  0  0  0  	0  0  0  0  	0  0  0  0  	
	0  0  0  0  	0  0  0  0  	0  0  0  0  	0  0  0  0  	0  0  0  0  	0  0  0  0  	0  0  0  0  	
	0  0  0  0  	0  1  0  0  	0  0  0  0  	0  0  1  0  	0  0  0  0  	0  0  0  0  	0  0  0  0  	
	1  0  0  0  	0  1  0  0  	0  0  0  0  	0  0  0  0  	0  0  0  0  	0  0  0  0  	0  0  0  0  	
	0  0  0  0  	0  0  0  0  	0  0  0  0  	0  0  0  0  	0  0  0  0  	0  0  0  0  	0  0  0  0  	
Tiempo de procesamiento: 115.690000 [segs]
Aptitud: 605.00

(calibracion 3) 132 64 951 
132 64 951 ./pso_nsp 50 0.1 0.1 1.0 50 instancias/N25-1.nsp
./pso_nsp 50 0.1 0.1 1.0 50 instancias/N25-1.nsp
PSO PARAMETERS
	c1: 0.100000   c2: 0.100000   w: 1.000000   size: 50   iterations: 50

				BEST SOLUTION

	Fitness: 640

	Solution:
	1  2  3  4  	1  2  3  4  	1  2  3  4  	1  2  3  4  	1  2  3  4  	1  2  3  4  	1  2  3  4  	
	0  0  0  0  	0  0  0  0  	0  0  0  0  	1  0  0  0  	0  0  0  0  	0  0  1  0  	0  0  0  0  	
	1  0  0  0  	1  0  0  0  	1  0  0  0  	0  0  1  0  	0  0  0  0  	0  1  0  0  	0  0  0  0  	
	0  1  0  0  	0  1  0  0  	1  0  0  0  	1  0  0  0  	0  0  0  0  	0  1  0  0  	0  0  0  0  	
	0  0  0  0  	0  0  0  0  	0  0  1  0  	0  0  1  0  	0  0  0  0  	0  1  0  0  	0  0  0  0  	
	0  0  0  0  	1  0  0  0  	1  0  0  0  	1  0  0  0  	0  0  0  0  	0  1  0  0  	0  0  0  0  	
	1  0  0  0  	0  0  0  0  	0  0  1  0  	0  0  0  0  	0  0  0  0  	0  0  0  0  	0  0  0  0  	
	0  1  0  0  	0  1  0  0  	0  0  0  0  	0  0  0  0  	0  0  0  0  	0  0  0  0  	0  0  0  0  	
	0  1  0  0  	0  1  0  0  	0  0  0  0  	0  0  1  0  	0  0  0  0  	0  0  0  0  	0  0  0  0  	
	1  0  0  0  	0  0  0  0  	0  0  1  0  	0  0  0  0  	0  0  0  0  	0  1  0  0  	0  0  0  0  	
	0  0  0  0  	1  0  0  0  	0  0  0  0  	0  0  0  0  	0  0  0  0  	0  1  0  0  	0  0  0  0  	
	0  0  0  0  	0  0  0  0  	1  0  0  0  	0  0  1  0  	0  0  0  0  	0  0  0  0  	0  0  0  0  	
	0  0  0  0  	0  1  0  0  	0  0  0  0  	0  0  0  0  	0  0  0  0  	0  1  0  0  	0  0  0  0  	
	1  0  0  0  	0  0  0  0  	0  0  0  0  	0  0  0  0  	0  0  0  0  	0  0  0  0  	0  0  0  0  	
	0  0  0  0  	0  0  0  0  	0  0  0  0  	0  0  0  0  	0  0  0  0  	0  0  0  0  	0  0  0  0  	
	0  0  0  0  	0  0  0  0  	1  0  0  0  	0  0  0  0  	0  0  0  0  	0  1  0  0  	0  0  0  0  	
	1  0  0  0  	0  1  0  0  	0  0  0  0  	0  0  1  0  	0  0  0  0  	0  0  0  0  	0  0  0  0  	
	1  0  0  0  	0  1  0  0  	0  0  0  0  	0  0  0  0  	0  0  0  0  	0  0  0  0  	0  0  0  0  	
	0  0  0  0  	0  0  0  0  	0  0  0  0  	0  0  0  0  	0  0  0  0  	0  0  0  0  	0  0  0  0  	
	1  0  0  0  	0  1  0  0  	0  0  0  0  	0  0  1  0  	0  0  0  0  	0  0  0  0  	0  0  0  0  	
	0  0  0  0  	0  0  0  0  	1  0  0  0  	0  0  0  0  	0  0  0  0  	0  0  0  0  	0  0  0  0  	
	0  0  0  0  	0  0  0  0  	0  0  0  0  	0  0  0  0  	0  0  0  0  	0  0  0  0  	0  0  0  0  	
	0  0  0  0  	0  1  0  0  	0  0  0  0  	0  0  1  0  	0  0  0  0  	0  0  0  0  	0  0  0  0  	
	0  0  0  0  	0  1  0  0  	0  0  0  0  	0  0  0  0  	0  0  0  0  	0  0  0  0  	0  0  0  0  	
	1  0  0  0  	0  0  0  0  	0  0  0  0  	0  0  0  0  	0  0  0  0  	0  0  0  0  	0  0  0  0  	
	0  0  0  0  	0  1  0  0  	0  0  0  0  	0  0  0  0  	0  0  0  0  	0  0  0  0  	0  0  0  0  	
Tiempo de procesamiento: 118.150000 [segs]
Aptitud: 640.00

(calibracion 4) 585 216 807 
585 216 807 ./pso_nsp 50 0.2 0.6 0.8 50 instancias/N25-1.nsp
./pso_nsp 50 0.2 0.6 0.8 50 instancias/N25-1.nsp
PSO PARAMETERS
	c1: 0.200000   c2: 0.600000   w: 0.800000   size: 50   iterations: 50

				BEST SOLUTION

	Fitness: 630

	Solution:
	1  2  3  4  	1  2  3  4  	1  2  3  4  	1  2  3  4  	1  2  3  4  	1  2  3  4  	1  2  3  4  	
	0  0  0  0  	0  0  0  0  	0  0  1  0  	1  0  0  0  	0  0  0  0  	0  1  0  0  	0  0  0  0  	
	1  0  0  0  	1  0  0  0  	1  0  0  0  	0  0  1  0  	0  0  0  0  	0  0  0  0  	0  0  0  0  	
	0  1  0  0  	0  0  0  0  	0  0  0  0  	0  0  1  0  	0  0  0  0  	0  1  0  0  	0  0  0  0  	
	0  0  0  0  	1  0  0  0  	0  0  1  0  	0  0  0  0  	0  0  0  0  	0  0  0  0  	0  0  0  0  	
	0  1  0  0  	1  0  0  0  	0  0  0  0  	0  0  0  0  	0  0  0  0  	0  1  0  0  	0  0  0  0  	
	0  1  0  0  	0  0  0  0  	0  0  1  0  	1  0  0  0  	0  0  0  0  	0  0  1  0  	0  0  0  0  	
	0  0  0  0  	0  1  0  0  	1  0  0  0  	1  0  0  0  	0  0  0  0  	0  1  0  0  	0  0  0  0  	
	0  0  0  0  	0  0  0  0  	0  0  0  0  	0  0  1  0  	0  0  0  0  	0  0  0  0  	0  0  0  0  	
	0  0  0  0  	0  1  0  0  	0  0  0  0  	0  0  0  0  	0  0  0  0  	0  1  0  0  	0  0  0  0  	
	0  0  0  0  	0  0  0  0  	1  0  0  0  	0  0  0  0  	0  0  0  0  	0  0  0  0  	0  0  0  0  	
	0  0  0  0  	0  0  0  0  	0  0  0  0  	0  0  1  0  	0  0  0  0  	0  1  0  0  	0  0  0  0  	
	0  0  0  0  	0  0  0  0  	0  0  0  0  	0  0  0  0  	0  0  0  0  	0  0  0  0  	0  0  0  0  	
	1  0  0  0  	0  0  0  0  	0  0  0  0  	0  0  0  0  	0  0  0  0  	0  0  0  0  	0  0  0  0  	
	0  0  0  0  	0  1  0  0  	0  0  0  0  	0  0  0  0  	0  0  0  0  	0  1  0  0  	0  0  0  0  	
	0  0  0  0  	0  1  0  0  	0  0  0  0  	0  0  0  0  	0  0  0  0  	0  1  0  0  	0  0  0  0  	
	1  0  0  0  	0  1  0  0  	0  0  0  0  	0  0  1  0  	0  0  0  0  	0  0  0  0  	0  0  0  0  	
	1  0  0  0  	0  0  0  0  	0  0  0  0  	0  0  0  0  	0  0  0  0  	0  0  0  0  	0  0  0  0  	
	1  0  0  0  	0  0  0  0  	1  0  0  0  	0  0  0  0  	0  0  0  0  	0  0  0  0  	0  0  0  0  	
	0  0  0  0  	0  0  0  0  	1  0  0  0  	0  0  1  0  	0  0  0  0  	0  0  0  0  	0  0  0  0  	
	1  0  0  0  	0  1  0  0  	0  0  0  0  	0  0  0  0  	0  0  0  0  	0  0  0  0  	0  0  0  0  	
	0  0  0  0  	0  1  0  0  	0  0  0  0  	0  0  0  0  	0  0  0  0  	0  0  0  0  	0  0  0  0  	
	0  0  0  0  	0  0  0  0  	0  0  0  0  	0  0  1  0  	0  0  0  0  	0  0  0  0  	0  0  0  0  	
	1  0  0  0  	0  0  0  0  	1  0  0  0  	0  0  0  0  	0  0  0  0  	0  0  0  0  	0  0  0  0  	
	1  0  0  0  	0  0  0  0  	0  0  0  0  	0  0  0  0  	0  0  0  0  	0  0  0  0  	0  0  0  0  	
	0  0  0  0  	0  0  0  0  	0  0  0  0  	0  0  1  0  	0  0  0  0  	0  0  0  0  	0  0  0  0  	
Tiempo de procesamiento: 116.120000 [segs]
Aptitud: 630.00

(calibracion 5) 622 211 6 
622 211 6 ./pso_nsp 50 0.2 0.6 0.0 50 instancias/N25-1.nsp
./pso_nsp 50 0.2 0.6 0.0 50 instancias/N25-1.nsp
PSO PARAMETERS
	c1: 0.200000   c2: 0.600000   w: 0.000000   size: 50   iterations: 50

				BEST SOLUTION

	Fitness: 650

	Solution:
	1  2  3  4  	1  2  3  4  	1  2  3  4  	1  2  3  4  	1  2  3  4  	1  2  3  4  	1  2  3  4  	
	0  0  0  0  	0  0  0  0  	0  0  1  0  	1  0  0  0  	0  0  0  0  	0  1  0  0  	0  0  0  0  	
	0  0  0  0  	0  0  0  0  	0  0  0  0  	0  0  1  0  	0  0  0  0  	0  0  1  0  	0  0  0  0  	
	1  0  0  0  	1  0  0  0  	1  0  0  0  	0  0  1  0  	0  0  0  0  	0  0  0  0  	0  0  0  0  	
	0  1  0  0  	1  0  0  0  	0  0  1  0  	1  0  0  0  	0  0  0  0  	0  0  0  0  	0  0  0  0  	
	0  0  0  0  	0  1  0  0  	1  0  0  0  	0  0  0  0  	0  0  0  0  	0  0  0  0  	0  0  0  0  	
	1  0  0  0  	1  0  0  0  	0  0  1  0  	1  0  0  0  	0  0  0  0  	0  0  0  0  	0  0  0  0  	
	0  1  0  0  	0  1  0  0  	0  0  0  0  	0  0  0  0  	0  0  0  0  	0  0  0  0  	0  0  0  0  	
	0  0  0  0  	0  0  0  0  	0  0  0  0  	0  0  1  0  	0  0  0  0  	0  1  0  0  	0  0  0  0  	
	0  1  0  0  	0  0  0  0  	1  0  0  0  	0  0  0  0  	0  0  0  0  	0  0  0  0  	0  0  0  0  	
	0  0  0  0  	0  0  0  0  	0  0  0  0  	0  0  0  0  	0  0  0  0  	0  1  0  0  	0  0  0  0  	
	0  0  0  0  	0  1  0  0  	1  0  0  0  	0  0  1  0  	0  0  0  0  	0  1  0  0  	0  0  0  0  	
	0  0  0  0  	0  0  0  0  	1  0  0  0  	0  0  0  0  	0  0  0  0  	0  1  0  0  	0  0  0  0  	
	0  0  0  0  	0  0  0  0  	0  0  0  0  	0  0  0  0  	0  0  0  0  	0  0  0  0  	0  0  0  0  	
	1  0  0  0  	0  1  0  0  	0  0  0  0  	0  0  0  0  	0  0  0  0  	0  1  0  0  	0  0  0  0  	
	0  0  0  0  	0  0  0  0  	1  0  0  0  	0  0  1  0  	0  0  0  0  	0  0  0  0  	0  0  0  0  	
	1  0  0  0  	0  0  0  0  	0  0  0  0  	0  0  1  0  	0  0  0  0  	0  0  0  0  	0  0  0  0  	
	1  0  0  0  	0  0  0  0  	0  0  0  0  	0  0  0  0  	0  0  0  0  	0  0  0  0  	0  0  0  0  	
	0  0  0  0  	0  1  0  0  	0  0  0  0  	0  0  0  0  	0  0  0  0  	0  0  0  0  	0  0  0  0  	
	0  0  0  0  	0  0  0  0  	1  0  0  0  	0  0  1  0  	0  0  0  0  	0  0  0  0  	0  0  0  0  	
	0  0  0  0  	0  0  0  0  	1  0  0  0  	0  0  0  0  	0  0  0  0  	0  1  0  0  	0  0  0  0  	
	1  0  0  0  	0  0  0  0  	0  0  0  0  	0  0  1  0  	0  0  0  0  	0  1  0  0  	0  0  0  0  	
	0  0  0  0  	0  0  0  0  	0  0  0  0  	0  0  0  0  	0  0  0  0  	0  0  0  0  	0  0  0  0  	
	0  0  0  0  	0  0  0  0  	1  0  0  0  	0  0  0  0  	0  0  0  0  	0  0  0  0  	0  0  0  0  	
	0  0  0  0  	0  1  0  0  	0  0  0  0  	0  0  0  0  	0  0  0  0  	0  0  0  0  	0  0  0  0  	
	0  0  0  0  	0  0  0  0  	1  0  0  0  	0  0  0  0  	0  0  0  0  	0  0  0  0  	0  0  0  0  	
Tiempo de procesamiento: 117.230000 [segs]
Aptitud: 650.00

------------------------------------------------------------------------
------------------------ CALCULANDO H0 ---------------------------------
------------------------------------------------------------------------
1.79176 1.79176 1.79176 
------------------------------------------------------------------------
----------------- ITERACION : 0 -------------------------------------
------------------------------------------------------------------------
-----------------AGREGANDO NUEVAS CALiBRACIONES ------------------------
------------------------------------------------------------------------
(calibracion 0) 282 357 787 ./pso_nsp 50 0.4 0.3 0.8 50 instancias/N25-1.nsp
./pso_nsp 50 0.4 0.3 0.8 50 instancias/N25-1.nsp
PSO PARAMETERS
	c1: 0.400000   c2: 0.300000   w: 0.800000   size: 50   iterations: 50

				BEST SOLUTION

	Fitness: 625

	Solution:
	1  2  3  4  	1  2  3  4  	1  2  3  4  	1  2  3  4  	1  2  3  4  	1  2  3  4  	1  2  3  4  	
	0  0  0  0  	0  0  0  0  	0  0  1  0  	1  0  0  0  	0  0  0  0  	0  0  1  0  	0  0  0  0  	
	1  0  0  0  	1  0  0  0  	1  0  0  0  	0  0  1  0  	0  0  0  0  	0  1  0  0  	0  0  0  0  	
	0  1  0  0  	0  0  0  0  	0  0  0  0  	0  0  1  0  	0  0  0  0  	0  1  0  0  	0  0  0  0  	
	0  0  0  0  	1  0  0  0  	0  0  1  0  	0  0  0  0  	0  0  0  0  	0  0  0  0  	0  0  0  0  	
	0  1  0  0  	0  1  0  0  	0  0  0  0  	0  0  1  0  	0  0  0  0  	0  1  0  0  	0  0  0  0  	
	0  1  0  0  	1  0  0  0  	0  0  1  0  	0  0  1  0  	0  0  0  0  	0  0  0  0  	0  0  0  0  	
	1  0  0  0  	0  0  0  0  	0  0  0  0  	0  0  1  0  	0  0  0  0  	0  0  0  0  	0  0  0  0  	
	1  0  0  0  	0  1  0  0  	0  0  0  0  	0  0  1  0  	0  0  0  0  	0  0  0  0  	0  0  0  0  	
	0  0  0  0  	0  1  0  0  	0  0  0  0  	0  0  1  0  	0  0  0  0  	0  0  0  0  	0  0  0  0  	
	0  0  0  0  	0  0  0  0  	0  0  0  0  	1  0  0  0  	0  0  0  0  	0  1  0  0  	0  0  0  0  	
	0  0  0  0  	0  0  0  0  	0  0  0  0  	0  0  1  0  	0  0  0  0  	0  1  0  0  	0  0  0  0  	
	0  0  0  0  	0  1  0  0  	0  0  0  0  	0  0  1  0  	0  0  0  0  	0  0  0  0  	0  0  0  0  	
	0  0  0  0  	0  1  0  0  	1  0  0  0  	1  0  0  0  	0  0  0  0  	0  0  0  0  	0  0  0  0  	
	0  0  0  0  	0  0  0  0  	0  0  0  0  	0  0  0  0  	0  0  0  0  	0  0  0  0  	0  0  0  0  	
	0  0  0  0  	0  0  0  0  	0  0  0  0  	0  0  0  0  	0  0  0  0  	0  0  0  0  	0  0  0  0  	
	0  0  0  0  	0  0  0  0  	0  0  0  0  	0  0  1  0  	0  0  0  0  	0  0  0  0  	0  0  0  0  	
	1  0  0  0  	0  1  0  0  	0  0  0  0  	0  0  0  0  	0  0  0  0  	0  0  0  0  	0  0  0  0  	
	0  0  0  0  	0  0  0  0  	1  0  0  0  	0  0  0  0  	0  0  0  0  	0  0  0  0  	0  0  0  0  	
	0  0  0  0  	0  0  0  0  	0  0  0  0  	0  0  1  0  	0  0  0  0  	0  1  0  0  	0  0  0  0  	
	0  0  0  0  	0  0  0  0  	1  0  0  0  	0  0  0  0  	0  0  0  0  	0  1  0  0  	0  0  0  0  	
	0  0  0  0  	0  0  0  0  	0  0  0  0  	0  0  0  0  	0  0  0  0  	0  0  0  0  	0  0  0  0  	
	0  0  0  0  	0  0  0  0  	0  0  0  0  	0  0  1  0  	0  0  0  0  	0  0  0  0  	0  0  0  0  	
	0  0  0  0  	0  1  0  0  	0  0  0  0  	0  0  0  0  	0  0  0  0  	0  0  0  0  	0  0  0  0  	
	0  0  0  0  	0  1  0  0  	0  0  0  0  	0  0  0  0  	0  0  0  0  	0  0  0  0  	0  0  0  0  	
	0  0  0  0  	0  0  0  0  	0  0  0  0  	0  0  0  0  	0  0  0  0  	0  0  0  0  	0  0  0  0  	
Tiempo de procesamiento: 116.360000 [segs]
Aptitud: 625.00

------------------------------------------------------------------------
----------------------------CALCULANDO K -------------------------------
------------------------------------------------------------------------
Parametro  |    H0    |    K    |   Rango   | Rango Inicial | 
0     1.79176     1.79176    [ 41 : 751]    [ 0 : 1000]
1     1.79176     1.79176    [ 216 : 454]    [ 0 : 1000]
2     1.79176     1.79176    [ 351 : 835]    [ 0 : 1000]

-----------------------Calibraciones-------------------------
751 : 366 : 351 :  :: 605 :: 0
282 : 357 : 787 :  :: 625 :: 0
585 : 216 : 807 :  :: 630 :: 0
41 : 454 : 835 :  :: 640 :: 0
132 : 64 : 951 :  :: 640 :: 0
566 : 1 : 187 :  :: 650 :: 0
------------------------------------------------------------------------
---------------------------- RESUMEN FINAL -----------------------------
------------------------------------------------------------------------
		FACT_SOC 		585 		[282 .. 751]
		FACT_COG 		357 		[216 .. 366]
		INERTIA 		787 		[351 .. 807]
------------------------------------------------------------------------
------------------------------------------------------------------------
------------------------------------------------------------------------
----------------- ITERACION : 1 -------------------------------------
------------------------------------------------------------------------
-----------------AGREGANDO NUEVAS CALiBRACIONES ------------------------
------------------------------------------------------------------------
(calibracion 0) 734 232 404 ./pso_nsp 50 0.2 0.7 0.4 50 instancias/N25-1.nsp
./pso_nsp 50 0.2 0.7 0.4 50 instancias/N25-1.nsp
PSO PARAMETERS
	c1: 0.200000   c2: 0.700000   w: 0.400000   size: 50   iterations: 50

				BEST SOLUTION

	Fitness: 595

	Solution:
	1  2  3  4  	1  2  3  4  	1  2  3  4  	1  2  3  4  	1  2  3  4  	1  2  3  4  	1  2  3  4  	
	0  0  0  0  	0  0  0  0  	0  0  1  0  	1  0  0  0  	0  0  0  0  	0  1  0  0  	0  0  0  0  	
	1  0  0  0  	1  0  0  0  	1  0  0  0  	0  0  1  0  	0  0  0  0  	0  1  0  0  	0  0  0  0  	
	0  0  0  0  	0  0  0  0  	0  0  0  0  	1  0  0  0  	0  0  0  0  	0  0  1  0  	0  0  0  0  	
	0  1  0  0  	1  0  0  0  	0  0  1  0  	1  0  0  0  	0  0  0  0  	0  0  0  0  	0  0  0  0  	
	0  0  0  0  	1  0  0  0  	0  0  0  0  	0  0  1  0  	0  0  0  0  	0  0  0  0  	0  0  0  0  	
	0  1  0  0  	0  0  0  0  	0  0  1  0  	0  0  0  0  	0  0  0  0  	0  1  0  0  	0  0  0  0  	
	0  0  0  0  	0  1  0  0  	0  0  0  0  	0  0  0  0  	0  0  0  0  	0  0  0  0  	0  0  0  0  	
	0  1  0  0  	0  1  0  0  	0  0  0  0  	0  0  1  0  	0  0  0  0  	0  1  0  0  	0  0  0  0  	
	0  0  0  0  	0  0  0  0  	1  0  0  0  	0  0  0  0  	0  0  0  0  	0  1  0  0  	0  0  0  0  	
	0  0  0  0  	0  1  0  0  	0  0  0  0  	0  0  0  0  	0  0  0  0  	0  0  0  0  	0  0  0  0  	
	0  0  0  0  	0  0  0  0  	0  0  0  0  	0  0  1  0  	0  0  0  0  	0  1  0  0  	0  0  0  0  	
	0  0  0  0  	0  0  0  0  	1  0  0  0  	0  0  0  0  	0  0  0  0  	0  1  0  0  	0  0  0  0  	
	1  0  0  0  	0  1  0  0  	0  0  0  0  	0  0  0  0  	0  0  0  0  	0  0  0  0  	0  0  0  0  	
	0  0  0  0  	0  1  0  0  	0  0  0  0  	0  0  0  0  	0  0  0  0  	0  1  0  0  	0  0  0  0  	
	0  0  0  0  	0  0  0  0  	0  0  0  0  	0  0  0  0  	0  0  0  0  	0  0  0  0  	0  0  0  0  	
	0  0  0  0  	0  0  0  0  	0  0  0  0  	0  0  1  0  	0  0  0  0  	0  0  0  0  	0  0  0  0  	
	1  0  0  0  	0  0  0  0  	0  0  0  0  	0  0  0  0  	0  0  0  0  	0  0  0  0  	0  0  0  0  	
	1  0  0  0  	0  0  0  0  	0  0  0  0  	0  0  0  0  	0  0  0  0  	0  0  0  0  	0  0  0  0  	
	0  0  0  0  	0  0  0  0  	0  0  0  0  	0  0  1  0  	0  0  0  0  	0  0  0  0  	0  0  0  0  	
	1  0  0  0  	0  1  0  0  	0  0  0  0  	0  0  0  0  	0  0  0  0  	0  0  0  0  	0  0  0  0  	
	0  0  0  0  	0  0  0  0  	0  0  0  0  	0  0  0  0  	0  0  0  0  	0  0  0  0  	0  0  0  0  	
	0  0  0  0  	0  1  0  0  	0  0  0  0  	0  0  0  0  	0  0  0  0  	0  0  0  0  	0  0  0  0  	
	0  0  0  0  	0  0  0  0  	0  0  0  0  	0  0  0  0  	0  0  0  0  	0  0  0  0  	0  0  0  0  	
	0  0  0  0  	0  0  0  0  	0  0  0  0  	0  0  1  0  	0  0  0  0  	0  0  0  0  	0  0  0  0  	
	1  0  0  0  	0  1  0  0  	0  0  0  0  	0  0  0  0  	0  0  0  0  	0  0  0  0  	0  0  0  0  	
Tiempo de procesamiento: 114.840000 [segs]
Aptitud: 595.00

------------------------------------------------------------------------
----------------------------CALCULANDO K -------------------------------
------------------------------------------------------------------------
Parametro  |    H0    |    K    |   Rango   | Rango Inicial | 
0     1.79176     1.79176    [ 282 : 751]    [ 0 : 1000]
1     1.79176     1.79176    [ 216 : 366]    [ 0 : 1000]
2     1.79176     1.79176    [ 351 : 807]    [ 0 : 1000]

-----------------------Calibraciones-------------------------
734 : 232 : 404 :  :: 595 :: 1
751 : 366 : 351 :  :: 605 :: 0
282 : 357 : 787 :  :: 625 :: 0
585 : 216 : 807 :  :: 630 :: 0
41 : 454 : 835 :  :: 640 :: 0
132 : 64 : 951 :  :: 640 :: 0
------------------------------------------------------------------------
---------------------------- RESUMEN FINAL -----------------------------
------------------------------------------------------------------------
		FACT_SOC 		734 		[282 .. 751]
		FACT_COG 		357 		[232 .. 366]
		INERTIA 		404 		[351 .. 787]
------------------------------------------------------------------------
------------------------------------------------------------------------
------------------------------------------------------------------------
----------------- ITERACION : 2 -------------------------------------
------------------------------------------------------------------------
-----------------AGREGANDO NUEVAS CALiBRACIONES ------------------------
------------------------------------------------------------------------
(calibracion 0) 585 299 541 ./pso_nsp 50 0.3 0.6 0.5 50 instancias/N25-1.nsp
./pso_nsp 50 0.3 0.6 0.5 50 instancias/N25-1.nsp
PSO PARAMETERS
	c1: 0.300000   c2: 0.600000   w: 0.500000   size: 50   iterations: 50

				BEST SOLUTION

	Fitness: 590

	Solution:
	1  2  3  4  	1  2  3  4  	1  2  3  4  	1  2  3  4  	1  2  3  4  	1  2  3  4  	1  2  3  4  	
	0  0  0  0  	0  0  0  0  	0  0  1  0  	1  0  0  0  	0  0  0  0  	0  0  1  0  	0  0  0  0  	
	1  0  0  0  	1  0  0  0  	1  0  0  0  	0  0  1  0  	0  0  0  0  	0  1  0  0  	0  0  0  0  	
	0  1  0  0  	0  1  0  0  	0  0  0  0  	0  0  1  0  	0  0  0  0  	0  1  0  0  	0  0  0  0  	
	1  0  0  0  	0  0  0  0  	0  0  1  0  	0  0  0  0  	0  0  0  0  	0  1  0  0  	0  0  0  0  	
	0  0  0  0  	1  0  0  0  	1  0  0  0  	1  0  0  0  	0  0  0  0  	0  0  0  0  	0  0  0  0  	
	0  1  0  0  	1  0  0  0  	0  0  1  0  	0  0  0  0  	0  0  0  0  	0  1  0  0  	0  0  0  0  	
	0  1  0  0  	0  0  0  0  	0  0  0  0  	0  0  0  0  	0  0  0  0  	0  0  0  0  	0  0  0  0  	
	0  0  0  0  	0  1  0  0  	1  0  0  0  	0  0  1  0  	0  0  0  0  	0  1  0  0  	0  0  0  0  	
	0  0  0  0  	0  0  0  0  	0  0  0  0  	0  0  0  0  	0  0  0  0  	0  0  0  0  	0  0  0  0  	
	0  0  0  0  	0  0  0  0  	0  0  0  0  	0  0  0  0  	0  0  0  0  	0  0  0  0  	0  0  0  0  	
	0  0  0  0  	0  1  0  0  	1  0  0  0  	0  0  1  0  	0  0  0  0  	0  0  0  0  	0  0  0  0  	
	0  0  0  0  	0  0  0  0  	0  0  0  0  	0  0  0  0  	0  0  0  0  	0  1  0  0  	0  0  0  0  	
	0  0  0  0  	0  0  0  0  	0  0  0  0  	1  0  0  0  	0  0  0  0  	0  0  0  0  	0  0  0  0  	
	0  0  0  0  	0  1  0  0  	1  0  0  0  	0  0  0  0  	0  0  0  0  	0  1  0  0  	0  0  0  0  	
	0  0  0  0  	0  0  0  0  	1  0  0  0  	0  0  0  0  	0  0  0  0  	0  1  0  0  	0  0  0  0  	
	0  0  0  0  	0  1  0  0  	1  0  0  0  	0  0  1  0  	0  0  0  0  	0  0  0  0  	0  0  0  0  	
	0  0  0  0  	0  0  0  0  	1  0  0  0  	0  0  0  0  	0  0  0  0  	0  0  0  0  	0  0  0  0  	
	1  0  0  0  	0  0  0  0  	0  0  0  0  	0  0  0  0  	0  0  0  0  	0  0  0  0  	0  0  0  0  	
	0  0  0  0  	0  0  0  0  	0  0  0  0  	0  0  1  0  	0  0  0  0  	0  0  0  0  	0  0  0  0  	
	0  0  0  0  	0  0  0  0  	1  0  0  0  	0  0  1  0  	0  0  0  0  	0  0  0  0  	0  0  0  0  	
	0  0  0  0  	0  0  0  0  	0  0  0  0  	0  0  0  0  	0  0  0  0  	0  0  0  0  	0  0  0  0  	
	1  0  0  0  	0  0  0  0  	1  0  0  0  	0  0  0  0  	0  0  0  0  	0  0  0  0  	0  0  0  0  	
	0  0  0  0  	0  1  0  0  	0  0  0  0  	0  0  0  0  	0  0  0  0  	0  0  0  0  	0  0  0  0  	
	0  0  0  0  	0  0  0  0  	0  0  0  0  	0  0  0  0  	0  0  0  0  	0  0  0  0  	0  0  0  0  	
	0  0  0  0  	0  0  0  0  	0  0  0  0  	0  0  0  0  	0  0  0  0  	0  0  0  0  	0  0  0  0  	
Tiempo de procesamiento: 115.540000 [segs]
Aptitud: 590.00

------------------------------------------------------------------------
----------------------------CALCULANDO K -------------------------------
------------------------------------------------------------------------
Parametro  |    H0    |    K    |   Rango   | Rango Inicial | 
0     1.79176     1.56071    [ 282 : 751]    [ 0 : 1000]
1     1.79176     1.79176    [ 232 : 366]    [ 0 : 1000]
2     1.79176     1.79176    [ 351 : 787]    [ 0 : 1000]

-----------------------Calibraciones-------------------------
585 : 299 : 541 :  :: 590 :: 2
734 : 232 : 404 :  :: 595 :: 1
751 : 366 : 351 :  :: 605 :: 0
282 : 357 : 787 :  :: 625 :: 0
585 : 216 : 807 :  :: 630 :: 0
41 : 454 : 835 :  :: 640 :: 0
------------------------------------------------------------------------
---------------------------- RESUMEN FINAL -----------------------------
------------------------------------------------------------------------
		FACT_SOC 		734 		[585 .. 751]
		FACT_COG 		299 		[232 .. 366]
		INERTIA 		404 		[351 .. 541]
------------------------------------------------------------------------
------------------------------------------------------------------------
------------------------------------------------------------------------
----------------- ITERACION : 3 -------------------------------------
------------------------------------------------------------------------
-----------------AGREGANDO NUEVAS CALiBRACIONES ------------------------
------------------------------------------------------------------------
(calibracion 0) 714 275 480 ./pso_nsp 50 0.3 0.7 0.5 50 instancias/N25-1.nsp
./pso_nsp 50 0.3 0.7 0.5 50 instancias/N25-1.nsp
PSO PARAMETERS
	c1: 0.300000   c2: 0.700000   w: 0.500000   size: 50   iterations: 50

				BEST SOLUTION

	Fitness: 605

	Solution:
	1  2  3  4  	1  2  3  4  	1  2  3  4  	1  2  3  4  	1  2  3  4  	1  2  3  4  	1  2  3  4  	
	0  0  0  0  	0  0  0  0  	0  0  1  0  	1  0  0  0  	0  0  0  0  	0  1  0  0  	0  0  0  0  	
	1  0  0  0  	1  0  0  0  	1  0  0  0  	0  0  1  0  	0  0  0  0  	0  0  1  0  	0  0  0  0  	
	0  1  0  0  	0  1  0  0  	0  0  0  0  	0  0  1  0  	0  0  0  0  	0  0  0  0  	0  0  0  0  	
	1  0  0  0  	0  0  0  0  	0  0  1  0  	0  0  0  0  	0  0  0  0  	0  1  0  0  	0  0  0  0  	
	0  0  0  0  	1  0  0  0  	0  0  0  0  	1  0  0  0  	0  0  0  0  	0  0  0  0  	0  0  0  0  	
	0  1  0  0  	0  0  0  0  	0  0  1  0  	0  0  0  0  	0  0  0  0  	0  0  0  0  	0  0  0  0  	
	0  0  0  0  	1  0  0  0  	0  0  0  0  	1  0  0  0  	0  0  0  0  	0  0  0  0  	0  0  0  0  	
	0  1  0  0  	0  0  0  0  	1  0  0  0  	0  0  1  0  	0  0  0  0  	0  0  0  0  	0  0  0  0  	
	0  0  0  0  	0  1  0  0  	0  0  0  0  	0  0  0  0  	0  0  0  0  	0  0  0  0  	0  0  0  0  	
	0  0  0  0  	0  0  0  0  	1  0  0  0  	0  0  0  0  	0  0  0  0  	0  1  0  0  	0  0  0  0  	
	0  0  0  0  	0  0  0  0  	1  0  0  0  	0  0  1  0  	0  0  0  0  	0  0  0  0  	0  0  0  0  	
	0  0  0  0  	0  0  0  0  	1  0  0  0  	0  0  0  0  	0  0  0  0  	0  1  0  0  	0  0  0  0  	
	0  0  0  0  	0  0  0  0  	0  0  0  0  	0  0  0  0  	0  0  0  0  	0  0  0  0  	0  0  0  0  	
	0  0  0  0  	0  0  0  0  	1  0  0  0  	0  0  0  0  	0  0  0  0  	0  0  0  0  	0  0  0  0  	
	0  0  0  0  	0  0  0  0  	1  0  0  0  	0  0  0  0  	0  0  0  0  	0  1  0  0  	0  0  0  0  	
	0  0  0  0  	0  1  0  0  	0  0  0  0  	0  0  1  0  	0  0  0  0  	0  0  0  0  	0  0  0  0  	
	1  0  0  0  	0  1  0  0  	0  0  0  0  	0  0  0  0  	0  0  0  0  	0  0  0  0  	0  0  0  0  	
	0  0  0  0  	0  0  0  0  	0  0  0  0  	0  0  0  0  	0  0  0  0  	0  0  0  0  	0  0  0  0  	
	0  0  0  0  	0  0  0  0  	1  0  0  0  	0  0  1  0  	0  0  0  0  	0  0  0  0  	0  0  0  0  	
	1  0  0  0  	0  0  0  0  	1  0  0  0  	0  0  0  0  	0  0  0  0  	0  0  0  0  	0  0  0  0  	
	0  0  0  0  	0  0  0  0  	0  0  0  0  	0  0  0  0  	0  0  0  0  	0  0  0  0  	0  0  0  0  	
	1  0  0  0  	0  0  0  0  	0  0  0  0  	0  0  1  0  	0  0  0  0  	0  0  0  0  	0  0  0  0  	
	0  0  0  0  	0  0  0  0  	1  0  0  0  	0  0  0  0  	0  0  0  0  	0  0  0  0  	0  0  0  0  	
	1  0  0  0  	0  1  0  0  	1  0  0  0  	0  0  0  0  	0  0  0  0  	0  1  0  0  	0  0  0  0  	
	0  0  0  0  	0  0  0  0  	0  0  0  0  	0  0  0  0  	0  0  0  0  	0  1  0  0  	0  0  0  0  	
Tiempo de procesamiento: 115.720000 [segs]
Aptitud: 605.00

------------------------------------------------------------------------
----------------------------CALCULANDO K -------------------------------
------------------------------------------------------------------------
Parametro  |    H0    |    K    |   Rango   | Rango Inicial | 
0     1.79176     1.56071    [ 585 : 751]    [ 0 : 1000]
1     1.79176     1.79176    [ 232 : 366]    [ 0 : 1000]
2     1.79176     1.79176    [ 351 : 541]    [ 0 : 1000]

-----------------------Calibraciones-------------------------
585 : 299 : 541 :  :: 590 :: 2
734 : 232 : 404 :  :: 595 :: 1
751 : 366 : 351 :  :: 605 :: 0
714 : 275 : 480 :  :: 605 :: 3
282 : 357 : 787 :  :: 625 :: 0
585 : 216 : 807 :  :: 630 :: 0
------------------------------------------------------------------------
---------------------------- RESUMEN FINAL -----------------------------
------------------------------------------------------------------------
		FACT_SOC 		734 		[585 .. 751]
		FACT_COG 		299 		[232 .. 366]
		INERTIA 		404 		[351 .. 541]
------------------------------------------------------------------------
------------------------------------------------------------------------
------------------------------------------------------------------------
----------------- ITERACION : 4 -------------------------------------
------------------------------------------------------------------------
-----------------AGREGANDO NUEVAS CALiBRACIONES ------------------------
------------------------------------------------------------------------
(calibracion 0) 701 308 403 ./pso_nsp 50 0.3 0.7 0.4 50 instancias/N25-1.nsp
./pso_nsp 50 0.3 0.7 0.4 50 instancias/N25-1.nsp
PSO PARAMETERS
	c1: 0.300000   c2: 0.700000   w: 0.400000   size: 50   iterations: 50

				BEST SOLUTION

	Fitness: 610

	Solution:
	1  2  3  4  	1  2  3  4  	1  2  3  4  	1  2  3  4  	1  2  3  4  	1  2  3  4  	1  2  3  4  	
	0  0  0  0  	0  0  0  0  	0  0  1  0  	0  0  1  0  	0  0  0  0  	0  0  1  0  	0  0  0  0  	
	0  0  0  0  	0  0  0  0  	0  0  0  0  	0  0  1  0  	0  0  0  0  	0  1  0  0  	0  0  0  0  	
	1  0  0  0  	1  0  0  0  	1  0  0  0  	1  0  0  0  	0  0  0  0  	0  1  0  0  	0  0  0  0  	
	1  0  0  0  	1  0  0  0  	0  0  1  0  	1  0  0  0  	0  0  0  0  	0  0  0  0  	0  0  0  0  	
	0  1  0  0  	1  0  0  0  	0  0  0  0  	1  0  0  0  	0  0  0  0  	0  1  0  0  	0  0  0  0  	
	0  1  0  0  	0  0  0  0  	0  0  1  0  	0  0  0  0  	0  0  0  0  	0  1  0  0  	0  0  0  0  	
	0  1  0  0  	0  1  0  0  	1  0  0  0  	0  0  0  0  	0  0  0  0  	0  0  0  0  	0  0  0  0  	
	0  0  0  0  	0  1  0  0  	0  0  0  0  	0  0  1  0  	0  0  0  0  	0  0  0  0  	0  0  0  0  	
	0  0  0  0  	0  0  0  0  	0  0  0  0  	0  0  0  0  	0  0  0  0  	0  0  0  0  	0  0  0  0  	
	0  0  0  0  	0  1  0  0  	0  0  0  0  	0  0  0  0  	0  0  0  0  	0  0  0  0  	0  0  0  0  	
	0  0  0  0  	0  0  0  0  	1  0  0  0  	0  0  1  0  	0  0  0  0  	0  0  0  0  	0  0  0  0  	
	0  0  0  0  	0  1  0  0  	0  0  0  0  	0  0  0  0  	0  0  0  0  	0  0  0  0  	0  0  0  0  	
	0  0  0  0  	0  0  0  0  	0  0  0  0  	0  0  0  0  	0  0  0  0  	0  0  0  0  	0  0  0  0  	
	1  0  0  0  	0  1  0  0  	1  0  0  0  	0  0  0  0  	0  0  0  0  	0  0  0  0  	0  0  0  0  	
	0  0  0  0  	0  0  0  0  	0  0  0  0  	0  0  0  0  	0  0  0  0  	0  1  0  0  	0  0  0  0  	
	0  0  0  0  	0  1  0  0  	0  0  0  0  	0  0  1  0  	0  0  0  0  	0  0  0  0  	0  0  0  0  	
	0  0  0  0  	0  1  0  0  	1  0  0  0  	0  0  0  0  	0  0  0  0  	0  0  0  0  	0  0  0  0  	
	0  0  0  0  	0  0  0  0  	1  0  0  0  	0  0  0  0  	0  0  0  0  	0  0  0  0  	0  0  0  0  	
	0  0  0  0  	0  0  0  0  	0  0  0  0  	0  0  1  0  	0  0  0  0  	0  0  0  0  	0  0  0  0  	
	1  0  0  0  	0  1  0  0  	0  0  0  0  	0  0  0  0  	0  0  0  0  	0  0  0  0  	0  0  0  0  	
	0  0  0  0  	0  1  0  0  	0  0  0  0  	0  0  0  0  	0  0  0  0  	0  0  0  0  	0  0  0  0  	
	0  0  0  0  	0  1  0  0  	0  0  0  0  	0  0  0  0  	0  0  0  0  	0  0  0  0  	0  0  0  0  	
	1  0  0  0  	0  1  0  0  	0  0  0  0  	0  0  0  0  	0  0  0  0  	0  0  0  0  	0  0  0  0  	
	0  0  0  0  	0  1  0  0  	0  0  0  0  	0  0  0  0  	0  0  0  0  	0  1  0  0  	0  0  0  0  	
	0  0  0  0  	0  0  0  0  	0  0  0  0  	0  0  0  0  	0  0  0  0  	0  0  0  0  	0  0  0  0  	
Tiempo de procesamiento: 115.500000 [segs]
Aptitud: 610.00

------------------------------------------------------------------------
----------------------------CALCULANDO K -------------------------------
------------------------------------------------------------------------
Parametro  |    H0    |    K    |   Rango   | Rango Inicial | 
0     1.79176     1.79176    [ 585 : 751]    [ 0 : 1000]
1     1.79176     1.79176    [ 232 : 366]    [ 0 : 1000]
2     1.79176     1.79176    [ 351 : 541]    [ 0 : 1000]

-----------------------Calibraciones-------------------------
585 : 299 : 541 :  :: 590 :: 2
734 : 232 : 404 :  :: 595 :: 1
751 : 366 : 351 :  :: 605 :: 0
714 : 275 : 480 :  :: 605 :: 3
701 : 308 : 403 :  :: 610 :: 4
282 : 357 : 787 :  :: 625 :: 0
------------------------------------------------------------------------
---------------------------- RESUMEN FINAL -----------------------------
------------------------------------------------------------------------
		FACT_SOC 		734 		[585 .. 751]
		FACT_COG 		299 		[232 .. 366]
		INERTIA 		404 		[351 .. 541]
------------------------------------------------------------------------
------------------------------------------------------------------------
------------------------------------------------------------------------
----------------- ITERACION : 5 -------------------------------------
------------------------------------------------------------------------
-----------------AGREGANDO NUEVAS CALiBRACIONES ------------------------
------------------------------------------------------------------------
(calibracion 0) 675 308 389 ./pso_nsp 50 0.3 0.7 0.4 50 instancias/N25-1.nsp
./pso_nsp 50 0.3 0.7 0.4 50 instancias/N25-1.nsp
PSO PARAMETERS
	c1: 0.300000   c2: 0.700000   w: 0.400000   size: 50   iterations: 50

				BEST SOLUTION

	Fitness: 615

	Solution:
	1  2  3  4  	1  2  3  4  	1  2  3  4  	1  2  3  4  	1  2  3  4  	1  2  3  4  	1  2  3  4  	
	0  0  0  0  	0  0  0  0  	0  0  0  0  	1  0  0  0  	0  0  0  0  	0  0  0  0  	0  0  0  0  	
	1  0  0  0  	1  0  0  0  	1  0  0  0  	0  0  1  0  	0  0  0  0  	0  0  1  0  	0  0  0  0  	
	0  1  0  0  	0  1  0  0  	0  0  0  0  	0  0  1  0  	0  0  0  0  	0  1  0  0  	0  0  0  0  	
	0  0  0  0  	0  0  0  0  	0  0  1  0  	1  0  0  0  	0  0  0  0  	0  0  0  0  	0  0  0  0  	
	0  0  0  0  	1  0  0  0  	1  0  0  0  	1  0  0  0  	0  0  0  0  	0  0  0  0  	0  0  0  0  	
	0  1  0  0  	1  0  0  0  	0  0  1  0  	0  0  0  0  	0  0  0  0  	0  1  0  0  	0  0  0  0  	
	0  0  0  0  	0  0  0  0  	1  0  0  0  	0  0  0  0  	0  0  0  0  	0  1  0  0  	0  0  0  0  	
	0  0  0  0  	0  0  0  0  	0  0  0  0  	0  0  1  0  	0  0  0  0  	0  0  0  0  	0  0  0  0  	
	0  0  0  0  	0  1  0  0  	0  0  1  0  	0  0  0  0  	0  0  0  0  	0  0  0  0  	0  0  0  0  	
	0  1  0  0  	0  0  0  0  	0  0  0  0  	0  0  1  0  	0  0  0  0  	0  1  0  0  	0  0  0  0  	
	0  0  0  0  	0  0  0  0  	1  0  0  0  	0  0  1  0  	0  0  0  0  	0  0  0  0  	0  0  0  0  	
	0  0  0  0  	0  0  0  0  	1  0  0  0  	0  0  1  0  	0  0  0  0  	0  1  0  0  	0  0  0  0  	
	0  0  0  0  	0  0  0  0  	0  0  0  0  	0  0  0  0  	0  0  0  0  	0  0  0  0  	0  0  0  0  	
	0  0  0  0  	0  0  0  0  	1  0  0  0  	0  0  0  0  	0  0  0  0  	0  1  0  0  	0  0  0  0  	
	1  0  0  0  	0  0  0  0  	0  0  0  0  	0  0  0  0  	0  0  0  0  	0  0  0  0  	0  0  0  0  	
	0  0  0  0  	0  0  0  0  	0  0  0  0  	0  0  1  0  	0  0  0  0  	0  0  0  0  	0  0  0  0  	
	0  0  0  0  	0  0  0  0  	0  0  0  0  	0  0  1  0  	0  0  0  0  	0  0  0  0  	0  0  0  0  	
	1  0  0  0  	0  0  0  0  	1  0  0  0  	0  0  0  0  	0  0  0  0  	0  0  0  0  	0  0  0  0  	
	0  0  0  0  	0  0  0  0  	1  0  0  0  	0  0  1  0  	0  0  0  0  	0  0  0  0  	0  0  0  0  	
	0  0  0  0  	0  0  0  0  	0  0  0  0  	0  0  0  0  	0  0  0  0  	0  0  0  0  	0  0  0  0  	
	0  0  0  0  	0  0  0  0  	1  0  0  0  	0  0  1  0  	0  0  0  0  	0  1  0  0  	0  0  0  0  	
	0  0  0  0  	0  0  0  0  	0  0  0  0  	0  0  0  0  	0  0  0  0  	0  0  0  0  	0  0  0  0  	
	1  0  0  0  	0  0  0  0  	0  0  0  0  	0  0  0  0  	0  0  0  0  	0  0  0  0  	0  0  0  0  	
	0  0  0  0  	0  0  0  0  	0  0  0  0  	0  0  0  0  	0  0  0  0  	0  1  0  0  	0  0  0  0  	
	1  0  0  0  	0  0  0  0  	0  0  0  0  	0  0  0  0  	0  0  0  0  	0  0  0  0  	0  0  0  0  	
Tiempo de procesamiento: 115.470000 [segs]
Aptitud: 615.00

------------------------------------------------------------------------
----------------------------CALCULANDO K -------------------------------
------------------------------------------------------------------------
Parametro  |    H0    |    K    |   Rango   | Rango Inicial | 
0     1.79176     1.79176    [ 585 : 751]    [ 0 : 1000]
1     1.79176     1.56071    [ 232 : 366]    [ 0 : 1000]
2     1.79176     1.79176    [ 351 : 541]    [ 0 : 1000]

-----------------------Calibraciones-------------------------
585 : 299 : 541 :  :: 590 :: 2
734 : 232 : 404 :  :: 595 :: 1
751 : 366 : 351 :  :: 605 :: 0
714 : 275 : 480 :  :: 605 :: 3
701 : 308 : 403 :  :: 610 :: 4
675 : 308 : 389 :  :: 615 :: 5
------------------------------------------------------------------------
---------------------------- RESUMEN FINAL -----------------------------
------------------------------------------------------------------------
		FACT_SOC 		734 		[585 .. 751]
		FACT_COG 		299 		[232 .. 366]
		INERTIA 		404 		[351 .. 541]
------------------------------------------------------------------------
------------------------------------------------------------------------
------------------------------------------------------------------------
----------------- ITERACION : 6 -------------------------------------
------------------------------------------------------------------------
-----------------AGREGANDO NUEVAS CALiBRACIONES ------------------------
------------------------------------------------------------------------
(calibracion 0) 690 277 455 ./pso_nsp 50 0.3 0.7 0.5 50 instancias/N25-1.nsp
./pso_nsp 50 0.3 0.7 0.5 50 instancias/N25-1.nsp
PSO PARAMETERS
	c1: 0.300000   c2: 0.700000   w: 0.500000   size: 50   iterations: 50

				BEST SOLUTION

	Fitness: 630

	Solution:
	1  2  3  4  	1  2  3  4  	1  2  3  4  	1  2  3  4  	1  2  3  4  	1  2  3  4  	1  2  3  4  	
	0  0  0  0  	0  0  0  0  	1  0  0  0  	1  0  0  0  	0  0  0  0  	0  1  0  0  	0  0  0  0  	
	0  0  0  0  	0  0  0  0  	0  0  0  0  	0  0  1  0  	0  0  0  0  	0  0  1  0  	0  0  0  0  	
	1  0  0  0  	1  0  0  0  	1  0  0  0  	0  0  1  0  	0  0  0  0  	0  1  0  0  	0  0  0  0  	
	0  1  0  0  	0  1  0  0  	0  0  1  0  	1  0  0  0  	0  0  0  0  	0  1  0  0  	0  0  0  0  	
	1  0  0  0  	1  0  0  0  	0  0  0  0  	1  0  0  0  	0  0  0  0  	0  0  0  0  	0  0  0  0  	
	1  0  0  0  	1  0  0  0  	0  0  1  0  	0  0  0  0  	0  0  0  0  	0  0  0  0  	0  0  0  0  	
	0  0  0  0  	0  0  0  0  	0  0  0  0  	0  0  0  0  	0  0  0  0  	0  1  0  0  	0  0  0  0  	
	0  1  0  0  	0  0  0  0  	1  0  0  0  	0  0  1  0  	0  0  0  0  	0  0  0  0  	0  0  0  0  	
	0  1  0  0  	0  0  0  0  	0  0  1  0  	0  0  0  0  	0  0  0  0  	0  1  0  0  	0  0  0  0  	
	1  0  0  0  	0  1  0  0  	1  0  0  0  	0  0  0  0  	0  0  0  0  	0  0  0  0  	0  0  0  0  	
	0  0  0  0  	0  1  0  0  	0  0  0  0  	0  0  1  0  	0  0  0  0  	0  0  0  0  	0  0  0  0  	
	1  0  0  0  	0  1  0  0  	1  0  0  0  	0  0  0  0  	0  0  0  0  	0  0  0  0  	0  0  0  0  	
	0  0  0  0  	0  0  0  0  	1  0  0  0  	0  0  0  0  	0  0  0  0  	0  0  0  0  	0  0  0  0  	
	1  0  0  0  	0  0  0  0  	1  0  0  0  	0  0  0  0  	0  0  0  0  	0  0  0  0  	0  0  0  0  	
	0  0  0  0  	0  1  0  0  	1  0  0  0  	0  0  0  0  	0  0  0  0  	0  0  0  0  	0  0  0  0  	
	1  0  0  0  	0  1  0  0  	0  0  0  0  	0  0  1  0  	0  0  0  0  	0  0  0  0  	0  0  0  0  	
	0  0  0  0  	0  1  0  0  	1  0  0  0  	0  0  0  0  	0  0  0  0  	0  0  0  0  	0  0  0  0  	
	0  0  0  0  	0  0  0  0  	0  0  0  0  	0  0  0  0  	0  0  0  0  	0  0  0  0  	0  0  0  0  	
	0  0  0  0  	0  0  0  0  	1  0  0  0  	0  0  1  0  	0  0  0  0  	0  1  0  0  	0  0  0  0  	
	0  0  0  0  	0  0  0  0  	1  0  0  0  	0  0  0  0  	0  0  0  0  	0  0  0  0  	0  0  0  0  	
	0  0  0  0  	0  1  0  0  	0  0  0  0  	0  0  0  0  	0  0  0  0  	0  0  0  0  	0  0  0  0  	
	0  0  0  0  	0  1  0  0  	0  0  0  0  	0  0  0  0  	0  0  0  0  	0  0  0  0  	0  0  0  0  	
	0  0  0  0  	0  1  0  0  	0  0  0  0  	0  0  0  0  	0  0  0  0  	0  1  0  0  	0  0  0  0  	
	0  0  0  0  	0  0  0  0  	0  0  0  0  	0  0  0  0  	0  0  0  0  	0  0  0  0  	0  0  0  0  	
	1  0  0  0  	0  0  0  0  	0  0  0  0  	0  0  1  0  	0  0  0  0  	0  0  0  0  	0  0  0  0  	
Tiempo de procesamiento: 116.350000 [segs]
Aptitud: 630.00

------------------------------------------------------------------------
----------------------------CALCULANDO K -------------------------------
------------------------------------------------------------------------
Parametro  |    H0    |    K    |   Rango   | Rango Inicial | 
0     1.79176     1.79176    [ 585 : 734]    [ 0 : 1000]
1     1.79176     1.56071    [ 232 : 299]    [ 0 : 1000]
2     1.79176     1.79176    [ 404 : 541]    [ 0 : 1000]

-----------------------Calibraciones-------------------------
585 : 299 : 541 :  :: 590 :: 2
734 : 232 : 404 :  :: 595 :: 1
714 : 275 : 480 :  :: 605 :: 3
701 : 308 : 403 :  :: 610 :: 4
675 : 308 : 389 :  :: 615 :: 5
690 : 277 : 455 :  :: 630 :: 6
------------------------------------------------------------------------
---------------------------- RESUMEN FINAL -----------------------------
------------------------------------------------------------------------
		FACT_SOC 		714 		[585 .. 734]
		FACT_COG 		275 		[232 .. 299]
		INERTIA 		480 		[404 .. 541]
------------------------------------------------------------------------
------------------------------------------------------------------------
------------------------------------------------------------------------
----------------- ITERACION : 7 -------------------------------------
------------------------------------------------------------------------
-----------------AGREGANDO NUEVAS CALiBRACIONES ------------------------
------------------------------------------------------------------------
(calibracion 0) 670 281 414 ./pso_nsp 50 0.3 0.7 0.4 50 instancias/N25-1.nsp
./pso_nsp 50 0.3 0.7 0.4 50 instancias/N25-1.nsp
PSO PARAMETERS
	c1: 0.300000   c2: 0.700000   w: 0.400000   size: 50   iterations: 50

				BEST SOLUTION

	Fitness: 610

	Solution:
	1  2  3  4  	1  2  3  4  	1  2  3  4  	1  2  3  4  	1  2  3  4  	1  2  3  4  	1  2  3  4  	
	0  0  0  0  	0  0  0  0  	0  0  1  0  	1  0  0  0  	0  0  0  0  	0  1  0  0  	0  0  0  0  	
	1  0  0  0  	1  0  0  0  	1  0  0  0  	0  0  1  0  	0  0  0  0  	0  0  1  0  	0  0  0  0  	
	0  1  0  0  	0  0  0  0  	0  0  0  0  	0  0  1  0  	0  0  0  0  	0  1  0  0  	0  0  0  0  	
	0  0  0  0  	1  0  0  0  	1  0  0  0  	0  0  0  0  	0  0  0  0  	0  0  0  0  	0  0  0  0  	
	1  0  0  0  	0  0  0  0  	1  0  0  0  	1  0  0  0  	0  0  0  0  	0  1  0  0  	0  0  0  0  	
	0  1  0  0  	0  1  0  0  	0  0  1  0  	1  0  0  0  	0  0  0  0  	0  0  0  0  	0  0  0  0  	
	0  1  0  0  	0  1  0  0  	0  0  0  0  	0  0  0  0  	0  0  0  0  	0  0  0  0  	0  0  0  0  	
	0  0  0  0  	0  0  0  0  	1  0  0  0  	0  0  1  0  	0  0  0  0  	0  1  0  0  	0  0  0  0  	
	0  0  0  0  	0  1  0  0  	0  0  1  0  	0  0  0  0  	0  0  0  0  	0  1  0  0  	0  0  0  0  	
	0  0  0  0  	0  0  0  0  	1  0  0  0  	0  0  0  0  	0  0  0  0  	0  0  0  0  	0  0  0  0  	
	0  0  0  0  	0  0  0  0  	0  0  0  0  	0  0  1  0  	0  0  0  0  	0  0  0  0  	0  0  0  0  	
	1  0  0  0  	0  0  0  0  	0  0  0  0  	0  0  0  0  	0  0  0  0  	0  1  0  0  	0  0  0  0  	
	0  0  0  0  	0  1  0  0  	1  0  0  0  	0  0  0  0  	0  0  0  0  	0  0  0  0  	0  0  0  0  	
	1  0  0  0  	1  0  0  0  	1  0  0  0  	0  0  0  0  	0  0  0  0  	0  1  0  0  	0  0  0  0  	
	0  0  0  0  	0  1  0  0  	1  0  0  0  	0  0  0  0  	0  0  0  0  	0  0  0  0  	0  0  0  0  	
	1  0  0  0  	0  1  0  0  	0  0  0  0  	0  0  1  0  	0  0  0  0  	0  0  0  0  	0  0  0  0  	
	0  0  0  0  	0  0  0  0  	1  0  0  0  	0  0  0  0  	0  0  0  0  	0  0  0  0  	0  0  0  0  	
	0  0  0  0  	0  0  0  0  	0  0  0  0  	0  0  0  0  	0  0  0  0  	0  0  0  0  	0  0  0  0  	
	0  0  0  0  	0  0  0  0  	0  0  0  0  	0  0  1  0  	0  0  0  0  	0  0  0  0  	0  0  0  0  	
	1  0  0  0  	0  1  0  0  	0  0  0  0  	0  0  0  0  	0  0  0  0  	0  1  0  0  	0  0  0  0  	
	0  0  0  0  	0  0  0  0  	0  0  0  0  	0  0  0  0  	0  0  0  0  	0  0  0  0  	0  0  0  0  	
	0  0  0  0  	0  1  0  0  	0  0  0  0  	0  0  0  0  	0  0  0  0  	0  0  0  0  	0  0  0  0  	
	0  0  0  0  	0  0  0  0  	1  0  0  0  	0  0  0  0  	0  0  0  0  	0  0  0  0  	0  0  0  0  	
	0  0  0  0  	0  1  0  0  	0  0  0  0  	0  0  0  0  	0  0  0  0  	0  0  0  0  	0  0  0  0  	
	1  0  0  0  	0  0  0  0  	1  0  0  0  	0  0  0  0  	0  0  0  0  	0  0  0  0  	0  0  0  0  	
Tiempo de procesamiento: 115.570000 [segs]
Aptitud: 610.00

------------------------------------------------------------------------
----------------------------CALCULANDO K -------------------------------
------------------------------------------------------------------------
Parametro  |    H0    |    K    |   Rango   | Rango Inicial | 
0     1.79176     1.79176    [ 585 : 714]    [ 0 : 1000]
1     1.79176     1.56071    [ 275 : 308]    [ 0 : 1000]
2     1.79176     1.79176    [ 403 : 541]    [ 0 : 1000]

-----------------------Calibraciones-------------------------
585 : 299 : 541 :  :: 590 :: 2
714 : 275 : 480 :  :: 605 :: 3
701 : 308 : 403 :  :: 610 :: 4
670 : 281 : 414 :  :: 610 :: 7
675 : 308 : 389 :  :: 615 :: 5
690 : 277 : 455 :  :: 630 :: 6
------------------------------------------------------------------------
---------------------------- RESUMEN FINAL -----------------------------
------------------------------------------------------------------------
		FACT_SOC 		701 		[585 .. 714]
		FACT_COG 		299 		[275 .. 308]
		INERTIA 		480 		[403 .. 541]
------------------------------------------------------------------------
------------------------------------------------------------------------
------------------------------------------------------------------------
----------------- ITERACION : 8 -------------------------------------
------------------------------------------------------------------------
-----------------AGREGANDO NUEVAS CALiBRACIONES ------------------------
------------------------------------------------------------------------
(calibracion 0) 696 303 484 ./pso_nsp 50 0.3 0.7 0.5 50 instancias/N25-1.nsp
./pso_nsp 50 0.3 0.7 0.5 50 instancias/N25-1.nsp
PSO PARAMETERS
	c1: 0.300000   c2: 0.700000   w: 0.500000   size: 50   iterations: 50

				BEST SOLUTION

	Fitness: 590

	Solution:
	1  2  3  4  	1  2  3  4  	1  2  3  4  	1  2  3  4  	1  2  3  4  	1  2  3  4  	1  2  3  4  	
	0  0  0  0  	0  0  0  0  	0  0  1  0  	1  0  0  0  	0  0  0  0  	0  0  1  0  	0  0  0  0  	
	1  0  0  0  	1  0  0  0  	1  0  0  0  	0  0  1  0  	0  0  0  0  	0  1  0  0  	0  0  0  0  	
	0  0  0  0  	0  0  0  0  	0  0  0  0  	1  0  0  0  	0  0  0  0  	0  1  0  0  	0  0  0  0  	
	0  1  0  0  	1  0  0  0  	0  0  1  0  	1  0  0  0  	0  0  0  0  	0  0  0  0  	0  0  0  0  	
	0  1  0  0  	1  0  0  0  	0  0  0  0  	0  0  1  0  	0  0  0  0  	0  1  0  0  	0  0  0  0  	
	0  1  0  0  	0  0  0  0  	0  0  1  0  	0  0  0  0  	0  0  0  0  	0  1  0  0  	0  0  0  0  	
	0  0  0  0  	0  1  0  0  	0  0  0  0  	0  0  0  0  	0  0  0  0  	0  1  0  0  	0  0  0  0  	
	0  0  0  0  	0  1  0  0  	0  0  0  0  	0  0  1  0  	0  0  0  0  	0  0  0  0  	0  0  0  0  	
	0  0  0  0  	0  0  0  0  	0  0  0  0  	0  0  0  0  	0  0  0  0  	0  0  0  0  	0  0  0  0  	
	0  0  0  0  	0  1  0  0  	1  0  0  0  	0  0  0  0  	0  0  0  0  	0  0  0  0  	0  0  0  0  	
	0  0  0  0  	0  0  0  0  	1  0  0  0  	0  0  1  0  	0  0  0  0  	0  1  0  0  	0  0  0  0  	
	0  0  0  0  	0  1  0  0  	0  0  0  0  	0  0  0  0  	0  0  0  0  	0  0  0  0  	0  0  0  0  	
	0  0  0  0  	0  1  0  0  	1  0  0  0  	0  0  0  0  	0  0  0  0  	0  0  0  0  	0  0  0  0  	
	0  0  0  0  	0  1  0  0  	1  0  0  0  	0  0  0  0  	0  0  0  0  	0  0  0  0  	0  0  0  0  	
	0  0  0  0  	0  0  0  0  	0  0  0  0  	0  0  0  0  	0  0  0  0  	0  0  0  0  	0  0  0  0  	
	0  0  0  0  	0  1  0  0  	1  0  0  0  	0  0  1  0  	0  0  0  0  	0  0  0  0  	0  0  0  0  	
	1  0  0  0  	0  1  0  0  	1  0  0  0  	0  0  0  0  	0  0  0  0  	0  0  0  0  	0  0  0  0  	
	0  0  0  0  	0  0  0  0  	0  0  0  0  	0  0  0  0  	0  0  0  0  	0  0  0  0  	0  0  0  0  	
	0  0  0  0  	0  0  0  0  	1  0  0  0  	0  0  1  0  	0  0  0  0  	0  0  0  0  	0  0  0  0  	
	0  0  0  0  	0  1  0  0  	1  0  0  0  	0  0  1  0  	0  0  0  0  	0  0  0  0  	0  0  0  0  	
	1  0  0  0  	0  0  0  0  	0  0  0  0  	0  0  0  0  	0  0  0  0  	0  0  0  0  	0  0  0  0  	
	0  0  0  0  	0  0  0  0  	0  0  0  0  	0  0  0  0  	0  0  0  0  	0  0  0  0  	0  0  0  0  	
	0  0  0  0  	0  0  0  0  	1  0  0  0  	0  0  0  0  	0  0  0  0  	0  0  0  0  	0  0  0  0  	
	0  0  0  0  	0  1  0  0  	0  0  0  0  	0  0  0  0  	0  0  0  0  	0  0  0  0  	0  0  0  0  	
	0  0  0  0  	0  1  0  0  	0  0  0  0  	0  0  0  0  	0  0  0  0  	0  0  0  0  	0  0  0  0  	
Tiempo de procesamiento: 115.430000 [segs]
Aptitud: 590.00

------------------------------------------------------------------------
----------------------------CALCULANDO K -------------------------------
------------------------------------------------------------------------
Parametro  |    H0    |    K    |   Rango   | Rango Inicial | 
0     1.79176     1.79176    [ 585 : 701]    [ 0 : 1000]
1     1.79176     1.56071    [ 281 : 308]    [ 0 : 1000]
2     1.79176     1.79176    [ 403 : 541]    [ 0 : 1000]

-----------------------Calibraciones-------------------------
585 : 299 : 541 :  :: 590 :: 2
696 : 303 : 484 :  :: 590 :: 8
701 : 308 : 403 :  :: 610 :: 4
670 : 281 : 414 :  :: 610 :: 7
675 : 308 : 389 :  :: 615 :: 5
690 : 277 : 455 :  :: 630 :: 6
------------------------------------------------------------------------
---------------------------- RESUMEN FINAL -----------------------------
------------------------------------------------------------------------
		FACT_SOC 		696 		[585 .. 701]
		FACT_COG 		303 		[299 .. 308]
		INERTIA 		484 		[403 .. 541]
------------------------------------------------------------------------
------------------------------------------------------------------------
------------------------------------------------------------------------
----------------- ITERACION : 9 -------------------------------------
------------------------------------------------------------------------
-----------------AGREGANDO NUEVAS CALiBRACIONES ------------------------
------------------------------------------------------------------------
(calibracion 0) 686 286 530 ./pso_nsp 50 0.3 0.7 0.5 50 instancias/N25-1.nsp
./pso_nsp 50 0.3 0.7 0.5 50 instancias/N25-1.nsp
PSO PARAMETERS
	c1: 0.300000   c2: 0.700000   w: 0.500000   size: 50   iterations: 50

				BEST SOLUTION

	Fitness: 600

	Solution:
	1  2  3  4  	1  2  3  4  	1  2  3  4  	1  2  3  4  	1  2  3  4  	1  2  3  4  	1  2  3  4  	
	0  0  0  0  	0  0  0  0  	0  0  1  0  	1  0  0  0  	0  0  0  0  	0  0  1  0  	0  0  0  0  	
	1  0  0  0  	1  0  0  0  	1  0  0  0  	0  0  1  0  	0  0  0  0  	0  1  0  0  	0  0  0  0  	
	0  1  0  0  	0  1  0  0  	0  0  0  0  	0  0  1  0  	0  0  0  0  	0  0  0  0  	0  0  0  0  	
	0  0  0  0  	1  0  0  0  	0  0  1  0  	1  0  0  0  	0  0  0  0  	0  1  0  0  	0  0  0  0  	
	0  1  0  0  	1  0  0  0  	1  0  0  0  	1  0  0  0  	0  0  0  0  	0  0  0  0  	0  0  0  0  	
	0  0  0  0  	0  0  0  0  	0  0  1  0  	0  0  0  0  	0  0  0  0  	0  1  0  0  	0  0  0  0  	
	0  0  0  0  	0  0  0  0  	0  0  0  0  	0  0  0  0  	0  0  0  0  	0  0  0  0  	0  0  0  0  	
	0  1  0  0  	0  0  0  0  	1  0  0  0  	0  0  1  0  	0  0  0  0  	0  0  0  0  	0  0  0  0  	
	0  0  0  0  	0  0  0  0  	1  0  0  0  	0  0  0  0  	0  0  0  0  	0  0  0  0  	0  0  0  0  	
	0  0  0  0  	0  1  0  0  	1  0  0  0  	0  0  0  0  	0  0  0  0  	0  0  0  0  	0  0  0  0  	
	0  0  0  0  	0  0  0  0  	1  0  0  0  	0  0  1  0  	0  0  0  0  	0  0  0  0  	0  0  0  0  	
	0  0  0  0  	0  1  0  0  	0  0  0  0  	0  0  0  0  	0  0  0  0  	0  1  0  0  	0  0  0  0  	
	0  0  0  0  	0  0  0  0  	1  0  0  0  	0  0  0  0  	0  0  0  0  	0  0  0  0  	0  0  0  0  	
	1  0  0  0  	0  0  0  0  	0  0  0  0  	0  0  0  0  	0  0  0  0  	0  1  0  0  	0  0  0  0  	
	1  0  0  0  	0  0  0  0  	1  0  0  0  	0  0  0  0  	0  0  0  0  	0  1  0  0  	0  0  0  0  	
	0  0  0  0  	0  0  0  0  	1  0  0  0  	0  0  1  0  	0  0  0  0  	0  0  0  0  	0  0  0  0  	
	0  0  0  0  	0  1  0  0  	0  0  0  0  	0  0  0  0  	0  0  0  0  	0  0  0  0  	0  0  0  0  	
	0  0  0  0  	0  0  0  0  	0  0  0  0  	0  0  0  0  	0  0  0  0  	0  0  0  0  	0  0  0  0  	
	0  0  0  0  	0  0  0  0  	0  0  0  0  	0  0  1  0  	0  0  0  0  	0  0  0  0  	0  0  0  0  	
	0  0  0  0  	0  0  0  0  	1  0  0  0  	0  0  0  0  	0  0  0  0  	0  1  0  0  	0  0  0  0  	
	0  0  0  0  	0  0  0  0  	0  0  0  0  	0  0  0  0  	0  0  0  0  	0  0  0  0  	0  0  0  0  	
	0  0  0  0  	0  0  0  0  	0  0  0  0  	0  0  0  0  	0  0  0  0  	0  0  0  0  	0  0  0  0  	
	1  0  0  0  	0  0  0  0  	1  0  0  0  	0  0  0  0  	0  0  0  0  	0  0  0  0  	0  0  0  0  	
	0  0  0  0  	0  0  0  0  	0  0  0  0  	0  0  1  0  	0  0  0  0  	0  1  0  0  	0  0  0  0  	
	0  0  0  0  	0  0  0  0  	0  0  0  0  	0  0  1  0  	0  0  0  0  	0  0  0  0  	0  0  0  0  	
Tiempo de procesamiento: 114.610000 [segs]
Aptitud: 600.00

------------------------------------------------------------------------
----------------------------CALCULANDO K -------------------------------
------------------------------------------------------------------------
Parametro  |    H0    |    K    |   Rango   | Rango Inicial | 
0     1.79176     1.79176    [ 585 : 696]    [ 0 : 1000]
1     1.79176     1.79176    [ 281 : 303]    [ 0 : 1000]
2     1.79176     1.79176    [ 414 : 541]    [ 0 : 1000]

-----------------------Calibraciones-------------------------
585 : 299 : 541 :  :: 590 :: 2
696 : 303 : 484 :  :: 590 :: 8
686 : 286 : 530 :  :: 600 :: 9
670 : 281 : 414 :  :: 610 :: 7
675 : 308 : 389 :  :: 615 :: 5
690 : 277 : 455 :  :: 630 :: 6
------------------------------------------------------------------------
---------------------------- RESUMEN FINAL -----------------------------
------------------------------------------------------------------------
		FACT_SOC 		686 		[585 .. 696]
		FACT_COG 		299 		[286 .. 303]
		INERTIA 		530 		[484 .. 541]
------------------------------------------------------------------------
------------------------------------------------------------------------
-----------------------Calibraciones-------------------------
585 : 299 : 541 :  :: 590 :: 2
696 : 303 : 484 :  :: 590 :: 8
686 : 286 : 530 :  :: 600 :: 9
670 : 281 : 414 :  :: 610 :: 7
675 : 308 : 389 :  :: 615 :: 5
690 : 277 : 455 :  :: 630 :: 6
------------------------------------------------------------------------
---------------------------- RESUMEN FINAL -----------------------------
------------------------------------------------------------------------
		FACT_SOC 		686 		[585 .. 696]
		FACT_COG 		299 		[286 .. 303]
		INERTIA 		530 		[484 .. 541]
------------------------------------------------------------------------
------------------------------------------------------------------------
