------------------------------------------------------------------------
---------------------------- INICIALIZACION ----------------------------
------------------------------------------------------------------------
3
nombre leido: FACT_SOC
lim_min: 0
lim_max: 1000
decimales: 1000
nombre leido: FACT_COG
lim_min: 0
lim_max: 1000
decimales: 1000
nombre leido: INERTIA
lim_min: 0
lim_max: 1000
decimales: 1000
------------------------------------------------------------------------
-------------------- CREACION CONJUNTO INICIAL -------------------------
------------------------------------------------------------------------
(calibracion 0) 41 454 835 
41 454 835 ./pso_nsp 50 0.5 0.0 0.8 50 instancias/N50-1.nsp
./pso_nsp 50 0.5 0.0 0.8 50 instancias/N50-1.nsp
PSO PARAMETERS
	c1: 0.500000   c2: 0.000000   w: 0.800000   size: 50   iterations: 50

				BEST SOLUTION

	Fitness: 995

	Solution:
	1  2  3  4  	1  2  3  4  	1  2  3  4  	1  2  3  4  	1  2  3  4  	1  2  3  4  	1  2  3  4  	
	0  0  0  0  	0  0  0  0  	1  0  0  0  	1  0  0  0  	1  0  0  0  	1  0  0  0  	0  0  1  0  	
	0  0  0  0  	0  0  0  0  	0  0  0  0  	0  0  0  0  	0  0  0  0  	0  0  0  0  	0  1  0  0  	
	1  0  0  0  	1  0  0  0  	0  0  0  0  	0  0  0  0  	1  0  0  0  	0  1  0  0  	0  0  1  0  	
	1  0  0  0  	0  0  0  0  	1  0  0  0  	0  0  0  0  	0  0  0  0  	0  0  0  0  	0  0  1  0  	
	1  0  0  0  	1  0  0  0  	1  0  0  0  	0  0  0  0  	0  0  0  0  	0  0  0  0  	1  0  0  0  	
	0  0  0  0  	0  0  0  0  	1  0  0  0  	0  0  0  0  	1  0  0  0  	0  0  0  0  	0  0  1  0  	
	0  0  0  0  	0  0  0  0  	1  0  0  0  	0  0  0  0  	1  0  0  0  	0  0  0  0  	0  0  1  0  	
	1  0  0  0  	0  0  0  0  	1  0  0  0  	0  0  0  0  	0  0  0  0  	0  0  0  0  	0  0  1  0  	
	0  0  0  0  	0  0  0  0  	0  0  0  0  	0  0  0  0  	0  0  0  0  	0  0  0  0  	0  0  1  0  	
	0  0  0  0  	0  0  0  0  	0  0  0  0  	0  0  1  0  	0  1  0  0  	0  0  1  0  	0  0  1  0  	
	1  0  0  0  	0  0  0  0  	0  0  0  0  	0  0  0  0  	1  0  0  0  	0  0  0  0  	0  1  0  0  	
	1  0  0  0  	0  0  0  0  	0  0  0  0  	0  0  0  0  	0  0  0  0  	0  0  0  0  	0  0  1  0  	
	1  0  0  0  	0  0  0  0  	1  0  0  0  	0  0  0  0  	0  0  0  0  	0  0  0  0  	0  0  1  0  	
	1  0  0  0  	0  0  0  0  	0  0  0  0  	0  0  0  0  	0  0  0  0  	0  0  0  0  	0  0  1  0  	
	0  0  0  0  	0  0  0  0  	0  0  0  0  	0  0  0  0  	0  1  0  0  	0  0  0  0  	0  0  0  0  	
	0  0  1  0  	0  0  0  0  	1  0  0  0  	0  0  1  0  	0  0  0  0  	0  0  1  0  	1  0  0  0  	
	0  0  0  0  	0  0  0  0  	0  0  0  0  	0  0  1  0  	1  0  0  0  	0  0  0  0  	0  1  0  0  	
	0  0  0  0  	0  1  0  0  	0  0  1  0  	0  0  0  0  	0  0  0  0  	0  0  0  0  	0  0  1  0  	
	0  0  0  0  	0  0  0  0  	0  0  0  0  	0  0  0  0  	0  0  0  0  	0  0  0  0  	0  0  1  0  	
	0  0  0  0  	0  1  0  0  	0  0  0  0  	0  0  0  0  	0  0  0  0  	0  0  1  0  	0  0  1  0  	
	0  0  0  0  	0  0  0  0  	1  0  0  0  	0  0  1  0  	0  0  0  0  	0  1  0  0  	0  0  0  0  	
	0  0  0  0  	0  1  0  0  	1  0  0  0  	0  0  0  0  	0  0  0  0  	0  0  0  0  	0  0  1  0  	
	0  0  1  0  	0  1  0  0  	0  0  0  0  	0  0  0  0  	1  0  0  0  	1  0  0  0  	1  0  0  0  	
	0  0  0  0  	0  0  0  0  	0  0  0  0  	0  0  0  0  	0  0  0  0  	1  0  0  0  	0  0  0  0  	
	0  0  0  0  	0  0  0  0  	0  0  0  0  	0  0  0  0  	0  0  0  0  	0  0  0  0  	0  0  0  0  	
	0  0  0  0  	0  1  0  0  	1  0  0  0  	0  0  0  0  	1  0  0  0  	0  0  0  0  	0  0  0  0  	
	0  0  0  0  	0  0  0  0  	1  0  0  0  	0  0  0  0  	0  0  0  0  	1  0  0  0  	0  0  0  0  	
	0  0  0  0  	0  1  0  0  	0  0  0  0  	0  0  0  0  	1  0  0  0  	0  0  0  0  	0  0  1  0  	
	0  0  0  0  	0  0  0  0  	0  0  1  0  	0  0  0  0  	0  0  0  0  	1  0  0  0  	0  0  0  0  	
	0  0  0  0  	0  0  0  0  	1  0  0  0  	0  0  0  0  	0  0  0  0  	1  0  0  0  	0  0  0  0  	
	0  0  0  0  	0  0  0  0  	0  0  1  0  	0  0  0  0  	0  0  0  0  	0  1  0  0  	0  0  1  0  	
	0  0  0  0  	0  0  0  0  	0  0  0  0  	0  0  1  0  	0  0  0  0  	0  0  0  0  	0  0  0  0  	
	0  0  0  0  	0  0  0  0  	0  0  1  0  	0  0  1  0  	0  0  0  0  	0  0  0  0  	0  0  1  0  	
	0  0  0  0  	0  1  0  0  	0  0  1  0  	0  0  0  0  	0  0  0  0  	1  0  0  0  	0  0  0  0  	
	0  0  0  0  	0  0  0  0  	0  0  1  0  	0  0  0  0  	0  0  0  0  	1  0  0  0  	0  0  0  0  	
	0  0  0  0  	0  1  0  0  	0  0  1  0  	0  0  0  0  	0  0  0  0  	1  0  0  0  	0  0  1  0  	
	0  0  0  0  	0  1  0  0  	0  0  0  0  	0  0  0  0  	0  0  0  0  	1  0  0  0  	0  0  0  0  	
	0  0  0  0  	0  1  0  0  	0  0  0  0  	0  0  0  0  	0  0  0  0  	1  0  0  0  	0  0  0  0  	
	0  0  0  0  	0  0  0  0  	0  0  1  0  	0  0  0  0  	0  0  0  0  	0  0  0  0  	0  0  1  0  	
	0  0  0  0  	0  0  0  0  	0  0  0  0  	0  0  0  0  	0  0  0  0  	0  0  1  0  	0  0  0  0  	
	0  0  0  0  	0  1  0  0  	0  0  0  0  	0  0  0  0  	0  0  0  0  	0  0  0  0  	0  0  0  0  	
	0  0  0  0  	0  1  0  0  	1  0  0  0  	0  0  0  0  	0  0  0  0  	1  0  0  0  	0  0  1  0  	
	0  0  0  0  	0  0  0  0  	0  0  0  0  	0  0  0  0  	0  0  0  0  	1  0  0  0  	0  0  1  0  	
	0  0  0  0  	0  0  0  0  	1  0  0  0  	0  0  0  0  	0  0  0  0  	0  0  0  0  	0  0  0  0  	
	0  0  0  0  	0  0  0  0  	0  0  0  0  	0  0  0  0  	0  0  0  0  	1  0  0  0  	0  0  0  0  	
	0  0  0  0  	0  0  0  0  	0  0  0  0  	0  0  0  0  	0  0  0  0  	0  0  0  0  	0  1  0  0  	
	0  0  0  0  	0  0  0  0  	1  0  0  0  	0  0  1  0  	0  0  0  0  	0  0  0  0  	0  0  1  0  	
	0  0  0  0  	0  0  0  0  	0  0  0  0  	0  0  0  0  	0  0  0  0  	1  0  0  0  	0  0  1  0  	
	0  0  0  0  	0  0  0  0  	1  0  0  0  	0  0  0  0  	0  0  0  0  	1  0  0  0  	0  0  1  0  	
	0  0  0  0  	0  0  0  0  	0  0  0  0  	0  0  0  0  	0  0  0  0  	1  0  0  0  	0  0  0  0  	
Tiempo de procesamiento: 662.260000 [segs]
Aptitud: 995.00

(calibracion 1) 566 1 187 
566 1 187 ./pso_nsp 50 0.0 0.6 0.2 50 instancias/N50-1.nsp
./pso_nsp 50 0.0 0.6 0.2 50 instancias/N50-1.nsp
PSO PARAMETERS
	c1: 0.000000   c2: 0.600000   w: 0.200000   size: 50   iterations: 50

				BEST SOLUTION

	Fitness: 1005

	Solution:
	1  2  3  4  	1  2  3  4  	1  2  3  4  	1  2  3  4  	1  2  3  4  	1  2  3  4  	1  2  3  4  	
	1  0  0  0  	1  0  0  0  	0  0  0  0  	0  0  0  0  	0  0  0  0  	1  0  0  0  	0  0  1  0  	
	0  0  0  0  	0  1  0  0  	1  0  0  0  	0  0  0  0  	1  0  0  0  	0  0  0  0  	0  1  0  0  	
	0  0  0  0  	0  0  0  0  	0  0  0  0  	1  0  0  0  	1  0  0  0  	0  1  0  0  	0  0  1  0  	
	0  0  0  0  	0  0  0  0  	1  0  0  0  	0  0  0  0  	1  0  0  0  	0  0  0  0  	0  0  1  0  	
	1  0  0  0  	1  0  0  0  	1  0  0  0  	0  0  0  0  	0  0  0  0  	0  0  0  0  	0  0  1  0  	
	1  0  0  0  	0  0  0  0  	0  0  0  0  	0  0  0  0  	1  0  0  0  	0  0  0  0  	0  0  1  0  	
	0  0  0  0  	0  0  0  0  	1  0  0  0  	0  0  0  0  	1  0  0  0  	0  0  0  0  	0  0  1  0  	
	0  0  0  0  	0  0  0  0  	1  0  0  0  	0  0  0  0  	0  0  0  0  	0  0  0  0  	0  0  1  0  	
	1  0  0  0  	0  0  0  0  	1  0  0  0  	0  0  0  0  	0  0  0  0  	0  0  0  0  	0  0  1  0  	
	0  0  0  0  	0  0  0  0  	0  0  0  0  	0  0  1  0  	0  1  0  0  	0  0  1  0  	0  0  1  0  	
	0  0  0  0  	0  0  0  0  	1  0  0  0  	0  0  0  0  	0  0  0  0  	0  0  0  0  	0  1  0  0  	
	0  0  0  0  	0  0  0  0  	0  0  0  0  	0  0  0  0  	1  0  0  0  	0  0  0  0  	0  0  1  0  	
	1  0  0  0  	0  0  0  0  	0  0  1  0  	0  0  0  0  	1  0  0  0  	0  0  0  0  	0  0  1  0  	
	1  0  0  0  	0  0  0  0  	0  0  0  0  	0  0  0  0  	0  0  0  0  	0  0  0  0  	0  0  1  0  	
	1  0  0  0  	0  0  0  0  	0  0  0  0  	0  0  0  0  	0  1  0  0  	0  1  0  0  	0  0  0  0  	
	0  0  1  0  	0  0  0  0  	0  0  0  0  	0  0  1  0  	1  0  0  0  	0  0  1  0  	1  0  0  0  	
	1  0  0  0  	0  0  0  0  	0  0  0  0  	0  0  1  0  	1  0  0  0  	0  1  0  0  	0  1  0  0  	
	0  0  0  0  	0  0  0  0  	0  0  0  0  	0  0  0  0  	0  0  0  0  	0  0  0  0  	0  0  1  0  	
	0  0  1  0  	0  1  0  0  	0  0  1  0  	0  0  0  0  	0  0  0  0  	0  0  0  0  	1  0  0  0  	
	0  0  0  0  	0  0  0  0  	0  0  0  0  	0  0  0  0  	0  0  0  0  	0  0  1  0  	0  0  1  0  	
	0  0  0  0  	0  1  0  0  	0  0  0  0  	0  0  1  0  	0  0  0  0  	0  0  0  0  	0  0  1  0  	
	0  0  0  0  	0  1  0  0  	0  0  1  0  	0  0  0  0  	0  0  0  0  	0  0  0  0  	0  0  1  0  	
	0  0  0  0  	0  0  0  0  	0  0  1  0  	0  0  0  0  	0  0  0  0  	0  0  0  0  	0  0  1  0  	
	0  0  0  0  	0  1  0  0  	0  0  1  0  	0  0  0  0  	0  0  0  0  	0  0  0  0  	0  0  1  0  	
	0  0  0  0  	0  1  0  0  	0  0  1  0  	0  0  0  0  	0  0  0  0  	0  0  0  0  	1  0  0  0  	
	0  0  0  0  	0  1  0  0  	0  0  0  0  	0  0  0  0  	0  0  0  0  	0  0  0  0  	0  0  1  0  	
	0  0  0  0  	0  0  0  0  	0  0  1  0  	0  0  0  0  	0  0  0  0  	1  0  0  0  	0  0  1  0  	
	0  0  0  0  	0  1  0  0  	0  0  1  0  	0  0  0  0  	0  0  0  0  	1  0  0  0  	0  0  1  0  	
	0  0  0  0  	0  0  0  0  	0  0  0  0  	0  0  0  0  	0  0  0  0  	1  0  0  0  	0  0  1  0  	
	0  0  0  0  	0  1  0  0  	1  0  0  0  	0  0  0  0  	0  0  0  0  	1  0  0  0  	0  0  0  0  	
	0  0  0  0  	0  0  0  0  	0  0  0  0  	0  0  0  0  	0  0  0  0  	1  0  0  0  	0  0  1  0  	
	0  0  0  0  	0  1  0  0  	1  0  0  0  	0  0  1  0  	0  0  0  0  	0  0  0  0  	0  0  0  0  	
	0  0  0  0  	0  0  0  0  	0  0  0  0  	0  0  1  0  	0  0  0  0  	1  0  0  0  	0  0  0  0  	
	0  0  0  0  	0  1  0  0  	0  0  0  0  	0  0  0  0  	0  0  0  0  	0  0  0  0  	0  0  0  0  	
	0  0  0  0  	0  0  0  0  	0  0  0  0  	0  0  0  0  	0  0  0  0  	1  0  0  0  	0  0  0  0  	
	0  0  0  0  	0  0  0  0  	1  0  0  0  	0  0  0  0  	0  0  0  0  	0  0  0  0  	0  0  0  0  	
	0  0  0  0  	0  0  0  0  	0  0  0  0  	0  0  0  0  	0  0  0  0  	0  0  0  0  	0  0  0  0  	
	0  0  0  0  	0  1  0  0  	0  0  0  0  	0  0  0  0  	0  0  0  0  	1  0  0  0  	0  0  0  0  	
	0  0  0  0  	0  0  0  0  	0  0  0  0  	0  0  0  0  	0  0  0  0  	1  0  0  0  	0  0  0  0  	
	0  0  0  0  	0  0  0  0  	0  0  0  0  	0  0  0  0  	0  0  0  0  	0  0  1  0  	0  0  0  0  	
	0  0  0  0  	0  0  0  0  	1  0  0  0  	0  0  0  0  	0  0  0  0  	1  0  0  0  	0  0  0  0  	
	0  0  0  0  	0  0  0  0  	1  0  0  0  	0  0  0  0  	0  0  0  0  	1  0  0  0  	0  0  0  0  	
	0  0  0  0  	0  0  0  0  	1  0  0  0  	0  0  0  0  	0  0  0  0  	1  0  0  0  	0  0  1  0  	
	0  0  0  0  	0  0  0  0  	1  0  0  0  	0  0  0  0  	0  0  0  0  	0  0  0  0  	0  1  0  0  	
	0  0  0  0  	0  0  0  0  	0  0  0  0  	0  0  0  0  	0  0  0  0  	0  0  0  0  	0  0  1  0  	
	0  0  0  0  	0  0  0  0  	1  0  0  0  	0  0  0  0  	0  0  0  0  	1  0  0  0  	0  0  0  0  	
	0  0  0  0  	0  0  0  0  	0  0  0  0  	0  0  0  0  	0  0  0  0  	0  0  0  0  	0  0  1  0  	
	0  0  0  0  	0  0  0  0  	0  0  0  0  	0  0  0  0  	0  0  0  0  	1  0  0  0  	0  0  1  0  	
	0  0  0  0  	0  0  0  0  	1  0  0  0  	0  0  0  0  	0  0  0  0  	1  0  0  0  	0  0  1  0  	
	0  0  0  0  	0  0  0  0  	0  0  0  0  	0  0  0  0  	0  0  0  0  	1  0  0  0  	0  0  0  0  	
Tiempo de procesamiento: 664.350000 [segs]
Aptitud: 1005.00

(calibracion 2) 751 366 351 
751 366 351 ./pso_nsp 50 0.4 0.8 0.4 50 instancias/N50-1.nsp
./pso_nsp 50 0.4 0.8 0.4 50 instancias/N50-1.nsp
PSO PARAMETERS
	c1: 0.400000   c2: 0.800000   w: 0.400000   size: 50   iterations: 50

				BEST SOLUTION

	Fitness: 955

	Solution:
	1  2  3  4  	1  2  3  4  	1  2  3  4  	1  2  3  4  	1  2  3  4  	1  2  3  4  	1  2  3  4  	
	0  0  0  0  	0  0  0  0  	0  0  0  0  	1  0  0  0  	1  0  0  0  	0  0  0  0  	0  0  1  0  	
	0  0  0  0  	0  1  0  0  	1  0  0  0  	0  0  0  0  	0  0  0  0  	0  0  0  0  	0  0  1  0  	
	1  0  0  0  	1  0  0  0  	0  0  0  0  	0  0  0  0  	1  0  0  0  	0  0  0  0  	0  0  1  0  	
	1  0  0  0  	1  0  0  0  	1  0  0  0  	0  0  0  0  	0  0  0  0  	0  0  0  0  	0  0  1  0  	
	0  0  0  0  	0  0  0  0  	1  0  0  0  	0  0  0  0  	1  0  0  0  	0  1  0  0  	0  0  1  0  	
	0  0  0  0  	0  0  0  0  	1  0  0  0  	0  0  0  0  	1  0  0  0  	0  0  0  0  	0  0  1  0  	
	1  0  0  0  	0  0  0  0  	1  0  0  0  	0  0  0  0  	0  0  0  0  	0  0  0  0  	0  0  1  0  	
	1  0  0  0  	0  0  0  0  	0  0  0  0  	0  0  0  0  	0  0  0  0  	0  1  0  0  	0  0  1  0  	
	0  0  0  0  	0  0  0  0  	0  0  0  0  	0  0  0  0  	1  0  0  0  	0  1  0  0  	0  0  1  0  	
	0  0  0  0  	0  0  0  0  	1  0  0  0  	0  0  1  0  	0  1  0  0  	0  0  1  0  	0  0  1  0  	
	0  0  0  0  	0  0  0  0  	1  0  0  0  	0  0  0  0  	0  0  0  0  	0  0  0  0  	0  1  0  0  	
	1  0  0  0  	0  0  0  0  	0  0  0  0  	0  0  0  0  	0  0  0  0  	0  0  0  0  	0  0  1  0  	
	0  0  0  0  	0  0  0  0  	1  0  0  0  	0  0  0  0  	0  0  0  0  	0  0  0  0  	0  0  1  0  	
	1  0  0  0  	0  0  0  0  	0  0  0  0  	0  0  0  0  	1  0  0  0  	0  0  0  0  	0  0  1  0  	
	0  0  0  0  	0  0  0  0  	0  0  0  0  	0  0  0  0  	0  1  0  0  	0  0  0  0  	0  0  0  0  	
	0  0  1  0  	0  0  0  0  	0  0  0  0  	0  0  1  0  	1  0  0  0  	0  0  1  0  	0  0  1  0  	
	0  0  0  0  	0  0  0  0  	1  0  0  0  	0  0  1  0  	1  0  0  0  	0  0  0  0  	0  1  0  0  	
	0  0  1  0  	0  0  0  0  	0  0  0  0  	0  0  0  0  	0  0  0  0  	0  0  0  0  	0  0  1  0  	
	0  0  0  0  	0  0  0  0  	0  0  0  0  	0  0  0  0  	1  0  0  0  	0  0  0  0  	0  1  0  0  	
	0  0  0  0  	0  0  0  0  	0  0  0  0  	0  0  0  0  	0  0  0  0  	0  0  1  0  	0  1  0  0  	
	0  0  0  0  	0  0  0  0  	0  0  0  0  	0  0  1  0  	0  0  0  0  	0  0  0  0  	0  0  1  0  	
	1  0  0  0  	0  0  0  0  	1  0  0  0  	0  0  0  0  	0  0  0  0  	0  0  0  0  	0  0  1  0  	
	0  0  0  0  	0  1  0  0  	0  0  0  0  	0  0  0  0  	0  0  0  0  	0  0  0  0  	0  0  1  0  	
	0  0  0  0  	0  0  0  0  	1  0  0  0  	0  0  0  0  	0  0  0  0  	0  0  0  0  	0  0  1  0  	
	1  0  0  0  	0  1  0  0  	0  0  1  0  	0  0  0  0  	0  0  0  0  	0  0  0  0  	1  0  0  0  	
	0  0  0  0  	0  1  0  0  	1  0  0  0  	0  0  0  0  	0  0  0  0  	0  0  0  0  	0  0  1  0  	
	0  0  0  0  	0  0  0  0  	0  0  1  0  	0  0  0  0  	0  0  0  0  	0  0  0  0  	1  0  0  0  	
	0  0  0  0  	0  1  0  0  	0  0  0  0  	0  0  0  0  	0  0  0  0  	0  0  0  0  	0  0  1  0  	
	0  0  0  0  	0  1  0  0  	0  0  0  0  	0  0  0  0  	0  0  0  0  	1  0  0  0  	0  0  1  0  	
	0  0  0  0  	0  0  0  0  	0  0  0  0  	0  0  0  0  	0  0  0  0  	1  0  0  0  	0  0  0  0  	
	0  0  0  0  	0  1  0  0  	0  0  1  0  	0  0  0  0  	0  0  0  0  	0  0  0  0  	0  0  1  0  	
	0  0  0  0  	0  0  0  0  	0  0  0  0  	0  0  1  0  	0  0  0  0  	1  0  0  0  	1  0  0  0  	
	0  0  0  0  	0  0  0  0  	0  0  0  0  	0  0  1  0  	0  0  0  0  	1  0  0  0  	0  0  1  0  	
	0  0  0  0  	0  1  0  0  	0  0  1  0  	0  0  0  0  	0  0  0  0  	1  0  0  0  	0  0  1  0  	
	0  0  0  0  	0  0  0  0  	0  0  1  0  	0  0  0  0  	0  0  0  0  	1  0  0  0  	0  0  0  0  	
	0  0  0  0  	0  1  0  0  	0  0  1  0  	0  0  0  0  	0  0  0  0  	1  0  0  0  	0  0  1  0  	
	0  0  0  0  	0  1  0  0  	0  0  0  0  	0  0  0  0  	0  0  0  0  	1  0  0  0  	0  0  0  0  	
	0  0  0  0  	0  1  0  0  	0  0  0  0  	0  0  0  0  	0  0  0  0  	0  0  0  0  	0  0  1  0  	
	0  0  0  0  	0  0  0  0  	0  0  1  0  	0  0  0  0  	0  0  0  0  	0  0  0  0  	0  0  0  0  	
	0  0  0  0  	0  0  0  0  	1  0  0  0  	0  0  0  0  	0  0  0  0  	0  0  1  0  	0  0  0  0  	
	0  0  0  0  	0  0  0  0  	0  0  0  0  	0  0  0  0  	0  0  0  0  	0  0  0  0  	0  0  0  0  	
	0  0  0  0  	0  0  0  0  	0  0  0  0  	0  0  0  0  	0  0  0  0  	1  0  0  0  	0  0  0  0  	
	0  0  0  0  	0  0  0  0  	1  0  0  0  	0  0  0  0  	0  0  0  0  	0  0  0  0  	0  0  1  0  	
	0  0  0  0  	0  0  0  0  	1  0  0  0  	0  0  0  0  	0  0  0  0  	1  0  0  0  	0  0  0  0  	
	0  0  0  0  	0  0  0  0  	1  0  0  0  	0  0  0  0  	0  0  0  0  	0  0  0  0  	0  0  0  0  	
	0  0  0  0  	0  0  0  0  	0  0  1  0  	0  0  0  0  	0  0  0  0  	0  0  0  0  	0  0  0  0  	
	0  0  0  0  	0  1  0  0  	0  0  0  0  	0  0  0  0  	0  0  0  0  	0  0  0  0  	0  0  0  0  	
	0  0  0  0  	0  0  0  0  	0  0  0  0  	0  0  0  0  	0  0  0  0  	1  0  0  0  	0  0  0  0  	
	0  0  0  0  	0  0  0  0  	1  0  0  0  	0  0  0  0  	0  0  0  0  	1  0  0  0  	0  0  1  0  	
	0  0  0  0  	0  0  0  0  	0  0  0  0  	0  0  0  0  	0  0  0  0  	1  0  0  0  	0  0  0  0  	
Tiempo de procesamiento: 649.980000 [segs]
Aptitud: 955.00

(calibracion 3) 132 64 951 
132 64 951 ./pso_nsp 50 0.1 0.1 1.0 50 instancias/N50-1.nsp
./pso_nsp 50 0.1 0.1 1.0 50 instancias/N50-1.nsp
PSO PARAMETERS
	c1: 0.100000   c2: 0.100000   w: 1.000000   size: 50   iterations: 50

				BEST SOLUTION

	Fitness: 1060

	Solution:
	1  2  3  4  	1  2  3  4  	1  2  3  4  	1  2  3  4  	1  2  3  4  	1  2  3  4  	1  2  3  4  	
	1  0  0  0  	1  0  0  0  	1  0  0  0  	0  0  0  0  	0  0  0  0  	1  0  0  0  	0  0  1  0  	
	0  0  0  0  	0  0  0  0  	0  0  0  0  	0  0  0  0  	1  0  0  0  	0  0  0  0  	0  1  0  0  	
	0  0  0  0  	0  0  0  0  	1  0  0  0  	1  0  0  0  	1  0  0  0  	0  1  0  0  	0  0  1  0  	
	0  0  0  0  	0  0  0  0  	1  0  0  0  	0  0  0  0  	1  0  0  0  	0  0  0  0  	0  0  1  0  	
	1  0  0  0  	0  0  0  0  	1  0  0  0  	0  0  0  0  	0  0  0  0  	0  0  0  0  	0  0  1  0  	
	1  0  0  0  	0  0  0  0  	0  0  0  0  	0  0  0  0  	1  0  0  0  	0  0  0  0  	0  0  1  0  	
	1  0  0  0  	0  0  0  0  	1  0  0  0  	0  0  0  0  	0  0  0  0  	0  1  0  0  	0  0  1  0  	
	1  0  0  0  	1  0  0  0  	1  0  0  0  	0  0  0  0  	0  0  0  0  	0  0  0  0  	0  0  1  0  	
	1  0  0  0  	0  0  0  0  	0  0  0  0  	0  0  0  0  	0  0  0  0  	0  0  0  0  	0  0  1  0  	
	1  0  0  0  	0  0  0  0  	0  0  0  0  	0  0  1  0  	0  1  0  0  	0  0  1  0  	0  0  1  0  	
	0  0  0  0  	0  0  0  0  	0  0  0  0  	0  0  0  0  	0  0  0  0  	0  0  0  0  	0  1  0  0  	
	1  0  0  0  	0  0  0  0  	0  0  0  0  	0  0  0  0  	0  0  0  0  	0  0  0  0  	0  0  1  0  	
	0  0  1  0  	0  0  0  0  	0  0  1  0  	0  0  0  0  	1  0  0  0  	0  1  0  0  	0  0  1  0  	
	0  0  0  0  	0  0  0  0  	1  0  0  0  	0  0  0  0  	0  0  0  0  	0  0  0  0  	0  0  1  0  	
	0  0  0  0  	0  0  0  0  	0  0  0  0  	0  0  0  0  	0  1  0  0  	0  0  0  0  	0  0  0  0  	
	0  0  1  0  	0  0  0  0  	0  0  0  0  	0  0  1  0  	1  0  0  0  	0  0  1  0  	1  0  0  0  	
	0  0  0  0  	0  0  0  0  	0  0  0  0  	0  0  1  0  	1  0  0  0  	0  0  0  0  	0  1  0  0  	
	0  0  0  0  	0  1  0  0  	0  0  0  0  	0  0  0  0  	1  0  0  0  	0  0  0  0  	0  1  0  0  	
	0  0  0  0  	0  0  0  0  	0  0  1  0  	0  0  0  0  	1  0  0  0  	0  0  0  0  	0  0  1  0  	
	0  0  0  0  	0  1  0  0  	0  0  1  0  	0  0  0  0  	0  0  0  0  	0  0  1  0  	0  0  1  0  	
	0  0  0  0  	0  1  0  0  	1  0  0  0  	0  0  1  0  	0  0  0  0  	0  0  0  0  	0  0  1  0  	
	0  0  0  0  	0  0  0  0  	1  0  0  0  	0  0  0  0  	0  0  0  0  	0  0  0  0  	0  0  1  0  	
	0  0  0  0  	0  0  0  0  	0  0  0  0  	0  0  0  0  	0  0  0  0  	0  0  0  0  	0  0  1  0  	
	0  0  0  0  	0  1  0  0  	0  0  1  0  	0  0  0  0  	0  0  0  0  	0  0  0  0  	0  0  1  0  	
	0  0  0  0  	0  0  0  0  	0  0  1  0  	0  0  0  0  	0  0  0  0  	1  0  0  0  	1  0  0  0  	
	0  0  0  0  	0  1  0  0  	0  0  1  0  	0  0  0  0  	0  0  0  0  	1  0  0  0  	0  0  1  0  	
	0  0  0  0  	0  1  0  0  	0  0  1  0  	0  0  0  0  	0  0  0  0  	1  0  0  0  	1  0  0  0  	
	0  0  0  0  	0  1  0  0  	0  0  0  0  	0  0  0  0  	0  0  0  0  	0  0  0  0  	0  0  1  0  	
	0  0  0  0  	0  0  0  0  	0  0  1  0  	0  0  0  0  	0  0  0  0  	1  0  0  0  	0  0  1  0  	
	0  0  0  0  	0  1  0  0  	1  0  0  0  	0  0  0  0  	0  0  0  0  	1  0  0  0  	0  0  0  0  	
	0  0  0  0  	0  0  0  0  	0  0  0  0  	0  0  0  0  	0  0  0  0  	0  0  0  0  	0  0  1  0  	
	0  0  0  0  	0  0  0  0  	1  0  0  0  	0  0  1  0  	0  0  0  0  	1  0  0  0  	0  0  1  0  	
	0  0  0  0  	0  0  0  0  	1  0  0  0  	0  0  1  0  	0  0  0  0  	1  0  0  0  	0  0  1  0  	
	0  0  0  0  	0  0  0  0  	0  0  0  0  	0  0  0  0  	0  0  0  0  	1  0  0  0  	0  0  0  0  	
	0  0  0  0  	0  0  0  0  	1  0  0  0  	0  0  0  0  	0  0  0  0  	1  0  0  0  	0  0  0  0  	
	0  0  0  0  	0  1  0  0  	0  0  0  0  	0  0  0  0  	0  0  0  0  	0  0  0  0  	0  0  0  0  	
	0  0  0  0  	0  0  0  0  	1  0  0  0  	0  0  0  0  	0  0  0  0  	0  0  0  0  	0  0  0  0  	
	0  0  0  0  	0  1  0  0  	1  0  0  0  	0  0  0  0  	0  0  0  0  	1  0  0  0  	0  0  1  0  	
	0  0  0  0  	0  1  0  0  	0  0  0  0  	0  0  0  0  	0  0  0  0  	1  0  0  0  	0  0  1  0  	
	0  0  0  0  	0  0  0  0  	0  0  0  0  	0  0  0  0  	0  0  0  0  	0  0  1  0  	0  0  1  0  	
	0  0  0  0  	0  1  0  0  	0  0  0  0  	0  0  0  0  	0  0  0  0  	0  0  0  0  	0  0  0  0  	
	0  0  0  0  	0  0  0  0  	1  0  0  0  	0  0  0  0  	0  0  0  0  	1  0  0  0  	0  0  1  0  	
	0  0  0  0  	0  0  0  0  	1  0  0  0  	0  0  0  0  	0  0  0  0  	0  0  0  0  	0  0  0  0  	
	0  0  0  0  	0  0  0  0  	1  0  0  0  	0  0  0  0  	0  0  0  0  	0  0  0  0  	0  0  1  0  	
	0  0  0  0  	0  0  0  0  	1  0  0  0  	0  0  0  0  	0  0  0  0  	0  0  0  0  	0  0  1  0  	
	0  0  0  0  	0  0  0  0  	1  0  0  0  	0  0  0  0  	0  0  0  0  	1  0  0  0  	0  0  0  0  	
	0  0  0  0  	0  0  0  0  	0  0  0  0  	0  0  1  0  	0  0  0  0  	0  0  0  0  	0  0  0  0  	
	0  0  0  0  	0  0  0  0  	0  0  0  0  	0  0  0  0  	0  0  0  0  	1  0  0  0  	0  0  0  0  	
	0  0  0  0  	0  0  0  0  	0  0  0  0  	0  0  0  0  	0  0  0  0  	1  0  0  0  	0  0  1  0  	
	0  0  0  0  	0  0  0  0  	1  0  0  0  	0  0  1  0  	0  0  0  0  	1  0  0  0  	0  0  1  0  	
Tiempo de procesamiento: 669.320000 [segs]
Aptitud: 1060.00

(calibracion 4) 585 216 807 
585 216 807 ./pso_nsp 50 0.2 0.6 0.8 50 instancias/N50-1.nsp
./pso_nsp 50 0.2 0.6 0.8 50 instancias/N50-1.nsp
PSO PARAMETERS
	c1: 0.200000   c2: 0.600000   w: 0.800000   size: 50   iterations: 50

				BEST SOLUTION

	Fitness: 1075

	Solution:
	1  2  3  4  	1  2  3  4  	1  2  3  4  	1  2  3  4  	1  2  3  4  	1  2  3  4  	1  2  3  4  	
	1  0  0  0  	1  0  0  0  	1  0  0  0  	0  0  0  0  	0  0  0  0  	1  0  0  0  	0  0  1  0  	
	0  0  0  0  	0  0  0  0  	0  0  0  0  	0  0  0  0  	1  0  0  0  	0  0  0  0  	0  0  1  0  	
	0  0  0  0  	0  0  0  0  	0  0  0  0  	1  0  0  0  	0  0  0  0  	0  1  0  0  	0  0  1  0  	
	1  0  0  0  	1  0  0  0  	1  0  0  0  	0  0  0  0  	0  0  0  0  	0  0  0  0  	0  0  1  0  	
	0  0  0  0  	0  0  0  0  	1  0  0  0  	0  0  0  0  	1  0  0  0  	0  0  0  0  	0  0  1  0  	
	1  0  0  0  	0  0  0  0  	1  0  0  0  	0  0  0  0  	1  0  0  0  	0  0  0  0  	0  0  1  0  	
	1  0  0  0  	0  0  0  0  	0  0  0  0  	0  0  0  0  	1  0  0  0  	0  0  0  0  	0  0  1  0  	
	0  0  0  0  	0  0  0  0  	1  0  0  0  	0  0  0  0  	1  0  0  0  	0  0  0  0  	0  0  1  0  	
	0  0  0  0  	0  0  0  0  	1  0  0  0  	0  0  0  0  	1  0  0  0  	0  0  0  0  	0  0  1  0  	
	0  0  0  0  	0  0  0  0  	0  0  0  0  	0  0  1  0  	0  0  0  0  	0  0  1  0  	0  0  1  0  	
	0  0  0  0  	0  0  0  0  	0  0  0  0  	0  0  0  0  	1  0  0  0  	0  0  0  0  	0  1  0  0  	
	0  0  0  0  	0  0  0  0  	1  0  0  0  	0  0  0  0  	1  0  0  0  	0  0  0  0  	0  0  1  0  	
	1  0  0  0  	0  0  0  0  	0  0  1  0  	0  0  0  0  	1  0  0  0  	0  1  0  0  	0  0  1  0  	
	0  0  1  0  	0  0  0  0  	0  0  0  0  	0  0  0  0  	0  0  0  0  	0  0  0  0  	0  0  1  0  	
	1  0  0  0  	0  0  0  0  	0  0  0  0  	0  0  0  0  	0  1  0  0  	0  1  0  0  	1  0  0  0  	
	0  0  0  0  	0  0  0  0  	0  0  0  0  	0  0  1  0  	0  1  0  0  	0  0  1  0  	0  0  1  0  	
	0  0  0  0  	0  0  0  0  	0  0  0  0  	0  0  1  0  	0  0  0  0  	1  0  0  0  	0  1  0  0  	
	0  0  1  0  	0  1  0  0  	0  0  0  0  	0  0  0  0  	0  0  0  0  	1  0  0  0  	0  0  1  0  	
	0  0  0  0  	0  1  0  0  	0  0  0  0  	0  0  0  0  	0  0  0  0  	1  0  0  0  	0  0  1  0  	
	0  0  0  0  	0  0  0  0  	0  0  0  0  	0  0  0  0  	0  0  0  0  	0  0  1  0  	0  0  1  0  	
	1  0  0  0  	0  0  0  0  	0  0  0  0  	0  0  1  0  	0  0  0  0  	0  0  0  0  	0  0  1  0  	
	0  0  0  0  	0  1  0  0  	0  0  1  0  	0  0  0  0  	0  0  0  0  	1  0  0  0  	0  0  1  0  	
	0  0  0  0  	0  1  0  0  	0  0  0  0  	0  0  0  0  	0  0  0  0  	0  0  0  0  	0  0  1  0  	
	0  0  0  0  	0  0  0  0  	0  0  0  0  	0  0  0  0  	0  0  0  0  	1  0  0  0  	0  0  1  0  	
	0  0  0  0  	0  1  0  0  	0  0  1  0  	0  0  0  0  	0  0  0  0  	0  0  0  0  	0  0  0  0  	
	1  0  0  0  	0  0  0  0  	0  0  1  0  	0  0  0  0  	0  0  0  0  	1  0  0  0  	0  0  1  0  	
	0  0  0  0  	0  0  0  0  	0  0  1  0  	0  0  0  0  	0  0  0  0  	1  0  0  0  	0  0  1  0  	
	0  0  0  0  	0  0  0  0  	0  0  1  0  	0  0  0  0  	0  0  0  0  	1  0  0  0  	0  0  1  0  	
	0  0  0  0  	0  1  0  0  	0  0  0  0  	0  0  0  0  	0  0  0  0  	0  0  1  0  	1  0  0  0  	
	0  0  0  0  	0  0  0  0  	0  0  1  0  	0  0  0  0  	0  0  0  0  	1  0  0  0  	1  0  0  0  	
	0  0  0  0  	0  1  0  0  	0  0  1  0  	0  0  0  0  	0  0  0  0  	1  0  0  0  	0  0  1  0  	
	0  0  0  0  	0  1  0  0  	1  0  0  0  	0  0  1  0  	0  0  0  0  	1  0  0  0  	0  0  1  0  	
	0  0  0  0  	0  0  0  0  	1  0  0  0  	0  0  1  0  	0  0  0  0  	0  0  0  0  	0  0  1  0  	
	0  0  0  0  	0  1  0  0  	0  0  0  0  	0  0  0  0  	0  0  0  0  	0  0  0  0  	0  0  1  0  	
	0  0  0  0  	0  1  0  0  	0  0  0  0  	0  0  0  0  	0  0  0  0  	1  0  0  0  	0  0  0  0  	
	0  0  0  0  	0  0  0  0  	1  0  0  0  	0  0  0  0  	0  0  0  0  	1  0  0  0  	0  0  1  0  	
	0  0  0  0  	0  0  0  0  	0  0  0  0  	0  0  0  0  	0  0  0  0  	0  0  0  0  	0  0  0  0  	
	0  0  0  0  	0  1  0  0  	0  0  0  0  	0  0  0  0  	0  0  0  0  	0  0  0  0  	0  0  0  0  	
	0  0  0  0  	0  0  0  0  	1  0  0  0  	0  0  0  0  	0  0  0  0  	0  0  0  0  	0  0  0  0  	
	0  0  0  0  	0  0  0  0  	1  0  0  0  	0  0  0  0  	0  0  0  0  	0  0  0  0  	0  0  1  0  	
	0  0  0  0  	0  1  0  0  	0  0  0  0  	0  0  0  0  	0  0  0  0  	0  0  0  0  	0  0  0  0  	
	0  0  0  0  	0  0  0  0  	0  0  0  0  	0  0  0  0  	0  0  0  0  	1  0  0  0  	0  0  0  0  	
	0  0  0  0  	0  0  0  0  	0  0  0  0  	0  0  0  0  	0  0  0  0  	1  0  0  0  	0  0  1  0  	
	0  0  0  0  	0  0  0  0  	0  0  0  0  	0  0  0  0  	0  0  0  0  	1  0  0  0  	0  1  0  0  	
	0  0  0  0  	0  0  0  0  	0  0  0  0  	0  0  0  0  	0  0  0  0  	0  0  0  0  	0  0  0  0  	
	0  0  0  0  	0  0  0  0  	1  0  0  0  	0  0  0  0  	0  0  0  0  	0  0  0  0  	0  1  0  0  	
	0  0  0  0  	0  0  0  0  	1  0  0  0  	0  0  0  0  	0  0  0  0  	1  0  0  0  	0  0  0  0  	
	0  0  0  0  	0  0  0  0  	0  0  0  0  	0  0  0  0  	0  0  0  0  	1  0  0  0  	0  0  0  0  	
	0  0  0  0  	0  0  0  0  	0  0  0  0  	0  0  1  0  	0  0  0  0  	1  0  0  0  	0  0  1  0  	
	0  0  0  0  	0  0  0  0  	0  0  0  0  	0  0  1  0  	0  0  0  0  	1  0  0  0  	0  0  0  0  	
Tiempo de procesamiento: 653.040000 [segs]
Aptitud: 1075.00

(calibracion 5) 622 211 6 
622 211 6 ./pso_nsp 50 0.2 0.6 0.0 50 instancias/N50-1.nsp
./pso_nsp 50 0.2 0.6 0.0 50 instancias/N50-1.nsp
PSO PARAMETERS
	c1: 0.200000   c2: 0.600000   w: 0.000000   size: 50   iterations: 50

				BEST SOLUTION

	Fitness: 1075

	Solution:
	1  2  3  4  	1  2  3  4  	1  2  3  4  	1  2  3  4  	1  2  3  4  	1  2  3  4  	1  2  3  4  	
	0  0  0  0  	0  0  0  0  	0  0  0  0  	1  0  0  0  	1  0  0  0  	1  0  0  0  	0  0  1  0  	
	0  0  0  0  	0  0  0  0  	1  0  0  0  	0  0  0  0  	0  0  0  0  	0  0  0  0  	0  0  1  0  	
	1  0  0  0  	1  0  0  0  	0  0  0  0  	0  0  0  0  	1  0  0  0  	0  0  0  0  	0  0  1  0  	
	1  0  0  0  	0  0  0  0  	1  0  0  0  	0  0  0  0  	0  0  0  0  	0  0  0  0  	0  0  1  0  	
	0  0  0  0  	0  0  0  0  	1  0  0  0  	0  0  0  0  	0  0  0  0  	0  1  0  0  	0  0  1  0  	
	1  0  0  0  	0  0  0  0  	1  0  0  0  	0  0  0  0  	1  0  0  0  	0  0  0  0  	0  0  1  0  	
	0  0  0  0  	1  0  0  0  	1  0  0  0  	0  0  0  0  	0  0  0  0  	0  0  0  0  	0  0  1  0  	
	0  0  0  0  	0  0  0  0  	1  0  0  0  	0  0  0  0  	1  0  0  0  	0  0  0  0  	0  0  1  0  	
	0  0  0  0  	0  0  0  0  	1  0  0  0  	0  0  0  0  	1  0  0  0  	0  0  0  0  	0  0  1  0  	
	1  0  0  0  	0  0  0  0  	0  0  0  0  	0  0  1  0  	0  1  0  0  	0  0  1  0  	0  0  0  0  	
	1  0  0  0  	0  0  0  0  	1  0  0  0  	0  0  0  0  	0  0  0  0  	0  1  0  0  	0  1  0  0  	
	1  0  0  0  	0  0  0  0  	1  0  0  0  	0  0  0  0  	0  0  0  0  	0  1  0  0  	0  0  1  0  	
	0  0  0  0  	0  0  0  0  	0  0  1  0  	0  0  0  0  	1  0  0  0  	0  0  0  0  	0  0  1  0  	
	0  0  1  0  	0  0  0  0  	1  0  0  0  	0  0  0  0  	0  0  0  0  	0  0  0  0  	0  0  1  0  	
	0  0  0  0  	0  0  0  0  	1  0  0  0  	0  0  0  0  	0  1  0  0  	0  0  0  0  	1  0  0  0  	
	0  0  0  0  	0  0  0  0  	0  0  0  0  	0  0  1  0  	0  0  0  0  	0  0  1  0  	0  0  1  0  	
	0  0  0  0  	0  0  0  0  	1  0  0  0  	0  0  1  0  	1  0  0  0  	0  0  0  0  	0  1  0  0  	
	0  0  1  0  	0  1  0  0  	0  0  0  0  	0  0  0  0  	0  0  0  0  	0  0  0  0  	0  1  0  0  	
	0  0  0  0  	0  0  0  0  	1  0  0  0  	0  0  0  0  	0  0  0  0  	0  0  0  0  	0  0  0  0  	
	0  0  0  0  	0  1  0  0  	1  0  0  0  	0  0  0  0  	0  0  0  0  	0  0  1  0  	0  0  1  0  	
	1  0  0  0  	0  1  0  0  	0  0  0  0  	0  0  1  0  	0  0  0  0  	0  0  0  0  	0  0  1  0  	
	1  0  0  0  	0  1  0  0  	0  0  0  0  	0  0  0  0  	1  0  0  0  	0  0  0  0  	0  0  1  0  	
	0  0  0  0  	0  0  0  0  	1  0  0  0  	0  0  0  0  	1  0  0  0  	0  0  0  0  	0  0  1  0  	
	0  0  0  0  	0  0  0  0  	0  0  0  0  	0  0  0  0  	0  0  0  0  	1  0  0  0  	0  0  1  0  	
	0  0  0  0  	0  0  0  0  	0  0  1  0  	0  0  0  0  	0  0  0  0  	1  0  0  0  	1  0  0  0  	
	0  0  0  0  	0  0  0  0  	0  0  0  0  	0  0  0  0  	0  0  0  0  	1  0  0  0  	0  0  1  0  	
	0  0  0  0  	0  0  0  0  	0  0  1  0  	0  0  0  0  	0  0  0  0  	1  0  0  0  	0  0  1  0  	
	0  0  0  0  	0  0  0  0  	0  0  0  0  	0  0  0  0  	0  0  0  0  	1  0  0  0  	0  0  1  0  	
	0  0  0  0  	0  1  0  0  	0  0  0  0  	0  0  0  0  	0  0  0  0  	1  0  0  0  	0  0  1  0  	
	0  0  0  0  	0  1  0  0  	0  0  1  0  	0  0  0  0  	0  0  0  0  	1  0  0  0  	0  0  0  0  	
	0  0  0  0  	0  0  0  0  	0  0  1  0  	0  0  0  0  	0  0  0  0  	1  0  0  0  	0  0  1  0  	
	0  0  0  0  	0  0  0  0  	0  0  1  0  	0  0  1  0  	0  0  0  0  	0  0  0  0  	0  0  1  0  	
	0  0  0  0  	0  0  0  0  	0  0  0  0  	0  0  1  0  	0  0  0  0  	1  0  0  0  	0  0  1  0  	
	0  0  0  0  	0  1  0  0  	0  0  1  0  	0  0  0  0  	0  0  0  0  	1  0  0  0  	0  0  1  0  	
	0  0  0  0  	0  0  0  0  	0  0  0  0  	0  0  0  0  	0  0  0  0  	1  0  0  0  	1  0  0  0  	
	0  0  0  0  	0  1  0  0  	0  0  1  0  	0  0  0  0  	0  0  0  0  	0  0  0  0  	0  0  1  0  	
	0  0  0  0  	0  1  0  0  	0  0  0  0  	0  0  0  0  	0  0  0  0  	0  0  0  0  	0  0  0  0  	
	0  0  0  0  	0  1  0  0  	0  0  0  0  	0  0  0  0  	0  0  0  0  	0  0  0  0  	0  0  1  0  	
	0  0  0  0  	0  0  0  0  	1  0  0  0  	0  0  0  0  	0  0  0  0  	0  0  0  0  	0  0  1  0  	
	0  0  0  0  	0  0  0  0  	0  0  0  0  	0  0  0  0  	0  0  0  0  	0  0  1  0  	0  0  0  0  	
	0  0  0  0  	0  0  0  0  	1  0  0  0  	0  0  0  0  	0  0  0  0  	1  0  0  0  	0  0  0  0  	
	0  0  0  0  	0  0  0  0  	1  0  0  0  	0  0  0  0  	0  0  0  0  	1  0  0  0  	0  0  0  0  	
	0  0  0  0  	0  0  0  0  	0  0  0  0  	0  0  0  0  	0  0  0  0  	0  0  0  0  	0  0  1  0  	
	0  0  0  0  	0  0  0  0  	0  0  0  0  	0  0  0  0  	0  0  0  0  	0  0  0  0  	0  1  0  0  	
	0  0  0  0  	0  0  0  0  	0  0  0  0  	0  0  0  0  	0  0  0  0  	1  0  0  0  	0  0  0  0  	
	0  0  0  0  	0  0  0  0  	0  0  0  0  	0  0  0  0  	0  0  0  0  	0  0  0  0  	0  0  0  0  	
	0  0  0  0  	0  0  0  0  	0  0  0  0  	0  0  1  0  	0  0  0  0  	1  0  0  0  	0  0  1  0  	
	0  0  0  0  	0  0  0  0  	0  0  0  0  	0  0  0  0  	0  0  0  0  	1  0  0  0  	0  0  0  0  	
	0  0  0  0  	0  0  0  0  	1  0  0  0  	0  0  1  0  	0  0  0  0  	1  0  0  0  	0  0  1  0  	
	0  0  0  0  	0  1  0  0  	0  0  0  0  	0  0  0  0  	0  0  0  0  	1  0  0  0  	0  0  0  0  	
Tiempo de procesamiento: 661.930000 [segs]
Aptitud: 1075.00

------------------------------------------------------------------------
------------------------ CALCULANDO H0 ---------------------------------
------------------------------------------------------------------------
1.79176 1.79176 1.79176 
------------------------------------------------------------------------
----------------- ITERACION : 0 -------------------------------------
------------------------------------------------------------------------
-----------------AGREGANDO NUEVAS CALiBRACIONES ------------------------
------------------------------------------------------------------------
(calibracion 0) 282 270 770 ./pso_nsp 50 0.3 0.3 0.8 50 instancias/N50-1.nsp
./pso_nsp 50 0.3 0.3 0.8 50 instancias/N50-1.nsp
PSO PARAMETERS
	c1: 0.300000   c2: 0.300000   w: 0.800000   size: 50   iterations: 50

				BEST SOLUTION

	Fitness: 1055

	Solution:
	1  2  3  4  	1  2  3  4  	1  2  3  4  	1  2  3  4  	1  2  3  4  	1  2  3  4  	1  2  3  4  	
	0  0  0  0  	0  0  0  0  	1  0  0  0  	1  0  0  0  	1  0  0  0  	1  0  0  0  	0  0  1  0  	
	0  0  0  0  	0  1  0  0  	0  0  0  0  	0  0  0  0  	0  0  0  0  	0  0  0  0  	0  1  0  0  	
	1  0  0  0  	1  0  0  0  	1  0  0  0  	0  0  0  0  	0  0  0  0  	0  0  0  0  	0  0  1  0  	
	1  0  0  0  	0  0  0  0  	1  0  0  0  	0  0  0  0  	0  0  0  0  	0  0  0  0  	0  0  1  0  	
	0  0  0  0  	1  0  0  0  	1  0  0  0  	0  0  0  0  	0  0  0  0  	0  1  0  0  	0  0  1  0  	
	1  0  0  0  	0  0  0  0  	1  0  0  0  	0  0  0  0  	1  0  0  0  	0  0  0  0  	0  0  1  0  	
	0  0  0  0  	0  0  0  0  	1  0  0  0  	0  0  0  0  	1  0  0  0  	0  0  0  0  	0  0  1  0  	
	0  0  0  0  	0  0  0  0  	1  0  0  0  	0  0  0  0  	1  0  0  0  	0  0  0  0  	0  0  1  0  	
	1  0  0  0  	0  0  0  0  	1  0  0  0  	0  0  0  0  	1  0  0  0  	0  0  0  0  	0  0  1  0  	
	0  0  0  0  	0  0  0  0  	1  0  0  0  	0  0  1  0  	0  1  0  0  	0  0  1  0  	0  0  1  0  	
	0  0  0  0  	0  0  0  0  	0  0  0  0  	0  0  0  0  	0  0  0  0  	0  0  0  0  	0  1  0  0  	
	1  0  0  0  	0  0  0  0  	0  0  0  0  	0  0  0  0  	0  0  0  0  	0  0  0  0  	0  0  1  0  	
	1  0  0  0  	0  0  0  0  	1  0  0  0  	0  0  0  0  	0  0  0  0  	0  0  0  0  	0  0  1  0  	
	1  0  0  0  	0  0  0  0  	1  0  0  0  	0  0  0  0  	1  0  0  0  	0  0  0  0  	1  0  0  0  	
	0  0  0  0  	0  0  0  0  	0  0  0  0  	0  0  0  0  	0  1  0  0  	0  0  0  0  	0  0  0  0  	
	0  0  1  0  	0  0  0  0  	0  0  0  0  	0  0  1  0  	0  0  0  0  	0  0  1  0  	1  0  0  0  	
	0  0  0  0  	0  0  0  0  	0  0  0  0  	0  0  1  0  	1  0  0  0  	0  0  0  0  	0  1  0  0  	
	0  0  0  0  	0  0  0  0  	0  0  1  0  	0  0  0  0  	1  0  0  0  	0  0  0  0  	0  0  1  0  	
	0  0  0  0  	0  0  0  0  	0  0  0  0  	0  0  0  0  	0  0  0  0  	0  0  0  0  	0  1  0  0  	
	0  0  0  0  	0  1  0  0  	0  0  0  0  	0  0  0  0  	0  0  0  0  	0  0  0  0  	0  0  1  0  	
	0  0  0  0  	0  0  0  0  	0  0  0  0  	0  0  1  0  	0  0  0  0  	0  1  0  0  	0  0  1  0  	
	0  0  0  0  	0  1  0  0  	1  0  0  0  	0  0  0  0  	0  0  0  0  	0  0  0  0  	0  0  1  0  	
	0  0  1  0  	0  1  0  0  	0  0  0  0  	0  0  0  0  	0  0  0  0  	0  1  0  0  	1  0  0  0  	
	0  0  0  0  	0  0  0  0  	1  0  0  0  	0  0  0  0  	1  0  0  0  	0  0  0  0  	0  0  1  0  	
	0  0  0  0  	0  1  0  0  	1  0  0  0  	0  0  0  0  	0  0  0  0  	0  0  0  0  	0  0  0  0  	
	0  0  0  0  	0  0  0  0  	1  0  0  0  	0  0  0  0  	0  0  0  0  	0  0  0  0  	0  0  1  0  	
	0  0  0  0  	0  1  0  0  	0  0  0  0  	0  0  0  0  	0  0  0  0  	0  0  1  0  	0  0  1  0  	
	0  0  0  0  	0  0  0  0  	0  0  0  0  	0  0  0  0  	0  0  0  0  	0  0  0  0  	0  0  1  0  	
	0  0  0  0  	0  1  0  0  	0  0  0  0  	0  0  0  0  	0  0  0  0  	1  0  0  0  	0  0  1  0  	
	1  0  0  0  	0  1  0  0  	0  0  0  0  	0  0  0  0  	0  0  0  0  	1  0  0  0  	0  0  0  0  	
	0  0  0  0  	0  1  0  0  	0  0  1  0  	0  0  0  0  	0  0  0  0  	0  0  0  0  	0  0  1  0  	
	0  0  0  0  	0  1  0  0  	0  0  1  0  	0  0  1  0  	0  0  0  0  	1  0  0  0  	0  0  0  0  	
	0  0  0  0  	0  0  0  0  	0  0  0  0  	0  0  1  0  	0  0  0  0  	1  0  0  0  	0  0  1  0  	
	0  0  0  0  	0  1  0  0  	0  0  1  0  	0  0  0  0  	0  0  0  0  	0  0  0  0  	0  0  1  0  	
	0  0  0  0  	0  1  0  0  	0  0  0  0  	0  0  0  0  	0  0  0  0  	1  0  0  0  	0  0  0  0  	
	0  0  0  0  	0  0  0  0  	0  0  1  0  	0  0  0  0  	0  0  0  0  	1  0  0  0  	0  0  1  0  	
	0  0  0  0  	0  0  0  0  	0  0  0  0  	0  0  0  0  	0  0  0  0  	0  0  0  0  	0  0  0  0  	
	0  0  0  0  	0  0  0  0  	0  0  1  0  	0  0  0  0  	0  0  0  0  	1  0  0  0  	0  0  1  0  	
	0  0  0  0  	0  0  0  0  	0  0  1  0  	0  0  0  0  	0  0  0  0  	0  0  0  0  	0  0  1  0  	
	0  0  0  0  	0  0  0  0  	0  0  0  0  	0  0  0  0  	0  0  0  0  	0  0  1  0  	0  0  0  0  	
	0  0  0  0  	0  0  0  0  	0  0  1  0  	0  0  0  0  	0  0  0  0  	1  0  0  0  	0  0  0  0  	
	0  0  0  0  	0  0  0  0  	0  0  0  0  	0  0  0  0  	0  0  0  0  	1  0  0  0  	0  0  0  0  	
	0  0  0  0  	0  0  0  0  	0  0  0  0  	0  0  0  0  	0  0  0  0  	0  0  0  0  	0  0  0  0  	
	0  0  0  0  	0  0  0  0  	1  0  0  0  	0  0  0  0  	0  0  0  0  	0  0  0  0  	0  0  0  0  	
	0  0  0  0  	0  0  0  0  	1  0  0  0  	0  0  0  0  	0  0  0  0  	0  0  0  0  	0  0  1  0  	
	0  0  0  0  	0  0  0  0  	0  0  0  0  	0  0  0  0  	0  0  0  0  	0  0  0  0  	0  0  0  0  	
	0  0  0  0  	0  0  0  0  	1  0  0  0  	0  0  1  0  	0  0  0  0  	1  0  0  0  	0  0  0  0  	
	0  0  0  0  	0  0  0  0  	0  0  0  0  	0  0  0  0  	0  0  0  0  	1  0  0  0  	0  0  0  0  	
	0  0  0  0  	0  0  0  0  	1  0  0  0  	0  0  0  0  	0  0  0  0  	1  0  0  0  	0  0  0  0  	
	0  0  0  0  	0  0  0  0  	0  0  0  0  	0  0  0  0  	0  0  0  0  	1  0  0  0  	0  0  1  0  	
Tiempo de procesamiento: 658.900000 [segs]
Aptitud: 1055.00

------------------------------------------------------------------------
----------------------------CALCULANDO K -------------------------------
------------------------------------------------------------------------
Parametro  |    H0    |    K    |   Rango   | Rango Inicial | 
0     1.79176     1.79176    [ 41 : 751]    [ 0 : 1000]
1     1.79176     1.79176    [ 1 : 454]    [ 0 : 1000]
2     1.79176     1.79176    [ 187 : 835]    [ 0 : 1000]

-----------------------Calibraciones-------------------------
751 : 366 : 351 :  :: 955 :: 0
41 : 454 : 835 :  :: 995 :: 0
566 : 1 : 187 :  :: 1005 :: 0
282 : 270 : 770 :  :: 1055 :: 0
132 : 64 : 951 :  :: 1060 :: 0
585 : 216 : 807 :  :: 1075 :: 0
------------------------------------------------------------------------
---------------------------- RESUMEN FINAL -----------------------------
------------------------------------------------------------------------
		FACT_SOC 		566 		[41 .. 751]
		FACT_COG 		366 		[1 .. 454]
		INERTIA 		351 		[187 .. 835]
------------------------------------------------------------------------
------------------------------------------------------------------------
------------------------------------------------------------------------
----------------- ITERACION : 1 -------------------------------------
------------------------------------------------------------------------
-----------------AGREGANDO NUEVAS CALiBRACIONES ------------------------
------------------------------------------------------------------------
(calibracion 0) 725 51 262 ./pso_nsp 50 0.1 0.7 0.3 50 instancias/N50-1.nsp
./pso_nsp 50 0.1 0.7 0.3 50 instancias/N50-1.nsp
PSO PARAMETERS
	c1: 0.100000   c2: 0.700000   w: 0.300000   size: 50   iterations: 50

				BEST SOLUTION

	Fitness: 1065

	Solution:
	1  2  3  4  	1  2  3  4  	1  2  3  4  	1  2  3  4  	1  2  3  4  	1  2  3  4  	1  2  3  4  	
	0  0  0  0  	0  0  0  0  	0  0  0  0  	1  0  0  0  	1  0  0  0  	1  0  0  0  	0  0  1  0  	
	0  0  0  0  	0  1  0  0  	1  0  0  0  	0  0  0  0  	0  0  0  0  	0  0  0  0  	0  0  1  0  	
	1  0  0  0  	1  0  0  0  	1  0  0  0  	0  0  0  0  	1  0  0  0  	0  0  0  0  	0  0  1  0  	
	1  0  0  0  	0  0  0  0  	1  0  0  0  	0  0  0  0  	0  0  0  0  	0  0  0  0  	0  0  1  0  	
	0  0  0  0  	1  0  0  0  	1  0  0  0  	0  0  0  0  	0  0  0  0  	0  1  0  0  	0  0  1  0  	
	1  0  0  0  	0  0  0  0  	1  0  0  0  	0  0  0  0  	0  0  0  0  	0  0  0  0  	0  0  1  0  	
	0  0  0  0  	0  0  0  0  	1  0  0  0  	0  0  0  0  	1  0  0  0  	0  0  0  0  	0  0  1  0  	
	0  0  0  0  	0  0  0  0  	1  0  0  0  	0  0  0  0  	0  0  0  0  	0  0  0  0  	0  0  1  0  	
	1  0  0  0  	0  0  0  0  	1  0  0  0  	0  0  0  0  	1  0  0  0  	0  0  0  0  	0  0  1  0  	
	0  0  0  0  	0  0  0  0  	1  0  0  0  	0  0  1  0  	0  1  0  0  	0  0  1  0  	0  0  1  0  	
	0  0  0  0  	0  0  0  0  	1  0  0  0  	0  0  0  0  	0  0  0  0  	0  0  0  0  	0  1  0  0  	
	0  0  0  0  	0  0  0  0  	1  0  0  0  	0  0  0  0  	1  0  0  0  	0  0  0  0  	0  0  1  0  	
	0  0  0  0  	0  0  0  0  	1  0  0  0  	0  0  0  0  	0  0  0  0  	0  1  0  0  	0  0  1  0  	
	0  0  1  0  	0  0  0  0  	0  0  0  0  	0  0  0  0  	1  0  0  0  	0  1  0  0  	0  0  1  0  	
	0  0  0  0  	0  0  0  0  	0  0  0  0  	0  0  0  0  	0  1  0  0  	0  0  0  0  	1  0  0  0  	
	0  0  1  0  	0  0  0  0  	1  0  0  0  	0  0  1  0  	0  0  0  0  	0  0  1  0  	0  0  1  0  	
	1  0  0  0  	0  0  0  0  	0  0  0  0  	0  0  1  0  	0  0  0  0  	0  0  0  0  	0  1  0  0  	
	0  0  0  0  	0  0  0  0  	1  0  0  0  	0  0  0  0  	0  0  0  0  	0  0  0  0  	0  0  1  0  	
	0  0  0  0  	0  0  0  0  	0  0  0  0  	0  0  0  0  	0  0  0  0  	0  0  0  0  	0  0  1  0  	
	1  0  0  0  	0  0  0  0  	1  0  0  0  	0  0  0  0  	0  0  0  0  	0  0  1  0  	0  1  0  0  	
	1  0  0  0  	0  0  0  0  	0  0  0  0  	0  0  1  0  	0  0  0  0  	0  0  0  0  	0  0  1  0  	
	0  0  0  0  	0  0  0  0  	0  0  0  0  	0  0  0  0  	1  0  0  0  	0  0  0  0  	0  0  1  0  	
	0  0  0  0  	0  0  0  0  	0  0  0  0  	0  0  0  0  	0  0  0  0  	0  0  0  0  	0  0  1  0  	
	1  0  0  0  	0  0  0  0  	0  0  0  0  	0  0  0  0  	0  0  0  0  	0  0  0  0  	0  0  1  0  	
	0  0  0  0  	0  0  0  0  	0  0  0  0  	0  0  0  0  	0  0  0  0  	0  0  0  0  	0  0  0  0  	
	0  0  0  0  	0  0  0  0  	0  0  0  0  	0  0  0  0  	0  0  0  0  	0  0  0  0  	0  0  1  0  	
	0  0  0  0  	0  0  0  0  	0  0  1  0  	0  0  0  0  	0  0  0  0  	1  0  0  0  	0  0  1  0  	
	0  0  0  0  	0  0  0  0  	0  0  1  0  	0  0  0  0  	1  0  0  0  	1  0  0  0  	0  0  1  0  	
	0  0  0  0  	0  1  0  0  	0  0  0  0  	0  0  0  0  	0  0  0  0  	1  0  0  0  	1  0  0  0  	
	0  0  0  0  	0  0  0  0  	0  0  0  0  	0  0  0  0  	0  0  0  0  	1  0  0  0  	0  0  0  0  	
	0  0  0  0  	0  1  0  0  	0  0  1  0  	0  0  0  0  	0  0  0  0  	0  0  0  0  	0  0  1  0  	
	0  0  0  0  	0  1  0  0  	0  0  0  0  	0  0  1  0  	0  0  0  0  	0  0  0  0  	0  0  1  0  	
	0  0  0  0  	0  0  0  0  	0  0  0  0  	0  0  1  0  	0  0  0  0  	1  0  0  0  	0  0  1  0  	
	0  0  0  0  	0  1  0  0  	0  0  1  0  	0  0  0  0  	0  0  0  0  	0  0  0  0  	0  0  1  0  	
	0  0  0  0  	0  1  0  0  	0  0  1  0  	0  0  0  0  	1  0  0  0  	1  0  0  0  	0  0  0  0  	
	0  0  0  0  	0  1  0  0  	0  0  1  0  	0  0  0  0  	0  0  0  0  	0  0  0  0  	0  0  1  0  	
	0  0  0  0  	0  1  0  0  	0  0  1  0  	0  0  0  0  	0  0  0  0  	0  0  0  0  	1  0  0  0  	
	0  0  0  0  	0  0  0  0  	0  0  1  0  	0  0  0  0  	0  0  0  0  	0  0  0  0  	0  0  1  0  	
	0  0  0  0  	0  1  0  0  	0  0  0  0  	0  0  0  0  	0  0  0  0  	0  0  0  0  	0  0  1  0  	
	0  0  0  0  	0  0  0  0  	0  0  0  0  	0  0  0  0  	0  0  0  0  	0  0  1  0  	0  0  1  0  	
	0  0  0  0  	0  1  0  0  	0  0  0  0  	0  0  0  0  	0  0  0  0  	0  0  0  0  	0  0  0  0  	
	0  0  0  0  	0  0  0  0  	0  0  0  0  	0  0  0  0  	0  0  0  0  	1  0  0  0  	0  0  1  0  	
	0  0  0  0  	0  0  0  0  	1  0  0  0  	0  0  0  0  	0  0  0  0  	0  0  0  0  	0  0  1  0  	
	0  0  0  0  	0  0  0  0  	1  0  0  0  	0  0  0  0  	0  0  0  0  	0  0  0  0  	0  0  1  0  	
	0  0  0  0  	0  0  0  0  	1  0  0  0  	0  0  0  0  	0  0  0  0  	1  0  0  0  	0  0  1  0  	
	0  0  0  0  	0  0  0  0  	1  0  0  0  	0  0  0  0  	0  0  0  0  	1  0  0  0  	0  1  0  0  	
	0  0  0  0  	0  0  0  0  	0  0  0  0  	0  0  0  0  	0  0  0  0  	0  0  0  0  	0  0  0  0  	
	0  0  0  0  	0  1  0  0  	0  0  0  0  	0  0  0  0  	0  0  0  0  	1  0  0  0  	0  0  1  0  	
	0  0  0  0  	0  0  0  0  	0  0  0  0  	0  0  1  0  	0  0  0  0  	1  0  0  0  	0  0  0  0  	
	0  0  0  0  	0  0  0  0  	1  0  0  0  	0  0  0  0  	0  0  0  0  	1  0  0  0  	0  0  1  0  	
Tiempo de procesamiento: 656.540000 [segs]
Aptitud: 1065.00

------------------------------------------------------------------------
----------------------------CALCULANDO K -------------------------------
------------------------------------------------------------------------
Parametro  |    H0    |    K    |   Rango   | Rango Inicial | 
0     1.79176     1.79176    [ 41 : 751]    [ 0 : 1000]
1     1.79176     1.79176    [ 1 : 454]    [ 0 : 1000]
2     1.79176     1.79176    [ 187 : 835]    [ 0 : 1000]

-----------------------Calibraciones-------------------------
751 : 366 : 351 :  :: 955 :: 0
41 : 454 : 835 :  :: 995 :: 0
566 : 1 : 187 :  :: 1005 :: 0
282 : 270 : 770 :  :: 1055 :: 0
132 : 64 : 951 :  :: 1060 :: 0
725 : 51 : 262 :  :: 1065 :: 1
------------------------------------------------------------------------
---------------------------- RESUMEN FINAL -----------------------------
------------------------------------------------------------------------
		FACT_SOC 		566 		[41 .. 751]
		FACT_COG 		366 		[1 .. 454]
		INERTIA 		351 		[187 .. 835]
------------------------------------------------------------------------
------------------------------------------------------------------------
------------------------------------------------------------------------
----------------- ITERACION : 2 -------------------------------------
------------------------------------------------------------------------
-----------------AGREGANDO NUEVAS CALiBRACIONES ------------------------
------------------------------------------------------------------------
(calibracion 0) 500 228 470 ./pso_nsp 50 0.2 0.5 0.5 50 instancias/N50-1.nsp
./pso_nsp 50 0.2 0.5 0.5 50 instancias/N50-1.nsp
PSO PARAMETERS
	c1: 0.200000   c2: 0.500000   w: 0.500000   size: 50   iterations: 50

				BEST SOLUTION

	Fitness: 1050

	Solution:
	1  2  3  4  	1  2  3  4  	1  2  3  4  	1  2  3  4  	1  2  3  4  	1  2  3  4  	1  2  3  4  	
	1  0  0  0  	1  0  0  0  	0  0  0  0  	0  0  0  0  	0  0  0  0  	1  0  0  0  	0  0  1  0  	
	0  0  0  0  	0  0  0  0  	1  0  0  0  	0  0  0  0  	1  0  0  0  	0  0  0  0  	0  0  1  0  	
	0  0  0  0  	0  0  0  0  	1  0  0  0  	1  0  0  0  	0  0  0  0  	0  0  0  0  	0  0  1  0  	
	1  0  0  0  	0  0  0  0  	1  0  0  0  	0  0  0  0  	0  0  0  0  	0  0  0  0  	0  0  1  0  	
	0  0  0  0  	0  0  0  0  	1  0  0  0  	0  0  0  0  	0  0  0  0  	0  1  0  0  	0  0  1  0  	
	0  0  0  0  	0  0  0  0  	1  0  0  0  	0  0  0  0  	1  0  0  0  	0  0  0  0  	0  0  1  0  	
	1  0  0  0  	0  0  0  0  	0  0  0  0  	0  0  0  0  	1  0  0  0  	0  0  0  0  	0  0  1  0  	
	0  0  0  0  	0  0  0  0  	1  0  0  0  	0  0  0  0  	1  0  0  0  	0  0  0  0  	0  0  1  0  	
	0  0  0  0  	1  0  0  0  	1  0  0  0  	0  0  0  0  	1  0  0  0  	0  0  0  0  	0  0  1  0  	
	0  0  0  0  	0  0  0  0  	0  0  0  0  	0  0  1  0  	0  1  0  0  	0  0  1  0  	0  0  1  0  	
	1  0  0  0  	0  0  0  0  	1  0  0  0  	0  0  0  0  	0  0  0  0  	1  0  0  0  	0  1  0  0  	
	1  0  0  0  	0  0  0  0  	1  0  0  0  	0  0  0  0  	0  0  0  0  	0  0  0  0  	0  0  1  0  	
	0  0  1  0  	0  0  0  0  	0  0  1  0  	0  0  0  0  	0  0  0  0  	0  0  0  0  	0  0  1  0  	
	0  0  0  0  	0  0  0  0  	0  0  0  0  	0  0  0  0  	1  0  0  0  	1  0  0  0  	0  0  1  0  	
	0  0  0  0  	0  0  0  0  	0  0  0  0  	0  0  0  0  	0  1  0  0  	1  0  0  0  	0  0  0  0  	
	0  0  1  0  	0  0  0  0  	0  0  0  0  	0  0  1  0  	0  0  0  0  	0  0  1  0  	0  0  1  0  	
	0  0  0  0  	0  0  0  0  	0  0  0  0  	0  0  1  0  	1  0  0  0  	0  1  0  0  	0  1  0  0  	
	0  0  0  0  	0  1  0  0  	0  0  0  0  	0  0  0  0  	0  0  0  0  	1  0  0  0  	0  1  0  0  	
	1  0  0  0  	0  1  0  0  	0  0  1  0  	0  0  0  0  	0  0  0  0  	0  0  0  0  	0  0  1  0  	
	1  0  0  0  	0  1  0  0  	0  0  0  0  	0  0  0  0  	0  0  0  0  	0  0  1  0  	0  0  1  0  	
	0  0  0  0  	0  0  0  0  	0  0  0  0  	0  0  1  0  	1  0  0  0  	1  0  0  0  	0  0  1  0  	
	0  0  0  0  	0  1  0  0  	0  0  0  0  	0  0  0  0  	0  0  0  0  	0  1  0  0  	1  0  0  0  	
	0  0  0  0  	0  1  0  0  	0  0  1  0  	0  0  0  0  	0  0  0  0  	0  0  0  0  	0  0  1  0  	
	0  0  0  0  	0  1  0  0  	0  0  0  0  	0  0  0  0  	0  0  0  0  	1  0  0  0  	0  0  1  0  	
	0  0  0  0  	0  1  0  0  	0  0  1  0  	0  0  0  0  	0  0  0  0  	1  0  0  0  	0  0  0  0  	
	0  0  0  0  	0  1  0  0  	0  0  0  0  	0  0  0  0  	0  0  0  0  	0  0  0  0  	0  0  1  0  	
	0  0  0  0  	0  1  0  0  	1  0  0  0  	0  0  0  0  	0  0  0  0  	1  0  0  0  	0  0  1  0  	
	0  0  0  0  	0  0  0  0  	1  0  0  0  	0  0  0  0  	0  0  0  0  	0  0  0  0  	0  0  1  0  	
	1  0  0  0  	0  0  0  0  	0  0  0  0  	0  0  0  0  	0  0  0  0  	1  0  0  0  	0  0  1  0  	
	0  0  0  0  	0  0  0  0  	0  0  0  0  	0  0  0  0  	1  0  0  0  	1  0  0  0  	1  0  0  0  	
	0  0  0  0  	0  0  0  0  	0  0  1  0  	0  0  0  0  	0  0  0  0  	0  0  0  0  	0  0  1  0  	
	0  0  0  0  	0  0  0  0  	0  0  0  0  	0  0  1  0  	0  0  0  0  	1  0  0  0  	0  0  1  0  	
	0  0  0  0  	0  1  0  0  	0  0  0  0  	0  0  1  0  	0  0  0  0  	0  0  0  0  	0  0  1  0  	
	0  0  0  0  	0  0  0  0  	0  0  1  0  	0  0  0  0  	0  0  0  0  	1  0  0  0  	0  0  1  0  	
	0  0  0  0  	0  0  0  0  	0  0  0  0  	0  0  0  0  	0  0  0  0  	1  0  0  0  	1  0  0  0  	
	0  0  0  0  	0  0  0  0  	0  0  1  0  	0  0  0  0  	0  0  0  0  	0  0  0  0  	0  0  1  0  	
	0  0  0  0  	0  1  0  0  	0  0  1  0  	0  0  0  0  	0  0  0  0  	0  0  0  0  	0  0  0  0  	
	0  0  0  0  	0  0  0  0  	0  0  0  0  	0  0  0  0  	0  0  0  0  	0  0  0  0  	0  0  0  0  	
	0  0  0  0  	0  0  0  0  	0  0  0  0  	0  0  0  0  	0  0  0  0  	0  0  0  0  	0  0  0  0  	
	0  0  0  0  	0  0  0  0  	0  0  0  0  	0  0  0  0  	0  0  0  0  	0  0  1  0  	0  0  0  0  	
	0  0  0  0  	0  0  0  0  	0  0  0  0  	0  0  0  0  	0  0  0  0  	0  0  0  0  	0  0  0  0  	
	0  0  0  0  	0  1  0  0  	0  0  0  0  	0  0  0  0  	0  0  0  0  	1  0  0  0  	0  0  1  0  	
	0  0  0  0  	0  0  0  0  	0  0  0  0  	0  0  0  0  	0  0  0  0  	1  0  0  0  	0  0  1  0  	
	0  0  0  0  	0  0  0  0  	1  0  0  0  	0  0  0  0  	0  0  0  0  	0  0  0  0  	0  1  0  0  	
	0  0  0  0  	0  0  0  0  	0  0  0  0  	0  0  0  0  	0  0  0  0  	1  0  0  0  	0  0  1  0  	
	0  0  0  0  	0  0  0  0  	1  0  0  0  	0  0  0  0  	0  0  0  0  	1  0  0  0  	0  0  0  0  	
	0  0  0  0  	0  0  0  0  	1  0  0  0  	0  0  0  0  	0  0  0  0  	0  0  0  0  	0  0  1  0  	
	0  0  0  0  	0  0  0  0  	0  0  0  0  	0  0  0  0  	0  0  0  0  	1  0  0  0  	0  0  0  0  	
	0  0  0  0  	0  0  0  0  	0  0  0  0  	0  0  0  0  	0  0  0  0  	1  0  0  0  	0  0  1  0  	
	0  0  0  0  	0  0  0  0  	0  0  0  0  	0  0  0  0  	0  0  0  0  	1  0  0  0  	0  0  1  0  	
Tiempo de procesamiento: 659.040000 [segs]
Aptitud: 1050.00

------------------------------------------------------------------------
----------------------------CALCULANDO K -------------------------------
------------------------------------------------------------------------
Parametro  |    H0    |    K    |   Rango   | Rango Inicial | 
0     1.79176     1.79176    [ 41 : 751]    [ 0 : 1000]
1     1.79176     1.79176    [ 1 : 454]    [ 0 : 1000]
2     1.79176     1.79176    [ 187 : 835]    [ 0 : 1000]

-----------------------Calibraciones-------------------------
751 : 366 : 351 :  :: 955 :: 0
41 : 454 : 835 :  :: 995 :: 0
566 : 1 : 187 :  :: 1005 :: 0
500 : 228 : 470 :  :: 1050 :: 2
282 : 270 : 770 :  :: 1055 :: 0
725 : 51 : 262 :  :: 1065 :: 1
------------------------------------------------------------------------
---------------------------- RESUMEN FINAL -----------------------------
------------------------------------------------------------------------
		FACT_SOC 		566 		[41 .. 751]
		FACT_COG 		366 		[1 .. 454]
		INERTIA 		351 		[187 .. 835]
------------------------------------------------------------------------
------------------------------------------------------------------------
------------------------------------------------------------------------
----------------- ITERACION : 3 -------------------------------------
------------------------------------------------------------------------
-----------------AGREGANDO NUEVAS CALiBRACIONES ------------------------
------------------------------------------------------------------------
(calibracion 0) 591 146 628 ./pso_nsp 50 0.1 0.6 0.6 50 instancias/N50-1.nsp
./pso_nsp 50 0.1 0.6 0.6 50 instancias/N50-1.nsp
PSO PARAMETERS
	c1: 0.100000   c2: 0.600000   w: 0.600000   size: 50   iterations: 50

				BEST SOLUTION

	Fitness: 1010

	Solution:
	1  2  3  4  	1  2  3  4  	1  2  3  4  	1  2  3  4  	1  2  3  4  	1  2  3  4  	1  2  3  4  	
	0  0  0  0  	0  0  0  0  	0  0  0  0  	1  0  0  0  	1  0  0  0  	1  0  0  0  	0  0  1  0  	
	0  0  0  0  	0  1  0  0  	1  0  0  0  	0  0  0  0  	0  0  0  0  	0  0  0  0  	0  1  0  0  	
	1  0  0  0  	1  0  0  0  	1  0  0  0  	0  0  0  0  	0  0  0  0  	0  0  0  0  	0  0  1  0  	
	1  0  0  0  	1  0  0  0  	0  0  0  0  	0  0  0  0  	1  0  0  0  	0  0  0  0  	1  0  0  0  	
	0  0  0  0  	0  0  0  0  	1  0  0  0  	0  0  0  0  	1  0  0  0  	0  1  0  0  	0  0  1  0  	
	1  0  0  0  	0  0  0  0  	1  0  0  0  	0  0  0  0  	0  0  0  0  	0  0  0  0  	0  0  1  0  	
	1  0  0  0  	0  0  0  0  	0  0  0  0  	0  0  0  0  	1  0  0  0  	0  0  0  0  	0  0  0  0  	
	1  0  0  0  	0  0  0  0  	0  0  0  0  	0  0  0  0  	1  0  0  0  	0  0  0  0  	0  0  1  0  	
	1  0  0  0  	0  0  0  0  	1  0  0  0  	0  0  0  0  	1  0  0  0  	1  0  0  0  	0  0  1  0  	
	1  0  0  0  	0  0  0  0  	0  0  0  0  	0  0  1  0  	0  1  0  0  	1  0  0  0  	0  0  1  0  	
	0  0  0  0  	0  0  0  0  	0  0  0  0  	0  0  0  0  	1  0  0  0  	0  0  0  0  	0  1  0  0  	
	0  0  0  0  	0  0  0  0  	0  0  0  0  	0  0  0  0  	0  0  0  0  	1  0  0  0  	0  0  1  0  	
	0  0  1  0  	0  0  0  0  	0  0  1  0  	0  0  0  0  	1  0  0  0  	0  0  0  0  	0  0  1  0  	
	1  0  0  0  	0  0  0  0  	0  0  0  0  	0  0  0  0  	0  0  0  0  	0  0  0  0  	0  0  1  0  	
	0  0  0  0  	0  0  0  0  	1  0  0  0  	0  0  0  0  	0  1  0  0  	1  0  0  0  	0  0  0  0  	
	0  0  0  0  	0  0  0  0  	0  0  0  0  	0  0  1  0  	1  0  0  0  	0  0  1  0  	1  0  0  0  	
	0  0  0  0  	0  0  0  0  	1  0  0  0  	0  0  1  0  	0  0  0  0  	0  0  0  0  	0  1  0  0  	
	0  0  0  0  	0  0  0  0  	1  0  0  0  	0  0  0  0  	0  0  0  0  	0  0  0  0  	0  0  1  0  	
	0  0  0  0  	0  1  0  0  	1  0  0  0  	0  0  0  0  	0  0  0  0  	0  0  0  0  	0  1  0  0  	
	0  0  0  0  	0  0  0  0  	1  0  0  0  	0  0  0  0  	0  0  0  0  	0  0  1  0  	0  0  1  0  	
	0  0  1  0  	0  0  0  0  	0  0  0  0  	0  0  1  0  	0  0  0  0  	0  1  0  0  	0  0  1  0  	
	0  0  0  0  	0  0  0  0  	0  0  0  0  	0  0  0  0  	0  0  0  0  	0  0  0  0  	0  0  1  0  	
	0  0  0  0  	0  0  0  0  	0  0  0  0  	0  0  0  0  	0  0  0  0  	0  1  0  0  	0  0  1  0  	
	0  0  0  0  	0  1  0  0  	0  0  0  0  	0  0  0  0  	0  0  0  0  	0  0  0  0  	0  0  1  0  	
	0  0  0  0  	0  1  0  0  	0  0  0  0  	0  0  0  0  	0  0  0  0  	0  0  0  0  	1  0  0  0  	
	0  0  0  0  	0  0  0  0  	0  0  1  0  	0  0  0  0  	0  0  0  0  	0  0  0  0  	0  0  1  0  	
	0  0  0  0  	0  1  0  0  	0  0  1  0  	0  0  0  0  	0  0  0  0  	0  0  1  0  	0  0  1  0  	
	0  0  0  0  	0  1  0  0  	0  0  1  0  	0  0  0  0  	0  0  0  0  	0  0  0  0  	0  0  1  0  	
	0  0  0  0  	0  1  0  0  	0  0  0  0  	0  0  0  0  	0  0  0  0  	1  0  0  0  	0  0  0  0  	
	0  0  0  0  	0  0  0  0  	0  0  0  0  	0  0  0  0  	0  0  0  0  	1  0  0  0  	0  0  0  0  	
	0  0  0  0  	0  0  0  0  	0  0  0  0  	0  0  0  0  	0  0  0  0  	1  0  0  0  	0  0  1  0  	
	0  0  0  0  	0  0  0  0  	0  0  1  0  	0  0  1  0  	0  0  0  0  	0  0  0  0  	0  0  0  0  	
	0  0  0  0  	0  0  0  0  	0  0  1  0  	0  0  1  0  	0  0  0  0  	1  0  0  0  	0  0  1  0  	
	0  0  0  0  	0  0  0  0  	0  0  0  0  	0  0  0  0  	0  0  0  0  	0  0  0  0  	0  0  1  0  	
	0  0  0  0  	0  0  0  0  	0  0  0  0  	0  0  0  0  	0  0  0  0  	1  0  0  0  	0  0  0  0  	
	0  0  0  0  	0  1  0  0  	0  0  1  0  	0  0  0  0  	0  0  0  0  	0  0  0  0  	0  0  0  0  	
	0  0  0  0  	0  0  0  0  	0  0  1  0  	0  0  0  0  	0  0  0  0  	0  0  0  0  	0  0  0  0  	
	0  0  0  0  	0  1  0  0  	0  0  0  0  	0  0  0  0  	0  0  0  0  	0  0  0  0  	0  0  1  0  	
	0  0  0  0  	0  0  0  0  	1  0  0  0  	0  0  0  0  	0  0  0  0  	0  0  0  0  	0  0  0  0  	
	0  0  0  0  	0  0  0  0  	0  0  0  0  	0  0  0  0  	0  0  0  0  	0  0  1  0  	0  0  1  0  	
	0  0  0  0  	0  0  0  0  	1  0  0  0  	0  0  0  0  	0  0  0  0  	0  0  0  0  	0  0  0  0  	
	0  0  0  0  	0  0  0  0  	0  0  0  0  	0  0  0  0  	0  0  0  0  	1  0  0  0  	0  0  1  0  	
	0  0  0  0  	0  1  0  0  	1  0  0  0  	0  0  0  0  	0  0  0  0  	1  0  0  0  	0  0  0  0  	
	0  0  0  0  	0  0  0  0  	1  0  0  0  	0  0  0  0  	0  0  0  0  	1  0  0  0  	0  0  1  0  	
	0  0  0  0  	0  1  0  0  	1  0  0  0  	0  0  0  0  	0  0  0  0  	0  0  0  0  	0  0  0  0  	
	0  0  0  0  	0  0  0  0  	1  0  0  0  	0  0  0  0  	0  0  0  0  	1  0  0  0  	0  0  0  0  	
	0  0  0  0  	0  1  0  0  	0  0  0  0  	0  0  0  0  	0  0  0  0  	0  0  0  0  	0  0  1  0  	
	0  0  0  0  	0  0  0  0  	1  0  0  0  	0  0  0  0  	0  0  0  0  	1  0  0  0  	0  0  1  0  	
	0  0  0  0  	0  0  0  0  	0  0  0  0  	0  0  1  0  	0  0  0  0  	1  0  0  0  	0  0  0  0  	
	0  0  0  0  	0  0  0  0  	0  0  0  0  	0  0  0  0  	0  0  0  0  	1  0  0  0  	0  0  0  0  	
Tiempo de procesamiento: 657.650000 [segs]
Aptitud: 1010.00

------------------------------------------------------------------------
----------------------------CALCULANDO K -------------------------------
------------------------------------------------------------------------
Parametro  |    H0    |    K    |   Rango   | Rango Inicial | 
0     1.79176     1.79176    [ 41 : 751]    [ 0 : 1000]
1     1.79176     1.79176    [ 1 : 454]    [ 0 : 1000]
2     1.79176     1.79176    [ 187 : 835]    [ 0 : 1000]

-----------------------Calibraciones-------------------------
751 : 366 : 351 :  :: 955 :: 0
41 : 454 : 835 :  :: 995 :: 0
566 : 1 : 187 :  :: 1005 :: 0
591 : 146 : 628 :  :: 1010 :: 3
500 : 228 : 470 :  :: 1050 :: 2
725 : 51 : 262 :  :: 1065 :: 1
------------------------------------------------------------------------
---------------------------- RESUMEN FINAL -----------------------------
------------------------------------------------------------------------
		FACT_SOC 		566 		[41 .. 751]
		FACT_COG 		366 		[1 .. 454]
		INERTIA 		351 		[187 .. 835]
------------------------------------------------------------------------
------------------------------------------------------------------------
------------------------------------------------------------------------
----------------- ITERACION : 4 -------------------------------------
------------------------------------------------------------------------
-----------------AGREGANDO NUEVAS CALiBRACIONES ------------------------
------------------------------------------------------------------------
(calibracion 0) 536 320 483 ./pso_nsp 50 0.3 0.5 0.5 50 instancias/N50-1.nsp
./pso_nsp 50 0.3 0.5 0.5 50 instancias/N50-1.nsp
PSO PARAMETERS
	c1: 0.300000   c2: 0.500000   w: 0.500000   size: 50   iterations: 50

				BEST SOLUTION

	Fitness: 1055

	Solution:
	1  2  3  4  	1  2  3  4  	1  2  3  4  	1  2  3  4  	1  2  3  4  	1  2  3  4  	1  2  3  4  	
	1  0  0  0  	1  0  0  0  	1  0  0  0  	0  0  0  0  	0  0  0  0  	1  0  0  0  	0  0  0  0  	
	0  0  0  0  	0  0  0  0  	0  0  0  0  	0  0  0  0  	1  0  0  0  	0  0  0  0  	0  1  0  0  	
	0  0  0  0  	0  0  0  0  	0  0  0  0  	1  0  0  0  	1  0  0  0  	0  1  0  0  	0  0  1  0  	
	1  0  0  0  	0  0  0  0  	0  0  0  0  	0  0  0  0  	1  0  0  0  	0  0  0  0  	0  0  1  0  	
	1  0  0  0  	0  0  0  0  	0  0  0  0  	0  0  0  0  	1  0  0  0  	0  0  0  0  	0  0  1  0  	
	1  0  0  0  	0  0  0  0  	1  0  0  0  	0  0  0  0  	0  0  0  0  	0  0  0  0  	0  0  1  0  	
	1  0  0  0  	0  0  0  0  	0  0  0  0  	0  0  0  0  	1  0  0  0  	0  0  0  0  	0  0  1  0  	
	1  0  0  0  	0  0  0  0  	1  0  0  0  	0  0  0  0  	1  0  0  0  	0  0  0  0  	0  0  1  0  	
	1  0  0  0  	0  0  0  0  	1  0  0  0  	0  0  0  0  	0  0  0  0  	0  0  0  0  	0  0  1  0  	
	0  0  0  0  	0  0  0  0  	1  0  0  0  	0  0  1  0  	0  1  0  0  	0  0  1  0  	0  0  1  0  	
	1  0  0  0  	0  0  0  0  	1  0  0  0  	0  0  0  0  	0  0  0  0  	0  0  0  0  	0  1  0  0  	
	0  0  0  0  	1  0  0  0  	1  0  0  0  	0  0  0  0  	0  0  0  0  	0  0  0  0  	0  0  1  0  	
	0  0  1  0  	0  0  0  0  	1  0  0  0  	0  0  0  0  	1  0  0  0  	0  0  0  0  	0  0  1  0  	
	0  0  0  0  	0  0  0  0  	1  0  0  0  	0  0  0  0  	0  0  0  0  	0  0  0  0  	0  0  1  0  	
	0  0  0  0  	0  0  0  0  	1  0  0  0  	0  0  0  0  	0  1  0  0  	0  0  0  0  	1  0  0  0  	
	0  0  0  0  	0  0  0  0  	1  0  0  0  	0  0  1  0  	0  0  0  0  	0  0  1  0  	0  0  1  0  	
	0  0  0  0  	0  0  0  0  	1  0  0  0  	0  0  1  0  	1  0  0  0  	0  1  0  0  	0  1  0  0  	
	0  0  0  0  	0  1  0  0  	0  0  1  0  	0  0  0  0  	0  0  0  0  	0  1  0  0  	0  0  1  0  	
	0  0  1  0  	0  0  0  0  	0  0  0  0  	0  0  0  0  	1  0  0  0  	0  0  0  0  	0  0  0  0  	
	0  0  0  0  	0  0  0  0  	0  0  0  0  	0  0  0  0  	0  0  0  0  	0  0  1  0  	0  1  0  0  	
	0  0  0  0  	0  1  0  0  	0  0  0  0  	0  0  1  0  	0  0  0  0  	0  0  0  0  	0  0  1  0  	
	0  0  0  0  	0  1  0  0  	1  0  0  0  	0  0  0  0  	0  0  0  0  	0  0  0  0  	0  0  1  0  	
	0  0  0  0  	0  0  0  0  	1  0  0  0  	0  0  0  0  	0  0  0  0  	0  0  0  0  	0  0  1  0  	
	0  0  0  0  	0  1  0  0  	0  0  0  0  	0  0  0  0  	0  0  0  0  	1  0  0  0  	0  0  1  0  	
	0  0  0  0  	0  1  0  0  	1  0  0  0  	0  0  0  0  	0  0  0  0  	0  0  0  0  	1  0  0  0  	
	0  0  0  0  	0  0  0  0  	1  0  0  0  	0  0  0  0  	0  0  0  0  	0  0  0  0  	0  0  1  0  	
	0  0  0  0  	0  1  0  0  	1  0  0  0  	0  0  0  0  	0  0  0  0  	1  0  0  0  	0  0  1  0  	
	0  0  0  0  	0  1  0  0  	0  0  0  0  	0  0  0  0  	0  0  0  0  	1  0  0  0  	0  0  1  0  	
	0  0  0  0  	0  0  0  0  	0  0  0  0  	0  0  0  0  	0  0  0  0  	1  0  0  0  	1  0  0  0  	
	0  0  0  0  	0  0  0  0  	0  0  0  0  	0  0  0  0  	0  0  0  0  	1  0  0  0  	0  0  0  0  	
	0  0  0  0  	0  0  0  0  	0  0  0  0  	0  0  0  0  	0  0  0  0  	1  0  0  0  	0  0  1  0  	
	0  0  0  0  	0  0  0  0  	0  0  0  0  	0  0  1  0  	0  0  0  0  	1  0  0  0  	0  0  0  0  	
	0  0  0  0  	0  0  0  0  	0  0  0  0  	0  0  1  0  	0  0  0  0  	0  0  0  0  	0  0  1  0  	
	0  0  0  0  	0  0  0  0  	0  0  1  0  	0  0  0  0  	0  0  0  0  	0  0  0  0  	0  0  0  0  	
	0  0  0  0  	0  0  0  0  	0  0  1  0  	0  0  0  0  	0  0  0  0  	1  0  0  0  	0  0  0  0  	
	0  0  0  0  	0  1  0  0  	0  0  1  0  	0  0  0  0  	0  0  0  0  	0  0  0  0  	0  0  1  0  	
	0  0  0  0  	0  0  0  0  	1  0  0  0  	0  0  0  0  	0  0  0  0  	0  0  0  0  	0  0  0  0  	
	0  0  0  0  	0  0  0  0  	0  0  0  0  	0  0  0  0  	0  0  0  0  	1  0  0  0  	0  0  0  0  	
	0  0  0  0  	0  0  0  0  	0  0  1  0  	0  0  0  0  	0  0  0  0  	0  0  0  0  	0  0  0  0  	
	0  0  0  0  	0  0  0  0  	0  0  1  0  	0  0  0  0  	0  0  0  0  	0  0  1  0  	0  0  0  0  	
	0  0  0  0  	0  1  0  0  	0  0  1  0  	0  0  0  0  	0  0  0  0  	0  0  0  0  	0  0  0  0  	
	0  0  0  0  	0  1  0  0  	0  0  0  0  	0  0  0  0  	0  0  0  0  	1  0  0  0  	0  0  0  0  	
	0  0  0  0  	0  0  0  0  	0  0  0  0  	0  0  0  0  	0  0  0  0  	1  0  0  0  	0  0  1  0  	
	0  0  0  0  	0  0  0  0  	0  0  0  0  	0  0  0  0  	0  0  0  0  	1  0  0  0  	0  0  0  0  	
	0  0  0  0  	0  0  0  0  	0  0  0  0  	0  0  0  0  	0  0  0  0  	0  0  0  0  	0  0  1  0  	
	0  0  0  0  	0  0  0  0  	0  0  1  0  	0  0  0  0  	0  0  0  0  	1  0  0  0  	0  0  0  0  	
	0  0  0  0  	0  0  0  0  	1  0  0  0  	0  0  0  0  	0  0  0  0  	0  0  0  0  	0  0  1  0  	
	0  0  0  0  	0  0  0  0  	1  0  0  0  	0  0  0  0  	0  0  0  0  	1  0  0  0  	0  0  1  0  	
	0  0  0  0  	0  1  0  0  	0  0  0  0  	0  0  0  0  	0  0  0  0  	1  0  0  0  	0  0  0  0  	
	0  0  0  0  	0  1  0  0  	0  0  0  0  	0  0  0  0  	0  0  0  0  	1  0  0  0  	0  0  0  0  	
Tiempo de procesamiento: 656.110000 [segs]
Aptitud: 1055.00

------------------------------------------------------------------------
----------------------------CALCULANDO K -------------------------------
------------------------------------------------------------------------
Parametro  |    H0    |    K    |   Rango   | Rango Inicial | 
0     1.79176     1.79176    [ 41 : 751]    [ 0 : 1000]
1     1.79176     1.79176    [ 146 : 454]    [ 0 : 1000]
2     1.79176     1.79176    [ 351 : 835]    [ 0 : 1000]

-----------------------Calibraciones-------------------------
751 : 366 : 351 :  :: 955 :: 0
41 : 454 : 835 :  :: 995 :: 0
591 : 146 : 628 :  :: 1010 :: 3
500 : 228 : 470 :  :: 1050 :: 2
536 : 320 : 483 :  :: 1055 :: 4
725 : 51 : 262 :  :: 1065 :: 1
------------------------------------------------------------------------
---------------------------- RESUMEN FINAL -----------------------------
------------------------------------------------------------------------
		FACT_SOC 		591 		[41 .. 751]
		FACT_COG 		366 		[146 .. 454]
		INERTIA 		628 		[351 .. 835]
------------------------------------------------------------------------
------------------------------------------------------------------------
------------------------------------------------------------------------
----------------- ITERACION : 5 -------------------------------------
------------------------------------------------------------------------
-----------------AGREGANDO NUEVAS CALiBRACIONES ------------------------
------------------------------------------------------------------------
(calibracion 0) 636 271 407 ./pso_nsp 50 0.3 0.6 0.4 50 instancias/N50-1.nsp
./pso_nsp 50 0.3 0.6 0.4 50 instancias/N50-1.nsp
PSO PARAMETERS
	c1: 0.300000   c2: 0.600000   w: 0.400000   size: 50   iterations: 50

				BEST SOLUTION

	Fitness: 1050

	Solution:
	1  2  3  4  	1  2  3  4  	1  2  3  4  	1  2  3  4  	1  2  3  4  	1  2  3  4  	1  2  3  4  	
	0  0  0  0  	0  0  0  0  	1  0  0  0  	1  0  0  0  	1  0  0  0  	1  0  0  0  	0  0  1  0  	
	0  0  0  0  	0  1  0  0  	0  0  0  0  	0  0  0  0  	0  0  0  0  	0  0  0  0  	0  0  1  0  	
	1  0  0  0  	1  0  0  0  	0  0  0  0  	0  0  0  0  	1  0  0  0  	0  0  0  0  	0  0  1  0  	
	0  0  0  0  	0  0  0  0  	0  0  0  0  	0  0  0  0  	1  0  0  0  	0  0  0  0  	0  0  1  0  	
	1  0  0  0  	0  0  0  0  	1  0  0  0  	0  0  0  0  	1  0  0  0  	0  1  0  0  	0  0  1  0  	
	1  0  0  0  	0  0  0  0  	1  0  0  0  	0  0  0  0  	0  0  0  0  	0  0  0  0  	0  0  1  0  	
	1  0  0  0  	1  0  0  0  	1  0  0  0  	0  0  0  0  	0  0  0  0  	0  0  0  0  	0  0  1  0  	
	1  0  0  0  	0  0  0  0  	1  0  0  0  	0  0  0  0  	0  0  0  0  	0  0  0  0  	0  0  1  0  	
	0  0  0  0  	0  0  0  0  	1  0  0  0  	0  0  0  0  	1  0  0  0  	0  0  0  0  	0  0  1  0  	
	1  0  0  0  	0  0  0  0  	0  0  0  0  	0  0  1  0  	0  1  0  0  	0  0  1  0  	0  0  1  0  	
	1  0  0  0  	0  0  0  0  	1  0  0  0  	0  0  0  0  	0  0  0  0  	0  0  0  0  	0  1  0  0  	
	0  0  0  0  	0  0  0  0  	1  0  0  0  	0  0  0  0  	1  0  0  0  	0  0  0  0  	0  0  1  0  	
	0  0  0  0  	0  0  0  0  	1  0  0  0  	0  0  0  0  	0  0  0  0  	0  0  0  0  	0  0  1  0  	
	0  0  1  0  	0  0  0  0  	1  0  0  0  	0  0  0  0  	0  0  0  0  	1  0  0  0  	0  0  1  0  	
	0  0  0  0  	0  0  0  0  	1  0  0  0  	0  0  0  0  	0  1  0  0  	1  0  0  0  	1  0  0  0  	
	0  0  0  0  	0  0  0  0  	0  0  0  0  	0  0  1  0  	1  0  0  0  	0  0  1  0  	0  0  1  0  	
	0  0  0  0  	0  0  0  0  	1  0  0  0  	0  0  1  0  	0  0  0  0  	0  0  0  0  	0  1  0  0  	
	0  0  1  0  	0  0  0  0  	1  0  0  0  	0  0  0  0  	0  0  0  0  	1  0  0  0  	0  0  1  0  	
	0  0  0  0  	0  0  0  0  	1  0  0  0  	0  0  0  0  	1  0  0  0  	0  1  0  0  	0  1  0  0  	
	1  0  0  0  	0  0  0  0  	1  0  0  0  	0  0  0  0  	0  0  0  0  	0  0  1  0  	0  0  1  0  	
	0  0  0  0  	0  0  0  0  	0  0  0  0  	0  0  1  0  	0  0  0  0  	0  0  0  0  	0  0  1  0  	
	0  0  0  0  	0  1  0  0  	0  0  0  0  	0  0  0  0  	1  0  0  0  	0  0  0  0  	0  0  1  0  	
	0  0  0  0  	0  1  0  0  	0  0  0  0  	0  0  0  0  	0  0  0  0  	1  0  0  0  	0  0  1  0  	
	0  0  0  0  	0  1  0  0  	0  0  0  0  	0  0  0  0  	0  0  0  0  	0  1  0  0  	0  0  1  0  	
	0  0  0  0  	0  0  0  0  	0  0  0  0  	0  0  0  0  	0  0  0  0  	0  0  0  0  	0  0  0  0  	
	0  0  0  0  	0  0  0  0  	0  0  0  0  	0  0  0  0  	0  0  0  0  	0  0  0  0  	0  0  1  0  	
	0  0  0  0  	0  1  0  0  	0  0  1  0  	0  0  0  0  	0  0  0  0  	1  0  0  0  	0  0  1  0  	
	0  0  0  0  	0  0  0  0  	0  0  0  0  	0  0  0  0  	0  0  0  0  	0  0  0  0  	0  0  1  0  	
	0  0  0  0  	0  1  0  0  	0  0  0  0  	0  0  0  0  	0  0  0  0  	1  0  0  0  	0  0  1  0  	
	0  0  0  0  	0  0  0  0  	0  0  0  0  	0  0  0  0  	0  0  0  0  	1  0  0  0  	0  0  0  0  	
	0  0  0  0  	0  0  0  0  	0  0  1  0  	0  0  0  0  	0  0  0  0  	0  0  0  0  	0  0  1  0  	
	0  0  0  0  	0  1  0  0  	0  0  0  0  	0  0  1  0  	0  0  0  0  	0  0  0  0  	0  0  1  0  	
	0  0  0  0  	0  1  0  0  	0  0  0  0  	0  0  1  0  	0  0  0  0  	0  0  0  0  	1  0  0  0  	
	0  0  0  0  	0  0  0  0  	0  0  1  0  	0  0  0  0  	0  0  0  0  	0  0  0  0  	0  0  1  0  	
	0  0  0  0  	0  0  0  0  	1  0  0  0  	0  0  0  0  	0  0  0  0  	1  0  0  0  	1  0  0  0  	
	0  0  0  0  	0  1  0  0  	0  0  1  0  	0  0  0  0  	0  0  0  0  	0  0  0  0  	0  0  1  0  	
	0  0  0  0  	0  0  0  0  	0  0  0  0  	0  0  0  0  	0  0  0  0  	0  0  0  0  	0  0  0  0  	
	0  0  0  0  	0  1  0  0  	0  0  0  0  	0  0  0  0  	0  0  0  0  	0  0  0  0  	0  0  1  0  	
	0  0  0  0  	0  0  0  0  	0  0  1  0  	0  0  0  0  	0  0  0  0  	0  0  0  0  	0  0  1  0  	
	0  0  0  0  	0  0  0  0  	0  0  1  0  	0  0  0  0  	0  0  0  0  	0  0  1  0  	0  0  1  0  	
	0  0  0  0  	0  1  0  0  	0  0  0  0  	0  0  0  0  	0  0  0  0  	0  0  0  0  	0  0  0  0  	
	0  0  0  0  	0  1  0  0  	0  0  0  0  	0  0  0  0  	0  0  0  0  	1  0  0  0  	0  0  0  0  	
	0  0  0  0  	0  0  0  0  	0  0  0  0  	0  0  0  0  	0  0  0  0  	1  0  0  0  	0  0  0  0  	
	0  0  0  0  	0  0  0  0  	0  0  1  0  	0  0  0  0  	0  0  0  0  	1  0  0  0  	0  1  0  0  	
	0  0  0  0  	0  0  0  0  	0  0  1  0  	0  0  0  0  	0  0  0  0  	1  0  0  0  	0  0  0  0  	
	0  0  0  0  	0  0  0  0  	0  0  0  0  	0  0  0  0  	0  0  0  0  	0  0  0  0  	0  0  0  0  	
	0  0  0  0  	0  0  0  0  	1  0  0  0  	0  0  0  0  	0  0  0  0  	1  0  0  0  	0  0  0  0  	
	0  0  0  0  	0  0  0  0  	1  0  0  0  	0  0  0  0  	0  0  0  0  	1  0  0  0  	0  0  0  0  	
	0  0  0  0  	0  0  0  0  	0  0  0  0  	0  0  1  0  	0  0  0  0  	1  0  0  0  	0  0  0  0  	
	0  0  0  0  	0  0  0  0  	1  0  0  0  	0  0  0  0  	0  0  0  0  	1  0  0  0  	0  0  1  0  	
Tiempo de procesamiento: 657.310000 [segs]
Aptitud: 1050.00

------------------------------------------------------------------------
----------------------------CALCULANDO K -------------------------------
------------------------------------------------------------------------
Parametro  |    H0    |    K    |   Rango   | Rango Inicial | 
0     1.79176     1.79176    [ 500 : 751]    [ 0 : 1000]
1     1.79176     1.79176    [ 146 : 366]    [ 0 : 1000]
2     1.79176     1.79176    [ 351 : 628]    [ 0 : 1000]

-----------------------Calibraciones-------------------------
751 : 366 : 351 :  :: 955 :: 0
591 : 146 : 628 :  :: 1010 :: 3
500 : 228 : 470 :  :: 1050 :: 2
636 : 271 : 407 :  :: 1050 :: 5
536 : 320 : 483 :  :: 1055 :: 4
725 : 51 : 262 :  :: 1065 :: 1
------------------------------------------------------------------------
---------------------------- RESUMEN FINAL -----------------------------
------------------------------------------------------------------------
		FACT_SOC 		591 		[500 .. 751]
		FACT_COG 		228 		[146 .. 366]
		INERTIA 		470 		[351 .. 628]
------------------------------------------------------------------------
------------------------------------------------------------------------
------------------------------------------------------------------------
----------------- ITERACION : 6 -------------------------------------
------------------------------------------------------------------------
-----------------AGREGANDO NUEVAS CALiBRACIONES ------------------------
------------------------------------------------------------------------
(calibracion 0) 677 294 455 ./pso_nsp 50 0.3 0.7 0.5 50 instancias/N50-1.nsp
./pso_nsp 50 0.3 0.7 0.5 50 instancias/N50-1.nsp
PSO PARAMETERS
	c1: 0.300000   c2: 0.700000   w: 0.500000   size: 50   iterations: 50

				BEST SOLUTION

	Fitness: 970

	Solution:
	1  2  3  4  	1  2  3  4  	1  2  3  4  	1  2  3  4  	1  2  3  4  	1  2  3  4  	1  2  3  4  	
	0  0  0  0  	0  0  0  0  	0  0  0  0  	1  0  0  0  	1  0  0  0  	1  0  0  0  	0  0  0  0  	
	0  0  0  0  	0  1  0  0  	1  0  0  0  	0  0  0  0  	0  0  0  0  	0  0  0  0  	0  0  1  0  	
	1  0  0  0  	1  0  0  0  	0  0  0  0  	0  0  0  0  	0  0  0  0  	0  1  0  0  	0  0  1  0  	
	1  0  0  0  	1  0  0  0  	0  0  0  0  	0  0  0  0  	1  0  0  0  	0  0  0  0  	0  0  1  0  	
	1  0  0  0  	0  0  0  0  	1  0  0  0  	0  0  0  0  	1  0  0  0  	0  0  0  0  	0  0  1  0  	
	0  0  0  0  	0  0  0  0  	1  0  0  0  	0  0  0  0  	1  0  0  0  	0  0  0  0  	0  0  1  0  	
	1  0  0  0  	0  0  0  0  	1  0  0  0  	0  0  0  0  	0  0  0  0  	0  0  0  0  	0  0  1  0  	
	0  0  0  0  	0  0  0  0  	1  0  0  0  	0  0  0  0  	1  0  0  0  	0  0  0  0  	0  0  1  0  	
	0  0  0  0  	0  0  0  0  	1  0  0  0  	0  0  0  0  	1  0  0  0  	0  0  0  0  	0  0  1  0  	
	0  0  0  0  	0  0  0  0  	1  0  0  0  	0  0  1  0  	0  1  0  0  	0  0  1  0  	0  0  1  0  	
	0  0  0  0  	0  0  0  0  	0  0  0  0  	0  0  0  0  	0  0  0  0  	1  0  0  0  	0  1  0  0  	
	0  0  0  0  	0  0  0  0  	1  0  0  0  	0  0  0  0  	1  0  0  0  	0  0  0  0  	0  0  1  0  	
	1  0  0  0  	0  0  0  0  	0  0  0  0  	0  0  0  0  	0  0  0  0  	0  0  0  0  	0  0  1  0  	
	1  0  0  0  	0  0  0  0  	0  0  0  0  	0  0  0  0  	1  0  0  0  	0  0  0  0  	0  0  1  0  	
	0  0  0  0  	0  0  0  0  	1  0  0  0  	0  0  0  0  	0  1  0  0  	0  0  0  0  	1  0  0  0  	
	0  0  0  0  	0  0  0  0  	0  0  0  0  	0  0  1  0  	1  0  0  0  	0  0  1  0  	0  0  1  0  	
	1  0  0  0  	0  0  0  0  	0  0  0  0  	0  0  1  0  	0  0  0  0  	0  0  0  0  	0  1  0  0  	
	1  0  0  0  	0  0  0  0  	0  0  1  0  	0  0  0  0  	0  0  0  0  	0  0  0  0  	0  0  1  0  	
	0  0  0  0  	0  1  0  0  	1  0  0  0  	0  0  0  0  	0  0  0  0  	0  0  0  0  	0  0  1  0  	
	0  0  0  0  	0  1  0  0  	0  0  1  0  	0  0  0  0  	0  0  0  0  	0  0  1  0  	0  0  1  0  	
	0  0  0  0  	0  0  0  0  	0  0  1  0  	0  0  1  0  	0  0  0  0  	0  1  0  0  	0  0  1  0  	
	0  0  0  0  	0  0  0  0  	0  0  1  0  	0  0  0  0  	0  0  0  0  	0  0  0  0  	0  0  0  0  	
	0  0  0  0  	0  0  0  0  	1  0  0  0  	0  0  0  0  	0  0  0  0  	0  1  0  0  	1  0  0  0  	
	0  0  0  0  	0  1  0  0  	0  0  0  0  	0  0  0  0  	0  0  0  0  	0  0  0  0  	0  0  1  0  	
	0  0  0  0  	0  1  0  0  	0  0  1  0  	0  0  0  0  	0  0  0  0  	0  0  0  0  	1  0  0  0  	
	0  0  0  0  	0  0  0  0  	0  0  0  0  	0  0  0  0  	0  0  0  0  	0  0  0  0  	0  0  1  0  	
	0  0  1  0  	0  1  0  0  	0  0  1  0  	0  0  0  0  	0  0  0  0  	1  0  0  0  	0  0  0  0  	
	0  0  0  0  	0  1  0  0  	0  0  0  0  	0  0  0  0  	0  0  0  0  	1  0  0  0  	0  0  0  0  	
	0  0  0  0  	0  0  0  0  	0  0  0  0  	0  0  0  0  	0  0  0  0  	1  0  0  0  	0  0  1  0  	
	0  0  0  0  	0  1  0  0  	0  0  0  0  	0  0  0  0  	0  0  0  0  	1  0  0  0  	0  0  0  0  	
	0  0  0  0  	0  0  0  0  	0  0  1  0  	0  0  0  0  	0  0  0  0  	0  0  0  0  	0  0  1  0  	
	0  0  0  0  	0  0  0  0  	1  0  0  0  	0  0  1  0  	0  0  0  0  	1  0  0  0  	0  0  1  0  	
	0  0  0  0  	0  0  0  0  	1  0  0  0  	0  0  1  0  	0  0  0  0  	0  0  0  0  	0  0  0  0  	
	0  0  0  0  	0  0  0  0  	0  0  1  0  	0  0  0  0  	0  0  0  0  	0  0  0  0  	0  0  0  0  	
	0  0  1  0  	0  0  0  0  	0  0  0  0  	0  0  0  0  	0  0  0  0  	1  0  0  0  	0  0  0  0  	
	0  0  0  0  	0  0  0  0  	0  0  0  0  	0  0  0  0  	0  0  0  0  	0  0  0  0  	0  0  0  0  	
	0  0  0  0  	0  0  0  0  	0  0  0  0  	0  0  0  0  	0  0  0  0  	0  0  0  0  	0  0  0  0  	
	0  0  0  0  	0  1  0  0  	0  0  0  0  	0  0  0  0  	0  0  0  0  	1  0  0  0  	0  0  0  0  	
	0  0  0  0  	0  0  0  0  	0  0  0  0  	0  0  0  0  	0  0  0  0  	0  0  0  0  	0  0  0  0  	
	0  0  0  0  	0  1  0  0  	0  0  0  0  	0  0  0  0  	0  0  0  0  	0  0  1  0  	0  0  0  0  	
	0  0  0  0  	0  0  0  0  	1  0  0  0  	0  0  0  0  	0  0  0  0  	0  0  0  0  	0  0  0  0  	
	0  0  0  0  	0  0  0  0  	0  0  0  0  	0  0  0  0  	0  0  0  0  	1  0  0  0  	0  0  0  0  	
	0  0  0  0  	0  1  0  0  	0  0  0  0  	0  0  0  0  	0  0  0  0  	0  0  0  0  	0  0  1  0  	
	0  0  0  0  	0  0  0  0  	0  0  0  0  	0  0  0  0  	0  0  0  0  	1  0  0  0  	0  0  1  0  	
	0  0  0  0  	0  1  0  0  	0  0  0  0  	0  0  0  0  	0  0  0  0  	0  0  0  0  	0  0  1  0  	
	0  0  0  0  	0  0  0  0  	1  0  0  0  	0  0  0  0  	0  0  0  0  	1  0  0  0  	0  1  0  0  	
	0  0  0  0  	0  0  0  0  	0  0  0  0  	0  0  1  0  	0  0  0  0  	0  0  0  0  	0  0  0  0  	
	0  0  0  0  	0  0  0  0  	1  0  0  0  	0  0  0  0  	0  0  0  0  	1  0  0  0  	0  0  0  0  	
	0  0  0  0  	0  0  0  0  	0  0  0  0  	0  0  1  0  	0  0  0  0  	1  0  0  0  	0  0  1  0  	
	0  0  0  0  	0  0  0  0  	0  0  0  0  	0  0  0  0  	0  0  0  0  	1  0  0  0  	0  0  1  0  	
Tiempo de procesamiento: 647.940000 [segs]
Aptitud: 970.00

------------------------------------------------------------------------
----------------------------CALCULANDO K -------------------------------
------------------------------------------------------------------------
Parametro  |    H0    |    K    |   Rango   | Rango Inicial | 
0     1.79176     1.79176    [ 500 : 751]    [ 0 : 1000]
1     1.79176     1.79176    [ 146 : 366]    [ 0 : 1000]
2     1.79176     1.79176    [ 351 : 628]    [ 0 : 1000]

-----------------------Calibraciones-------------------------
751 : 366 : 351 :  :: 955 :: 0
677 : 294 : 455 :  :: 970 :: 6
591 : 146 : 628 :  :: 1010 :: 3
500 : 228 : 470 :  :: 1050 :: 2
636 : 271 : 407 :  :: 1050 :: 5
536 : 320 : 483 :  :: 1055 :: 4
------------------------------------------------------------------------
---------------------------- RESUMEN FINAL -----------------------------
------------------------------------------------------------------------
		FACT_SOC 		677 		[591 .. 751]
		FACT_COG 		294 		[146 .. 366]
		INERTIA 		455 		[351 .. 628]
------------------------------------------------------------------------
------------------------------------------------------------------------
------------------------------------------------------------------------
----------------- ITERACION : 7 -------------------------------------
------------------------------------------------------------------------
-----------------AGREGANDO NUEVAS CALiBRACIONES ------------------------
------------------------------------------------------------------------
(calibracion 0) 697 189 373 ./pso_nsp 50 0.2 0.7 0.4 50 instancias/N50-1.nsp
./pso_nsp 50 0.2 0.7 0.4 50 instancias/N50-1.nsp
PSO PARAMETERS
	c1: 0.200000   c2: 0.700000   w: 0.400000   size: 50   iterations: 50

				BEST SOLUTION

	Fitness: 1040

	Solution:
	1  2  3  4  	1  2  3  4  	1  2  3  4  	1  2  3  4  	1  2  3  4  	1  2  3  4  	1  2  3  4  	
	0  0  0  0  	0  0  0  0  	0  0  0  0  	1  0  0  0  	1  0  0  0  	1  0  0  0  	0  0  0  0  	
	0  0  0  0  	0  1  0  0  	1  0  0  0  	0  0  0  0  	0  0  0  0  	0  0  0  0  	0  1  0  0  	
	1  0  0  0  	1  0  0  0  	0  0  0  0  	0  0  0  0  	0  0  0  0  	0  0  0  0  	0  0  1  0  	
	1  0  0  0  	0  0  0  0  	1  0  0  0  	0  0  0  0  	1  0  0  0  	0  0  0  0  	0  0  1  0  	
	0  0  0  0  	1  0  0  0  	1  0  0  0  	0  0  0  0  	0  0  0  0  	0  1  0  0  	0  0  1  0  	
	1  0  0  0  	0  0  0  0  	1  0  0  0  	0  0  0  0  	1  0  0  0  	0  0  0  0  	0  0  1  0  	
	1  0  0  0  	0  0  0  0  	1  0  0  0  	0  0  0  0  	0  0  0  0  	0  0  0  0  	0  0  1  0  	
	0  0  0  0  	0  0  0  0  	1  0  0  0  	0  0  0  0  	1  0  0  0  	0  0  0  0  	0  0  1  0  	
	0  0  0  0  	0  0  0  0  	1  0  0  0  	0  0  0  0  	1  0  0  0  	0  0  0  0  	0  0  1  0  	
	0  0  0  0  	0  0  0  0  	1  0  0  0  	0  0  1  0  	0  1  0  0  	0  0  1  0  	0  0  1  0  	
	0  0  0  0  	0  0  0  0  	1  0  0  0  	0  0  0  0  	1  0  0  0  	0  0  0  0  	0  1  0  0  	
	0  0  0  0  	0  0  0  0  	1  0  0  0  	0  0  0  0  	0  0  0  0  	0  0  0  0  	0  0  1  0  	
	0  0  0  0  	0  0  0  0  	0  0  1  0  	0  0  0  0  	0  0  0  0  	0  1  0  0  	0  0  0  0  	
	1  0  0  0  	0  0  0  0  	0  0  0  0  	0  0  0  0  	0  0  0  0  	0  0  0  0  	0  0  0  0  	
	0  0  0  0  	0  0  0  0  	1  0  0  0  	0  0  0  0  	0  1  0  0  	0  1  0  0  	1  0  0  0  	
	1  0  0  0  	0  0  0  0  	0  0  0  0  	0  0  1  0  	0  0  0  0  	0  0  1  0  	1  0  0  0  	
	0  0  0  0  	0  0  0  0  	1  0  0  0  	0  0  1  0  	0  0  0  0  	0  0  0  0  	0  1  0  0  	
	0  0  1  0  	0  0  0  0  	1  0  0  0  	0  0  0  0  	1  0  0  0  	0  0  0  0  	0  0  1  0  	
	0  0  0  0  	0  1  0  0  	0  0  0  0  	0  0  0  0  	0  0  0  0  	0  0  0  0  	0  0  1  0  	
	0  0  0  0  	0  0  0  0  	1  0  0  0  	0  0  0  0  	1  0  0  0  	0  0  1  0  	0  0  1  0  	
	0  0  1  0  	0  0  0  0  	0  0  0  0  	0  0  1  0  	0  0  0  0  	0  0  0  0  	0  0  1  0  	
	1  0  0  0  	0  0  0  0  	1  0  0  0  	0  0  0  0  	0  0  0  0  	0  0  0  0  	0  0  1  0  	
	0  0  0  0  	0  0  0  0  	0  0  0  0  	0  0  0  0  	1  0  0  0  	0  0  0  0  	0  0  1  0  	
	1  0  0  0  	0  0  0  0  	1  0  0  0  	0  0  0  0  	0  0  0  0  	0  0  0  0  	0  0  1  0  	
	0  0  0  0  	0  0  0  0  	0  0  0  0  	0  0  0  0  	0  0  0  0  	0  0  0  0  	1  0  0  0  	
	0  0  0  0  	0  0  0  0  	0  0  0  0  	0  0  0  0  	0  0  0  0  	1  0  0  0  	0  0  1  0  	
	0  0  0  0  	0  1  0  0  	0  0  1  0  	0  0  0  0  	0  0  0  0  	1  0  0  0  	0  0  0  0  	
	0  0  0  0  	0  0  0  0  	0  0  0  0  	0  0  0  0  	0  0  0  0  	1  0  0  0  	0  0  0  0  	
	0  0  0  0  	0  0  0  0  	0  0  0  0  	0  0  0  0  	0  0  0  0  	1  0  0  0  	0  0  0  0  	
	0  0  0  0  	0  1  0  0  	0  0  0  0  	0  0  0  0  	0  0  0  0  	1  0  0  0  	0  0  0  0  	
	0  0  0  0  	0  1  0  0  	0  0  1  0  	0  0  0  0  	0  0  0  0  	0  0  0  0  	0  0  0  0  	
	0  0  0  0  	0  0  0  0  	0  0  0  0  	0  0  1  0  	0  0  0  0  	0  0  0  0  	0  0  1  0  	
	0  0  0  0  	0  0  0  0  	1  0  0  0  	0  0  1  0  	0  0  0  0  	0  0  0  0  	0  0  0  0  	
	0  0  0  0  	0  0  0  0  	0  0  1  0  	0  0  0  0  	0  0  0  0  	1  0  0  0  	0  0  1  0  	
	0  0  0  0  	0  0  0  0  	0  0  0  0  	0  0  0  0  	0  0  0  0  	1  0  0  0  	0  0  0  0  	
	0  0  0  0  	0  0  0  0  	0  0  1  0  	0  0  0  0  	0  0  0  0  	0  0  0  0  	0  0  0  0  	
	0  0  0  0  	0  1  0  0  	0  0  0  0  	0  0  0  0  	0  0  0  0  	1  0  0  0  	0  0  0  0  	
	0  0  0  0  	0  0  0  0  	0  0  0  0  	0  0  0  0  	0  0  0  0  	1  0  0  0  	0  0  0  0  	
	0  0  0  0  	0  1  0  0  	0  0  1  0  	0  0  0  0  	0  0  0  0  	1  0  0  0  	0  0  0  0  	
	0  0  0  0  	0  0  0  0  	0  0  0  0  	0  0  0  0  	0  0  0  0  	0  0  1  0  	0  0  0  0  	
	0  0  0  0  	0  1  0  0  	1  0  0  0  	0  0  0  0  	0  0  0  0  	0  0  0  0  	0  0  0  0  	
	0  0  0  0  	0  0  0  0  	0  0  0  0  	0  0  0  0  	0  0  0  0  	1  0  0  0  	0  0  1  0  	
	0  0  0  0  	0  1  0  0  	0  0  0  0  	0  0  0  0  	0  0  0  0  	0  0  0  0  	0  0  1  0  	
	0  0  0  0  	0  0  0  0  	0  0  0  0  	0  0  0  0  	0  0  0  0  	0  0  0  0  	0  0  1  0  	
	0  0  0  0  	0  0  0  0  	0  0  0  0  	0  0  0  0  	0  0  0  0  	0  0  0  0  	0  0  0  0  	
	0  0  0  0  	0  0  0  0  	0  0  1  0  	0  0  0  0  	0  0  0  0  	0  0  0  0  	0  1  0  0  	
	0  0  0  0  	0  1  0  0  	1  0  0  0  	0  0  1  0  	0  0  0  0  	0  0  0  0  	0  0  1  0  	
	0  0  0  0  	0  1  0  0  	0  0  0  0  	0  0  0  0  	0  0  0  0  	1  0  0  0  	0  0  0  0  	
	0  0  0  0  	0  0  0  0  	0  0  0  0  	0  0  1  0  	0  0  0  0  	1  0  0  0  	0  0  0  0  	
	0  0  0  0  	0  0  0  0  	0  0  0  0  	0  0  0  0  	0  0  0  0  	1  0  0  0  	0  0  1  0  	
Tiempo de procesamiento: 655.770000 [segs]
Aptitud: 1040.00

------------------------------------------------------------------------
----------------------------CALCULANDO K -------------------------------
------------------------------------------------------------------------
Parametro  |    H0    |    K    |   Rango   | Rango Inicial | 
0     1.79176     1.79176    [ 591 : 751]    [ 0 : 1000]
1     1.79176     1.79176    [ 146 : 366]    [ 0 : 1000]
2     1.79176     1.79176    [ 351 : 628]    [ 0 : 1000]

-----------------------Calibraciones-------------------------
751 : 366 : 351 :  :: 955 :: 0
677 : 294 : 455 :  :: 970 :: 6
591 : 146 : 628 :  :: 1010 :: 3
697 : 189 : 373 :  :: 1040 :: 7
636 : 271 : 407 :  :: 1050 :: 5
536 : 320 : 483 :  :: 1055 :: 4
------------------------------------------------------------------------
---------------------------- RESUMEN FINAL -----------------------------
------------------------------------------------------------------------
		FACT_SOC 		677 		[591 .. 751]
		FACT_COG 		294 		[146 .. 366]
		INERTIA 		455 		[351 .. 628]
------------------------------------------------------------------------
------------------------------------------------------------------------
------------------------------------------------------------------------
----------------- ITERACION : 8 -------------------------------------
------------------------------------------------------------------------
-----------------AGREGANDO NUEVAS CALiBRACIONES ------------------------
------------------------------------------------------------------------
(calibracion 0) 748 331 412 ./pso_nsp 50 0.3 0.7 0.4 50 instancias/N50-1.nsp
./pso_nsp 50 0.3 0.7 0.4 50 instancias/N50-1.nsp
PSO PARAMETERS
	c1: 0.300000   c2: 0.700000   w: 0.400000   size: 50   iterations: 50

				BEST SOLUTION

	Fitness: 990

	Solution:
	1  2  3  4  	1  2  3  4  	1  2  3  4  	1  2  3  4  	1  2  3  4  	1  2  3  4  	1  2  3  4  	
	1  0  0  0  	1  0  0  0  	1  0  0  0  	0  0  0  0  	0  0  0  0  	1  0  0  0  	0  0  1  0  	
	0  0  0  0  	0  1  0  0  	0  0  0  0  	0  0  0  0  	1  0  0  0  	0  0  0  0  	0  1  0  0  	
	0  0  0  0  	0  0  0  0  	1  0  0  0  	1  0  0  0  	0  0  0  0  	0  0  0  0  	0  0  1  0  	
	1  0  0  0  	0  0  0  0  	1  0  0  0  	0  0  0  0  	0  0  0  0  	0  0  0  0  	0  0  1  0  	
	1  0  0  0  	0  0  0  0  	1  0  0  0  	0  0  0  0  	1  0  0  0  	0  1  0  0  	1  0  0  0  	
	1  0  0  0  	0  0  0  0  	1  0  0  0  	0  0  0  0  	1  0  0  0  	0  0  0  0  	0  0  0  0  	
	1  0  0  0  	0  0  0  0  	1  0  0  0  	0  0  0  0  	1  0  0  0  	0  0  0  0  	0  0  1  0  	
	1  0  0  0  	0  0  0  0  	1  0  0  0  	0  0  0  0  	0  0  0  0  	0  1  0  0  	0  0  1  0  	
	0  0  0  0  	1  0  0  0  	0  0  0  0  	0  0  0  0  	1  0  0  0  	0  0  0  0  	0  0  1  0  	
	1  0  0  0  	0  0  0  0  	0  0  0  0  	0  0  1  0  	0  1  0  0  	0  0  1  0  	0  0  1  0  	
	0  0  0  0  	0  0  0  0  	1  0  0  0  	0  0  0  0  	0  0  0  0  	0  0  0  0  	0  1  0  0  	
	1  0  0  0  	0  0  0  0  	1  0  0  0  	0  0  0  0  	0  0  0  0  	0  1  0  0  	0  0  0  0  	
	0  0  1  0  	0  0  0  0  	0  0  1  0  	0  0  0  0  	0  0  0  0  	0  0  0  0  	0  0  1  0  	
	0  0  0  0  	0  0  0  0  	0  0  0  0  	0  0  0  0  	1  0  0  0  	0  0  0  0  	0  0  1  0  	
	0  0  0  0  	0  0  0  0  	0  0  0  0  	0  0  0  0  	0  1  0  0  	0  0  0  0  	1  0  0  0  	
	0  0  1  0  	0  0  0  0  	0  0  0  0  	0  0  1  0  	0  0  0  0  	0  0  1  0  	0  0  1  0  	
	0  0  0  0  	0  0  0  0  	0  0  0  0  	0  0  1  0  	0  0  0  0  	0  0  0  0  	0  1  0  0  	
	0  0  0  0  	0  0  0  0  	0  0  0  0  	0  0  0  0  	1  0  0  0  	0  0  0  0  	0  0  1  0  	
	0  0  0  0  	0  1  0  0  	0  0  0  0  	0  0  0  0  	0  0  0  0  	0  0  0  0  	0  0  1  0  	
	0  0  0  0  	0  0  0  0  	0  0  0  0  	0  0  0  0  	1  0  0  0  	0  0  1  0  	0  0  1  0  	
	0  0  0  0  	0  1  0  0  	0  0  1  0  	0  0  1  0  	0  0  0  0  	0  0  0  0  	0  0  1  0  	
	0  0  0  0  	0  0  0  0  	0  0  1  0  	0  0  0  0  	1  0  0  0  	0  0  0  0  	0  0  1  0  	
	0  0  0  0  	0  0  0  0  	0  0  0  0  	0  0  0  0  	0  0  0  0  	0  0  0  0  	0  0  1  0  	
	0  0  0  0  	0  0  0  0  	0  0  0  0  	0  0  0  0  	0  0  0  0  	0  0  0  0  	0  0  1  0  	
	0  0  0  0  	0  0  0  0  	0  0  1  0  	0  0  0  0  	0  0  0  0  	0  0  0  0  	1  0  0  0  	
	0  0  0  0  	0  1  0  0  	0  0  1  0  	0  0  0  0  	0  0  0  0  	1  0  0  0  	0  0  1  0  	
	0  0  0  0  	0  1  0  0  	0  0  1  0  	0  0  0  0  	0  0  0  0  	1  0  0  0  	0  0  0  0  	
	0  0  0  0  	0  1  0  0  	0  0  1  0  	0  0  0  0  	0  0  0  0  	0  0  0  0  	0  0  1  0  	
	0  0  0  0  	0  0  0  0  	1  0  0  0  	0  0  0  0  	0  0  0  0  	1  0  0  0  	0  0  0  0  	
	0  0  0  0  	0  1  0  0  	0  0  1  0  	0  0  0  0  	0  0  0  0  	1  0  0  0  	0  0  0  0  	
	0  0  0  0  	0  1  0  0  	1  0  0  0  	0  0  0  0  	0  0  0  0  	0  0  0  0  	0  0  0  0  	
	0  0  0  0  	0  0  0  0  	0  0  0  0  	0  0  1  0  	0  0  0  0  	0  0  0  0  	0  0  0  0  	
	0  0  0  0  	0  0  0  0  	0  0  0  0  	0  0  1  0  	0  0  0  0  	0  0  0  0  	0  0  0  0  	
	0  0  0  0  	0  1  0  0  	0  0  0  0  	0  0  0  0  	0  0  0  0  	0  0  0  0  	0  0  1  0  	
	0  0  0  0  	0  0  0  0  	0  0  0  0  	0  0  0  0  	0  0  0  0  	1  0  0  0  	0  0  0  0  	
	0  0  0  0  	0  1  0  0  	0  0  0  0  	0  0  0  0  	0  0  0  0  	0  0  0  0  	0  0  0  0  	
	0  0  0  0  	0  0  0  0  	0  0  0  0  	0  0  0  0  	0  0  0  0  	0  0  0  0  	0  0  0  0  	
	0  0  0  0  	0  0  0  0  	0  0  0  0  	0  0  0  0  	0  0  0  0  	0  0  0  0  	0  0  1  0  	
	0  0  0  0  	0  0  0  0  	1  0  0  0  	0  0  0  0  	0  0  0  0  	0  0  0  0  	0  0  0  0  	
	0  0  0  0  	0  0  0  0  	1  0  0  0  	0  0  0  0  	0  0  0  0  	0  0  1  0  	0  0  1  0  	
	0  0  0  0  	0  0  0  0  	0  0  0  0  	0  0  0  0  	0  0  0  0  	1  0  0  0  	0  0  0  0  	
	0  0  0  0  	0  0  0  0  	0  0  0  0  	0  0  0  0  	0  0  0  0  	1  0  0  0  	0  0  1  0  	
	0  0  0  0  	0  0  0  0  	1  0  0  0  	0  0  0  0  	0  0  0  0  	1  0  0  0  	0  0  1  0  	
	0  0  0  0  	0  0  0  0  	1  0  0  0  	0  0  0  0  	0  0  0  0  	1  0  0  0  	0  0  0  0  	
	0  0  0  0  	0  0  0  0  	1  0  0  0  	0  0  0  0  	0  0  0  0  	0  0  0  0  	0  0  0  0  	
	0  0  0  0  	0  0  0  0  	0  0  0  0  	0  0  0  0  	0  0  0  0  	0  0  0  0  	0  1  0  0  	
	0  0  0  0  	0  0  0  0  	1  0  0  0  	0  0  1  0  	0  0  0  0  	0  0  0  0  	0  0  0  0  	
	0  0  0  0  	0  0  0  0  	0  0  0  0  	0  0  0  0  	0  0  0  0  	1  0  0  0  	0  0  1  0  	
	0  0  0  0  	0  0  0  0  	1  0  0  0  	0  0  1  0  	0  0  0  0  	1  0  0  0  	0  0  0  0  	
	0  0  0  0  	0  0  0  0  	0  0  0  0  	0  0  0  0  	0  0  0  0  	1  0  0  0  	0  0  1  0  	
Tiempo de procesamiento: 648.860000 [segs]
Aptitud: 990.00

------------------------------------------------------------------------
----------------------------CALCULANDO K -------------------------------
------------------------------------------------------------------------
Parametro  |    H0    |    K    |   Rango   | Rango Inicial | 
0     1.79176     1.79176    [ 677 : 751]    [ 0 : 1000]
1     1.79176     1.79176    [ 189 : 366]    [ 0 : 1000]
2     1.79176     1.79176    [ 351 : 455]    [ 0 : 1000]

-----------------------Calibraciones-------------------------
751 : 366 : 351 :  :: 955 :: 0
677 : 294 : 455 :  :: 970 :: 6
748 : 331 : 412 :  :: 990 :: 8
697 : 189 : 373 :  :: 1040 :: 7
636 : 271 : 407 :  :: 1050 :: 5
536 : 320 : 483 :  :: 1055 :: 4
------------------------------------------------------------------------
---------------------------- RESUMEN FINAL -----------------------------
------------------------------------------------------------------------
		FACT_SOC 		748 		[677 .. 751]
		FACT_COG 		331 		[294 .. 366]
		INERTIA 		412 		[351 .. 455]
------------------------------------------------------------------------
------------------------------------------------------------------------
------------------------------------------------------------------------
----------------- ITERACION : 9 -------------------------------------
------------------------------------------------------------------------
-----------------AGREGANDO NUEVAS CALiBRACIONES ------------------------
------------------------------------------------------------------------
(calibracion 0) 744 311 446 ./pso_nsp 50 0.3 0.7 0.4 50 instancias/N50-1.nsp
./pso_nsp 50 0.3 0.7 0.4 50 instancias/N50-1.nsp
PSO PARAMETERS
	c1: 0.300000   c2: 0.700000   w: 0.400000   size: 50   iterations: 50

				BEST SOLUTION

	Fitness: 1095

	Solution:
	1  2  3  4  	1  2  3  4  	1  2  3  4  	1  2  3  4  	1  2  3  4  	1  2  3  4  	1  2  3  4  	
	0  0  0  0  	0  0  0  0  	0  0  0  0  	1  0  0  0  	1  0  0  0  	1  0  0  0  	0  0  1  0  	
	0  0  0  0  	0  0  0  0  	1  0  0  0  	0  0  0  0  	0  0  0  0  	0  0  0  0  	0  0  1  0  	
	1  0  0  0  	1  0  0  0  	0  0  0  0  	0  0  0  0  	0  0  0  0  	0  1  0  0  	0  0  1  0  	
	1  0  0  0  	0  0  0  0  	1  0  0  0  	0  0  0  0  	1  0  0  0  	0  0  0  0  	0  0  1  0  	
	0  0  0  0  	1  0  0  0  	0  0  0  0  	0  0  0  0  	1  0  0  0  	0  0  0  0  	0  0  1  0  	
	0  0  0  0  	0  0  0  0  	1  0  0  0  	0  0  0  0  	1  0  0  0  	0  0  0  0  	0  0  1  0  	
	1  0  0  0  	0  0  0  0  	1  0  0  0  	0  0  0  0  	0  0  0  0  	0  0  0  0  	0  0  1  0  	
	1  0  0  0  	0  0  0  0  	1  0  0  0  	0  0  0  0  	0  0  0  0  	0  0  0  0  	0  0  0  0  	
	0  0  0  0  	0  0  0  0  	1  0  0  0  	0  0  0  0  	1  0  0  0  	0  0  0  0  	0  0  1  0  	
	1  0  0  0  	0  0  0  0  	0  0  0  0  	0  0  1  0  	0  1  0  0  	1  0  0  0  	0  0  1  0  	
	0  0  0  0  	0  0  0  0  	1  0  0  0  	0  0  0  0  	1  0  0  0  	1  0  0  0  	0  1  0  0  	
	1  0  0  0  	0  0  0  0  	1  0  0  0  	0  0  0  0  	0  0  0  0  	0  0  0  0  	0  0  1  0  	
	0  0  0  0  	0  0  0  0  	0  0  1  0  	0  0  0  0  	0  0  0  0  	1  0  0  0  	0  0  1  0  	
	1  0  0  0  	0  0  0  0  	0  0  0  0  	0  0  0  0  	0  0  0  0  	0  0  0  0  	0  0  1  0  	
	0  0  0  0  	0  0  0  0  	0  0  0  0  	0  0  0  0  	0  1  0  0  	1  0  0  0  	1  0  0  0  	
	0  0  1  0  	0  0  0  0  	0  0  0  0  	0  0  1  0  	1  0  0  0  	0  0  1  0  	0  0  1  0  	
	0  0  0  0  	0  0  0  0  	0  0  0  0  	0  0  1  0  	0  0  0  0  	0  0  0  0  	0  1  0  0  	
	0  0  1  0  	0  1  0  0  	0  0  0  0  	0  0  0  0  	0  0  0  0  	1  0  0  0  	0  0  1  0  	
	0  0  0  0  	0  1  0  0  	0  0  0  0  	0  0  0  0  	0  0  0  0  	1  0  0  0  	0  1  0  0  	
	0  0  0  0  	0  1  0  0  	0  0  1  0  	0  0  0  0  	0  0  0  0  	0  0  1  0  	0  0  1  0  	
	1  0  0  0  	0  0  0  0  	0  0  0  0  	0  0  1  0  	0  0  0  0  	0  0  0  0  	0  0  1  0  	
	0  0  0  0  	0  0  0  0  	0  0  1  0  	0  0  0  0  	0  0  0  0  	0  0  0  0  	1  0  0  0  	
	0  0  0  0  	0  0  0  0  	0  0  1  0  	0  0  0  0  	0  0  0  0  	0  0  0  0  	0  0  1  0  	
	0  0  0  0  	0  0  0  0  	0  0  0  0  	0  0  0  0  	0  0  0  0  	0  1  0  0  	0  0  1  0  	
	0  0  0  0  	0  1  0  0  	0  0  1  0  	0  0  0  0  	0  0  0  0  	0  1  0  0  	1  0  0  0  	
	0  0  0  0  	0  0  0  0  	0  0  1  0  	0  0  0  0  	0  0  0  0  	0  0  0  0  	0  0  1  0  	
	0  0  0  0  	0  1  0  0  	0  0  1  0  	0  0  0  0  	1  0  0  0  	1  0  0  0  	0  0  0  0  	
	0  0  0  0  	0  0  0  0  	0  0  0  0  	0  0  0  0  	1  0  0  0  	0  0  0  0  	0  0  0  0  	
	0  0  0  0  	0  0  0  0  	0  0  0  0  	0  0  0  0  	0  0  0  0  	0  0  1  0  	0  0  1  0  	
	0  0  0  0  	0  1  0  0  	1  0  0  0  	0  0  0  0  	0  0  0  0  	1  0  0  0  	0  0  0  0  	
	0  0  0  0  	0  0  0  0  	0  0  0  0  	0  0  0  0  	0  0  0  0  	1  0  0  0  	0  0  1  0  	
	0  0  0  0  	0  1  0  0  	0  0  1  0  	0  0  1  0  	0  0  0  0  	0  0  0  0  	0  0  0  0  	
	0  0  0  0  	0  1  0  0  	0  0  0  0  	0  0  1  0  	0  0  0  0  	0  0  0  0  	0  0  0  0  	
	0  0  0  0  	0  0  0  0  	0  0  0  0  	0  0  0  0  	0  0  0  0  	1  0  0  0  	0  0  0  0  	
	0  0  0  0  	0  1  0  0  	1  0  0  0  	0  0  0  0  	0  0  0  0  	1  0  0  0  	0  0  0  0  	
	0  0  0  0  	0  1  0  0  	0  0  0  0  	0  0  0  0  	0  0  0  0  	0  0  0  0  	0  0  0  0  	
	0  0  0  0  	0  0  0  0  	0  0  0  0  	0  0  0  0  	0  0  0  0  	1  0  0  0  	0  0  0  0  	
	0  0  0  0  	0  0  0  0  	1  0  0  0  	0  0  0  0  	0  0  0  0  	0  0  0  0  	0  0  0  0  	
	0  0  0  0  	0  0  0  0  	0  0  0  0  	0  0  0  0  	0  0  0  0  	0  0  0  0  	0  0  0  0  	
	0  0  0  0  	0  0  0  0  	0  0  0  0  	0  0  0  0  	0  0  0  0  	0  0  1  0  	0  0  0  0  	
	0  0  0  0  	0  1  0  0  	0  0  0  0  	0  0  0  0  	0  0  0  0  	0  0  0  0  	0  0  0  0  	
	0  0  0  0  	0  1  0  0  	0  0  0  0  	0  0  0  0  	0  0  0  0  	1  0  0  0  	0  0  1  0  	
	0  0  0  0  	0  0  0  0  	0  0  0  0  	0  0  0  0  	0  0  0  0  	0  0  0  0  	0  0  1  0  	
	0  0  0  0  	0  0  0  0  	1  0  0  0  	0  0  0  0  	0  0  0  0  	1  0  0  0  	0  0  1  0  	
	0  0  0  0  	0  0  0  0  	0  0  0  0  	0  0  0  0  	0  0  0  0  	1  0  0  0  	0  0  0  0  	
	0  0  0  0  	0  0  0  0  	0  0  0  0  	0  0  0  0  	0  0  0  0  	1  0  0  0  	0  0  0  0  	
	0  0  0  0  	0  0  0  0  	1  0  0  0  	0  0  1  0  	0  0  0  0  	1  0  0  0  	0  0  0  0  	
	0  0  0  0  	0  0  0  0  	0  0  0  0  	0  0  0  0  	0  0  0  0  	1  0  0  0  	0  0  1  0  	
	0  0  0  0  	0  0  0  0  	1  0  0  0  	0  0  0  0  	0  0  0  0  	1  0  0  0  	0  0  1  0  	
	0  0  0  0  	0  0  0  0  	1  0  0  0  	0  0  1  0  	0  0  0  0  	1  0  0  0  	0  0  1  0  	
Tiempo de procesamiento: 654.840000 [segs]
Aptitud: 1095.00

------------------------------------------------------------------------
----------------------------CALCULANDO K -------------------------------
------------------------------------------------------------------------
Parametro  |    H0    |    K    |   Rango   | Rango Inicial | 
0     1.79176     1.79176    [ 677 : 751]    [ 0 : 1000]
1     1.79176     1.79176    [ 294 : 366]    [ 0 : 1000]
2     1.79176     1.79176    [ 351 : 455]    [ 0 : 1000]

-----------------------Calibraciones-------------------------
751 : 366 : 351 :  :: 955 :: 0
677 : 294 : 455 :  :: 970 :: 6
748 : 331 : 412 :  :: 990 :: 8
697 : 189 : 373 :  :: 1040 :: 7
636 : 271 : 407 :  :: 1050 :: 5
744 : 311 : 446 :  :: 1095 :: 9
------------------------------------------------------------------------
---------------------------- RESUMEN FINAL -----------------------------
------------------------------------------------------------------------
		FACT_SOC 		748 		[677 .. 751]
		FACT_COG 		331 		[294 .. 366]
		INERTIA 		412 		[351 .. 455]
------------------------------------------------------------------------
------------------------------------------------------------------------
-----------------------Calibraciones-------------------------
751 : 366 : 351 :  :: 955 :: 0
677 : 294 : 455 :  :: 970 :: 6
748 : 331 : 412 :  :: 990 :: 8
697 : 189 : 373 :  :: 1040 :: 7
636 : 271 : 407 :  :: 1050 :: 5
744 : 311 : 446 :  :: 1095 :: 9
------------------------------------------------------------------------
---------------------------- RESUMEN FINAL -----------------------------
------------------------------------------------------------------------
		FACT_SOC 		748 		[677 .. 751]
		FACT_COG 		331 		[294 .. 366]
		INERTIA 		412 		[351 .. 455]
------------------------------------------------------------------------
------------------------------------------------------------------------
